#
# A fatal error has been detected by the Java Runtime Environment:
#
#  INVALID (0xe0000000) at pc=0x0000000000000000, pid=3191, tid=0x0000000000006303
#  fatal error: Illegal threadstate encountered: 4
#
# JRE version: OpenJDK Runtime Environment (Zulu 8.58.0.13-CA-macosx) (8.0_312-b07) (build 1.8.0_312-b07)
# Java VM: OpenJDK 64-Bit Server VM (25.312-b07 mixed mode bsd-amd64 compressed oops)
# Failed to write core dump. Core dumps have been disabled. To enable core dumping, try "ulimit -c unlimited" before starting Java again
#
# If you would like to submit a bug report, please visit:
#   http://www.azul.com/support/
# The crash happened outside the Java Virtual Machine in native code.
# See problematic frame for where to report the bug.
#

---------------  T H R E A D  ---------------

Current thread (0x00007f9fd811e800):  JavaThread "Thread-1" daemon [_thread_in_native, id=25347, stack(0x0000700005a1d000,0x0000700005b1d000)]

Stack: [0x0000700005a1d000,0x0000700005b1d000],  sp=0x0000700005b1c030,  free space=1020k
Native frames: (J=compiled Java code, j=interpreted, Vv=VM code, C=native code)
V  [libjvm.dylib+0x5b1e72]
V  [libjvm.dylib+0x1d77b3]
V  [libjvm.dylib+0x4fb301]
V  [libjvm.dylib+0x576b31]
V  [libjvm.dylib+0x30e798]
C  [libglass.dylib+0x9e88]  -[GlassRunnable dealloc]+0x28
C  [Foundation+0x80eab]  -[_NSThreadPerformInfo dealloc]+0x2a
C  [Foundation+0x4dcd7]  -[NSObject(NSThreadPerformAdditions) performSelectorOnMainThread:withObject:waitUntilDone:]+0x7c
J 3785  com.sun.glass.ui.mac.MacApplication._submitForLaterInvocation(Ljava/lang/Runnable;)V (0 bytes) @ 0x00000001126e067c [0x00000001126e05c0+0xbc]
J 4203 C2 com.sun.glass.ui.mac.MacApplication.submitForLaterInvocation(Ljava/lang/Runnable;)V (6 bytes) @ 0x0000000111db3314 [0x0000000111db32e0+0x34]
j  com.sun.glass.ui.InvokeLaterDispatcher.run()V+82
v  ~StubRoutines::call_stub
V  [libjvm.dylib+0x2d7e24]
V  [libjvm.dylib+0x2d6c7e]
V  [libjvm.dylib+0x2d6e5f]
V  [libjvm.dylib+0x35324b]
V  [libjvm.dylib+0x57538a]
V  [libjvm.dylib+0x57523d]
V  [libjvm.dylib+0x49f1f7]
C  [libsystem_pthread.dylib+0x64f4]  _pthread_start+0x7d
C  [libsystem_pthread.dylib+0x200f]  thread_start+0xf
C  0x0000000000000000

Java frames: (J=compiled Java code, j=interpreted, Vv=VM code)
J 3785  com.sun.glass.ui.mac.MacApplication._submitForLaterInvocation(Ljava/lang/Runnable;)V (0 bytes) @ 0x00000001126e060c [0x00000001126e05c0+0x4c]
J 4203 C2 com.sun.glass.ui.mac.MacApplication.submitForLaterInvocation(Ljava/lang/Runnable;)V (6 bytes) @ 0x0000000111db3314 [0x0000000111db32e0+0x34]
j  com.sun.glass.ui.InvokeLaterDispatcher.run()V+82
v  ~StubRoutines::call_stub

---------------  P R O C E S S  ---------------

Java Threads: ( => current thread )
  0x00007f9fd699a000 JavaThread "mysql-cj-abandoned-connection-cleanup" daemon [_thread_blocked, id=68395, stack(0x0000700006038000,0x0000700006138000)]
  0x00007f9fd62a7800 JavaThread "PulseTimer-CVDisplayLink thread" daemon [_thread_blocked, id=50951, stack(0x0000700005fb5000,0x0000700006035000)]
  0x00007f9fd7213000 JavaThread "Prism Font Disposer" daemon [_thread_blocked, id=81819, stack(0x0000700005ba3000,0x0000700005ca3000)]
  0x00007f9fd71d9000 JavaThread "JavaFX-Launcher" [_thread_blocked, id=79627, stack(0x0000700005e2f000,0x0000700005f2f000)]
  0x00007f9fd7129000 JavaThread "JavaFX Application Thread" [_thread_in_native_trans, id=259, stack(0x00007ff7b699b000,0x00007ff7b719b000)]
=>0x00007f9fd811e800 JavaThread "Thread-1" daemon [_thread_in_native, id=25347, stack(0x0000700005a1d000,0x0000700005b1d000)]
  0x00007f9fd6894800 JavaThread "Attach Listener" daemon [_thread_blocked, id=21775, stack(0x000070000591a000,0x0000700005a1a000)]
  0x00007f9fd7065800 JavaThread "QuantumRenderer-0" daemon [_thread_blocked, id=16387, stack(0x0000700005817000,0x0000700005917000)]
  0x00007f9fd6853800 JavaThread "Service Thread" daemon [_thread_blocked, id=18435, stack(0x0000700005611000,0x0000700005711000)]
  0x00007f9fd6851800 JavaThread "C1 CompilerThread2" daemon [_thread_blocked, id=15619, stack(0x000070000550e000,0x000070000560e000)]
  0x00007f9fd8057800 JavaThread "C2 CompilerThread1" daemon [_thread_blocked, id=18947, stack(0x000070000540b000,0x000070000550b000)]
  0x00007f9fd6848800 JavaThread "C2 CompilerThread0" daemon [_thread_in_vm, id=19459, stack(0x0000700005308000,0x0000700005408000)]
  0x00007f9fd6846000 JavaThread "Monitor Ctrl-Break" daemon [_thread_in_native, id=15107, stack(0x0000700005205000,0x0000700005305000)]
  0x00007f9fd8026000 JavaThread "Signal Dispatcher" daemon [_thread_blocked, id=14595, stack(0x0000700005102000,0x0000700005202000)]
  0x00007f9fd681f800 JavaThread "Finalizer" daemon [_thread_blocked, id=12291, stack(0x0000700004ef9000,0x0000700004ff9000)]
  0x00007f9fd6819000 JavaThread "Reference Handler" daemon [_thread_blocked, id=21251, stack(0x0000700004df6000,0x0000700004ef6000)]
  0x00007f9fd6011000 JavaThread "main" [_thread_blocked, id=10243, stack(0x00007000047e4000,0x00007000048e4000)]

Other Threads:
  0x00007f9fd6020000 VMThread [stack: 0x0000700004cf3000,0x0000700004df3000] [id=11779]
  0x00007f9fd8058800 WatcherThread [stack: 0x0000700005714000,0x0000700005814000] [id=18179]

VM state:synchronizing (normal execution)

VM Mutex/Monitor currently owned by a thread:  ([mutex/lock_event])
[0x0000600002d16d80] Safepoint_lock - owner thread: 0x00007f9fd6020000
[0x0000600002d16e00] Threads_lock - owner thread: 0x00007f9fd6020000

heap address: 0x0000000740000000, size: 2048 MB, Compressed Oops mode: Zero based, Oop shift amount: 3
Narrow klass base: 0x0000000000000000, Narrow klass shift: 3
Compressed class space size: 1073741824 Address: 0x00000007c0000000

Heap:
 PSYoungGen      total 125952K, used 8474K [0x0000000795580000, 0x000000079e480000, 0x00000007c0000000)
  eden space 111104K, 2% used [0x0000000795580000,0x00000007957de2b0,0x000000079c200000)
  from space 14848K, 40% used [0x000000079d080000,0x000000079d668820,0x000000079df00000)
  to   space 14848K, 0% used [0x000000079c200000,0x000000079c200000,0x000000079d080000)
 ParOldGen       total 158208K, used 112125K [0x0000000740000000, 0x0000000749a80000, 0x0000000795580000)
  object space 158208K, 70% used [0x0000000740000000,0x0000000746d7f6f8,0x0000000749a80000)
 Metaspace       used 28596K, capacity 29828K, committed 29952K, reserved 1075200K
  class space    used 3786K, capacity 4049K, committed 4096K, reserved 1048576K

Card table byte_map: [0x0000000109348000,0x0000000109749000] byte_map_base: 0x0000000105948000

Marking Bits: (ParMarkBitMap*) 0x000000010a3c9948
 Begin Bits: [0x000000010aad9000, 0x000000010cad9000)
 End Bits:   [0x000000010cad9000, 0x000000010ead9000)

Polling page: 0x0000000108e9d000

CodeCache: size=245760Kb used=14095Kb max_used=14101Kb free=231664Kb
 bounds [0x0000000111afe000, 0x00000001128de000, 0x0000000120afe000]
 total_blobs=4974 nmethods=4204 adapters=680
 compilation: enabled

Compilation events (10 events):
Event: 1036.291 Thread 0x00007f9fd6851800 4764       3       com.sun.prism.impl.ps.BaseShaderGraphics::getStrokeExpansionFactor (22 bytes)
Event: 1036.292 Thread 0x00007f9fd6851800 nmethod 4764 0x00000001128d0c10 code [0x00000001128d0da0, 0x00000001128d1090]
Event: 1036.348 Thread 0x00007f9fd8057800 4767   !   4       java.lang.ref.Reference::tryHandlePending (115 bytes)
Event: 1036.351 Thread 0x00007f9fd6851800 4766       1       java.util.concurrent.atomic.AtomicLong::addAndGet (14 bytes)
Event: 1036.352 Thread 0x00007f9fd6851800 nmethod 4766 0x00000001128bb650 code [0x00000001128bb7a0, 0x00000001128bb8b0]
Event: 1036.352 Thread 0x00007f9fd6851800 4768       1       javafx.scene.Scene::access$2502 (6 bytes)
Event: 1036.352 Thread 0x00007f9fd6851800 nmethod 4768 0x00000001128d0950 code [0x00000001128d0aa0, 0x00000001128d0bb0]
Event: 1036.352 Thread 0x00007f9fd6851800 4765       3       java.util.concurrent.atomic.AtomicLong::decrementAndGet (16 bytes)
Event: 1036.352 Thread 0x00007f9fd6851800 nmethod 4765 0x00000001128d0610 code [0x00000001128d0760, 0x00000001128d08d0]
Event: 1036.354 Thread 0x00007f9fd6848800 4769       4       com.sun.javafx.sg.prism.NGRegion::getNormalizedFillRadii (43 bytes)

GC Heap History (10 events):
Event: 7.732 GC heap before
{Heap before GC invocations=3 (full 0):
 PSYoungGen      total 38400K, used 12336K [0x0000000795580000, 0x0000000798000000, 0x00000007c0000000)
  eden space 33280K, 21% used [0x0000000795580000,0x0000000795c90138,0x0000000797600000)
  from space 5120K, 99% used [0x0000000797b00000,0x0000000797ffc060,0x0000000798000000)
  to   space 5120K, 0% used [0x0000000797600000,0x0000000797600000,0x0000000797b00000)
 ParOldGen       total 87552K, used 58219K [0x0000000740000000, 0x0000000745580000, 0x0000000795580000)
  object space 87552K, 66% used [0x0000000740000000,0x00000007438dae20,0x0000000745580000)
 Metaspace       used 20509K, capacity 21202K, committed 21248K, reserved 1067008K
  class space    used 2865K, capacity 3068K, committed 3072K, reserved 1048576K
Event: 7.745 GC heap after
Heap after GC invocations=3 (full 0):
 PSYoungGen      total 38400K, used 5104K [0x0000000795580000, 0x000000079a080000, 0x00000007c0000000)
  eden space 33280K, 0% used [0x0000000795580000,0x0000000795580000,0x0000000797600000)
  from space 5120K, 99% used [0x0000000797600000,0x0000000797afc060,0x0000000797b00000)
  to   space 5120K, 0% used [0x0000000799b80000,0x0000000799b80000,0x000000079a080000)
 ParOldGen       total 87552K, used 59175K [0x0000000740000000, 0x0000000745580000, 0x0000000795580000)
  object space 87552K, 67% used [0x0000000740000000,0x00000007439c9e88,0x0000000745580000)
 Metaspace       used 20509K, capacity 21202K, committed 21248K, reserved 1067008K
  class space    used 2865K, capacity 3068K, committed 3072K, reserved 1048576K
}
Event: 7.745 GC heap before
{Heap before GC invocations=4 (full 1):
 PSYoungGen      total 38400K, used 5104K [0x0000000795580000, 0x000000079a080000, 0x00000007c0000000)
  eden space 33280K, 0% used [0x0000000795580000,0x0000000795580000,0x0000000797600000)
  from space 5120K, 99% used [0x0000000797600000,0x0000000797afc060,0x0000000797b00000)
  to   space 5120K, 0% used [0x0000000799b80000,0x0000000799b80000,0x000000079a080000)
 ParOldGen       total 87552K, used 59175K [0x0000000740000000, 0x0000000745580000, 0x0000000795580000)
  object space 87552K, 67% used [0x0000000740000000,0x00000007439c9e88,0x0000000745580000)
 Metaspace       used 20509K, capacity 21202K, committed 21248K, reserved 1067008K
  class space    used 2865K, capacity 3068K, committed 3072K, reserved 1048576K
Event: 7.788 GC heap after
Heap after GC invocations=4 (full 1):
 PSYoungGen      total 38400K, used 0K [0x0000000795580000, 0x000000079a080000, 0x00000007c0000000)
  eden space 33280K, 0% used [0x0000000795580000,0x0000000795580000,0x0000000797600000)
  from space 5120K, 0% used [0x0000000797600000,0x0000000797600000,0x0000000797b00000)
  to   space 5120K, 0% used [0x0000000799b80000,0x0000000799b80000,0x000000079a080000)
 ParOldGen       total 111104K, used 56454K [0x0000000740000000, 0x0000000746c80000, 0x0000000795580000)
  object space 111104K, 50% used [0x0000000740000000,0x0000000743721870,0x0000000746c80000)
 Metaspace       used 20509K, capacity 21202K, committed 21248K, reserved 1067008K
  class space    used 2865K, capacity 3068K, committed 3072K, reserved 1048576K
}
Event: 9.368 GC heap before
{Heap before GC invocations=5 (full 1):
 PSYoungGen      total 38400K, used 33280K [0x0000000795580000, 0x000000079a080000, 0x00000007c0000000)
  eden space 33280K, 100% used [0x0000000795580000,0x0000000797600000,0x0000000797600000)
  from space 5120K, 0% used [0x0000000797600000,0x0000000797600000,0x0000000797b00000)
  to   space 5120K, 0% used [0x0000000799b80000,0x0000000799b80000,0x000000079a080000)
 ParOldGen       total 111104K, used 56454K [0x0000000740000000, 0x0000000746c80000, 0x0000000795580000)
  object space 111104K, 50% used [0x0000000740000000,0x0000000743721870,0x0000000746c80000)
 Metaspace       used 27459K, capacity 28694K, committed 28928K, reserved 1075200K
  class space    used 3765K, capacity 4032K, committed 4096K, reserved 1048576K
Event: 9.376 GC heap after
Heap after GC invocations=5 (full 1):
 PSYoungGen      total 66560K, used 5100K [0x0000000795580000, 0x000000079a080000, 0x00000007c0000000)
  eden space 61440K, 0% used [0x0000000795580000,0x0000000795580000,0x0000000799180000)
  from space 5120K, 99% used [0x0000000799b80000,0x000000079a07b070,0x000000079a080000)
  to   space 5120K, 0% used [0x0000000799680000,0x0000000799680000,0x0000000799b80000)
 ParOldGen       total 111104K, used 59532K [0x0000000740000000, 0x0000000746c80000, 0x0000000795580000)
  object space 111104K, 53% used [0x0000000740000000,0x0000000743a230c0,0x0000000746c80000)
 Metaspace       used 27459K, capacity 28694K, committed 28928K, reserved 1075200K
  class space    used 3765K, capacity 4032K, committed 4096K, reserved 1048576K
}
Event: 805.248 GC heap before
{Heap before GC invocations=6 (full 1):
 PSYoungGen      total 66560K, used 66540K [0x0000000795580000, 0x000000079a080000, 0x00000007c0000000)
  eden space 61440K, 100% used [0x0000000795580000,0x0000000799180000,0x0000000799180000)
  from space 5120K, 99% used [0x0000000799b80000,0x000000079a07b070,0x000000079a080000)
  to   space 5120K, 0% used [0x0000000799680000,0x0000000799680000,0x0000000799b80000)
 ParOldGen       total 111104K, used 59532K [0x0000000740000000, 0x0000000746c80000, 0x0000000795580000)
  object space 111104K, 53% used [0x0000000740000000,0x0000000743a230c0,0x0000000746c80000)
 Metaspace       used 28462K, capacity 29718K, committed 29952K, reserved 1075200K
  class space    used 3783K, capacity 4042K, committed 4096K, reserved 1048576K
Event: 805.261 GC heap after
Heap after GC invocations=6 (full 1):
 PSYoungGen      total 71680K, used 5106K [0x0000000795580000, 0x000000079df00000, 0x00000007c0000000)
  eden space 66560K, 0% used [0x0000000795580000,0x0000000795580000,0x0000000799680000)
  from space 5120K, 99% used [0x0000000799680000,0x0000000799b7c810,0x0000000799b80000)
  to   space 14848K, 0% used [0x000000079d080000,0x000000079d080000,0x000000079df00000)
 ParOldGen       total 111104K, used 65250K [0x0000000740000000, 0x0000000746c80000, 0x0000000795580000)
  object space 111104K, 58% used [0x0000000740000000,0x0000000743fb8ae8,0x0000000746c80000)
 Metaspace       used 28462K, capacity 29718K, committed 29952K, reserved 1075200K
  class space    used 3783K, capacity 4042K, committed 4096K, reserved 1048576K
}
Event: 1036.292 GC heap before
{Heap before GC invocations=7 (full 1):
 PSYoungGen      total 71680K, used 71666K [0x0000000795580000, 0x000000079df00000, 0x00000007c0000000)
  eden space 66560K, 100% used [0x0000000795580000,0x0000000799680000,0x0000000799680000)
  from space 5120K, 99% used [0x0000000799680000,0x0000000799b7c810,0x0000000799b80000)
  to   space 14848K, 0% used [0x000000079d080000,0x000000079d080000,0x000000079df00000)
 ParOldGen       total 111104K, used 65250K [0x0000000740000000, 0x0000000746c80000, 0x0000000795580000)
  object space 111104K, 58% used [0x0000000740000000,0x0000000743fb8ae8,0x0000000746c80000)
 Metaspace       used 28596K, capacity 29828K, committed 29952K, reserved 1075200K
  class space    used 3786K, capacity 4049K, committed 4096K, reserved 1048576K
Event: 1036.348 GC heap after
Heap after GC invocations=7 (full 1):
 PSYoungGen      total 125952K, used 6050K [0x0000000795580000, 0x000000079e480000, 0x00000007c0000000)
  eden space 111104K, 0% used [0x0000000795580000,0x0000000795580000,0x000000079c200000)
  from space 14848K, 40% used [0x000000079d080000,0x000000079d668820,0x000000079df00000)
  to   space 14848K, 0% used [0x000000079c200000,0x000000079c200000,0x000000079d080000)
 ParOldGen       total 158208K, used 112125K [0x0000000740000000, 0x0000000749a80000, 0x0000000795580000)
  object space 158208K, 70% used [0x0000000740000000,0x0000000746d7f6f8,0x0000000749a80000)
 Metaspace       used 28596K, capacity 29828K, committed 29952K, reserved 1075200K
  class space    used 3786K, capacity 4049K, committed 4096K, reserved 1048576K
}

Deoptimization events (10 events):
Event: 1033.745 Thread 0x00007f9fd7129000 Uncommon trap: reason=bimorphic action=maybe_recompile pc=0x000000011200ef90 method=javafx.scene.Parent.minWidth(D)D @ 24
Event: 1033.745 Thread 0x00007f9fd7129000 Uncommon trap: reason=bimorphic action=maybe_recompile pc=0x000000011200ef90 method=javafx.scene.Parent.minWidth(D)D @ 24
Event: 1033.745 Thread 0x00007f9fd7129000 Uncommon trap: reason=unstable_if action=reinterpret pc=0x0000000111fd1be0 method=javafx.scene.Parent.prefWidth(D)D @ 46
Event: 1033.745 Thread 0x00007f9fd7129000 Uncommon trap: reason=unstable_if action=reinterpret pc=0x0000000111e02f5c method=javafx.scene.layout.Region.computeChildPrefAreaHeight(Ljavafx/scene/Node;DLjavafx/geometry/Insets;D)D @ 8
Event: 1033.745 Thread 0x00007f9fd7129000 Uncommon trap: reason=unstable_if action=reinterpret pc=0x0000000111d7be80 method=javafx.scene.layout.Region.computeChildPrefAreaHeight(Ljavafx/scene/Node;DLjavafx/geometry/Insets;D)D @ 57
Event: 1033.746 Thread 0x00007f9fd7129000 Uncommon trap: reason=unstable_if action=reinterpret pc=0x000000011281d7cc method=com.sun.javafx.text.PrismTextLayout.copyCache()Z @ 29
Event: 1033.750 Thread 0x00007f9fd7129000 Uncommon trap: reason=unstable_if action=reinterpret pc=0x0000000111f0c9bc method=javafx.scene.Scene$ScenePulseListener.pulse()V @ 24
Event: 1035.208 Thread 0x00007f9fd7065800 Uncommon trap: reason=unstable_if action=reinterpret pc=0x00000001126c7bd0 method=com.sun.prism.impl.ManagedResource.isValid()Z @ 4
Event: 1035.208 Thread 0x00007f9fd7065800 Uncommon trap: reason=unstable_if action=reinterpret pc=0x0000000111ebed78 method=com.sun.prism.impl.ManagedResource.isValid()Z @ 4
Event: 1035.208 Thread 0x00007f9fd7065800 Uncommon trap: reason=unstable_if action=reinterpret pc=0x00000001127629d4 method=com.sun.prism.impl.ManagedResource.isValid()Z @ 4

Classes redefined (0 events):
No events

Internal exceptions (10 events):
Event: 8.158 Thread 0x00007f9fd7129000 Exception <a 'java/io/FileNotFoundException'> (0x0000000796669248) thrown at [/Users/tester/jenkins/workspace/zulu8-build-macosx/zulu-src/hotspot/src/share/vm/prims/jni.cpp, line 711]
Event: 8.160 Thread 0x00007f9fd7129000 Exception <a 'java/io/FileNotFoundException'> (0x000000079667a638) thrown at [/Users/tester/jenkins/workspace/zulu8-build-macosx/zulu-src/hotspot/src/share/vm/prims/jni.cpp, line 711]
Event: 1033.698 Thread 0x00007f9fd7129000 Exception <a 'java/io/FileNotFoundException'> (0x000000079645fb20) thrown at [/Users/tester/jenkins/workspace/zulu8-build-macosx/zulu-src/hotspot/src/share/vm/prims/jni.cpp, line 711]
Event: 1033.700 Thread 0x00007f9fd7129000 Exception <a 'java/io/FileNotFoundException'> (0x0000000796470e58) thrown at [/Users/tester/jenkins/workspace/zulu8-build-macosx/zulu-src/hotspot/src/share/vm/prims/jni.cpp, line 711]
Event: 1033.702 Thread 0x00007f9fd7129000 Exception <a 'java/io/FileNotFoundException'> (0x0000000796481058) thrown at [/Users/tester/jenkins/workspace/zulu8-build-macosx/zulu-src/hotspot/src/share/vm/prims/jni.cpp, line 711]
Event: 1033.703 Thread 0x00007f9fd7129000 Exception <a 'java/io/FileNotFoundException'> (0x00000007964923d0) thrown at [/Users/tester/jenkins/workspace/zulu8-build-macosx/zulu-src/hotspot/src/share/vm/prims/jni.cpp, line 711]
Event: 1033.705 Thread 0x00007f9fd7129000 Exception <a 'java/io/FileNotFoundException'> (0x00000007964a3a48) thrown at [/Users/tester/jenkins/workspace/zulu8-build-macosx/zulu-src/hotspot/src/share/vm/prims/jni.cpp, line 711]
Event: 1033.707 Thread 0x00007f9fd7129000 Exception <a 'java/io/FileNotFoundException'> (0x00000007964b4e38) thrown at [/Users/tester/jenkins/workspace/zulu8-build-macosx/zulu-src/hotspot/src/share/vm/prims/jni.cpp, line 711]
Event: 1033.745 Thread 0x00007f9fd7129000 Implicit null exception at 0x0000000111e02b6a to 0x0000000111e02f46
Event: 1034.838 Thread 0x00007f9fd7129000 Exception <a 'java/io/FileNotFoundException'> (0x000000079676ebe0) thrown at [/Users/tester/jenkins/workspace/zulu8-build-macosx/zulu-src/hotspot/src/share/vm/prims/jni.cpp, line 711]

Events (10 events):
Event: 1035.208 Thread 0x00007f9fd7065800 Uncommon trap: trap_request=0xffffff65 fr.pc=0x00000001127629d4
Event: 1035.208 Thread 0x00007f9fd7065800 DEOPT PACKING pc=0x00000001127629d4 sp=0x0000700005915720
Event: 1035.208 Thread 0x00007f9fd7065800 DEOPT UNPACKING pc=0x0000000111b4357a sp=0x0000700005915690 mode 2
Event: 1035.210 Executing VM operation: RevokeBias
Event: 1035.210 Executing VM operation: RevokeBias done
Event: 1036.292 Executing VM operation: ParallelGCFailedAllocation
Event: 1036.348 Executing VM operation: ParallelGCFailedAllocation done
Event: 1036.351 Executing VM operation: RevokeBias
Event: 1036.351 Executing VM operation: RevokeBias done
Event: 1036.354 Executing VM operation: RevokeBias


Dynamic libraries:
0x00007ff829028000 	/System/Library/Frameworks/Cocoa.framework/Versions/A/Cocoa
0x00007ff814e99000 	/System/Library/Frameworks/AppKit.framework/Versions/C/AppKit
0x00007ff818395000 	/System/Library/Frameworks/CoreData.framework/Versions/A/CoreData
0x00007ff8132b0000 	/System/Library/Frameworks/Foundation.framework/Versions/C/Foundation
0x00007ff81d15d000 	/usr/lib/libSystem.B.dylib
0x00007ff815d2b000 	/System/Library/PrivateFrameworks/UIFoundation.framework/Versions/A/UIFoundation
0x00007ff822fd4000 	/System/Library/PrivateFrameworks/RemoteViewServices.framework/Versions/A/RemoteViewServices
0x00007ff81b3bf000 	/System/Library/PrivateFrameworks/XCTTargetBootstrap.framework/Versions/A/XCTTargetBootstrap
0x00007ff81ef6d000 	/System/Library/PrivateFrameworks/InternationalSupport.framework/Versions/A/InternationalSupport
0x00007ff81eff7000 	/System/Library/PrivateFrameworks/UserActivity.framework/Versions/A/UserActivity
0x00007ff81e34d000 	/usr/lib/libspindump.dylib
0x00007ff815fb9000 	/System/Library/Frameworks/UniformTypeIdentifiers.framework/Versions/A/UniformTypeIdentifiers
0x00007ff819af8000 	/usr/lib/libapp_launch_measurement.dylib
0x00007ff818d61000 	/System/Library/PrivateFrameworks/CoreAnalytics.framework/Versions/A/CoreAnalytics
0x00007ff819afb000 	/System/Library/PrivateFrameworks/CoreAutoLayout.framework/Versions/A/CoreAutoLayout
0x00007ff81ad1b000 	/System/Library/Frameworks/Metal.framework/Versions/A/Metal
0x00007ff81ba35000 	/usr/lib/liblangid.dylib
0x00007ff81b3c3000 	/System/Library/PrivateFrameworks/CoreSVG.framework/Versions/A/CoreSVG
0x00007ff817380000 	/System/Library/PrivateFrameworks/SkyLight.framework/Versions/A/SkyLight
0x00007ff817716000 	/System/Library/Frameworks/CoreGraphics.framework/Versions/A/CoreGraphics
0x00007ff823643000 	/System/Library/Frameworks/Accelerate.framework/Versions/A/Accelerate
0x00007ff81ddc8000 	/System/Library/PrivateFrameworks/IconServices.framework/Versions/A/IconServices
0x00007ff81ad00000 	/System/Library/Frameworks/IOSurface.framework/Versions/A/IOSurface
0x00007ff818d8f000 	/usr/lib/libDiagnosticMessagesClient.dylib
0x00007ff81d07d000 	/usr/lib/libz.1.dylib
0x00007ff826cb4000 	/System/Library/Frameworks/ApplicationServices.framework/Versions/A/ApplicationServices
0x00007ff81b3ab000 	/System/Library/PrivateFrameworks/DFRFoundation.framework/Versions/A/DFRFoundation
0x00007ff81478a000 	/usr/lib/libicucore.A.dylib
0x00007ff81fc92000 	/System/Library/Frameworks/AudioToolbox.framework/Versions/A/AudioToolbox
0x00007ff81ef79000 	/System/Library/PrivateFrameworks/DataDetectorsCore.framework/Versions/A/DataDetectorsCore
0x00007ff91a8d1000 	/System/Library/PrivateFrameworks/TextInput.framework/Versions/A/TextInput
0x00007ff817304000 	/usr/lib/libMobileGestalt.dylib
0x00007ff81b0b3000 	/System/Library/Frameworks/Carbon.framework/Versions/A/Frameworks/HIToolbox.framework/Versions/A/HIToolbox
0x00007ff819525000 	/System/Library/Frameworks/QuartzCore.framework/Versions/A/QuartzCore
0x00007ff81442a000 	/System/Library/Frameworks/Security.framework/Versions/A/Security
0x00007ff82300c000 	/System/Library/Frameworks/Carbon.framework/Versions/A/Frameworks/SpeechRecognition.framework/Versions/A/SpeechRecognition
0x00007ff819858000 	/System/Library/PrivateFrameworks/CoreUI.framework/Versions/A/CoreUI
0x00007ff813d02000 	/System/Library/Frameworks/CoreAudio.framework/Versions/A/CoreAudio
0x00007ff818e7d000 	/System/Library/Frameworks/DiskArbitration.framework/Versions/A/DiskArbitration
0x00007ff81e734000 	/System/Library/PrivateFrameworks/MultitouchSupport.framework/Versions/A/MultitouchSupport
0x00007ff817303000 	/usr/lib/libenergytrace.dylib
0x00007ff814d85000 	/System/Library/Frameworks/IOKit.framework/Versions/A/IOKit
0x00007ff8233f8000 	/System/Library/Frameworks/CoreServices.framework/Versions/A/CoreServices
0x00007ff819a92000 	/System/Library/PrivateFrameworks/PerformanceAnalysis.framework/Versions/A/PerformanceAnalysis
0x00007ffa2a0a1000 	/System/Library/Frameworks/OpenGL.framework/Versions/A/OpenGL
0x00007ff81c6aa000 	/System/Library/PrivateFrameworks/MobileKeyBag.framework/Versions/A/MobileKeyBag
0x00007ff812271000 	/usr/lib/libobjc.A.dylib
0x00007ff817de2000 	/System/Library/Frameworks/ColorSync.framework/Versions/A/ColorSync
0x00007ff81242a000 	/System/Library/Frameworks/CoreFoundation.framework/Versions/A/CoreFoundation
0x00007ff81b63c000 	/System/Library/Frameworks/CoreImage.framework/Versions/A/CoreImage
0x00007ff813b18000 	/System/Library/Frameworks/CoreText.framework/Versions/A/CoreText
0x00007ff81b3f2000 	/System/Library/Frameworks/ImageIO.framework/Versions/A/ImageIO
0x00007ff81d163000 	/System/Library/PrivateFrameworks/SoftLinking.framework/Versions/A/SoftLinking
0x00007ff819b43000 	/usr/lib/libxml2.2.dylib
0x00007ff812337000 	/usr/lib/libc++.1.dylib
0x00007ff81d3e7000 	/usr/lib/libcompression.dylib
0x00007ff81eea3000 	/System/Library/PrivateFrameworks/TextureIO.framework/Versions/A/TextureIO
0x00007ff81dada000 	/usr/lib/libate.dylib
0x00007ff81d158000 	/usr/lib/system/libcache.dylib
0x00007ff81d114000 	/usr/lib/system/libcommonCrypto.dylib
0x00007ff81d13d000 	/usr/lib/system/libcompiler_rt.dylib
0x00007ff81d133000 	/usr/lib/system/libcopyfile.dylib
0x00007ff81216b000 	/usr/lib/system/libcorecrypto.dylib
0x00007ff81222a000 	/usr/lib/system/libdispatch.dylib
0x00007ff8123e9000 	/usr/lib/system/libdyld.dylib
0x00007ff81d14f000 	/usr/lib/system/libkeymgr.dylib
0x00007ff81d0f2000 	/usr/lib/system/libmacho.dylib
0x00007ff81c77e000 	/usr/lib/system/libquarantine.dylib
0x00007ff81d14d000 	/usr/lib/system/libremovefile.dylib
0x00007ff817350000 	/usr/lib/system/libsystem_asl.dylib
0x00007ff812119000 	/usr/lib/system/libsystem_blocks.dylib
0x00007ff8122ae000 	/usr/lib/system/libsystem_c.dylib
0x00007ff81d145000 	/usr/lib/system/libsystem_collections.dylib
0x00007ff81ba26000 	/usr/lib/system/libsystem_configuration.dylib
0x00007ff81ace3000 	/usr/lib/system/libsystem_containermanager.dylib
0x00007ff81ce2f000 	/usr/lib/system/libsystem_coreservices.dylib
0x00007ff814a13000 	/usr/lib/system/libsystem_darwin.dylib
0x00007ff81d150000 	/usr/lib/system/libsystem_dnssd.dylib
0x00007ff8122ab000 	/usr/lib/system/libsystem_featureflags.dylib
0x00007ff8123ff000 	/usr/lib/system/libsystem_info.dylib
0x00007ff81d090000 	/usr/lib/system/libsystem_m.dylib
0x00007ff8121fe000 	/usr/lib/system/libsystem_malloc.dylib
0x00007ff8172ed000 	/usr/lib/system/libsystem_networkextension.dylib
0x00007ff814e3b000 	/usr/lib/system/libsystem_notify.dylib
0x00007ff8232cd000 	/usr/lib/system/libsystem_product_info_filter.dylib
0x00007ff81ba2a000 	/usr/lib/system/libsystem_sandbox.dylib
0x00007ff81d14a000 	/usr/lib/system/libsystem_secinit.dylib
0x00007ff8123a6000 	/usr/lib/system/libsystem_kernel.dylib
0x00007ff8123f5000 	/usr/lib/system/libsystem_platform.dylib
0x00007ff8123dd000 	/usr/lib/system/libsystem_pthread.dylib
0x00007ff818ba8000 	/usr/lib/system/libsystem_symptoms.dylib
0x00007ff812152000 	/usr/lib/system/libsystem_trace.dylib
0x00007ff81d120000 	/usr/lib/system/libunwind.dylib
0x00007ff81211b000 	/usr/lib/system/libxpc.dylib
0x00007ff812390000 	/usr/lib/libc++abi.dylib
0x00007ff81d12b000 	/usr/lib/liboah.dylib
0x00007ff81d8b8000 	/usr/lib/liblzma.5.dylib
0x00007ff812fc1000 	/System/Library/Frameworks/SystemConfiguration.framework/Versions/A/SystemConfiguration
0x00007ff81d15f000 	/usr/lib/libfakelink.dylib
0x00007ff816e56000 	/System/Library/Frameworks/CFNetwork.framework/Versions/A/CFNetwork
0x00007ff81d29e000 	/usr/lib/libarchive.2.dylib
0x00007ff81ba31000 	/System/Library/PrivateFrameworks/AppleSystemInfo.framework/Versions/A/AppleSystemInfo
0x00007ff81c7a5000 	/usr/lib/libbsm.0.dylib
0x00007ff81648c000 	/usr/lib/libnetwork.dylib
0x00007ff81d0f8000 	/usr/lib/system/libkxld.dylib
0x00007ff81c3d3000 	/System/Library/PrivateFrameworks/IOMobileFramebuffer.framework/Versions/A/IOMobileFramebuffer
0x00007ffb27ec6000 	/usr/lib/libCoreEntitlements.dylib
0x00007ff81ce11000 	/System/Library/PrivateFrameworks/AppleFSCompression.framework/Versions/A/AppleFSCompression
0x00007ff81c78d000 	/usr/lib/libcoretls.dylib
0x00007ff81d8d2000 	/usr/lib/libcoretls_cfhelpers.dylib
0x00007ff81d3e2000 	/usr/lib/libpam.2.dylib
0x00007ff8187ca000 	/usr/lib/libsqlite3.dylib
0x00007ff81d941000 	/usr/lib/libxar.1.dylib
0x00007ff81ce21000 	/usr/lib/libbz2.1.0.dylib
0x00007ff81d164000 	/usr/lib/libpcap.A.dylib
0x00007ff818b9f000 	/usr/lib/libdns_services.dylib
0x00007ff81d3b1000 	/usr/lib/libapple_nghttp2.dylib
0x00007ff81d19b000 	/usr/lib/libiconv.2.dylib
0x00007ff81d0f1000 	/usr/lib/libcharset.1.dylib
0x00007ff819ac6000 	/System/Library/Frameworks/CoreServices.framework/Versions/A/Frameworks/FSEvents.framework/Versions/A/FSEvents
0x00007ff814a1d000 	/System/Library/Frameworks/CoreServices.framework/Versions/A/Frameworks/CarbonCore.framework/Versions/A/CarbonCore
0x00007ff818de2000 	/System/Library/Frameworks/CoreServices.framework/Versions/A/Frameworks/Metadata.framework/Versions/A/Metadata
0x00007ff81ce34000 	/System/Library/Frameworks/CoreServices.framework/Versions/A/Frameworks/OSServices.framework/Versions/A/OSServices
0x00007ff81d325000 	/System/Library/Frameworks/CoreServices.framework/Versions/A/Frameworks/SearchKit.framework/Versions/A/SearchKit
0x00007ff818b31000 	/System/Library/Frameworks/CoreServices.framework/Versions/A/Frameworks/AE.framework/Versions/A/AE
0x00007ff81292d000 	/System/Library/Frameworks/CoreServices.framework/Versions/A/Frameworks/LaunchServices.framework/Versions/A/LaunchServices
0x00007ff81d869000 	/System/Library/Frameworks/CoreServices.framework/Versions/A/Frameworks/DictionaryServices.framework/Versions/A/DictionaryServices
0x00007ff819ad3000 	/System/Library/Frameworks/CoreServices.framework/Versions/A/Frameworks/SharedFileList.framework/Versions/A/SharedFileList
0x00007ff81c781000 	/usr/lib/libCheckFix.dylib
0x00007ff817367000 	/System/Library/PrivateFrameworks/TCC.framework/Versions/A/TCC
0x00007ff81ba37000 	/System/Library/PrivateFrameworks/CoreNLP.framework/Versions/A/CoreNLP
0x00007ff818d92000 	/System/Library/PrivateFrameworks/MetadataUtilities.framework/Versions/A/MetadataUtilities
0x00007ff813071000 	/usr/lib/libmecabra.dylib
0x00007ff81c7b5000 	/usr/lib/libmecab.dylib
0x00007ff81303c000 	/usr/lib/libCRFSuite.dylib
0x00007ff81c812000 	/usr/lib/libgermantok.dylib
0x00007ff81d38c000 	/usr/lib/libThaiTokenizer.dylib
0x00007ff818e84000 	/System/Library/Frameworks/Accelerate.framework/Versions/A/Frameworks/vImage.framework/Versions/A/vImage
0x00007ff8233cf000 	/System/Library/Frameworks/Accelerate.framework/Versions/A/Frameworks/vecLib.framework/Versions/A/vecLib
0x00007ff81d982000 	/System/Library/Frameworks/Accelerate.framework/Versions/A/Frameworks/vecLib.framework/Versions/A/libvMisc.dylib
0x00007ff81c1f1000 	/System/Library/Frameworks/Accelerate.framework/Versions/A/Frameworks/vecLib.framework/Versions/A/libvDSP.dylib
0x00007ff812ca5000 	/System/Library/Frameworks/Accelerate.framework/Versions/A/Frameworks/vecLib.framework/Versions/A/libBLAS.dylib
0x00007ff81d4c3000 	/System/Library/Frameworks/Accelerate.framework/Versions/A/Frameworks/vecLib.framework/Versions/A/libLAPACK.dylib
0x00007ff81c815000 	/System/Library/Frameworks/Accelerate.framework/Versions/A/Frameworks/vecLib.framework/Versions/A/libLinearAlgebra.dylib
0x00007ff81d3ca000 	/System/Library/Frameworks/Accelerate.framework/Versions/A/Frameworks/vecLib.framework/Versions/A/libSparseBLAS.dylib
0x00007ff81d4bd000 	/System/Library/Frameworks/Accelerate.framework/Versions/A/Frameworks/vecLib.framework/Versions/A/libQuadrature.dylib
0x00007ff81bb21000 	/System/Library/Frameworks/Accelerate.framework/Versions/A/Frameworks/vecLib.framework/Versions/A/libBNNS.dylib
0x00007ff812f52000 	/System/Library/Frameworks/Accelerate.framework/Versions/A/Frameworks/vecLib.framework/Versions/A/libSparse.dylib
0x00007ff81bb1a000 	/System/Library/PrivateFrameworks/LinguisticData.framework/Versions/A/LinguisticData
0x00007ff812f07000 	/System/Library/PrivateFrameworks/Lexicon.framework/Versions/A/Lexicon
0x00007ff81d97b000 	/usr/lib/libChineseTokenizer.dylib
0x00007ff81366b000 	/System/Library/PrivateFrameworks/LanguageModeling.framework/Versions/A/LanguageModeling
0x00007ff81d38e000 	/System/Library/PrivateFrameworks/AppleSauce.framework/Versions/A/AppleSauce
0x00007ff81c3c1000 	/System/Library/PrivateFrameworks/CoreEmoji.framework/Versions/A/CoreEmoji
0x00007ff81d28d000 	/usr/lib/libcmph.dylib
0x00007ff819aaa000 	/System/Library/Frameworks/OpenDirectory.framework/Versions/A/Frameworks/CFOpenDirectory.framework/Versions/A/CFOpenDirectory
0x00007ff819a9e000 	/System/Library/Frameworks/OpenDirectory.framework/Versions/A/OpenDirectory
0x00007ff81d8d4000 	/System/Library/PrivateFrameworks/APFS.framework/Versions/A/APFS
0x00007ff81c6e2000 	/System/Library/Frameworks/SecurityFoundation.framework/Versions/A/SecurityFoundation
0x00007ff81d94f000 	/usr/lib/libutil.dylib
0x00007ff814d48000 	/System/Library/PrivateFrameworks/CoreServicesStore.framework/Versions/A/CoreServicesStore
0x00007ff81d953000 	/usr/lib/libxslt.1.dylib
0x00007ff81c76f000 	/System/Library/PrivateFrameworks/BackgroundTaskManagement.framework/Versions/A/BackgroundTaskManagement
0x00007ff81edc3000 	/System/Library/Frameworks/ImageIO.framework/Versions/A/Resources/libRadiance.dylib
0x00007ff81edcc000 	/System/Library/Frameworks/ImageIO.framework/Versions/A/Resources/libJPEG.dylib
0x00007ff81ed1c000 	/System/Library/Frameworks/ImageIO.framework/Versions/A/Resources/libPng.dylib
0x00007ff81ed3d000 	/System/Library/Frameworks/ImageIO.framework/Versions/A/Resources/libTIFF.dylib
0x00007ff81ee2c000 	/System/Library/Frameworks/ImageIO.framework/Versions/A/Resources/libGIF.dylib
0x00007ff81e64d000 	/System/Library/Frameworks/ImageIO.framework/Versions/A/Resources/libJP2.dylib
0x00007ff81dd8f000 	/usr/lib/libexpat.1.dylib
0x00007ff81e602000 	/System/Library/PrivateFrameworks/AppleJPEG.framework/Versions/A/AppleJPEG
0x00007ff81af76000 	/System/Library/PrivateFrameworks/FontServices.framework/libFontParser.dylib
0x00007ff818adb000 	/System/Library/PrivateFrameworks/RunningBoardServices.framework/Versions/A/RunningBoardServices
0x00007ff8295a4000 	/System/Library/PrivateFrameworks/IOSurfaceAccelerator.framework/Versions/A/IOSurfaceAccelerator
0x00007ff81e730000 	/System/Library/PrivateFrameworks/WatchdogClient.framework/Versions/A/WatchdogClient
0x00007ff81375a000 	/System/Library/Frameworks/CoreDisplay.framework/Versions/A/CoreDisplay
0x00007ff81ae75000 	/System/Library/Frameworks/CoreMedia.framework/Versions/A/CoreMedia
0x00007ff81ad12000 	/System/Library/PrivateFrameworks/IOAccelerator.framework/Versions/A/IOAccelerator
0x00007ff819c26000 	/System/Library/Frameworks/CoreVideo.framework/Versions/A/CoreVideo
0x00007ff81d3e0000 	/System/Library/Frameworks/MetalPerformanceShaders.framework/Versions/A/MetalPerformanceShaders
0x00007ff81e76b000 	/System/Library/Frameworks/VideoToolbox.framework/Versions/A/VideoToolbox
0x00007ff818a23000 	/System/Library/PrivateFrameworks/BaseBoard.framework/Versions/A/BaseBoard
0x00007ff8187b0000 	/System/Library/PrivateFrameworks/ProtocolBuffer.framework/Versions/A/ProtocolBuffer
0x00007ff81edbc000 	/System/Library/PrivateFrameworks/GPUWrangler.framework/Versions/A/GPUWrangler
0x00007ff81ed9f000 	/System/Library/PrivateFrameworks/IOPresentment.framework/Versions/A/IOPresentment
0x00007ff81edc6000 	/System/Library/PrivateFrameworks/DSExternalDisplay.framework/Versions/A/DSExternalDisplay
0x00007ffa2a095000 	/System/Library/Frameworks/OpenGL.framework/Versions/A/Libraries/libCoreFSCache.dylib
0x00007ffb16136000 	/System/Library/PrivateFrameworks/GPUCompiler.framework/Versions/31001/Libraries/libGPUCompilerUtils.dylib
0x00007ff81ee31000 	/System/Library/PrivateFrameworks/CMCaptureCore.framework/Versions/A/CMCaptureCore
0x00007ff81e33b000 	/System/Library/PrivateFrameworks/AppServerSupport.framework/Versions/A/AppServerSupport
0x00007ff820518000 	/System/Library/PrivateFrameworks/perfdata.framework/Versions/A/perfdata
0x00007ff813886000 	/System/Library/PrivateFrameworks/AudioToolboxCore.framework/Versions/A/AudioToolboxCore
0x00007ff81ae52000 	/System/Library/PrivateFrameworks/caulk.framework/Versions/A/caulk
0x00007ff81fe3c000 	/usr/lib/libAudioStatistics.dylib
0x00007ff91715f000 	/System/Library/PrivateFrameworks/SystemPolicy.framework/Versions/A/SystemPolicy
0x00007ff820091000 	/usr/lib/libSMC.dylib
0x00007ff828edb000 	/System/Library/Frameworks/CoreMIDI.framework/Versions/A/CoreMIDI
0x00007ff81ecec000 	/usr/lib/libAudioToolboxUtility.dylib
0x00007ff913571000 	/System/Library/PrivateFrameworks/OSAServicesClient.framework/Versions/A/OSAServicesClient
0x00007ff820525000 	/usr/lib/libperfcheck.dylib
0x00007ff917bf1000 	/usr/lib/libmis.dylib
0x00007ffa2a0f1000 	/System/Library/Frameworks/OpenGL.framework/Versions/A/Libraries/libGLU.dylib
0x00007ffa2a0b4000 	/System/Library/Frameworks/OpenGL.framework/Versions/A/Libraries/libGFXShared.dylib
0x00007ffa2a2c2000 	/System/Library/Frameworks/OpenGL.framework/Versions/A/Libraries/libGL.dylib
0x00007ffa2a0bd000 	/System/Library/Frameworks/OpenGL.framework/Versions/A/Libraries/libGLImage.dylib
0x00007ffa2a0b1000 	/System/Library/Frameworks/OpenGL.framework/Versions/A/Libraries/libCVMSPluginSupport.dylib
0x00007ffa2a09c000 	/System/Library/Frameworks/OpenGL.framework/Versions/A/Libraries/libCoreVMClient.dylib
0x00007ff81b9b5000 	/System/Library/Frameworks/MetalPerformanceShaders.framework/Versions/A/Frameworks/MPSCore.framework/Versions/A/MPSCore
0x00007ff81cd7c000 	/System/Library/Frameworks/MetalPerformanceShaders.framework/Versions/A/Frameworks/MPSImage.framework/Versions/A/MPSImage
0x00007ff81c82b000 	/System/Library/Frameworks/MetalPerformanceShaders.framework/Versions/A/Frameworks/MPSNeuralNetwork.framework/Versions/A/MPSNeuralNetwork
0x00007ff81cca0000 	/System/Library/Frameworks/MetalPerformanceShaders.framework/Versions/A/Frameworks/MPSMatrix.framework/Versions/A/MPSMatrix
0x00007ff81ca5c000 	/System/Library/Frameworks/MetalPerformanceShaders.framework/Versions/A/Frameworks/MPSRayIntersector.framework/Versions/A/MPSRayIntersector
0x00007ff81ccd9000 	/System/Library/Frameworks/MetalPerformanceShaders.framework/Versions/A/Frameworks/MPSNDArray.framework/Versions/A/MPSNDArray
0x00007ffa2ecb6000 	/System/Library/Frameworks/MetalPerformanceShaders.framework/Versions/A/Frameworks/MPSFunctions.framework/Versions/A/MPSFunctions
0x00007ff812b88000 	/System/Library/PrivateFrameworks/MetalTools.framework/Versions/A/MetalTools
0x00007ff81ba2f000 	/System/Library/PrivateFrameworks/AggregateDictionary.framework/Versions/A/AggregateDictionary
0x00007ff81db71000 	/usr/lib/libIOReport.dylib
0x00007ffa2b6d1000 	/System/Library/Frameworks/OpenCL.framework/Versions/A/OpenCL
0x00007ff81ded5000 	/System/Library/PrivateFrameworks/FaceCore.framework/Versions/A/FaceCore
0x00007ff81dec6000 	/System/Library/PrivateFrameworks/GraphVisualizer.framework/Versions/A/GraphVisualizer
0x00007ffb16041000 	/System/Library/PrivateFrameworks/FontServices.framework/Versions/A/FontServices
0x00007ff81e2f2000 	/System/Library/PrivateFrameworks/OTSVG.framework/Versions/A/OTSVG
0x00007ff81980e000 	/System/Library/Frameworks/ApplicationServices.framework/Versions/A/Frameworks/ATS.framework/Versions/A/Resources/libFontRegistry.dylib
0x00007ff81e343000 	/System/Library/PrivateFrameworks/FontServices.framework/libhvf.dylib
0x00007ffb16042000 	/System/Library/PrivateFrameworks/FontServices.framework/libXTFontStaticRegistryData.dylib
0x00007ff81dd3f000 	/System/Library/PrivateFrameworks/AppleVA.framework/Versions/A/AppleVA
0x00007ff81fe60000 	/System/Library/Frameworks/ApplicationServices.framework/Versions/A/Frameworks/ATS.framework/Versions/A/ATS
0x00007ff817ede000 	/System/Library/Frameworks/ApplicationServices.framework/Versions/A/Frameworks/HIServices.framework/Versions/A/HIServices
0x00007ff81ee3b000 	/System/Library/Frameworks/ApplicationServices.framework/Versions/A/Frameworks/PrintCore.framework/Versions/A/PrintCore
0x00007ff8201e4000 	/System/Library/Frameworks/ApplicationServices.framework/Versions/A/Frameworks/QD.framework/Versions/A/QD
0x00007ff8201dc000 	/System/Library/Frameworks/ApplicationServices.framework/Versions/A/Frameworks/ColorSyncLegacy.framework/Versions/A/ColorSyncLegacy
0x00007ff81fe50000 	/System/Library/Frameworks/ApplicationServices.framework/Versions/A/Frameworks/SpeechSynthesis.framework/Versions/A/SpeechSynthesis
0x00007ff81edfc000 	/System/Library/Frameworks/ApplicationServices.framework/Versions/A/Frameworks/ATSUI.framework/Versions/A/ATSUI
0x00007ff820171000 	/usr/lib/libcups.2.dylib
0x00007ff820534000 	/System/Library/Frameworks/Kerberos.framework/Versions/A/Kerberos
0x00007ff820543000 	/System/Library/Frameworks/GSS.framework/Versions/A/GSS
0x00007ff81fecc000 	/usr/lib/libresolv.9.dylib
0x00007ff81e352000 	/System/Library/PrivateFrameworks/Heimdal.framework/Versions/A/Heimdal
0x00007ff827031000 	/System/Library/Frameworks/Kerberos.framework/Versions/A/Libraries/libHeimdalProxy.dylib
0x00007ff818bb0000 	/System/Library/Frameworks/Network.framework/Versions/A/Network
0x00007ff81dda9000 	/usr/lib/libheimdal-asn1.dylib
0x00007ff82058f000 	/System/Library/PrivateFrameworks/CommonAuth.framework/Versions/A/CommonAuth
0x00007ff81fdcd000 	/System/Library/PrivateFrameworks/AudioSession.framework/Versions/A/AudioSession
0x00007ff81de39000 	/System/Library/PrivateFrameworks/MediaExperience.framework/Versions/A/MediaExperience
0x00007ff81fc61000 	/System/Library/PrivateFrameworks/AudioSession.framework/libSessionUtility.dylib
0x00007ff8201f0000 	/System/Library/PrivateFrameworks/AudioResourceArbitration.framework/Versions/A/AudioResourceArbitration
0x00007ff8241e2000 	/System/Library/PrivateFrameworks/PowerLog.framework/Versions/A/PowerLog
0x00007ff81ddb2000 	/System/Library/PrivateFrameworks/IconFoundation.framework/Versions/A/IconFoundation
0x00007ff822ffc000 	/System/Library/PrivateFrameworks/SpeechRecognitionCore.framework/Versions/A/SpeechRecognitionCore
0x0000000109c9e000 	/Library/Java/JavaVirtualMachines/zulu-8.jdk/Contents/Home/jre/lib/server/libjvm.dylib
0x0000000108eae000 	/Library/Java/JavaVirtualMachines/zulu-8.jdk/Contents/Home/jre/lib/libverify.dylib
0x0000000108f02000 	/Library/Java/JavaVirtualMachines/zulu-8.jdk/Contents/Home/jre/lib/libjava.dylib
0x0000000108f45000 	/Library/Java/JavaVirtualMachines/zulu-8.jdk/Contents/Home/jre/lib/libinstrument.dylib
0x0000000108f79000 	/Library/Java/JavaVirtualMachines/zulu-8.jdk/Contents/Home/jre/lib/libzip.dylib
0x00000001113ca000 	/Library/Java/JavaVirtualMachines/zulu-8.jdk/Contents/Home/jre/lib/libnio.dylib
0x0000000111402000 	/Library/Java/JavaVirtualMachines/zulu-8.jdk/Contents/Home/jre/lib/libnet.dylib
0x00000001113e2000 	/Library/Java/JavaVirtualMachines/zulu-8.jdk/Contents/Home/jre/lib/libprism_es2.dylib
0x00007ff814d09000 	/System/Library/PrivateFrameworks/CoreServicesInternal.framework/Versions/A/CoreServicesInternal
0x00007ffa2a2cd000 	/System/Library/Frameworks/OpenGL.framework/Versions/A/Resources/GLEngine.bundle/GLEngine
0x00007ffa2a12f000 	/System/Library/Frameworks/OpenGL.framework/Versions/A/Libraries/libGLProgrammability.dylib
0x00007ffa20efd000 	/System/Library/Extensions/AppleIntelSKLGraphicsGLDriver.bundle/Contents/MacOS/AppleIntelSKLGraphicsGLDriver
0x00007ff921ad5000 	/System/Library/PrivateFrameworks/GPUSupport.framework/Versions/A/Libraries/libGPUSupportMercury.dylib
0x00007ffa2a45c000 	/System/Library/Frameworks/OpenGL.framework/Versions/A/Resources/GLRendererFloat.bundle/GLRendererFloat
0x000000011197c000 	/Library/Java/JavaVirtualMachines/zulu-8.jdk/Contents/Home/jre/lib/libglass.dylib
0x00007ff8247d3000 	/System/Library/Frameworks/FileProvider.framework/Versions/A/FileProvider
0x00007ff81898f000 	/System/Library/Frameworks/Accounts.framework/Versions/A/Accounts
0x00007ff82494b000 	/System/Library/PrivateFrameworks/GenerationalStorage.framework/Versions/A/GenerationalStorage
0x00007ff82545d000 	/System/Library/PrivateFrameworks/CoreSymbolication.framework/Versions/A/CoreSymbolication
0x00007ff8241d7000 	/System/Library/PrivateFrameworks/SymptomDiagnosticReporter.framework/Versions/A/SymptomDiagnosticReporter
0x00007ff815fcd000 	/System/Library/PrivateFrameworks/DesktopServicesPriv.framework/Versions/A/DesktopServicesPriv
0x00007ff814e4a000 	/usr/lib/libsandbox.1.dylib
0x00007ff819ca5000 	/System/Library/PrivateFrameworks/UserManagement.framework/Versions/A/UserManagement
0x00007ff825422000 	/System/Library/PrivateFrameworks/DebugSymbols.framework/Versions/A/DebugSymbols
0x00007ff8201d1000 	/System/Library/PrivateFrameworks/NetAuth.framework/Versions/A/NetAuth
0x00007ff8210c0000 	/System/Library/PrivateFrameworks/Sharing.framework/Versions/A/Sharing
0x00007ff819c78000 	/System/Library/PrivateFrameworks/login.framework/Versions/A/Frameworks/loginsupport.framework/Versions/A/loginsupport
0x00007ff826563000 	/System/Library/PrivateFrameworks/Apple80211.framework/Versions/A/Apple80211
0x00007ff81ce61000 	/System/Library/PrivateFrameworks/AuthKit.framework/Versions/A/AuthKit
0x00007ff81c4b7000 	/System/Library/PrivateFrameworks/CoreUtils.framework/Versions/A/CoreUtils
0x00007ff81c3de000 	/System/Library/Frameworks/CoreWLAN.framework/Versions/A/CoreWLAN
0x00007ff82121b000 	/System/Library/Frameworks/IOBluetooth.framework/Versions/A/IOBluetooth
0x00007ff8265cb000 	/System/Library/PrivateFrameworks/CoreWiFi.framework/Versions/A/CoreWiFi
0x00007ff824ff7000 	/System/Library/PrivateFrameworks/FrontBoardServices.framework/Versions/A/FrontBoardServices
0x00007ff825089000 	/System/Library/PrivateFrameworks/BoardServices.framework/Versions/A/BoardServices
0x00007ff81c6d1000 	/System/Library/PrivateFrameworks/AssertionServices.framework/Versions/A/AssertionServices
0x00007ff82674f000 	/System/Library/PrivateFrameworks/BackBoardServices.framework/Versions/A/BackBoardServices
0x00007ff82061e000 	/System/Library/PrivateFrameworks/CorePhoneNumbers.framework/Versions/A/CorePhoneNumbers
0x00007ff8242f4000 	/System/Library/PrivateFrameworks/DiskManagement.framework/Versions/A/DiskManagement
0x00007ff824208000 	/System/Library/PrivateFrameworks/AppleIDAuthSupport.framework/Versions/A/AppleIDAuthSupport
0x00007ffa30c6f000 	/System/Library/PrivateFrameworks/AAAFoundation.framework/Versions/A/AAAFoundation
0x00007ff8205ff000 	/System/Library/PrivateFrameworks/KeychainCircle.framework/Versions/A/KeychainCircle
0x00007ff8242c0000 	/System/Library/PrivateFrameworks/MediaKit.framework/Versions/A/MediaKit
0x00007ff824214000 	/System/Library/Frameworks/DiscRecording.framework/Versions/A/DiscRecording
0x00007ff81dcb7000 	/usr/lib/libCoreStorage.dylib
0x00007ff826a3e000 	/usr/lib/libcsfde.dylib
0x00007ff8212e8000 	/System/Library/PrivateFrameworks/ProtectedCloudStorage.framework/Versions/A/ProtectedCloudStorage
0x00007ff826a3a000 	/System/Library/PrivateFrameworks/EFILogin.framework/Versions/A/EFILogin
0x00007ff824971000 	/System/Library/PrivateFrameworks/OctagonTrust.framework/Versions/A/OctagonTrust
0x00007ffb15363000 	/System/Library/PrivateFrameworks/CoreUtilsExtras.framework/Versions/A/CoreUtilsExtras
0x00007ff82414a000 	/System/Library/Frameworks/CoreBluetooth.framework/Versions/A/CoreBluetooth
0x00007ff8270b6000 	/System/Library/Frameworks/AudioUnit.framework/Versions/A/AudioUnit
0x00007ff81dcaf000 	/usr/lib/libMatch.1.dylib
0x00007ff91c055000 	/System/Library/Frameworks/Accelerate.framework/Versions/A/Frameworks/vImage.framework/Versions/A/Libraries/libCGInterfaces.dylib
0x00000001225b1000 	/usr/lib/libobjc-trampolines.dylib
0x00007ffb27fd8000 	/usr/lib/libRosetta.dylib
0x00007ff81999e000 	/System/Library/PrivateFrameworks/ViewBridge.framework/Versions/A/ViewBridge
0x00007ff81e40c000 	/System/Library/PrivateFrameworks/login.framework/Versions/A/login
0x0000000124cff000 	/Library/Java/JavaVirtualMachines/zulu-8.jdk/Contents/Home/jre/lib/libjavafx_iio.dylib
0x0000000124cc1000 	/Library/Java/JavaVirtualMachines/zulu-8.jdk/Contents/Home/jre/lib/libjavafx_font.dylib
0x000000012ba7c000 	/Library/Java/JavaVirtualMachines/zulu-8.jdk/Contents/Home/jre/lib/libprism_common.dylib
0x00007ff8236c7000 	/System/Library/PrivateFrameworks/SystemAdministration.framework/Versions/A/SystemAdministration
0x00007ff81f063000 	/System/Library/Frameworks/MediaToolbox.framework/Versions/A/MediaToolbox
0x00007ff822fc8000 	/System/Library/Frameworks/DirectoryService.framework/Versions/A/DirectoryService
0x00007ff8268dc000 	/System/Library/PrivateFrameworks/DiskImages.framework/Versions/A/DiskImages
0x00007ff81c779000 	/System/Library/Frameworks/ServiceManagement.framework/Versions/A/ServiceManagement
0x00007ff826ab6000 	/System/Library/PrivateFrameworks/LoginUIKit.framework/Versions/A/Frameworks/LoginUICore.framework/Versions/A/LoginUICore
0x00007ff81e5ba000 	/usr/lib/libodfde.dylib
0x00007ff8247a3000 	/System/Library/PrivateFrameworks/CoreAVCHD.framework/Versions/A/CoreAVCHD
0x00007ff82368b000 	/System/Library/Frameworks/MediaAccessibility.framework/Versions/A/MediaAccessibility
0x00007ff82479f000 	/System/Library/PrivateFrameworks/Mangrove.framework/Versions/A/Mangrove
0x00007ff823696000 	/System/Library/PrivateFrameworks/AlgosScoreFramework.framework/Versions/A/AlgosScoreFramework
0x00007ffb127a8000 	/System/Library/PrivateFrameworks/CMPhoto.framework/Versions/A/CMPhoto
0x00007ff8252f8000 	/System/Library/PrivateFrameworks/AppleVPA.framework/Versions/A/AppleVPA
0x00007ff8243e4000 	/System/Library/PrivateFrameworks/CoreAUC.framework/Versions/A/CoreAUC
0x00007ff826a4a000 	/usr/lib/libcurl.4.dylib
0x00007ff8267a7000 	/usr/lib/libcrypto.44.dylib
0x00007ff8268af000 	/usr/lib/libssl.46.dylib
0x00007ff82676d000 	/System/Library/Frameworks/LDAP.framework/Versions/A/LDAP
0x00007ff8267a5000 	/System/Library/PrivateFrameworks/TrustEvaluationAgent.framework/Versions/A/TrustEvaluationAgent
0x00007ff81fee5000 	/usr/lib/libsasl2.2.dylib
0x00007ff8236bb000 	/System/Library/PrivateFrameworks/CoreDaemon.framework/Versions/B/CoreDaemon
0x00007ff8236b6000 	/System/Library/PrivateFrameworks/AppleSRP.framework/Versions/A/AppleSRP
0x000000012e072000 	/Library/Java/JavaVirtualMachines/zulu-8.jdk/Contents/Home/jre/lib/libsunec.dylib

VM Arguments:
jvm_args: -javaagent:/Applications/IntelliJ IDEA.app/Contents/lib/idea_rt.jar=60979:/Applications/IntelliJ IDEA.app/Contents/bin -Dfile.encoding=UTF-8 
java_command: AppInitializer
java_class_path (initial): /Library/Java/JavaVirtualMachines/zulu-8.jdk/Contents/Home/jre/lib/charsets.jar:/Library/Java/JavaVirtualMachines/zulu-8.jdk/Contents/Home/jre/lib/crs-agent.jar:/Library/Java/JavaVirtualMachines/zulu-8.jdk/Contents/Home/jre/lib/ext/cldrdata.jar:/Library/Java/JavaVirtualMachines/zulu-8.jdk/Contents/Home/jre/lib/ext/dnsns.jar:/Library/Java/JavaVirtualMachines/zulu-8.jdk/Contents/Home/jre/lib/ext/jaccess.jar:/Library/Java/JavaVirtualMachines/zulu-8.jdk/Contents/Home/jre/lib/ext/jfxrt.jar:/Library/Java/JavaVirtualMachines/zulu-8.jdk/Contents/Home/jre/lib/ext/legacy8ujsse.jar:/Library/Java/JavaVirtualMachines/zulu-8.jdk/Contents/Home/jre/lib/ext/localedata.jar:/Library/Java/JavaVirtualMachines/zulu-8.jdk/Contents/Home/jre/lib/ext/nashorn.jar:/Library/Java/JavaVirtualMachines/zulu-8.jdk/Contents/Home/jre/lib/ext/openjsse.jar:/Library/Java/JavaVirtualMachines/zulu-8.jdk/Contents/Home/jre/lib/ext/sunec.jar:/Library/Java/JavaVirtualMachines/zulu-8.jdk/Contents/Home/jre/lib/ext/sunjce_provider.jar:/Library/Java/JavaVirtualMachines/zulu-8.jdk/Contents/Home/jre/lib/ext/sunpkcs11.jar:/Library/Java/JavaVirtualMachines/zulu-8.jdk/Contents/Home/jre/lib/ext/zipfs.jar:/Library/Java/JavaVirtualMachines/zulu-8.jdk/Contents/Home/jre/lib/jce.jar:/Library/Java/JavaVirtualMachines/zulu-8.jdk/Contents/Home/jre/lib/jfr.jar:/Library/Java/JavaVirtualMachines/zulu-8.jdk/Contents/Home/jre/lib/jfxswt.jar:/Library/Java/JavaVirtualMachines/zulu-8.jdk/Contents/Home/jre/lib/jsse.jar:/Library/Java/JavaVirtualMachines/zulu-8.jdk/Contents/Home/jre/lib/management-agent.jar:/Library/Java/JavaVirtualMachines/zulu-8.jdk/Contents/Home/jre/lib/resources.jar:/Library/Java/JavaVirtualMachines/zulu-8.jdk/Contents/Home/jre/lib/rt.jar:/Library/Java/JavaVirtualMachines/zulu-8.jdk/Contents/Home/lib/ant-javafx.jar:/Library/Java/JavaVirtualMachines/zulu-8.jdk/Contents/Home/lib/dt.jar:/Library/Java/JavaVirtualMachines/zulu-8.jdk/Contents/Home/lib/javafx-mx.jar:/Library/Java/JavaVirtualMachi
Launcher Type: SUN_STANDARD

Environment Variables:
PATH=/Users/kasunrachintha/opt/anaconda3/bin:/Library/Frameworks/Python.framework/Versions/3.9/bin:/usr/local/bin:/usr/bin:/bin:/usr/sbin:/sbin:/Applications/VMware Fusion.app/Contents/Public
SHELL=/bin/zsh

Signal Handlers:
SIGSEGV: [libjvm.dylib+0x5b2935], sa_mask[0]=11111111011111110111111111111111, sa_flags=SA_ONSTACK|SA_RESTART|SA_SIGINFO
SIGBUS: [libjvm.dylib+0x5b2935], sa_mask[0]=11111111011111110111111111111111, sa_flags=SA_RESTART|SA_SIGINFO
SIGFPE: [libjvm.dylib+0x4a1701], sa_mask[0]=11111111011111110111111111111111, sa_flags=SA_RESTART|SA_SIGINFO
SIGPIPE: [libjvm.dylib+0x4a1701], sa_mask[0]=11111111011111110111111111111111, sa_flags=SA_RESTART|SA_SIGINFO
SIGXFSZ: [libjvm.dylib+0x4a1701], sa_mask[0]=11111111011111110111111111111111, sa_flags=SA_RESTART|SA_SIGINFO
SIGILL: [libjvm.dylib+0x4a1701], sa_mask[0]=11111111011111110111111111111111, sa_flags=SA_RESTART|SA_SIGINFO
SIGUSR1: SIG_DFL, sa_mask[0]=00000000000000000000000000000000, sa_flags=none
SIGUSR2: [libjvm.dylib+0x4a1ff0], sa_mask[0]=00100000000000000000000000000000, sa_flags=SA_RESTART|SA_SIGINFO
SIGHUP: [libjvm.dylib+0x4a013f], sa_mask[0]=11111111011111110111111111111111, sa_flags=SA_RESTART|SA_SIGINFO
SIGINT: [libjvm.dylib+0x4a013f], sa_mask[0]=11111111011111110111111111111111, sa_flags=SA_RESTART|SA_SIGINFO
SIGTERM: [libjvm.dylib+0x4a013f], sa_mask[0]=11111111011111110111111111111111, sa_flags=SA_RESTART|SA_SIGINFO
SIGQUIT: [libjvm.dylib+0x4a013f], sa_mask[0]=11111111011111110111111111111111, sa_flags=SA_RESTART|SA_SIGINFO


---------------  S Y S T E M  ---------------

OS:Bsduname:Darwin 21.3.0 Darwin Kernel Version 21.3.0: Wed Jan  5 21:37:58 PST 2022; root:xnu-8019.80.24~20/RELEASE_X86_64 x86_64
rlimit: STACK 8192k, CORE 0k, NPROC 1392, NOFILE 10240, AS infinity
load average:2.32 2.36 2.64

CPU:total 4 (initial active 4) (2 cores per cpu, 2 threads per core) family 6 model 78 stepping 3, cmov, cx8, fxsr, mmx, sse, sse2, sse3, ssse3, sse4.1, sse4.2, popcnt, avx, avx2, aes, clmul, erms, 3dnowpref, lzcnt, ht, tsc, tscinvbit, bmi1, bmi2, adx

Memory: 4k page, physical 8388608k(18936k free)

/proc/meminfo:


vm_info: OpenJDK 64-Bit Server VM (25.312-b07) for bsd-amd64 JRE (Zulu 8.58.0.13-CA-macosx) (1.8.0_312-b07), built on Oct 11 2021 08:36:41 by "zulu_re" with gcc 4.2.1 Compatible Apple LLVM 11.0.0 (clang-1100.0.33.17)

time: Wed Mar 23 15:45:31 2022
timezone: +0530
elapsed time: 1036.424635 seconds (0d 0h 17m 16s)

