#
# A fatal error has been detected by the Java Runtime Environment:
#
#  INVALID (0xe0000000) at pc=0x0000000000000000, pid=7548, tid=0x0000000000009a0b
#  fatal error: Illegal threadstate encountered: 4
#
# JRE version: OpenJDK Runtime Environment (Zulu 8.58.0.13-CA-macosx) (8.0_312-b07) (build 1.8.0_312-b07)
# Java VM: OpenJDK 64-Bit Server VM (25.312-b07 mixed mode bsd-amd64 compressed oops)
# Failed to write core dump. Core dumps have been disabled. To enable core dumping, try "ulimit -c unlimited" before starting Java again
#
# If you would like to submit a bug report, please visit:
#   http://www.azul.com/support/
# The crash happened outside the Java Virtual Machine in native code.
# See problematic frame for where to report the bug.
#

---------------  T H R E A D  ---------------

Current thread (0x00007fef73953000):  JavaThread "Thread-1" daemon [_thread_in_native, id=39435, stack(0x000070000b2c7000,0x000070000b3c7000)]

Stack: [0x000070000b2c7000,0x000070000b3c7000],  sp=0x000070000b3c6010,  free space=1020k
Native frames: (J=compiled Java code, j=interpreted, Vv=VM code, C=native code)
V  [libjvm.dylib+0x5b1e72]
V  [libjvm.dylib+0x1d77b3]
V  [libjvm.dylib+0x4fb301]
V  [libjvm.dylib+0x576b31]
V  [libjvm.dylib+0x30e798]
C  [libglass.dylib+0x9e88]  -[GlassRunnable dealloc]+0x28
C  [Foundation+0x80eab]  -[_NSThreadPerformInfo dealloc]+0x2a
C  [Foundation+0x4dcd7]  -[NSObject(NSThreadPerformAdditions) performSelectorOnMainThread:withObject:waitUntilDone:]+0x7c
J 1618  com.sun.glass.ui.mac.MacApplication._submitForLaterInvocation(Ljava/lang/Runnable;)V (0 bytes) @ 0x000000010e0f21bc [0x000000010e0f2100+0xbc]
J 1617 C1 com.sun.glass.ui.mac.MacApplication.submitForLaterInvocation(Ljava/lang/Runnable;)V (6 bytes) @ 0x000000010e0f467c [0x000000010e0f4600+0x7c]
j  com.sun.glass.ui.InvokeLaterDispatcher.run()V+82
v  ~StubRoutines::call_stub
V  [libjvm.dylib+0x2d7e24]
V  [libjvm.dylib+0x2d6c7e]
V  [libjvm.dylib+0x2d6e5f]
V  [libjvm.dylib+0x35324b]
V  [libjvm.dylib+0x57538a]
V  [libjvm.dylib+0x57523d]
V  [libjvm.dylib+0x49f1f7]
C  [libsystem_pthread.dylib+0x64f4]  _pthread_start+0x7d
C  [libsystem_pthread.dylib+0x200f]  thread_start+0xf
C  0x0000000000000000

Java frames: (J=compiled Java code, j=interpreted, Vv=VM code)
J 1618  com.sun.glass.ui.mac.MacApplication._submitForLaterInvocation(Ljava/lang/Runnable;)V (0 bytes) @ 0x000000010e0f214c [0x000000010e0f2100+0x4c]
J 1617 C1 com.sun.glass.ui.mac.MacApplication.submitForLaterInvocation(Ljava/lang/Runnable;)V (6 bytes) @ 0x000000010e0f467c [0x000000010e0f4600+0x7c]
j  com.sun.glass.ui.InvokeLaterDispatcher.run()V+82
v  ~StubRoutines::call_stub

---------------  P R O C E S S  ---------------

Java Threads: ( => current thread )
  0x00007fef74cb4800 JavaThread "Image Fetcher 1" daemon [_thread_blocked, id=62979, stack(0x000070000bef4000,0x000070000bff4000)]
  0x00007fef74c95800 JavaThread "AWT-EventQueue-0" [_thread_in_Java, id=64003, stack(0x000070000bdf1000,0x000070000bef1000)]
  0x00007fef74981800 JavaThread "AWT-Shutdown" [_thread_blocked, id=62467, stack(0x000070000bcee000,0x000070000bdee000)]
  0x00007fef74a12000 JavaThread "Image Fetcher 0" daemon [_thread_blocked, id=65547, stack(0x000070000bbeb000,0x000070000bceb000)]
  0x00007fef7398d000 JavaThread "Java2D Disposer" daemon [_thread_blocked, id=66067, stack(0x000070000bae8000,0x000070000bbe8000)]
  0x00007fef74a4a000 JavaThread "Java2D Queue Flusher" daemon [_thread_blocked, id=60967, stack(0x000070000b9e5000,0x000070000bae5000)]
  0x00007fef74a1d800 JavaThread "mysql-cj-abandoned-connection-cleanup" daemon [_thread_blocked, id=37139, stack(0x000070000b7dc000,0x000070000b8dc000)]
  0x00007fef739bf800 JavaThread "PulseTimer-CVDisplayLink thread" daemon [_thread_in_native, id=53507, stack(0x000070000b759000,0x000070000b7d9000)]
  0x00007fef7595e000 JavaThread "Prism Font Disposer" daemon [_thread_blocked, id=83535, stack(0x000070000b3ca000,0x000070000b4ca000)]
  0x00007fef73995800 JavaThread "JavaFX-Launcher" [_thread_blocked, id=49943, stack(0x000070000b5d3000,0x000070000b6d3000)]
  0x00007fef74928000 JavaThread "JavaFX Application Thread" [_thread_in_native, id=259, stack(0x00007ff7b6c74000,0x00007ff7b7474000)]
=>0x00007fef73953000 JavaThread "Thread-1" daemon [_thread_in_native, id=39435, stack(0x000070000b2c7000,0x000070000b3c7000)]
  0x00007fef758cb000 JavaThread "Attach Listener" daemon [_thread_blocked, id=14083, stack(0x000070000b1c4000,0x000070000b2c4000)]
  0x00007fef7514d000 JavaThread "QuantumRenderer-0" daemon [_thread_blocked, id=15619, stack(0x000070000b0c1000,0x000070000b1c1000)]
  0x00007fef75868800 JavaThread "Service Thread" daemon [_thread_blocked, id=13571, stack(0x000070000aebb000,0x000070000afbb000)]
  0x00007fef73896800 JavaThread "C1 CompilerThread2" daemon [_thread_in_native, id=13315, stack(0x000070000adb8000,0x000070000aeb8000)]
  0x00007fef7502d800 JavaThread "C2 CompilerThread1" daemon [_thread_blocked, id=13059, stack(0x000070000acb5000,0x000070000adb5000)]
  0x00007fef7485e000 JavaThread "C2 CompilerThread0" daemon [_thread_blocked, id=12803, stack(0x000070000abb2000,0x000070000acb2000)]
  0x00007fef7583d800 JavaThread "Monitor Ctrl-Break" daemon [_thread_in_native, id=12547, stack(0x000070000aaaf000,0x000070000abaf000)]
  0x00007fef7382b800 JavaThread "Signal Dispatcher" daemon [_thread_blocked, id=17667, stack(0x000070000a9ac000,0x000070000aaac000)]
  0x00007fef7381b000 JavaThread "Finalizer" daemon [_thread_blocked, id=19971, stack(0x000070000a7a3000,0x000070000a8a3000)]
  0x00007fef7381a800 JavaThread "Reference Handler" daemon [_thread_blocked, id=20483, stack(0x000070000a6a0000,0x000070000a7a0000)]
  0x00007fef75808800 JavaThread "main" [_thread_blocked, id=10499, stack(0x000070000a08e000,0x000070000a18e000)]

Other Threads:
  0x00007fef75028800 VMThread [stack: 0x000070000a59d000,0x000070000a69d000] [id=11011]
  0x00007fef75869800 WatcherThread [stack: 0x000070000afbe000,0x000070000b0be000] [id=16131]

VM state:not at safepoint (normal execution)

VM Mutex/Monitor currently owned by a thread: None

heap address: 0x0000000740000000, size: 2048 MB, Compressed Oops mode: Zero based, Oop shift amount: 3
Narrow klass base: 0x0000000000000000, Narrow klass shift: 3
Compressed class space size: 1073741824 Address: 0x00000007c0000000

Heap:
 PSYoungGen      total 71680K, used 16977K [0x0000000795580000, 0x000000079dd80000, 0x00000007c0000000)
  eden space 66560K, 25% used [0x0000000795580000,0x0000000796614740,0x0000000799680000)
  from space 5120K, 0% used [0x0000000799680000,0x0000000799680000,0x0000000799b80000)
  to   space 14336K, 0% used [0x000000079cf80000,0x000000079cf80000,0x000000079dd80000)
 ParOldGen       total 80896K, used 15944K [0x0000000740000000, 0x0000000744f00000, 0x0000000795580000)
  object space 80896K, 19% used [0x0000000740000000,0x0000000740f921f0,0x0000000744f00000)
 Metaspace       used 39554K, capacity 40762K, committed 41088K, reserved 1085440K
  class space    used 5406K, capacity 5709K, committed 5760K, reserved 1048576K

Card table byte_map: [0x000000010906f000,0x0000000109470000] byte_map_base: 0x000000010566f000

Marking Bits: (ParMarkBitMap*) 0x000000010a0f0948
 Begin Bits: [0x000000011cc05000, 0x000000011ec05000)
 End Bits:   [0x000000011ec05000, 0x0000000120c05000)

Polling page: 0x0000000108bc4000

CodeCache: size=245760Kb used=9657Kb max_used=9684Kb free=236102Kb
 bounds [0x000000010dc05000, 0x000000010e585000, 0x000000011cc05000]
 total_blobs=4371 nmethods=3409 adapters=874
 compilation: enabled

Compilation events (10 events):
Event: 22.807 Thread 0x00007fef73896800 3741       1       sun.java2d.pipe.RenderQueue::getBuffer (5 bytes)
Event: 22.807 Thread 0x00007fef73896800 nmethod 3741 0x000000010debf7d0 code [0x000000010debf920, 0x000000010debfa30]
Event: 22.807 Thread 0x00007fef73896800 3743       3       sun.java2d.pipe.RenderBuffer::position (11 bytes)
Event: 22.808 Thread 0x00007fef73896800 nmethod 3743 0x000000010de56e90 code [0x000000010de56fe0, 0x000000010de57130]
Event: 22.808 Thread 0x00007fef73896800 3744       1       java.awt.geom.Rectangle2D$Float::getX (6 bytes)
Event: 22.808 Thread 0x00007fef73896800 nmethod 3744 0x000000010de24110 code [0x000000010de24260, 0x000000010de24370]
Event: 22.809 Thread 0x00007fef73896800 3745       1       java.util.concurrent.locks.ReentrantReadWriteLock::readLock (5 bytes)
Event: 22.809 Thread 0x00007fef73896800 nmethod 3745 0x000000010de23e50 code [0x000000010de23fa0, 0x000000010de240b0]
Event: 22.810 Thread 0x00007fef73896800 3746       3       java.awt.geom.AffineTransform::translate (547 bytes)
Event: 22.811 Thread 0x00007fef73896800 nmethod 3746 0x000000010de22fd0 code [0x000000010de23180, 0x000000010de23d28]

GC Heap History (10 events):
Event: 14.070 GC heap before
{Heap before GC invocations=3 (full 0):
 PSYoungGen      total 38400K, used 14526K [0x0000000795580000, 0x0000000798000000, 0x00000007c0000000)
  eden space 33280K, 28% used [0x0000000795580000,0x0000000795eb7ba0,0x0000000797600000)
  from space 5120K, 99% used [0x0000000797b00000,0x0000000797ff8050,0x0000000798000000)
  to   space 5120K, 0% used [0x0000000797600000,0x0000000797600000,0x0000000797b00000)
 ParOldGen       total 87552K, used 58023K [0x0000000740000000, 0x0000000745580000, 0x0000000795580000)
  object space 87552K, 66% used [0x0000000740000000,0x00000007438a9cc0,0x0000000745580000)
 Metaspace       used 20512K, capacity 21192K, committed 21248K, reserved 1067008K
  class space    used 2869K, capacity 3067K, committed 3072K, reserved 1048576K
Event: 14.079 GC heap after
Heap after GC invocations=3 (full 0):
 PSYoungGen      total 38400K, used 5088K [0x0000000795580000, 0x000000079a080000, 0x00000007c0000000)
  eden space 33280K, 0% used [0x0000000795580000,0x0000000795580000,0x0000000797600000)
  from space 5120K, 99% used [0x0000000797600000,0x0000000797af8050,0x0000000797b00000)
  to   space 5120K, 0% used [0x0000000799b80000,0x0000000799b80000,0x000000079a080000)
 ParOldGen       total 87552K, used 59826K [0x0000000740000000, 0x0000000745580000, 0x0000000795580000)
  object space 87552K, 68% used [0x0000000740000000,0x0000000743a6c970,0x0000000745580000)
 Metaspace       used 20512K, capacity 21192K, committed 21248K, reserved 1067008K
  class space    used 2869K, capacity 3067K, committed 3072K, reserved 1048576K
}
Event: 14.079 GC heap before
{Heap before GC invocations=4 (full 1):
 PSYoungGen      total 38400K, used 5088K [0x0000000795580000, 0x000000079a080000, 0x00000007c0000000)
  eden space 33280K, 0% used [0x0000000795580000,0x0000000795580000,0x0000000797600000)
  from space 5120K, 99% used [0x0000000797600000,0x0000000797af8050,0x0000000797b00000)
  to   space 5120K, 0% used [0x0000000799b80000,0x0000000799b80000,0x000000079a080000)
 ParOldGen       total 87552K, used 59826K [0x0000000740000000, 0x0000000745580000, 0x0000000795580000)
  object space 87552K, 68% used [0x0000000740000000,0x0000000743a6c970,0x0000000745580000)
 Metaspace       used 20512K, capacity 21192K, committed 21248K, reserved 1067008K
  class space    used 2869K, capacity 3067K, committed 3072K, reserved 1048576K
Event: 14.116 GC heap after
Heap after GC invocations=4 (full 1):
 PSYoungGen      total 38400K, used 0K [0x0000000795580000, 0x000000079a080000, 0x00000007c0000000)
  eden space 33280K, 0% used [0x0000000795580000,0x0000000795580000,0x0000000797600000)
  from space 5120K, 0% used [0x0000000797600000,0x0000000797600000,0x0000000797b00000)
  to   space 5120K, 0% used [0x0000000799b80000,0x0000000799b80000,0x000000079a080000)
 ParOldGen       total 112128K, used 57244K [0x0000000740000000, 0x0000000746d80000, 0x0000000795580000)
  object space 112128K, 51% used [0x0000000740000000,0x00000007437e73d0,0x0000000746d80000)
 Metaspace       used 20512K, capacity 21192K, committed 21248K, reserved 1067008K
  class space    used 2869K, capacity 3067K, committed 3072K, reserved 1048576K
}
Event: 20.896 GC heap before
{Heap before GC invocations=5 (full 1):
 PSYoungGen      total 38400K, used 33280K [0x0000000795580000, 0x000000079a080000, 0x00000007c0000000)
  eden space 33280K, 100% used [0x0000000795580000,0x0000000797600000,0x0000000797600000)
  from space 5120K, 0% used [0x0000000797600000,0x0000000797600000,0x0000000797b00000)
  to   space 5120K, 0% used [0x0000000799b80000,0x0000000799b80000,0x000000079a080000)
 ParOldGen       total 112128K, used 57244K [0x0000000740000000, 0x0000000746d80000, 0x0000000795580000)
  object space 112128K, 51% used [0x0000000740000000,0x00000007437e73d0,0x0000000746d80000)
 Metaspace       used 27635K, capacity 28590K, committed 28928K, reserved 1075200K
  class space    used 3723K, capacity 3976K, committed 4096K, reserved 1048576K
Event: 20.904 GC heap after
Heap after GC invocations=5 (full 1):
 PSYoungGen      total 66048K, used 5116K [0x0000000795580000, 0x000000079a080000, 0x00000007c0000000)
  eden space 60928K, 0% used [0x0000000795580000,0x0000000795580000,0x0000000799100000)
  from space 5120K, 99% used [0x0000000799b80000,0x000000079a07f258,0x000000079a080000)
  to   space 5120K, 0% used [0x0000000799680000,0x0000000799680000,0x0000000799b80000)
 ParOldGen       total 112128K, used 60450K [0x0000000740000000, 0x0000000746d80000, 0x0000000795580000)
  object space 112128K, 53% used [0x0000000740000000,0x0000000743b089f8,0x0000000746d80000)
 Metaspace       used 27635K, capacity 28590K, committed 28928K, reserved 1075200K
  class space    used 3723K, capacity 3976K, committed 4096K, reserved 1048576K
}
Event: 22.058 GC heap before
{Heap before GC invocations=6 (full 1):
 PSYoungGen      total 66048K, used 36072K [0x0000000795580000, 0x000000079a080000, 0x00000007c0000000)
  eden space 60928K, 50% used [0x0000000795580000,0x00000007973baef0,0x0000000799100000)
  from space 5120K, 99% used [0x0000000799b80000,0x000000079a07f258,0x000000079a080000)
  to   space 5120K, 0% used [0x0000000799680000,0x0000000799680000,0x0000000799b80000)
 ParOldGen       total 112128K, used 60450K [0x0000000740000000, 0x0000000746d80000, 0x0000000795580000)
  object space 112128K, 53% used [0x0000000740000000,0x0000000743b089f8,0x0000000746d80000)
 Metaspace       used 34257K, capacity 35218K, committed 35416K, reserved 1079296K
  class space    used 4566K, capacity 4817K, committed 4864K, reserved 1048576K
Event: 22.068 GC heap after
Heap after GC invocations=6 (full 1):
 PSYoungGen      total 71680K, used 5099K [0x0000000795580000, 0x000000079dd80000, 0x00000007c0000000)
  eden space 66560K, 0% used [0x0000000795580000,0x0000000795580000,0x0000000799680000)
  from space 5120K, 99% used [0x0000000799680000,0x0000000799b7afc0,0x0000000799b80000)
  to   space 14336K, 0% used [0x000000079cf80000,0x000000079cf80000,0x000000079dd80000)
 ParOldGen       total 112128K, used 62132K [0x0000000740000000, 0x0000000746d80000, 0x0000000795580000)
  object space 112128K, 55% used [0x0000000740000000,0x0000000743cad018,0x0000000746d80000)
 Metaspace       used 34257K, capacity 35218K, committed 35416K, reserved 1079296K
  class space    used 4566K, capacity 4817K, committed 4864K, reserved 1048576K
}
Event: 22.068 GC heap before
{Heap before GC invocations=7 (full 2):
 PSYoungGen      total 71680K, used 5099K [0x0000000795580000, 0x000000079dd80000, 0x00000007c0000000)
  eden space 66560K, 0% used [0x0000000795580000,0x0000000795580000,0x0000000799680000)
  from space 5120K, 99% used [0x0000000799680000,0x0000000799b7afc0,0x0000000799b80000)
  to   space 14336K, 0% used [0x000000079cf80000,0x000000079cf80000,0x000000079dd80000)
 ParOldGen       total 112128K, used 62132K [0x0000000740000000, 0x0000000746d80000, 0x0000000795580000)
  object space 112128K, 55% used [0x0000000740000000,0x0000000743cad018,0x0000000746d80000)
 Metaspace       used 34257K, capacity 35218K, committed 35416K, reserved 1079296K
  class space    used 4566K, capacity 4817K, committed 4864K, reserved 1048576K
Event: 22.126 GC heap after
Heap after GC invocations=7 (full 2):
 PSYoungGen      total 71680K, used 0K [0x0000000795580000, 0x000000079dd80000, 0x00000007c0000000)
  eden space 66560K, 0% used [0x0000000795580000,0x0000000795580000,0x0000000799680000)
  from space 5120K, 0% used [0x0000000799680000,0x0000000799680000,0x0000000799b80000)
  to   space 14336K, 0% used [0x000000079cf80000,0x000000079cf80000,0x000000079dd80000)
 ParOldGen       total 80896K, used 15944K [0x0000000740000000, 0x0000000744f00000, 0x0000000795580000)
  object space 80896K, 19% used [0x0000000740000000,0x0000000740f921f0,0x0000000744f00000)
 Metaspace       used 34257K, capacity 35218K, committed 35416K, reserved 1079296K
  class space    used 4566K, capacity 4817K, committed 4864K, reserved 1048576K
}

Deoptimization events (10 events):
Event: 20.691 Thread 0x00007fef7514d000 Uncommon trap: reason=unstable_if action=reinterpret pc=0x000000010e3f12e4 method=java.lang.Math.round(F)I @ 36
Event: 20.742 Thread 0x00007fef74928000 Uncommon trap: reason=class_check action=maybe_recompile pc=0x000000010e1df2cc method=java.util.Properties$LineReader.readLine()I @ 410
Event: 20.761 Thread 0x00007fef74928000 Uncommon trap: reason=unstable_if action=reinterpret pc=0x000000010e1df040 method=java.util.Properties$LineReader.readLine()I @ 252
Event: 21.972 Thread 0x00007fef74928000 Uncommon trap: reason=unstable_if action=reinterpret pc=0x000000010e34c014 method=java.lang.ref.SoftReference.get()Ljava/lang/Object; @ 6
Event: 22.140 Thread 0x00007fef74928000 Uncommon trap: reason=predicate action=maybe_recompile pc=0x000000010e4bd650 method=java.lang.String.regionMatches(ZILjava/lang/String;II)Z @ 63
Event: 22.349 Thread 0x00007fef74928000 Uncommon trap: reason=unstable_if action=reinterpret pc=0x000000010e208e50 method=java.lang.CharacterDataLatin1.digit(II)I @ 60
Event: 22.567 Thread 0x00007fef74c95800 Uncommon trap: reason=class_check action=maybe_recompile pc=0x000000010e2519cc method=java.util.HashMap.putVal(ILjava/lang/Object;Ljava/lang/Object;ZZ)Ljava/lang/Object; @ 253
Event: 22.577 Thread 0x00007fef74c95800 Uncommon trap: reason=class_check action=maybe_recompile pc=0x000000010e2519cc method=java.util.HashMap.putVal(ILjava/lang/Object;Ljava/lang/Object;ZZ)Ljava/lang/Object; @ 253
Event: 22.577 Thread 0x00007fef74c95800 Uncommon trap: reason=class_check action=maybe_recompile pc=0x000000010e2519cc method=java.util.HashMap.putVal(ILjava/lang/Object;Ljava/lang/Object;ZZ)Ljava/lang/Object; @ 253
Event: 22.579 Thread 0x00007fef74c95800 Uncommon trap: reason=class_check action=maybe_recompile pc=0x000000010e2519cc method=java.util.HashMap.putVal(ILjava/lang/Object;Ljava/lang/Object;ZZ)Ljava/lang/Object; @ 253

Classes redefined (0 events):
No events

Internal exceptions (10 events):
Event: 14.511 Thread 0x00007fef74928000 Exception <a 'java/io/FileNotFoundException'> (0x000000079656e090) thrown at [/Users/tester/jenkins/workspace/zulu8-build-macosx/zulu-src/hotspot/src/share/vm/prims/jni.cpp, line 711]
Event: 14.514 Thread 0x00007fef74928000 Exception <a 'java/io/FileNotFoundException'> (0x000000079658b5f8) thrown at [/Users/tester/jenkins/workspace/zulu8-build-macosx/zulu-src/hotspot/src/share/vm/prims/jni.cpp, line 711]
Event: 14.516 Thread 0x00007fef74928000 Exception <a 'java/io/FileNotFoundException'> (0x000000079659c988) thrown at [/Users/tester/jenkins/workspace/zulu8-build-macosx/zulu-src/hotspot/src/share/vm/prims/jni.cpp, line 711]
Event: 14.517 Thread 0x00007fef74928000 Exception <a 'java/io/FileNotFoundException'> (0x00000007965aded0) thrown at [/Users/tester/jenkins/workspace/zulu8-build-macosx/zulu-src/hotspot/src/share/vm/prims/jni.cpp, line 711]
Event: 14.519 Thread 0x00007fef74928000 Exception <a 'java/io/FileNotFoundException'> (0x00000007965bf2c0) thrown at [/Users/tester/jenkins/workspace/zulu8-build-macosx/zulu-src/hotspot/src/share/vm/prims/jni.cpp, line 711]
Event: 20.737 Thread 0x00007fef74928000 Exception <a 'java/lang/NoClassDefFoundError': org/apache/log4j/Category> (0x0000000796cbb918) thrown at [/Users/tester/jenkins/workspace/zulu8-build-macosx/zulu-src/hotspot/src/share/vm/classfile/systemDictionary.cpp, line 209]
Event: 20.961 Thread 0x00007fef74928000 Exception <a 'java/io/FileNotFoundException'> (0x00000007955eada0) thrown at [/Users/tester/jenkins/workspace/zulu8-build-macosx/zulu-src/hotspot/src/share/vm/prims/jni.cpp, line 711]
Event: 20.963 Thread 0x00007fef74928000 Exception <a 'java/io/FileNotFoundException'> (0x0000000795602998) thrown at [/Users/tester/jenkins/workspace/zulu8-build-macosx/zulu-src/hotspot/src/share/vm/prims/jni.cpp, line 711]
Event: 20.963 Thread 0x00007fef74928000 Exception <a 'java/io/FileNotFoundException'> (0x0000000795603898) thrown at [/Users/tester/jenkins/workspace/zulu8-build-macosx/zulu-src/hotspot/src/share/vm/prims/jni.cpp, line 711]
Event: 21.012 Thread 0x00007fef74928000 Exception <a 'java/lang/ClassNotFoundException': sun/dc/DuctusRenderingEngine> (0x000000079565dd90) thrown at [/Users/tester/jenkins/workspace/zulu8-build-macosx/zulu-src/hotspot/src/share/vm/classfile/systemDictionary.cpp, line 220]

Events (10 events):
Event: 22.806 Thread 0x00007fef73896800 flushing nmethod 0x000000010de22b10
Event: 22.806 Thread 0x00007fef73896800 flushing nmethod 0x000000010de56c90
Event: 22.807 Thread 0x00007fef73896800 flushing nmethod 0x000000010debf7d0
Event: 22.808 Executing VM operation: RevokeBias
Event: 22.808 Executing VM operation: RevokeBias done
Event: 22.808 Executing VM operation: RevokeBias
Event: 22.808 Executing VM operation: RevokeBias done
Event: 22.810 Executing VM operation: RevokeBias
Event: 22.810 Executing VM operation: RevokeBias done
Event: 22.811 Executing VM operation: RevokeBias


Dynamic libraries:
0x00007ff831b2c000 	/System/Library/Frameworks/Cocoa.framework/Versions/A/Cocoa
0x00007ff81d99d000 	/System/Library/Frameworks/AppKit.framework/Versions/C/AppKit
0x00007ff820e99000 	/System/Library/Frameworks/CoreData.framework/Versions/A/CoreData
0x00007ff81bdb4000 	/System/Library/Frameworks/Foundation.framework/Versions/C/Foundation
0x00007ff825c61000 	/usr/lib/libSystem.B.dylib
0x00007ff81e82f000 	/System/Library/PrivateFrameworks/UIFoundation.framework/Versions/A/UIFoundation
0x00007ff82bad8000 	/System/Library/PrivateFrameworks/RemoteViewServices.framework/Versions/A/RemoteViewServices
0x00007ff823ec3000 	/System/Library/PrivateFrameworks/XCTTargetBootstrap.framework/Versions/A/XCTTargetBootstrap
0x00007ff827a71000 	/System/Library/PrivateFrameworks/InternationalSupport.framework/Versions/A/InternationalSupport
0x00007ff827afb000 	/System/Library/PrivateFrameworks/UserActivity.framework/Versions/A/UserActivity
0x00007ff826e51000 	/usr/lib/libspindump.dylib
0x00007ff81eabd000 	/System/Library/Frameworks/UniformTypeIdentifiers.framework/Versions/A/UniformTypeIdentifiers
0x00007ff8225fc000 	/usr/lib/libapp_launch_measurement.dylib
0x00007ff821865000 	/System/Library/PrivateFrameworks/CoreAnalytics.framework/Versions/A/CoreAnalytics
0x00007ff8225ff000 	/System/Library/PrivateFrameworks/CoreAutoLayout.framework/Versions/A/CoreAutoLayout
0x00007ff82381f000 	/System/Library/Frameworks/Metal.framework/Versions/A/Metal
0x00007ff824539000 	/usr/lib/liblangid.dylib
0x00007ff823ec7000 	/System/Library/PrivateFrameworks/CoreSVG.framework/Versions/A/CoreSVG
0x00007ff81fe84000 	/System/Library/PrivateFrameworks/SkyLight.framework/Versions/A/SkyLight
0x00007ff82021a000 	/System/Library/Frameworks/CoreGraphics.framework/Versions/A/CoreGraphics
0x00007ff82c147000 	/System/Library/Frameworks/Accelerate.framework/Versions/A/Accelerate
0x00007ff8268cc000 	/System/Library/PrivateFrameworks/IconServices.framework/Versions/A/IconServices
0x00007ff823804000 	/System/Library/Frameworks/IOSurface.framework/Versions/A/IOSurface
0x00007ff821893000 	/usr/lib/libDiagnosticMessagesClient.dylib
0x00007ff825b81000 	/usr/lib/libz.1.dylib
0x00007ff82f7b8000 	/System/Library/Frameworks/ApplicationServices.framework/Versions/A/ApplicationServices
0x00007ff823eaf000 	/System/Library/PrivateFrameworks/DFRFoundation.framework/Versions/A/DFRFoundation
0x00007ff81d28e000 	/usr/lib/libicucore.A.dylib
0x00007ff828796000 	/System/Library/Frameworks/AudioToolbox.framework/Versions/A/AudioToolbox
0x00007ff827a7d000 	/System/Library/PrivateFrameworks/DataDetectorsCore.framework/Versions/A/DataDetectorsCore
0x00007ff9233d5000 	/System/Library/PrivateFrameworks/TextInput.framework/Versions/A/TextInput
0x00007ff81fe08000 	/usr/lib/libMobileGestalt.dylib
0x00007ff823bb7000 	/System/Library/Frameworks/Carbon.framework/Versions/A/Frameworks/HIToolbox.framework/Versions/A/HIToolbox
0x00007ff822029000 	/System/Library/Frameworks/QuartzCore.framework/Versions/A/QuartzCore
0x00007ff81cf2e000 	/System/Library/Frameworks/Security.framework/Versions/A/Security
0x00007ff82bb10000 	/System/Library/Frameworks/Carbon.framework/Versions/A/Frameworks/SpeechRecognition.framework/Versions/A/SpeechRecognition
0x00007ff82235c000 	/System/Library/PrivateFrameworks/CoreUI.framework/Versions/A/CoreUI
0x00007ff81c806000 	/System/Library/Frameworks/CoreAudio.framework/Versions/A/CoreAudio
0x00007ff821981000 	/System/Library/Frameworks/DiskArbitration.framework/Versions/A/DiskArbitration
0x00007ff827238000 	/System/Library/PrivateFrameworks/MultitouchSupport.framework/Versions/A/MultitouchSupport
0x00007ff81fe07000 	/usr/lib/libenergytrace.dylib
0x00007ff81d889000 	/System/Library/Frameworks/IOKit.framework/Versions/A/IOKit
0x00007ff82befc000 	/System/Library/Frameworks/CoreServices.framework/Versions/A/CoreServices
0x00007ff822596000 	/System/Library/PrivateFrameworks/PerformanceAnalysis.framework/Versions/A/PerformanceAnalysis
0x00007ffa32ba5000 	/System/Library/Frameworks/OpenGL.framework/Versions/A/OpenGL
0x00007ff8251ae000 	/System/Library/PrivateFrameworks/MobileKeyBag.framework/Versions/A/MobileKeyBag
0x00007ff81ad75000 	/usr/lib/libobjc.A.dylib
0x00007ff8208e6000 	/System/Library/Frameworks/ColorSync.framework/Versions/A/ColorSync
0x00007ff81af2e000 	/System/Library/Frameworks/CoreFoundation.framework/Versions/A/CoreFoundation
0x00007ff824140000 	/System/Library/Frameworks/CoreImage.framework/Versions/A/CoreImage
0x00007ff81c61c000 	/System/Library/Frameworks/CoreText.framework/Versions/A/CoreText
0x00007ff823ef6000 	/System/Library/Frameworks/ImageIO.framework/Versions/A/ImageIO
0x00007ff825c67000 	/System/Library/PrivateFrameworks/SoftLinking.framework/Versions/A/SoftLinking
0x00007ff822647000 	/usr/lib/libxml2.2.dylib
0x00007ff81ae3b000 	/usr/lib/libc++.1.dylib
0x00007ff825eeb000 	/usr/lib/libcompression.dylib
0x00007ff8279a7000 	/System/Library/PrivateFrameworks/TextureIO.framework/Versions/A/TextureIO
0x00007ff8265de000 	/usr/lib/libate.dylib
0x00007ff825c5c000 	/usr/lib/system/libcache.dylib
0x00007ff825c18000 	/usr/lib/system/libcommonCrypto.dylib
0x00007ff825c41000 	/usr/lib/system/libcompiler_rt.dylib
0x00007ff825c37000 	/usr/lib/system/libcopyfile.dylib
0x00007ff81ac6f000 	/usr/lib/system/libcorecrypto.dylib
0x00007ff81ad2e000 	/usr/lib/system/libdispatch.dylib
0x00007ff81aeed000 	/usr/lib/system/libdyld.dylib
0x00007ff825c53000 	/usr/lib/system/libkeymgr.dylib
0x00007ff825bf6000 	/usr/lib/system/libmacho.dylib
0x00007ff825282000 	/usr/lib/system/libquarantine.dylib
0x00007ff825c51000 	/usr/lib/system/libremovefile.dylib
0x00007ff81fe54000 	/usr/lib/system/libsystem_asl.dylib
0x00007ff81ac1d000 	/usr/lib/system/libsystem_blocks.dylib
0x00007ff81adb2000 	/usr/lib/system/libsystem_c.dylib
0x00007ff825c49000 	/usr/lib/system/libsystem_collections.dylib
0x00007ff82452a000 	/usr/lib/system/libsystem_configuration.dylib
0x00007ff8237e7000 	/usr/lib/system/libsystem_containermanager.dylib
0x00007ff825933000 	/usr/lib/system/libsystem_coreservices.dylib
0x00007ff81d517000 	/usr/lib/system/libsystem_darwin.dylib
0x00007ff825c54000 	/usr/lib/system/libsystem_dnssd.dylib
0x00007ff81adaf000 	/usr/lib/system/libsystem_featureflags.dylib
0x00007ff81af03000 	/usr/lib/system/libsystem_info.dylib
0x00007ff825b94000 	/usr/lib/system/libsystem_m.dylib
0x00007ff81ad02000 	/usr/lib/system/libsystem_malloc.dylib
0x00007ff81fdf1000 	/usr/lib/system/libsystem_networkextension.dylib
0x00007ff81d93f000 	/usr/lib/system/libsystem_notify.dylib
0x00007ff82bdd1000 	/usr/lib/system/libsystem_product_info_filter.dylib
0x00007ff82452e000 	/usr/lib/system/libsystem_sandbox.dylib
0x00007ff825c4e000 	/usr/lib/system/libsystem_secinit.dylib
0x00007ff81aeaa000 	/usr/lib/system/libsystem_kernel.dylib
0x00007ff81aef9000 	/usr/lib/system/libsystem_platform.dylib
0x00007ff81aee1000 	/usr/lib/system/libsystem_pthread.dylib
0x00007ff8216ac000 	/usr/lib/system/libsystem_symptoms.dylib
0x00007ff81ac56000 	/usr/lib/system/libsystem_trace.dylib
0x00007ff825c24000 	/usr/lib/system/libunwind.dylib
0x00007ff81ac1f000 	/usr/lib/system/libxpc.dylib
0x00007ff81ae94000 	/usr/lib/libc++abi.dylib
0x00007ff825c2f000 	/usr/lib/liboah.dylib
0x00007ff8263bc000 	/usr/lib/liblzma.5.dylib
0x00007ff81bac5000 	/System/Library/Frameworks/SystemConfiguration.framework/Versions/A/SystemConfiguration
0x00007ff825c63000 	/usr/lib/libfakelink.dylib
0x00007ff81f95a000 	/System/Library/Frameworks/CFNetwork.framework/Versions/A/CFNetwork
0x00007ff825da2000 	/usr/lib/libarchive.2.dylib
0x00007ff824535000 	/System/Library/PrivateFrameworks/AppleSystemInfo.framework/Versions/A/AppleSystemInfo
0x00007ff8252a9000 	/usr/lib/libbsm.0.dylib
0x00007ff81ef90000 	/usr/lib/libnetwork.dylib
0x00007ff825bfc000 	/usr/lib/system/libkxld.dylib
0x00007ff824ed7000 	/System/Library/PrivateFrameworks/IOMobileFramebuffer.framework/Versions/A/IOMobileFramebuffer
0x00007ffb309ca000 	/usr/lib/libCoreEntitlements.dylib
0x00007ff825915000 	/System/Library/PrivateFrameworks/AppleFSCompression.framework/Versions/A/AppleFSCompression
0x00007ff825291000 	/usr/lib/libcoretls.dylib
0x00007ff8263d6000 	/usr/lib/libcoretls_cfhelpers.dylib
0x00007ff825ee6000 	/usr/lib/libpam.2.dylib
0x00007ff8212ce000 	/usr/lib/libsqlite3.dylib
0x00007ff826445000 	/usr/lib/libxar.1.dylib
0x00007ff825925000 	/usr/lib/libbz2.1.0.dylib
0x00007ff825c68000 	/usr/lib/libpcap.A.dylib
0x00007ff8216a3000 	/usr/lib/libdns_services.dylib
0x00007ff825eb5000 	/usr/lib/libapple_nghttp2.dylib
0x00007ff825c9f000 	/usr/lib/libiconv.2.dylib
0x00007ff825bf5000 	/usr/lib/libcharset.1.dylib
0x00007ff8225ca000 	/System/Library/Frameworks/CoreServices.framework/Versions/A/Frameworks/FSEvents.framework/Versions/A/FSEvents
0x00007ff81d521000 	/System/Library/Frameworks/CoreServices.framework/Versions/A/Frameworks/CarbonCore.framework/Versions/A/CarbonCore
0x00007ff8218e6000 	/System/Library/Frameworks/CoreServices.framework/Versions/A/Frameworks/Metadata.framework/Versions/A/Metadata
0x00007ff825938000 	/System/Library/Frameworks/CoreServices.framework/Versions/A/Frameworks/OSServices.framework/Versions/A/OSServices
0x00007ff825e29000 	/System/Library/Frameworks/CoreServices.framework/Versions/A/Frameworks/SearchKit.framework/Versions/A/SearchKit
0x00007ff821635000 	/System/Library/Frameworks/CoreServices.framework/Versions/A/Frameworks/AE.framework/Versions/A/AE
0x00007ff81b431000 	/System/Library/Frameworks/CoreServices.framework/Versions/A/Frameworks/LaunchServices.framework/Versions/A/LaunchServices
0x00007ff82636d000 	/System/Library/Frameworks/CoreServices.framework/Versions/A/Frameworks/DictionaryServices.framework/Versions/A/DictionaryServices
0x00007ff8225d7000 	/System/Library/Frameworks/CoreServices.framework/Versions/A/Frameworks/SharedFileList.framework/Versions/A/SharedFileList
0x00007ff825285000 	/usr/lib/libCheckFix.dylib
0x00007ff81fe6b000 	/System/Library/PrivateFrameworks/TCC.framework/Versions/A/TCC
0x00007ff82453b000 	/System/Library/PrivateFrameworks/CoreNLP.framework/Versions/A/CoreNLP
0x00007ff821896000 	/System/Library/PrivateFrameworks/MetadataUtilities.framework/Versions/A/MetadataUtilities
0x00007ff81bb75000 	/usr/lib/libmecabra.dylib
0x00007ff8252b9000 	/usr/lib/libmecab.dylib
0x00007ff81bb40000 	/usr/lib/libCRFSuite.dylib
0x00007ff825316000 	/usr/lib/libgermantok.dylib
0x00007ff825e90000 	/usr/lib/libThaiTokenizer.dylib
0x00007ff821988000 	/System/Library/Frameworks/Accelerate.framework/Versions/A/Frameworks/vImage.framework/Versions/A/vImage
0x00007ff82bed3000 	/System/Library/Frameworks/Accelerate.framework/Versions/A/Frameworks/vecLib.framework/Versions/A/vecLib
0x00007ff826486000 	/System/Library/Frameworks/Accelerate.framework/Versions/A/Frameworks/vecLib.framework/Versions/A/libvMisc.dylib
0x00007ff824cf5000 	/System/Library/Frameworks/Accelerate.framework/Versions/A/Frameworks/vecLib.framework/Versions/A/libvDSP.dylib
0x00007ff81b7a9000 	/System/Library/Frameworks/Accelerate.framework/Versions/A/Frameworks/vecLib.framework/Versions/A/libBLAS.dylib
0x00007ff825fc7000 	/System/Library/Frameworks/Accelerate.framework/Versions/A/Frameworks/vecLib.framework/Versions/A/libLAPACK.dylib
0x00007ff825319000 	/System/Library/Frameworks/Accelerate.framework/Versions/A/Frameworks/vecLib.framework/Versions/A/libLinearAlgebra.dylib
0x00007ff825ece000 	/System/Library/Frameworks/Accelerate.framework/Versions/A/Frameworks/vecLib.framework/Versions/A/libSparseBLAS.dylib
0x00007ff825fc1000 	/System/Library/Frameworks/Accelerate.framework/Versions/A/Frameworks/vecLib.framework/Versions/A/libQuadrature.dylib
0x00007ff824625000 	/System/Library/Frameworks/Accelerate.framework/Versions/A/Frameworks/vecLib.framework/Versions/A/libBNNS.dylib
0x00007ff81ba56000 	/System/Library/Frameworks/Accelerate.framework/Versions/A/Frameworks/vecLib.framework/Versions/A/libSparse.dylib
0x00007ff82461e000 	/System/Library/PrivateFrameworks/LinguisticData.framework/Versions/A/LinguisticData
0x00007ff81ba0b000 	/System/Library/PrivateFrameworks/Lexicon.framework/Versions/A/Lexicon
0x00007ff82647f000 	/usr/lib/libChineseTokenizer.dylib
0x00007ff81c16f000 	/System/Library/PrivateFrameworks/LanguageModeling.framework/Versions/A/LanguageModeling
0x00007ff825e92000 	/System/Library/PrivateFrameworks/AppleSauce.framework/Versions/A/AppleSauce
0x00007ff824ec5000 	/System/Library/PrivateFrameworks/CoreEmoji.framework/Versions/A/CoreEmoji
0x00007ff825d91000 	/usr/lib/libcmph.dylib
0x00007ff8225ae000 	/System/Library/Frameworks/OpenDirectory.framework/Versions/A/Frameworks/CFOpenDirectory.framework/Versions/A/CFOpenDirectory
0x00007ff8225a2000 	/System/Library/Frameworks/OpenDirectory.framework/Versions/A/OpenDirectory
0x00007ff8263d8000 	/System/Library/PrivateFrameworks/APFS.framework/Versions/A/APFS
0x00007ff8251e6000 	/System/Library/Frameworks/SecurityFoundation.framework/Versions/A/SecurityFoundation
0x00007ff826453000 	/usr/lib/libutil.dylib
0x00007ff81d84c000 	/System/Library/PrivateFrameworks/CoreServicesStore.framework/Versions/A/CoreServicesStore
0x00007ff826457000 	/usr/lib/libxslt.1.dylib
0x00007ff825273000 	/System/Library/PrivateFrameworks/BackgroundTaskManagement.framework/Versions/A/BackgroundTaskManagement
0x00007ff8278c7000 	/System/Library/Frameworks/ImageIO.framework/Versions/A/Resources/libRadiance.dylib
0x00007ff8278d0000 	/System/Library/Frameworks/ImageIO.framework/Versions/A/Resources/libJPEG.dylib
0x00007ff827820000 	/System/Library/Frameworks/ImageIO.framework/Versions/A/Resources/libPng.dylib
0x00007ff827841000 	/System/Library/Frameworks/ImageIO.framework/Versions/A/Resources/libTIFF.dylib
0x00007ff827930000 	/System/Library/Frameworks/ImageIO.framework/Versions/A/Resources/libGIF.dylib
0x00007ff827151000 	/System/Library/Frameworks/ImageIO.framework/Versions/A/Resources/libJP2.dylib
0x00007ff826893000 	/usr/lib/libexpat.1.dylib
0x00007ff827106000 	/System/Library/PrivateFrameworks/AppleJPEG.framework/Versions/A/AppleJPEG
0x00007ff823a7a000 	/System/Library/PrivateFrameworks/FontServices.framework/libFontParser.dylib
0x00007ff8215df000 	/System/Library/PrivateFrameworks/RunningBoardServices.framework/Versions/A/RunningBoardServices
0x00007ff8320a8000 	/System/Library/PrivateFrameworks/IOSurfaceAccelerator.framework/Versions/A/IOSurfaceAccelerator
0x00007ff827234000 	/System/Library/PrivateFrameworks/WatchdogClient.framework/Versions/A/WatchdogClient
0x00007ff81c25e000 	/System/Library/Frameworks/CoreDisplay.framework/Versions/A/CoreDisplay
0x00007ff823979000 	/System/Library/Frameworks/CoreMedia.framework/Versions/A/CoreMedia
0x00007ff823816000 	/System/Library/PrivateFrameworks/IOAccelerator.framework/Versions/A/IOAccelerator
0x00007ff82272a000 	/System/Library/Frameworks/CoreVideo.framework/Versions/A/CoreVideo
0x00007ff825ee4000 	/System/Library/Frameworks/MetalPerformanceShaders.framework/Versions/A/MetalPerformanceShaders
0x00007ff82726f000 	/System/Library/Frameworks/VideoToolbox.framework/Versions/A/VideoToolbox
0x00007ff821527000 	/System/Library/PrivateFrameworks/BaseBoard.framework/Versions/A/BaseBoard
0x00007ff8212b4000 	/System/Library/PrivateFrameworks/ProtocolBuffer.framework/Versions/A/ProtocolBuffer
0x00007ff8278c0000 	/System/Library/PrivateFrameworks/GPUWrangler.framework/Versions/A/GPUWrangler
0x00007ff8278a3000 	/System/Library/PrivateFrameworks/IOPresentment.framework/Versions/A/IOPresentment
0x00007ff8278ca000 	/System/Library/PrivateFrameworks/DSExternalDisplay.framework/Versions/A/DSExternalDisplay
0x00007ffa32b99000 	/System/Library/Frameworks/OpenGL.framework/Versions/A/Libraries/libCoreFSCache.dylib
0x00007ffb1ec3a000 	/System/Library/PrivateFrameworks/GPUCompiler.framework/Versions/31001/Libraries/libGPUCompilerUtils.dylib
0x00007ff827935000 	/System/Library/PrivateFrameworks/CMCaptureCore.framework/Versions/A/CMCaptureCore
0x00007ff826e3f000 	/System/Library/PrivateFrameworks/AppServerSupport.framework/Versions/A/AppServerSupport
0x00007ff82901c000 	/System/Library/PrivateFrameworks/perfdata.framework/Versions/A/perfdata
0x00007ff81c38a000 	/System/Library/PrivateFrameworks/AudioToolboxCore.framework/Versions/A/AudioToolboxCore
0x00007ff823956000 	/System/Library/PrivateFrameworks/caulk.framework/Versions/A/caulk
0x00007ff828940000 	/usr/lib/libAudioStatistics.dylib
0x00007ff91fc63000 	/System/Library/PrivateFrameworks/SystemPolicy.framework/Versions/A/SystemPolicy
0x00007ff828b95000 	/usr/lib/libSMC.dylib
0x00007ff8319df000 	/System/Library/Frameworks/CoreMIDI.framework/Versions/A/CoreMIDI
0x00007ff8277f0000 	/usr/lib/libAudioToolboxUtility.dylib
0x00007ff91c075000 	/System/Library/PrivateFrameworks/OSAServicesClient.framework/Versions/A/OSAServicesClient
0x00007ff829029000 	/usr/lib/libperfcheck.dylib
0x00007ff9206f5000 	/usr/lib/libmis.dylib
0x00007ffa32bf5000 	/System/Library/Frameworks/OpenGL.framework/Versions/A/Libraries/libGLU.dylib
0x00007ffa32bb8000 	/System/Library/Frameworks/OpenGL.framework/Versions/A/Libraries/libGFXShared.dylib
0x00007ffa32dc6000 	/System/Library/Frameworks/OpenGL.framework/Versions/A/Libraries/libGL.dylib
0x00007ffa32bc1000 	/System/Library/Frameworks/OpenGL.framework/Versions/A/Libraries/libGLImage.dylib
0x00007ffa32bb5000 	/System/Library/Frameworks/OpenGL.framework/Versions/A/Libraries/libCVMSPluginSupport.dylib
0x00007ffa32ba0000 	/System/Library/Frameworks/OpenGL.framework/Versions/A/Libraries/libCoreVMClient.dylib
0x00007ff8244b9000 	/System/Library/Frameworks/MetalPerformanceShaders.framework/Versions/A/Frameworks/MPSCore.framework/Versions/A/MPSCore
0x00007ff825880000 	/System/Library/Frameworks/MetalPerformanceShaders.framework/Versions/A/Frameworks/MPSImage.framework/Versions/A/MPSImage
0x00007ff82532f000 	/System/Library/Frameworks/MetalPerformanceShaders.framework/Versions/A/Frameworks/MPSNeuralNetwork.framework/Versions/A/MPSNeuralNetwork
0x00007ff8257a4000 	/System/Library/Frameworks/MetalPerformanceShaders.framework/Versions/A/Frameworks/MPSMatrix.framework/Versions/A/MPSMatrix
0x00007ff825560000 	/System/Library/Frameworks/MetalPerformanceShaders.framework/Versions/A/Frameworks/MPSRayIntersector.framework/Versions/A/MPSRayIntersector
0x00007ff8257dd000 	/System/Library/Frameworks/MetalPerformanceShaders.framework/Versions/A/Frameworks/MPSNDArray.framework/Versions/A/MPSNDArray
0x00007ffa377ba000 	/System/Library/Frameworks/MetalPerformanceShaders.framework/Versions/A/Frameworks/MPSFunctions.framework/Versions/A/MPSFunctions
0x00007ff81b68c000 	/System/Library/PrivateFrameworks/MetalTools.framework/Versions/A/MetalTools
0x00007ff824533000 	/System/Library/PrivateFrameworks/AggregateDictionary.framework/Versions/A/AggregateDictionary
0x00007ff826675000 	/usr/lib/libIOReport.dylib
0x00007ffa341d5000 	/System/Library/Frameworks/OpenCL.framework/Versions/A/OpenCL
0x00007ff8269d9000 	/System/Library/PrivateFrameworks/FaceCore.framework/Versions/A/FaceCore
0x00007ff8269ca000 	/System/Library/PrivateFrameworks/GraphVisualizer.framework/Versions/A/GraphVisualizer
0x00007ffb1eb45000 	/System/Library/PrivateFrameworks/FontServices.framework/Versions/A/FontServices
0x00007ff826df6000 	/System/Library/PrivateFrameworks/OTSVG.framework/Versions/A/OTSVG
0x00007ff822312000 	/System/Library/Frameworks/ApplicationServices.framework/Versions/A/Frameworks/ATS.framework/Versions/A/Resources/libFontRegistry.dylib
0x00007ff826e47000 	/System/Library/PrivateFrameworks/FontServices.framework/libhvf.dylib
0x00007ffb1eb46000 	/System/Library/PrivateFrameworks/FontServices.framework/libXTFontStaticRegistryData.dylib
0x00007ff826843000 	/System/Library/PrivateFrameworks/AppleVA.framework/Versions/A/AppleVA
0x00007ff828964000 	/System/Library/Frameworks/ApplicationServices.framework/Versions/A/Frameworks/ATS.framework/Versions/A/ATS
0x00007ff8209e2000 	/System/Library/Frameworks/ApplicationServices.framework/Versions/A/Frameworks/HIServices.framework/Versions/A/HIServices
0x00007ff82793f000 	/System/Library/Frameworks/ApplicationServices.framework/Versions/A/Frameworks/PrintCore.framework/Versions/A/PrintCore
0x00007ff828ce8000 	/System/Library/Frameworks/ApplicationServices.framework/Versions/A/Frameworks/QD.framework/Versions/A/QD
0x00007ff828ce0000 	/System/Library/Frameworks/ApplicationServices.framework/Versions/A/Frameworks/ColorSyncLegacy.framework/Versions/A/ColorSyncLegacy
0x00007ff828954000 	/System/Library/Frameworks/ApplicationServices.framework/Versions/A/Frameworks/SpeechSynthesis.framework/Versions/A/SpeechSynthesis
0x00007ff827900000 	/System/Library/Frameworks/ApplicationServices.framework/Versions/A/Frameworks/ATSUI.framework/Versions/A/ATSUI
0x00007ff828c75000 	/usr/lib/libcups.2.dylib
0x00007ff829038000 	/System/Library/Frameworks/Kerberos.framework/Versions/A/Kerberos
0x00007ff829047000 	/System/Library/Frameworks/GSS.framework/Versions/A/GSS
0x00007ff8289d0000 	/usr/lib/libresolv.9.dylib
0x00007ff826e56000 	/System/Library/PrivateFrameworks/Heimdal.framework/Versions/A/Heimdal
0x00007ff82fb35000 	/System/Library/Frameworks/Kerberos.framework/Versions/A/Libraries/libHeimdalProxy.dylib
0x00007ff8216b4000 	/System/Library/Frameworks/Network.framework/Versions/A/Network
0x00007ff8268ad000 	/usr/lib/libheimdal-asn1.dylib
0x00007ff829093000 	/System/Library/PrivateFrameworks/CommonAuth.framework/Versions/A/CommonAuth
0x00007ff8288d1000 	/System/Library/PrivateFrameworks/AudioSession.framework/Versions/A/AudioSession
0x00007ff82693d000 	/System/Library/PrivateFrameworks/MediaExperience.framework/Versions/A/MediaExperience
0x00007ff828765000 	/System/Library/PrivateFrameworks/AudioSession.framework/libSessionUtility.dylib
0x00007ff828cf4000 	/System/Library/PrivateFrameworks/AudioResourceArbitration.framework/Versions/A/AudioResourceArbitration
0x00007ff82cce6000 	/System/Library/PrivateFrameworks/PowerLog.framework/Versions/A/PowerLog
0x00007ff8268b6000 	/System/Library/PrivateFrameworks/IconFoundation.framework/Versions/A/IconFoundation
0x00007ff82bb00000 	/System/Library/PrivateFrameworks/SpeechRecognitionCore.framework/Versions/A/SpeechRecognitionCore
0x00000001099c5000 	/Library/Java/JavaVirtualMachines/zulu-8.jdk/Contents/Home/jre/lib/server/libjvm.dylib
0x0000000108bd5000 	/Library/Java/JavaVirtualMachines/zulu-8.jdk/Contents/Home/jre/lib/libverify.dylib
0x0000000108c29000 	/Library/Java/JavaVirtualMachines/zulu-8.jdk/Contents/Home/jre/lib/libjava.dylib
0x0000000108c6c000 	/Library/Java/JavaVirtualMachines/zulu-8.jdk/Contents/Home/jre/lib/libinstrument.dylib
0x0000000108ca0000 	/Library/Java/JavaVirtualMachines/zulu-8.jdk/Contents/Home/jre/lib/libzip.dylib
0x000000010d240000 	/Library/Java/JavaVirtualMachines/zulu-8.jdk/Contents/Home/jre/lib/libnio.dylib
0x000000010d278000 	/Library/Java/JavaVirtualMachines/zulu-8.jdk/Contents/Home/jre/lib/libnet.dylib
0x000000010d32f000 	/Library/Java/JavaVirtualMachines/zulu-8.jdk/Contents/Home/jre/lib/libprism_es2.dylib
0x00007ff81d80d000 	/System/Library/PrivateFrameworks/CoreServicesInternal.framework/Versions/A/CoreServicesInternal
0x00007ffa32dd1000 	/System/Library/Frameworks/OpenGL.framework/Versions/A/Resources/GLEngine.bundle/GLEngine
0x00007ffa32c33000 	/System/Library/Frameworks/OpenGL.framework/Versions/A/Libraries/libGLProgrammability.dylib
0x00007ffa29a01000 	/System/Library/Extensions/AppleIntelSKLGraphicsGLDriver.bundle/Contents/MacOS/AppleIntelSKLGraphicsGLDriver
0x00007ff92a5d9000 	/System/Library/PrivateFrameworks/GPUSupport.framework/Versions/A/Libraries/libGPUSupportMercury.dylib
0x00007ffa32f60000 	/System/Library/Frameworks/OpenGL.framework/Versions/A/Resources/GLRendererFloat.bundle/GLRendererFloat
0x0000000120f66000 	/Library/Java/JavaVirtualMachines/zulu-8.jdk/Contents/Home/jre/lib/libglass.dylib
0x00007ff82d2d7000 	/System/Library/Frameworks/FileProvider.framework/Versions/A/FileProvider
0x00007ff821493000 	/System/Library/Frameworks/Accounts.framework/Versions/A/Accounts
0x00007ff82d44f000 	/System/Library/PrivateFrameworks/GenerationalStorage.framework/Versions/A/GenerationalStorage
0x00007ff82df61000 	/System/Library/PrivateFrameworks/CoreSymbolication.framework/Versions/A/CoreSymbolication
0x00007ff82ccdb000 	/System/Library/PrivateFrameworks/SymptomDiagnosticReporter.framework/Versions/A/SymptomDiagnosticReporter
0x00007ff81ead1000 	/System/Library/PrivateFrameworks/DesktopServicesPriv.framework/Versions/A/DesktopServicesPriv
0x00007ff81d94e000 	/usr/lib/libsandbox.1.dylib
0x00007ff8227a9000 	/System/Library/PrivateFrameworks/UserManagement.framework/Versions/A/UserManagement
0x00007ff82df26000 	/System/Library/PrivateFrameworks/DebugSymbols.framework/Versions/A/DebugSymbols
0x00007ff828cd5000 	/System/Library/PrivateFrameworks/NetAuth.framework/Versions/A/NetAuth
0x00007ff829bc4000 	/System/Library/PrivateFrameworks/Sharing.framework/Versions/A/Sharing
0x00007ff82277c000 	/System/Library/PrivateFrameworks/login.framework/Versions/A/Frameworks/loginsupport.framework/Versions/A/loginsupport
0x00007ff82f067000 	/System/Library/PrivateFrameworks/Apple80211.framework/Versions/A/Apple80211
0x00007ff825965000 	/System/Library/PrivateFrameworks/AuthKit.framework/Versions/A/AuthKit
0x00007ff824fbb000 	/System/Library/PrivateFrameworks/CoreUtils.framework/Versions/A/CoreUtils
0x00007ff824ee2000 	/System/Library/Frameworks/CoreWLAN.framework/Versions/A/CoreWLAN
0x00007ff829d1f000 	/System/Library/Frameworks/IOBluetooth.framework/Versions/A/IOBluetooth
0x00007ff82f0cf000 	/System/Library/PrivateFrameworks/CoreWiFi.framework/Versions/A/CoreWiFi
0x00007ff82dafb000 	/System/Library/PrivateFrameworks/FrontBoardServices.framework/Versions/A/FrontBoardServices
0x00007ff82db8d000 	/System/Library/PrivateFrameworks/BoardServices.framework/Versions/A/BoardServices
0x00007ff8251d5000 	/System/Library/PrivateFrameworks/AssertionServices.framework/Versions/A/AssertionServices
0x00007ff82f253000 	/System/Library/PrivateFrameworks/BackBoardServices.framework/Versions/A/BackBoardServices
0x00007ff829122000 	/System/Library/PrivateFrameworks/CorePhoneNumbers.framework/Versions/A/CorePhoneNumbers
0x00007ff82cdf8000 	/System/Library/PrivateFrameworks/DiskManagement.framework/Versions/A/DiskManagement
0x00007ff82cd0c000 	/System/Library/PrivateFrameworks/AppleIDAuthSupport.framework/Versions/A/AppleIDAuthSupport
0x00007ffa39773000 	/System/Library/PrivateFrameworks/AAAFoundation.framework/Versions/A/AAAFoundation
0x00007ff829103000 	/System/Library/PrivateFrameworks/KeychainCircle.framework/Versions/A/KeychainCircle
0x00007ff82cdc4000 	/System/Library/PrivateFrameworks/MediaKit.framework/Versions/A/MediaKit
0x00007ff82cd18000 	/System/Library/Frameworks/DiscRecording.framework/Versions/A/DiscRecording
0x00007ff8267bb000 	/usr/lib/libCoreStorage.dylib
0x00007ff82f542000 	/usr/lib/libcsfde.dylib
0x00007ff829dec000 	/System/Library/PrivateFrameworks/ProtectedCloudStorage.framework/Versions/A/ProtectedCloudStorage
0x00007ff82f53e000 	/System/Library/PrivateFrameworks/EFILogin.framework/Versions/A/EFILogin
0x00007ff82d475000 	/System/Library/PrivateFrameworks/OctagonTrust.framework/Versions/A/OctagonTrust
0x00007ffb1de67000 	/System/Library/PrivateFrameworks/CoreUtilsExtras.framework/Versions/A/CoreUtilsExtras
0x00007ff82cc4e000 	/System/Library/Frameworks/CoreBluetooth.framework/Versions/A/CoreBluetooth
0x00007ff82fbba000 	/System/Library/Frameworks/AudioUnit.framework/Versions/A/AudioUnit
0x00007ff8267b3000 	/usr/lib/libMatch.1.dylib
0x00007ff924b59000 	/System/Library/Frameworks/Accelerate.framework/Versions/A/Frameworks/vImage.framework/Versions/A/Libraries/libCGInterfaces.dylib
0x000000012222f000 	/usr/lib/libobjc-trampolines.dylib
0x00007ff8224a2000 	/System/Library/PrivateFrameworks/ViewBridge.framework/Versions/A/ViewBridge
0x00007ff826f10000 	/System/Library/PrivateFrameworks/login.framework/Versions/A/login
0x0000000124ff0000 	/Library/Java/JavaVirtualMachines/zulu-8.jdk/Contents/Home/jre/lib/libjavafx_iio.dylib
0x0000000124fb2000 	/Library/Java/JavaVirtualMachines/zulu-8.jdk/Contents/Home/jre/lib/libjavafx_font.dylib
0x000000012bdef000 	/Library/Java/JavaVirtualMachines/zulu-8.jdk/Contents/Home/jre/lib/libprism_common.dylib
0x00007ffb30adc000 	/usr/lib/libRosetta.dylib
0x00007ff82c1cb000 	/System/Library/PrivateFrameworks/SystemAdministration.framework/Versions/A/SystemAdministration
0x00007ff827b67000 	/System/Library/Frameworks/MediaToolbox.framework/Versions/A/MediaToolbox
0x00007ff82bacc000 	/System/Library/Frameworks/DirectoryService.framework/Versions/A/DirectoryService
0x00007ff82f3e0000 	/System/Library/PrivateFrameworks/DiskImages.framework/Versions/A/DiskImages
0x00007ff82527d000 	/System/Library/Frameworks/ServiceManagement.framework/Versions/A/ServiceManagement
0x00007ff82f5ba000 	/System/Library/PrivateFrameworks/LoginUIKit.framework/Versions/A/Frameworks/LoginUICore.framework/Versions/A/LoginUICore
0x00007ff8270be000 	/usr/lib/libodfde.dylib
0x00007ff82d2a7000 	/System/Library/PrivateFrameworks/CoreAVCHD.framework/Versions/A/CoreAVCHD
0x00007ff82c18f000 	/System/Library/Frameworks/MediaAccessibility.framework/Versions/A/MediaAccessibility
0x00007ff82d2a3000 	/System/Library/PrivateFrameworks/Mangrove.framework/Versions/A/Mangrove
0x00007ff82c19a000 	/System/Library/PrivateFrameworks/AlgosScoreFramework.framework/Versions/A/AlgosScoreFramework
0x00007ffb1b2ac000 	/System/Library/PrivateFrameworks/CMPhoto.framework/Versions/A/CMPhoto
0x00007ff82ddfc000 	/System/Library/PrivateFrameworks/AppleVPA.framework/Versions/A/AppleVPA
0x00007ff82cee8000 	/System/Library/PrivateFrameworks/CoreAUC.framework/Versions/A/CoreAUC
0x00007ff82f54e000 	/usr/lib/libcurl.4.dylib
0x00007ff82f2ab000 	/usr/lib/libcrypto.44.dylib
0x00007ff82f3b3000 	/usr/lib/libssl.46.dylib
0x00007ff82f271000 	/System/Library/Frameworks/LDAP.framework/Versions/A/LDAP
0x00007ff82f2a9000 	/System/Library/PrivateFrameworks/TrustEvaluationAgent.framework/Versions/A/TrustEvaluationAgent
0x00007ff8289e9000 	/usr/lib/libsasl2.2.dylib
0x00007ff82c1bf000 	/System/Library/PrivateFrameworks/CoreDaemon.framework/Versions/B/CoreDaemon
0x00007ff82c1ba000 	/System/Library/PrivateFrameworks/AppleSRP.framework/Versions/A/AppleSRP
0x000000012dcd1000 	/Library/Java/JavaVirtualMachines/zulu-8.jdk/Contents/Home/jre/lib/libsunec.dylib
0x00000001264af000 	/Library/Java/JavaVirtualMachines/zulu-8.jdk/Contents/Home/jre/lib/libawt.dylib
0x0000000126857000 	/Library/Java/JavaVirtualMachines/zulu-8.jdk/Contents/Home/jre/lib/libmlib_image.dylib
0x00007ffa3771c000 	/System/Library/Frameworks/JavaNativeFoundation.framework/Versions/A/JavaNativeFoundation
0x00007ffa37728000 	/System/Library/Frameworks/JavaRuntimeSupport.framework/Versions/A/JavaRuntimeSupport
0x00007ff91f7ac000 	/System/Library/Frameworks/Carbon.framework/Versions/A/Carbon
0x00007ff8333fb000 	/System/Library/Frameworks/Carbon.framework/Versions/A/Frameworks/CommonPanels.framework/Versions/A/CommonPanels
0x00007ff82f53a000 	/System/Library/Frameworks/Carbon.framework/Versions/A/Frameworks/Help.framework/Versions/A/Help
0x00007ff8333ff000 	/System/Library/Frameworks/Carbon.framework/Versions/A/Frameworks/ImageCapture.framework/Versions/A/ImageCapture
0x00007ff8333cf000 	/System/Library/Frameworks/Carbon.framework/Versions/A/Frameworks/OpenScripting.framework/Versions/A/OpenScripting
0x00007ff8333f7000 	/System/Library/Frameworks/Carbon.framework/Versions/A/Frameworks/Ink.framework/Versions/A/Ink
0x00007ff91f7a8000 	/System/Library/Frameworks/Carbon.framework/Versions/A/Frameworks/Print.framework/Versions/A/Print
0x00007ff8333f3000 	/System/Library/Frameworks/Carbon.framework/Versions/A/Frameworks/SecurityHI.framework/Versions/A/SecurityHI
0x00000001269ec000 	/Library/Java/JavaVirtualMachines/zulu-8.jdk/Contents/Home/jre/lib/libawt_lwawt.dylib
0x0000000126565000 	/Library/Java/JavaVirtualMachines/zulu-8.jdk/Contents/Home/jre/lib/libosxapp.dylib
0x00007ff91ebe5000 	/System/Library/Frameworks/ExceptionHandling.framework/Versions/A/ExceptionHandling
0x000000012759b000 	/Library/Java/JavaVirtualMachines/zulu-8.jdk/Contents/Home/jre/lib/libfontmanager.dylib
0x000000012b780000 	/Library/Java/JavaVirtualMachines/zulu-8.jdk/Contents/Home/jre/lib/libfreetype.dylib.6
0x000000015f958000 	/Library/Java/JavaVirtualMachines/zulu-8.jdk/Contents/Home/jre/lib/libosxui.dylib

VM Arguments:
jvm_args: -javaagent:/Applications/IntelliJ IDEA.app/Contents/lib/idea_rt.jar=51163:/Applications/IntelliJ IDEA.app/Contents/bin -Dfile.encoding=UTF-8 
java_command: AppInitializer
java_class_path (initial): /Library/Java/JavaVirtualMachines/zulu-8.jdk/Contents/Home/jre/lib/charsets.jar:/Library/Java/JavaVirtualMachines/zulu-8.jdk/Contents/Home/jre/lib/crs-agent.jar:/Library/Java/JavaVirtualMachines/zulu-8.jdk/Contents/Home/jre/lib/ext/cldrdata.jar:/Library/Java/JavaVirtualMachines/zulu-8.jdk/Contents/Home/jre/lib/ext/dnsns.jar:/Library/Java/JavaVirtualMachines/zulu-8.jdk/Contents/Home/jre/lib/ext/jaccess.jar:/Library/Java/JavaVirtualMachines/zulu-8.jdk/Contents/Home/jre/lib/ext/jfxrt.jar:/Library/Java/JavaVirtualMachines/zulu-8.jdk/Contents/Home/jre/lib/ext/legacy8ujsse.jar:/Library/Java/JavaVirtualMachines/zulu-8.jdk/Contents/Home/jre/lib/ext/localedata.jar:/Library/Java/JavaVirtualMachines/zulu-8.jdk/Contents/Home/jre/lib/ext/nashorn.jar:/Library/Java/JavaVirtualMachines/zulu-8.jdk/Contents/Home/jre/lib/ext/openjsse.jar:/Library/Java/JavaVirtualMachines/zulu-8.jdk/Contents/Home/jre/lib/ext/sunec.jar:/Library/Java/JavaVirtualMachines/zulu-8.jdk/Contents/Home/jre/lib/ext/sunjce_provider.jar:/Library/Java/JavaVirtualMachines/zulu-8.jdk/Contents/Home/jre/lib/ext/sunpkcs11.jar:/Library/Java/JavaVirtualMachines/zulu-8.jdk/Contents/Home/jre/lib/ext/zipfs.jar:/Library/Java/JavaVirtualMachines/zulu-8.jdk/Contents/Home/jre/lib/jce.jar:/Library/Java/JavaVirtualMachines/zulu-8.jdk/Contents/Home/jre/lib/jfr.jar:/Library/Java/JavaVirtualMachines/zulu-8.jdk/Contents/Home/jre/lib/jfxswt.jar:/Library/Java/JavaVirtualMachines/zulu-8.jdk/Contents/Home/jre/lib/jsse.jar:/Library/Java/JavaVirtualMachines/zulu-8.jdk/Contents/Home/jre/lib/management-agent.jar:/Library/Java/JavaVirtualMachines/zulu-8.jdk/Contents/Home/jre/lib/resources.jar:/Library/Java/JavaVirtualMachines/zulu-8.jdk/Contents/Home/jre/lib/rt.jar:/Library/Java/JavaVirtualMachines/zulu-8.jdk/Contents/Home/lib/ant-javafx.jar:/Library/Java/JavaVirtualMachines/zulu-8.jdk/Contents/Home/lib/dt.jar:/Library/Java/JavaVirtualMachines/zulu-8.jdk/Contents/Home/lib/javafx-mx.jar:/Library/Java/JavaVirtualMachi
Launcher Type: SUN_STANDARD

Environment Variables:
PATH=/Users/kasunrachintha/opt/anaconda3/bin:/Library/Frameworks/Python.framework/Versions/3.9/bin:/usr/local/bin:/usr/bin:/bin:/usr/sbin:/sbin:/Applications/VMware Fusion.app/Contents/Public
SHELL=/bin/zsh

Signal Handlers:
SIGSEGV: [libjvm.dylib+0x5b2935], sa_mask[0]=11111111011111110111111111111111, sa_flags=SA_ONSTACK|SA_RESTART|SA_SIGINFO
SIGBUS: [libjvm.dylib+0x5b2935], sa_mask[0]=11111111011111110111111111111111, sa_flags=SA_RESTART|SA_SIGINFO
SIGFPE: [libjvm.dylib+0x4a1701], sa_mask[0]=11111111011111110111111111111111, sa_flags=SA_RESTART|SA_SIGINFO
SIGPIPE: [libjvm.dylib+0x4a1701], sa_mask[0]=11111111011111110111111111111111, sa_flags=SA_RESTART|SA_SIGINFO
SIGXFSZ: [libjvm.dylib+0x4a1701], sa_mask[0]=11111111011111110111111111111111, sa_flags=SA_RESTART|SA_SIGINFO
SIGILL: [libjvm.dylib+0x4a1701], sa_mask[0]=11111111011111110111111111111111, sa_flags=SA_RESTART|SA_SIGINFO
SIGUSR1: SIG_DFL, sa_mask[0]=00000000000000000000000000000000, sa_flags=none
SIGUSR2: [libjvm.dylib+0x4a1ff0], sa_mask[0]=00100000000000000000000000000000, sa_flags=SA_RESTART|SA_SIGINFO
SIGHUP: [libjvm.dylib+0x4a013f], sa_mask[0]=11111111011111110111111111111111, sa_flags=SA_RESTART|SA_SIGINFO
SIGINT: [libjvm.dylib+0x4a013f], sa_mask[0]=11111111011111110111111111111111, sa_flags=SA_RESTART|SA_SIGINFO
SIGTERM: [libjvm.dylib+0x4a013f], sa_mask[0]=11111111011111110111111111111111, sa_flags=SA_RESTART|SA_SIGINFO
SIGQUIT: [libjvm.dylib+0x4a013f], sa_mask[0]=11111111011111110111111111111111, sa_flags=SA_RESTART|SA_SIGINFO


---------------  S Y S T E M  ---------------

OS:Bsduname:Darwin 21.3.0 Darwin Kernel Version 21.3.0: Wed Jan  5 21:37:58 PST 2022; root:xnu-8019.80.24~20/RELEASE_X86_64 x86_64
rlimit: STACK 8192k, CORE 0k, NPROC 1392, NOFILE 10240, AS infinity
load average:7.56 5.35 4.15

CPU:total 4 (initial active 4) (2 cores per cpu, 2 threads per core) family 6 model 78 stepping 3, cmov, cx8, fxsr, mmx, sse, sse2, sse3, ssse3, sse4.1, sse4.2, popcnt, avx, avx2, aes, clmul, erms, 3dnowpref, lzcnt, ht, tsc, tscinvbit, bmi1, bmi2, adx

Memory: 4k page, physical 8388608k(24928k free)

/proc/meminfo:


vm_info: OpenJDK 64-Bit Server VM (25.312-b07) for bsd-amd64 JRE (Zulu 8.58.0.13-CA-macosx) (1.8.0_312-b07), built on Oct 11 2021 08:36:41 by "zulu_re" with gcc 4.2.1 Compatible Apple LLVM 11.0.0 (clang-1100.0.33.17)

time: Tue Mar 29 20:10:50 2022
timezone: +0530
elapsed time: 22.846353 seconds (0d 0h 0m 22s)

