#
# A fatal error has been detected by the Java Runtime Environment:
#
#  INVALID (0xe0000000) at pc=0x0000000000000000, pid=2864, tid=0x0000000000005d0b
#  fatal error: Illegal threadstate encountered: 4
#
# JRE version: OpenJDK Runtime Environment (Zulu 8.58.0.13-CA-macosx) (8.0_312-b07) (build 1.8.0_312-b07)
# Java VM: OpenJDK 64-Bit Server VM (25.312-b07 mixed mode bsd-amd64 compressed oops)
# Failed to write core dump. Core dumps have been disabled. To enable core dumping, try "ulimit -c unlimited" before starting Java again
#
# If you would like to submit a bug report, please visit:
#   http://www.azul.com/support/
# The crash happened outside the Java Virtual Machine in native code.
# See problematic frame for where to report the bug.
#

---------------  T H R E A D  ---------------

Current thread (0x00007fe7740cf800):  JavaThread "Thread-1" daemon [_thread_in_native, id=23819, stack(0x0000700009863000,0x0000700009963000)]

Stack: [0x0000700009863000,0x0000700009963000],  sp=0x0000700009962010,  free space=1020k
Native frames: (J=compiled Java code, j=interpreted, Vv=VM code, C=native code)
V  [libjvm.dylib+0x5b1e72]
V  [libjvm.dylib+0x1d77b3]
V  [libjvm.dylib+0x4fb301]
V  [libjvm.dylib+0x576b31]
V  [libjvm.dylib+0x30e798]
C  [libglass.dylib+0x9e88]  -[GlassRunnable dealloc]+0x28
C  [Foundation+0x80eab]  -[_NSThreadPerformInfo dealloc]+0x2a
C  [Foundation+0x4dcd7]  -[NSObject(NSThreadPerformAdditions) performSelectorOnMainThread:withObject:waitUntilDone:]+0x7c
J 3994  com.sun.glass.ui.mac.MacApplication._submitForLaterInvocation(Ljava/lang/Runnable;)V (0 bytes) @ 0x000000011d2d427c [0x000000011d2d41c0+0xbc]
J 3281 C1 com.sun.glass.ui.mac.MacApplication.submitForLaterInvocation(Ljava/lang/Runnable;)V (6 bytes) @ 0x000000011d04b73c [0x000000011d04b6c0+0x7c]
j  com.sun.glass.ui.InvokeLaterDispatcher.run()V+82
v  ~StubRoutines::call_stub
V  [libjvm.dylib+0x2d7e24]
V  [libjvm.dylib+0x2d6c7e]
V  [libjvm.dylib+0x2d6e5f]
V  [libjvm.dylib+0x35324b]
V  [libjvm.dylib+0x57538a]
V  [libjvm.dylib+0x57523d]
V  [libjvm.dylib+0x49f1f7]
C  [libsystem_pthread.dylib+0x64f4]  _pthread_start+0x7d
C  [libsystem_pthread.dylib+0x200f]  thread_start+0xf
C  0x0000000000000000

Java frames: (J=compiled Java code, j=interpreted, Vv=VM code)
J 3994  com.sun.glass.ui.mac.MacApplication._submitForLaterInvocation(Ljava/lang/Runnable;)V (0 bytes) @ 0x000000011d2d420c [0x000000011d2d41c0+0x4c]
J 3281 C1 com.sun.glass.ui.mac.MacApplication.submitForLaterInvocation(Ljava/lang/Runnable;)V (6 bytes) @ 0x000000011d04b73c [0x000000011d04b6c0+0x7c]
j  com.sun.glass.ui.InvokeLaterDispatcher.run()V+82
v  ~StubRoutines::call_stub

---------------  P R O C E S S  ---------------

Java Threads: ( => current thread )
  0x00007fe7741ea000 JavaThread "mysql-cj-abandoned-connection-cleanup" daemon [_thread_blocked, id=76155, stack(0x0000700009efe000,0x0000700009ffe000)]
  0x00007fe7741d4800 JavaThread "PulseTimer-CVDisplayLink thread" daemon [_thread_in_native, id=11275, stack(0x0000700008f45000,0x0000700008fc5000)]
  0x00007fe77416a000 JavaThread "Prism Font Disposer" daemon [_thread_blocked, id=83399, stack(0x0000700009966000,0x0000700009a66000)]
  0x00007fe774130000 JavaThread "Attach Listener" daemon [_thread_blocked, id=77827, stack(0x0000700009dfb000,0x0000700009efb000)]
  0x00007fe77317f000 JavaThread "JavaFX-Launcher" [_thread_blocked, id=78343, stack(0x0000700009cf8000,0x0000700009df8000)]
  0x00007fe773150800 JavaThread "JavaFX Application Thread" [_thread_in_native_trans, id=259, stack(0x00007ff7b21b2000,0x00007ff7b29b2000)]
=>0x00007fe7740cf800 JavaThread "Thread-1" daemon [_thread_in_native, id=23819, stack(0x0000700009863000,0x0000700009963000)]
  0x00007fe77210d800 JavaThread "QuantumRenderer-0" daemon [_thread_blocked, id=15619, stack(0x0000700009760000,0x0000700009860000)]
  0x00007fe7738af800 JavaThread "Service Thread" daemon [_thread_blocked, id=16387, stack(0x000070000955a000,0x000070000965a000)]
  0x00007fe772037800 JavaThread "C1 CompilerThread2" daemon [_thread_blocked, id=13571, stack(0x0000700009457000,0x0000700009557000)]
  0x00007fe772036800 JavaThread "C2 CompilerThread1" daemon [_thread_blocked, id=17155, stack(0x0000700009354000,0x0000700009454000)]
  0x00007fe772034000 JavaThread "C2 CompilerThread0" daemon [_thread_blocked, id=13315, stack(0x0000700009251000,0x0000700009351000)]
  0x00007fe772031000 JavaThread "Monitor Ctrl-Break" daemon [_thread_in_native, id=13059, stack(0x000070000914e000,0x000070000924e000)]
  0x00007fe773043800 JavaThread "Signal Dispatcher" daemon [_thread_blocked, id=18179, stack(0x000070000904b000,0x000070000914b000)]
  0x00007fe773035800 JavaThread "Finalizer" daemon [_thread_blocked, id=19715, stack(0x0000700008e42000,0x0000700008f42000)]
  0x00007fe773824000 JavaThread "Reference Handler" daemon [_thread_blocked, id=20227, stack(0x0000700008d3f000,0x0000700008e3f000)]
  0x00007fe773009000 JavaThread "main" [_thread_blocked, id=5891, stack(0x000070000872d000,0x000070000882d000)]

Other Threads:
  0x00007fe773031000 VMThread [stack: 0x0000700008c3c000,0x0000700008d3c000] [id=20739]
  0x00007fe7738b0800 WatcherThread [stack: 0x000070000965d000,0x000070000975d000] [id=13827]

VM state:not at safepoint (normal execution)

VM Mutex/Monitor currently owned by a thread: None

heap address: 0x0000000740000000, size: 2048 MB, Compressed Oops mode: Zero based, Oop shift amount: 3
Narrow klass base: 0x0000000000000000, Narrow klass shift: 3
Compressed class space size: 1073741824 Address: 0x00000007c0000000

Heap:
 PSYoungGen      total 71680K, used 8293K [0x0000000795580000, 0x000000079f600000, 0x00000007c0000000)
  eden space 66560K, 4% used [0x0000000795580000,0x000000079589ce70,0x0000000799680000)
  from space 5120K, 99% used [0x0000000799680000,0x0000000799b7c830,0x0000000799b80000)
  to   space 21504K, 0% used [0x000000079e100000,0x000000079e100000,0x000000079f600000)
 ParOldGen       total 109056K, used 72827K [0x0000000740000000, 0x0000000746a80000, 0x0000000795580000)
  object space 109056K, 66% used [0x0000000740000000,0x000000074471ee58,0x0000000746a80000)
 Metaspace       used 30085K, capacity 31614K, committed 31744K, reserved 1077248K
  class space    used 3980K, capacity 4266K, committed 4352K, reserved 1048576K

Card table byte_map: [0x000000010db31000,0x000000010df32000] byte_map_base: 0x000000010a131000

Marking Bits: (ParMarkBitMap*) 0x000000010ebb2948
 Begin Bits: [0x000000010f2c2000, 0x00000001112c2000)
 End Bits:   [0x00000001112c2000, 0x00000001132c2000)

Polling page: 0x000000010d686000

CodeCache: size=245760Kb used=17125Kb max_used=17617Kb free=228634Kb
 bounds [0x000000011c68b000, 0x000000011d7fb000, 0x000000012b68b000]
 total_blobs=5896 nmethods=5110 adapters=697
 compilation: enabled

Compilation events (10 events):
Event: 75.680 Thread 0x00007fe772037800 nmethod 5695 0x000000011ca33fd0 code [0x000000011ca34140, 0x000000011ca343b0]
Event: 77.686 Thread 0x00007fe772037800 5696       3       com.sun.javafx.scene.control.skin.LabelSkin::handleControlPropertyChanged (19 bytes)
Event: 77.687 Thread 0x00007fe772037800 nmethod 5696 0x000000011cbde110 code [0x000000011cbde2a0, 0x000000011cbde5e8]
Event: 78.671 Thread 0x00007fe772037800 5697       3       java.lang.AbstractStringBuilder::indexOf (7 bytes)
Event: 78.671 Thread 0x00007fe772037800 nmethod 5697 0x000000011cb2eb90 code [0x000000011cb2ed00, 0x000000011cb2ef08]
Event: 78.671 Thread 0x00007fe772037800 5698       3       java.lang.AbstractStringBuilder::indexOf (15 bytes)
Event: 78.672 Thread 0x00007fe772037800 nmethod 5698 0x000000011c903bd0 code [0x000000011c903d40, 0x000000011c903f68]
Event: 79.188 Thread 0x00007fe772037800 5699       1       java.util.TimeZone::getID (5 bytes)
Event: 79.188 Thread 0x00007fe772037800 nmethod 5699 0x000000011ceb9290 code [0x000000011ceb93e0, 0x000000011ceb94f0]
Event: 79.189 Thread 0x00007fe772037800 5700       3       com.sun.javafx.scene.control.behavior.TextBinding::parseAndSplit (269 bytes)

GC Heap History (10 events):
Event: 15.526 GC heap before
{Heap before GC invocations=2 (full 0):
 PSYoungGen      total 38400K, used 38372K [0x0000000795580000, 0x0000000798000000, 0x00000007c0000000)
  eden space 33280K, 100% used [0x0000000795580000,0x0000000797600000,0x0000000797600000)
  from space 5120K, 99% used [0x0000000797600000,0x0000000797af90c8,0x0000000797b00000)
  to   space 5120K, 0% used [0x0000000797b00000,0x0000000797b00000,0x0000000798000000)
 ParOldGen       total 87552K, used 49077K [0x0000000740000000, 0x0000000745580000, 0x0000000795580000)
  object space 87552K, 56% used [0x0000000740000000,0x0000000742fed618,0x0000000745580000)
 Metaspace       used 19482K, capacity 20248K, committed 20480K, reserved 1067008K
  class space    used 2741K, capacity 2961K, committed 3072K, reserved 1048576K
Event: 15.547 GC heap after
Heap after GC invocations=2 (full 0):
 PSYoungGen      total 38400K, used 5088K [0x0000000795580000, 0x0000000798000000, 0x00000007c0000000)
  eden space 33280K, 0% used [0x0000000795580000,0x0000000795580000,0x0000000797600000)
  from space 5120K, 99% used [0x0000000797b00000,0x0000000797ff8050,0x0000000798000000)
  to   space 5120K, 0% used [0x0000000797600000,0x0000000797600000,0x0000000797b00000)
 ParOldGen       total 87552K, used 58171K [0x0000000740000000, 0x0000000745580000, 0x0000000795580000)
  object space 87552K, 66% used [0x0000000740000000,0x00000007438ced80,0x0000000745580000)
 Metaspace       used 19482K, capacity 20248K, committed 20480K, reserved 1067008K
  class space    used 2741K, capacity 2961K, committed 3072K, reserved 1048576K
}
Event: 15.633 GC heap before
{Heap before GC invocations=3 (full 0):
 PSYoungGen      total 38400K, used 10934K [0x0000000795580000, 0x0000000798000000, 0x00000007c0000000)
  eden space 33280K, 17% used [0x0000000795580000,0x0000000795b35b70,0x0000000797600000)
  from space 5120K, 99% used [0x0000000797b00000,0x0000000797ff8050,0x0000000798000000)
  to   space 5120K, 0% used [0x0000000797600000,0x0000000797600000,0x0000000797b00000)
 ParOldGen       total 87552K, used 58171K [0x0000000740000000, 0x0000000745580000, 0x0000000795580000)
  object space 87552K, 66% used [0x0000000740000000,0x00000007438ced80,0x0000000745580000)
 Metaspace       used 20426K, capacity 21160K, committed 21248K, reserved 1067008K
  class space    used 2838K, capacity 3031K, committed 3072K, reserved 1048576K
Event: 15.642 GC heap after
Heap after GC invocations=3 (full 0):
 PSYoungGen      total 38400K, used 5088K [0x0000000795580000, 0x000000079a080000, 0x00000007c0000000)
  eden space 33280K, 0% used [0x0000000795580000,0x0000000795580000,0x0000000797600000)
  from space 5120K, 99% used [0x0000000797600000,0x0000000797af8070,0x0000000797b00000)
  to   space 5120K, 0% used [0x0000000799b80000,0x0000000799b80000,0x000000079a080000)
 ParOldGen       total 87552K, used 58885K [0x0000000740000000, 0x0000000745580000, 0x0000000795580000)
  object space 87552K, 67% used [0x0000000740000000,0x00000007439814d0,0x0000000745580000)
 Metaspace       used 20426K, capacity 21160K, committed 21248K, reserved 1067008K
  class space    used 2838K, capacity 3031K, committed 3072K, reserved 1048576K
}
Event: 15.642 GC heap before
{Heap before GC invocations=4 (full 1):
 PSYoungGen      total 38400K, used 5088K [0x0000000795580000, 0x000000079a080000, 0x00000007c0000000)
  eden space 33280K, 0% used [0x0000000795580000,0x0000000795580000,0x0000000797600000)
  from space 5120K, 99% used [0x0000000797600000,0x0000000797af8070,0x0000000797b00000)
  to   space 5120K, 0% used [0x0000000799b80000,0x0000000799b80000,0x000000079a080000)
 ParOldGen       total 87552K, used 58885K [0x0000000740000000, 0x0000000745580000, 0x0000000795580000)
  object space 87552K, 67% used [0x0000000740000000,0x00000007439814d0,0x0000000745580000)
 Metaspace       used 20426K, capacity 21160K, committed 21248K, reserved 1067008K
  class space    used 2838K, capacity 3031K, committed 3072K, reserved 1048576K
Event: 15.684 GC heap after
Heap after GC invocations=4 (full 1):
 PSYoungGen      total 38400K, used 0K [0x0000000795580000, 0x000000079a080000, 0x00000007c0000000)
  eden space 33280K, 0% used [0x0000000795580000,0x0000000795580000,0x0000000797600000)
  from space 5120K, 0% used [0x0000000797600000,0x0000000797600000,0x0000000797b00000)
  to   space 5120K, 0% used [0x0000000799b80000,0x0000000799b80000,0x000000079a080000)
 ParOldGen       total 109056K, used 56191K [0x0000000740000000, 0x0000000746a80000, 0x0000000795580000)
  object space 109056K, 51% used [0x0000000740000000,0x00000007436dfc08,0x0000000746a80000)
 Metaspace       used 20426K, capacity 21160K, committed 21248K, reserved 1067008K
  class space    used 2838K, capacity 3031K, committed 3072K, reserved 1048576K
}
Event: 16.581 GC heap before
{Heap before GC invocations=5 (full 1):
 PSYoungGen      total 38400K, used 33280K [0x0000000795580000, 0x000000079a080000, 0x00000007c0000000)
  eden space 33280K, 100% used [0x0000000795580000,0x0000000797600000,0x0000000797600000)
  from space 5120K, 0% used [0x0000000797600000,0x0000000797600000,0x0000000797b00000)
  to   space 5120K, 0% used [0x0000000799b80000,0x0000000799b80000,0x000000079a080000)
 ParOldGen       total 109056K, used 56191K [0x0000000740000000, 0x0000000746a80000, 0x0000000795580000)
  object space 109056K, 51% used [0x0000000740000000,0x00000007436dfc08,0x0000000746a80000)
 Metaspace       used 27522K, capacity 28814K, committed 28928K, reserved 1075200K
  class space    used 3776K, capacity 4030K, committed 4096K, reserved 1048576K
Event: 16.593 GC heap after
Heap after GC invocations=5 (full 1):
 PSYoungGen      total 69120K, used 5118K [0x0000000795580000, 0x000000079a080000, 0x00000007c0000000)
  eden space 64000K, 0% used [0x0000000795580000,0x0000000795580000,0x0000000799400000)
  from space 5120K, 99% used [0x0000000799b80000,0x000000079a07f870,0x000000079a080000)
  to   space 5120K, 0% used [0x0000000799680000,0x0000000799680000,0x0000000799b80000)
 ParOldGen       total 109056K, used 58059K [0x0000000740000000, 0x0000000746a80000, 0x0000000795580000)
  object space 109056K, 53% used [0x0000000740000000,0x00000007438b2d70,0x0000000746a80000)
 Metaspace       used 27522K, capacity 28814K, committed 28928K, reserved 1075200K
  class space    used 3776K, capacity 4030K, committed 4096K, reserved 1048576K
}
Event: 66.123 GC heap before
{Heap before GC invocations=6 (full 1):
 PSYoungGen      total 69120K, used 69118K [0x0000000795580000, 0x000000079a080000, 0x00000007c0000000)
  eden space 64000K, 100% used [0x0000000795580000,0x0000000799400000,0x0000000799400000)
  from space 5120K, 99% used [0x0000000799b80000,0x000000079a07f870,0x000000079a080000)
  to   space 5120K, 0% used [0x0000000799680000,0x0000000799680000,0x0000000799b80000)
 ParOldGen       total 109056K, used 58059K [0x0000000740000000, 0x0000000746a80000, 0x0000000795580000)
  object space 109056K, 53% used [0x0000000740000000,0x00000007438b2d70,0x0000000746a80000)
 Metaspace       used 30021K, capacity 31550K, committed 31744K, reserved 1077248K
  class space    used 3980K, capacity 4266K, committed 4352K, reserved 1048576K
Event: 66.154 GC heap after
Heap after GC invocations=6 (full 1):
 PSYoungGen      total 71680K, used 5106K [0x0000000795580000, 0x000000079f600000, 0x00000007c0000000)
  eden space 66560K, 0% used [0x0000000795580000,0x0000000795580000,0x0000000799680000)
  from space 5120K, 99% used [0x0000000799680000,0x0000000799b7c830,0x0000000799b80000)
  to   space 21504K, 0% used [0x000000079e100000,0x000000079e100000,0x000000079f600000)
 ParOldGen       total 109056K, used 72827K [0x0000000740000000, 0x0000000746a80000, 0x0000000795580000)
  object space 109056K, 66% used [0x0000000740000000,0x000000074471ee58,0x0000000746a80000)
 Metaspace       used 30021K, capacity 31550K, committed 31744K, reserved 1077248K
  class space    used 3980K, capacity 4266K, committed 4352K, reserved 1048576K
}

Deoptimization events (10 events):
Event: 30.291 Thread 0x00007fe773150800 Uncommon trap: reason=bimorphic action=maybe_recompile pc=0x000000011d345a28 method=java.util.ArrayList.remove(Ljava/lang/Object;)Z @ 56
Event: 30.301 Thread 0x00007fe773150800 Uncommon trap: reason=unstable_if action=reinterpret pc=0x000000011d481c44 method=javafx.scene.Node.updateBounds()V @ 37
Event: 53.243 Thread 0x00007fe773150800 Uncommon trap: reason=unstable_if action=reinterpret pc=0x000000011d337740 method=javafx.scene.Scene.addToDirtyList(Ljavafx/scene/Node;)V @ 43
Event: 60.010 Thread 0x00007fe77210d800 Uncommon trap: reason=predicate action=maybe_recompile pc=0x000000011d6cb674 method=com.sun.prism.impl.GlyphCache.render(Lcom/sun/prism/impl/BaseContext;Lcom/sun/javafx/scene/text/GlyphList;FFIILcom/sun/prism/paint/Color;Lcom/sun/prism/paint/Color;Lcom/su
Event: 63.160 Thread 0x00007fe773150800 Uncommon trap: reason=class_check action=maybe_recompile pc=0x000000011d6d8ca0 method=com.sun.javafx.event.CompositeEventHandler.dispatchBubblingEvent(Ljavafx/event/Event;)V @ 51
Event: 63.163 Thread 0x00007fe773150800 Uncommon trap: reason=unstable_if action=reinterpret pc=0x000000011d715fc8 method=javafx.scene.Scene.isDirtyEmpty()Z @ 4
Event: 63.379 Thread 0x00007fe773150800 Uncommon trap: reason=class_check action=maybe_recompile pc=0x000000011d6d8ca0 method=com.sun.javafx.event.CompositeEventHandler.dispatchBubblingEvent(Ljavafx/event/Event;)V @ 51
Event: 65.042 Thread 0x00007fe773150800 Uncommon trap: reason=class_check action=maybe_recompile pc=0x000000011cd7a494 method=java.util.regex.Matcher.search(I)Z @ 86
Event: 65.042 Thread 0x00007fe773150800 Uncommon trap: reason=class_check action=maybe_recompile pc=0x000000011cd7a494 method=java.util.regex.Matcher.search(I)Z @ 86
Event: 66.910 Thread 0x00007fe77210d800 Uncommon trap: reason=unstable_if action=reinterpret pc=0x000000011cab51ec method=com.sun.javafx.sg.prism.NGNode.accumulateGroupDirtyRegion(Lcom/sun/javafx/geom/RectBounds;Lcom/sun/javafx/geom/RectBounds;Lcom/sun/javafx/geom/DirtyRegionPool;Lcom/sun/javaf

Classes redefined (0 events):
No events

Internal exceptions (10 events):
Event: 1.165 Thread 0x00007fe773150800 Exception <a 'java/lang/NullPointerException'> (0x0000000796ceb550) thrown at [/Users/tester/jenkins/workspace/zulu8-build-macosx/zulu-src/hotspot/src/share/vm/interpreter/linkResolver.cpp, line 1185]
Event: 1.165 Thread 0x00007fe773150800 Exception <a 'java/lang/NullPointerException'> (0x0000000796ceb550) thrown at [/Users/tester/jenkins/workspace/zulu8-build-macosx/zulu-src/hotspot/src/share/vm/prims/jvm.cpp, line 1533]
Event: 1.367 Thread 0x00007fe773150800 Exception <a 'java/io/FileNotFoundException'> (0x0000000796ffc808) thrown at [/Users/tester/jenkins/workspace/zulu8-build-macosx/zulu-src/hotspot/src/share/vm/prims/jni.cpp, line 711]
Event: 2.316 Thread 0x00007fe773150800 Implicit null exception at 0x000000011c97497b to 0x000000011c975145
Event: 15.418 Thread 0x00007fe773150800 Implicit null exception at 0x000000011c8ea935 to 0x000000011c8eace9
Event: 16.100 Thread 0x00007fe773150800 Exception <a 'java/io/FileNotFoundException'> (0x000000079681c590) thrown at [/Users/tester/jenkins/workspace/zulu8-build-macosx/zulu-src/hotspot/src/share/vm/prims/jni.cpp, line 711]
Event: 16.106 Thread 0x00007fe773150800 Exception <a 'java/io/FileNotFoundException'> (0x000000079685d8a8) thrown at [/Users/tester/jenkins/workspace/zulu8-build-macosx/zulu-src/hotspot/src/share/vm/prims/jni.cpp, line 711]
Event: 16.110 Thread 0x00007fe773150800 Exception <a 'java/io/FileNotFoundException'> (0x000000079687ae10) thrown at [/Users/tester/jenkins/workspace/zulu8-build-macosx/zulu-src/hotspot/src/share/vm/prims/jni.cpp, line 711]
Event: 16.112 Thread 0x00007fe773150800 Exception <a 'java/io/FileNotFoundException'> (0x000000079688c188) thrown at [/Users/tester/jenkins/workspace/zulu8-build-macosx/zulu-src/hotspot/src/share/vm/prims/jni.cpp, line 711]
Event: 16.113 Thread 0x00007fe773150800 Exception <a 'java/io/FileNotFoundException'> (0x000000079689d560) thrown at [/Users/tester/jenkins/workspace/zulu8-build-macosx/zulu-src/hotspot/src/share/vm/prims/jni.cpp, line 711]

Events (10 events):
Event: 66.160 Thread 0x00007fe772037800 flushing nmethod 0x000000011d269210
Event: 66.160 Thread 0x00007fe772037800 flushing nmethod 0x000000011d289750
Event: 66.161 Thread 0x00007fe772037800 flushing nmethod 0x000000011d2b0fd0
Event: 66.161 Thread 0x00007fe772037800 flushing nmethod 0x000000011d2b4b90
Event: 66.161 Thread 0x00007fe772037800 flushing nmethod 0x000000011d303a50
Event: 66.161 Thread 0x00007fe772037800 flushing nmethod 0x000000011d33f090
Event: 66.162 Thread 0x00007fe772037800 flushing nmethod 0x000000011d3d0990
Event: 66.910 Thread 0x00007fe77210d800 Uncommon trap: trap_request=0xffffff65 fr.pc=0x000000011cab51ec
Event: 66.910 Thread 0x00007fe77210d800 DEOPT PACKING pc=0x000000011cab51ec sp=0x000070000985f270
Event: 66.910 Thread 0x00007fe77210d800 DEOPT UNPACKING pc=0x000000011c6d057a sp=0x000070000985f1f8 mode 2


Dynamic libraries:
0x00007ff817711000 	/System/Library/Frameworks/Cocoa.framework/Versions/A/Cocoa
0x00007ff803582000 	/System/Library/Frameworks/AppKit.framework/Versions/C/AppKit
0x00007ff806a7e000 	/System/Library/Frameworks/CoreData.framework/Versions/A/CoreData
0x00007ff801999000 	/System/Library/Frameworks/Foundation.framework/Versions/C/Foundation
0x00007ff80b846000 	/usr/lib/libSystem.B.dylib
0x00007ff804414000 	/System/Library/PrivateFrameworks/UIFoundation.framework/Versions/A/UIFoundation
0x00007ff8116bd000 	/System/Library/PrivateFrameworks/RemoteViewServices.framework/Versions/A/RemoteViewServices
0x00007ff809aa8000 	/System/Library/PrivateFrameworks/XCTTargetBootstrap.framework/Versions/A/XCTTargetBootstrap
0x00007ff80d656000 	/System/Library/PrivateFrameworks/InternationalSupport.framework/Versions/A/InternationalSupport
0x00007ff80d6e0000 	/System/Library/PrivateFrameworks/UserActivity.framework/Versions/A/UserActivity
0x00007ff80ca36000 	/usr/lib/libspindump.dylib
0x00007ff8046a2000 	/System/Library/Frameworks/UniformTypeIdentifiers.framework/Versions/A/UniformTypeIdentifiers
0x00007ff8081e1000 	/usr/lib/libapp_launch_measurement.dylib
0x00007ff80744a000 	/System/Library/PrivateFrameworks/CoreAnalytics.framework/Versions/A/CoreAnalytics
0x00007ff8081e4000 	/System/Library/PrivateFrameworks/CoreAutoLayout.framework/Versions/A/CoreAutoLayout
0x00007ff809404000 	/System/Library/Frameworks/Metal.framework/Versions/A/Metal
0x00007ff80a11e000 	/usr/lib/liblangid.dylib
0x00007ff809aac000 	/System/Library/PrivateFrameworks/CoreSVG.framework/Versions/A/CoreSVG
0x00007ff805a69000 	/System/Library/PrivateFrameworks/SkyLight.framework/Versions/A/SkyLight
0x00007ff805dff000 	/System/Library/Frameworks/CoreGraphics.framework/Versions/A/CoreGraphics
0x00007ff811d2c000 	/System/Library/Frameworks/Accelerate.framework/Versions/A/Accelerate
0x00007ff80c4b1000 	/System/Library/PrivateFrameworks/IconServices.framework/Versions/A/IconServices
0x00007ff8093e9000 	/System/Library/Frameworks/IOSurface.framework/Versions/A/IOSurface
0x00007ff807478000 	/usr/lib/libDiagnosticMessagesClient.dylib
0x00007ff80b766000 	/usr/lib/libz.1.dylib
0x00007ff81539d000 	/System/Library/Frameworks/ApplicationServices.framework/Versions/A/ApplicationServices
0x00007ff809a94000 	/System/Library/PrivateFrameworks/DFRFoundation.framework/Versions/A/DFRFoundation
0x00007ff802e73000 	/usr/lib/libicucore.A.dylib
0x00007ff80e37b000 	/System/Library/Frameworks/AudioToolbox.framework/Versions/A/AudioToolbox
0x00007ff80d662000 	/System/Library/PrivateFrameworks/DataDetectorsCore.framework/Versions/A/DataDetectorsCore
0x00007ff908fba000 	/System/Library/PrivateFrameworks/TextInput.framework/Versions/A/TextInput
0x00007ff8059ed000 	/usr/lib/libMobileGestalt.dylib
0x00007ff80979c000 	/System/Library/Frameworks/Carbon.framework/Versions/A/Frameworks/HIToolbox.framework/Versions/A/HIToolbox
0x00007ff807c0e000 	/System/Library/Frameworks/QuartzCore.framework/Versions/A/QuartzCore
0x00007ff802b13000 	/System/Library/Frameworks/Security.framework/Versions/A/Security
0x00007ff8116f5000 	/System/Library/Frameworks/Carbon.framework/Versions/A/Frameworks/SpeechRecognition.framework/Versions/A/SpeechRecognition
0x00007ff807f41000 	/System/Library/PrivateFrameworks/CoreUI.framework/Versions/A/CoreUI
0x00007ff8023eb000 	/System/Library/Frameworks/CoreAudio.framework/Versions/A/CoreAudio
0x00007ff807566000 	/System/Library/Frameworks/DiskArbitration.framework/Versions/A/DiskArbitration
0x00007ff80ce1d000 	/System/Library/PrivateFrameworks/MultitouchSupport.framework/Versions/A/MultitouchSupport
0x00007ff8059ec000 	/usr/lib/libenergytrace.dylib
0x00007ff80346e000 	/System/Library/Frameworks/IOKit.framework/Versions/A/IOKit
0x00007ff811ae1000 	/System/Library/Frameworks/CoreServices.framework/Versions/A/CoreServices
0x00007ff80817b000 	/System/Library/PrivateFrameworks/PerformanceAnalysis.framework/Versions/A/PerformanceAnalysis
0x00007ffa1878a000 	/System/Library/Frameworks/OpenGL.framework/Versions/A/OpenGL
0x00007ff80ad93000 	/System/Library/PrivateFrameworks/MobileKeyBag.framework/Versions/A/MobileKeyBag
0x00007ff80095a000 	/usr/lib/libobjc.A.dylib
0x00007ff8064cb000 	/System/Library/Frameworks/ColorSync.framework/Versions/A/ColorSync
0x00007ff800b13000 	/System/Library/Frameworks/CoreFoundation.framework/Versions/A/CoreFoundation
0x00007ff809d25000 	/System/Library/Frameworks/CoreImage.framework/Versions/A/CoreImage
0x00007ff802201000 	/System/Library/Frameworks/CoreText.framework/Versions/A/CoreText
0x00007ff809adb000 	/System/Library/Frameworks/ImageIO.framework/Versions/A/ImageIO
0x00007ff80b84c000 	/System/Library/PrivateFrameworks/SoftLinking.framework/Versions/A/SoftLinking
0x00007ff80822c000 	/usr/lib/libxml2.2.dylib
0x00007ff800a20000 	/usr/lib/libc++.1.dylib
0x00007ff80bad0000 	/usr/lib/libcompression.dylib
0x00007ff80d58c000 	/System/Library/PrivateFrameworks/TextureIO.framework/Versions/A/TextureIO
0x00007ff80c1c3000 	/usr/lib/libate.dylib
0x00007ff80b841000 	/usr/lib/system/libcache.dylib
0x00007ff80b7fd000 	/usr/lib/system/libcommonCrypto.dylib
0x00007ff80b826000 	/usr/lib/system/libcompiler_rt.dylib
0x00007ff80b81c000 	/usr/lib/system/libcopyfile.dylib
0x00007ff800854000 	/usr/lib/system/libcorecrypto.dylib
0x00007ff800913000 	/usr/lib/system/libdispatch.dylib
0x00007ff800ad2000 	/usr/lib/system/libdyld.dylib
0x00007ff80b838000 	/usr/lib/system/libkeymgr.dylib
0x00007ff80b7db000 	/usr/lib/system/libmacho.dylib
0x00007ff80ae67000 	/usr/lib/system/libquarantine.dylib
0x00007ff80b836000 	/usr/lib/system/libremovefile.dylib
0x00007ff805a39000 	/usr/lib/system/libsystem_asl.dylib
0x00007ff800802000 	/usr/lib/system/libsystem_blocks.dylib
0x00007ff800997000 	/usr/lib/system/libsystem_c.dylib
0x00007ff80b82e000 	/usr/lib/system/libsystem_collections.dylib
0x00007ff80a10f000 	/usr/lib/system/libsystem_configuration.dylib
0x00007ff8093cc000 	/usr/lib/system/libsystem_containermanager.dylib
0x00007ff80b518000 	/usr/lib/system/libsystem_coreservices.dylib
0x00007ff8030fc000 	/usr/lib/system/libsystem_darwin.dylib
0x00007ff80b839000 	/usr/lib/system/libsystem_dnssd.dylib
0x00007ff800994000 	/usr/lib/system/libsystem_featureflags.dylib
0x00007ff800ae8000 	/usr/lib/system/libsystem_info.dylib
0x00007ff80b779000 	/usr/lib/system/libsystem_m.dylib
0x00007ff8008e7000 	/usr/lib/system/libsystem_malloc.dylib
0x00007ff8059d6000 	/usr/lib/system/libsystem_networkextension.dylib
0x00007ff803524000 	/usr/lib/system/libsystem_notify.dylib
0x00007ff8119b6000 	/usr/lib/system/libsystem_product_info_filter.dylib
0x00007ff80a113000 	/usr/lib/system/libsystem_sandbox.dylib
0x00007ff80b833000 	/usr/lib/system/libsystem_secinit.dylib
0x00007ff800a8f000 	/usr/lib/system/libsystem_kernel.dylib
0x00007ff800ade000 	/usr/lib/system/libsystem_platform.dylib
0x00007ff800ac6000 	/usr/lib/system/libsystem_pthread.dylib
0x00007ff807291000 	/usr/lib/system/libsystem_symptoms.dylib
0x00007ff80083b000 	/usr/lib/system/libsystem_trace.dylib
0x00007ff80b809000 	/usr/lib/system/libunwind.dylib
0x00007ff800804000 	/usr/lib/system/libxpc.dylib
0x00007ff800a79000 	/usr/lib/libc++abi.dylib
0x00007ff80b814000 	/usr/lib/liboah.dylib
0x00007ff80bfa1000 	/usr/lib/liblzma.5.dylib
0x00007ff8016aa000 	/System/Library/Frameworks/SystemConfiguration.framework/Versions/A/SystemConfiguration
0x00007ff80b848000 	/usr/lib/libfakelink.dylib
0x00007ff80553f000 	/System/Library/Frameworks/CFNetwork.framework/Versions/A/CFNetwork
0x00007ff80b987000 	/usr/lib/libarchive.2.dylib
0x00007ff80a11a000 	/System/Library/PrivateFrameworks/AppleSystemInfo.framework/Versions/A/AppleSystemInfo
0x00007ff80ae8e000 	/usr/lib/libbsm.0.dylib
0x00007ff804b75000 	/usr/lib/libnetwork.dylib
0x00007ff80b7e1000 	/usr/lib/system/libkxld.dylib
0x00007ff80aabc000 	/System/Library/PrivateFrameworks/IOMobileFramebuffer.framework/Versions/A/IOMobileFramebuffer
0x00007ffb165af000 	/usr/lib/libCoreEntitlements.dylib
0x00007ff80b4fa000 	/System/Library/PrivateFrameworks/AppleFSCompression.framework/Versions/A/AppleFSCompression
0x00007ff80ae76000 	/usr/lib/libcoretls.dylib
0x00007ff80bfbb000 	/usr/lib/libcoretls_cfhelpers.dylib
0x00007ff80bacb000 	/usr/lib/libpam.2.dylib
0x00007ff806eb3000 	/usr/lib/libsqlite3.dylib
0x00007ff80c02a000 	/usr/lib/libxar.1.dylib
0x00007ff80b50a000 	/usr/lib/libbz2.1.0.dylib
0x00007ff80b84d000 	/usr/lib/libpcap.A.dylib
0x00007ff807288000 	/usr/lib/libdns_services.dylib
0x00007ff80ba9a000 	/usr/lib/libapple_nghttp2.dylib
0x00007ff80b884000 	/usr/lib/libiconv.2.dylib
0x00007ff80b7da000 	/usr/lib/libcharset.1.dylib
0x00007ff8081af000 	/System/Library/Frameworks/CoreServices.framework/Versions/A/Frameworks/FSEvents.framework/Versions/A/FSEvents
0x00007ff803106000 	/System/Library/Frameworks/CoreServices.framework/Versions/A/Frameworks/CarbonCore.framework/Versions/A/CarbonCore
0x00007ff8074cb000 	/System/Library/Frameworks/CoreServices.framework/Versions/A/Frameworks/Metadata.framework/Versions/A/Metadata
0x00007ff80b51d000 	/System/Library/Frameworks/CoreServices.framework/Versions/A/Frameworks/OSServices.framework/Versions/A/OSServices
0x00007ff80ba0e000 	/System/Library/Frameworks/CoreServices.framework/Versions/A/Frameworks/SearchKit.framework/Versions/A/SearchKit
0x00007ff80721a000 	/System/Library/Frameworks/CoreServices.framework/Versions/A/Frameworks/AE.framework/Versions/A/AE
0x00007ff801016000 	/System/Library/Frameworks/CoreServices.framework/Versions/A/Frameworks/LaunchServices.framework/Versions/A/LaunchServices
0x00007ff80bf52000 	/System/Library/Frameworks/CoreServices.framework/Versions/A/Frameworks/DictionaryServices.framework/Versions/A/DictionaryServices
0x00007ff8081bc000 	/System/Library/Frameworks/CoreServices.framework/Versions/A/Frameworks/SharedFileList.framework/Versions/A/SharedFileList
0x00007ff80ae6a000 	/usr/lib/libCheckFix.dylib
0x00007ff805a50000 	/System/Library/PrivateFrameworks/TCC.framework/Versions/A/TCC
0x00007ff80a120000 	/System/Library/PrivateFrameworks/CoreNLP.framework/Versions/A/CoreNLP
0x00007ff80747b000 	/System/Library/PrivateFrameworks/MetadataUtilities.framework/Versions/A/MetadataUtilities
0x00007ff80175a000 	/usr/lib/libmecabra.dylib
0x00007ff80ae9e000 	/usr/lib/libmecab.dylib
0x00007ff801725000 	/usr/lib/libCRFSuite.dylib
0x00007ff80aefb000 	/usr/lib/libgermantok.dylib
0x00007ff80ba75000 	/usr/lib/libThaiTokenizer.dylib
0x00007ff80756d000 	/System/Library/Frameworks/Accelerate.framework/Versions/A/Frameworks/vImage.framework/Versions/A/vImage
0x00007ff811ab8000 	/System/Library/Frameworks/Accelerate.framework/Versions/A/Frameworks/vecLib.framework/Versions/A/vecLib
0x00007ff80c06b000 	/System/Library/Frameworks/Accelerate.framework/Versions/A/Frameworks/vecLib.framework/Versions/A/libvMisc.dylib
0x00007ff80a8da000 	/System/Library/Frameworks/Accelerate.framework/Versions/A/Frameworks/vecLib.framework/Versions/A/libvDSP.dylib
0x00007ff80138e000 	/System/Library/Frameworks/Accelerate.framework/Versions/A/Frameworks/vecLib.framework/Versions/A/libBLAS.dylib
0x00007ff80bbac000 	/System/Library/Frameworks/Accelerate.framework/Versions/A/Frameworks/vecLib.framework/Versions/A/libLAPACK.dylib
0x00007ff80aefe000 	/System/Library/Frameworks/Accelerate.framework/Versions/A/Frameworks/vecLib.framework/Versions/A/libLinearAlgebra.dylib
0x00007ff80bab3000 	/System/Library/Frameworks/Accelerate.framework/Versions/A/Frameworks/vecLib.framework/Versions/A/libSparseBLAS.dylib
0x00007ff80bba6000 	/System/Library/Frameworks/Accelerate.framework/Versions/A/Frameworks/vecLib.framework/Versions/A/libQuadrature.dylib
0x00007ff80a20a000 	/System/Library/Frameworks/Accelerate.framework/Versions/A/Frameworks/vecLib.framework/Versions/A/libBNNS.dylib
0x00007ff80163b000 	/System/Library/Frameworks/Accelerate.framework/Versions/A/Frameworks/vecLib.framework/Versions/A/libSparse.dylib
0x00007ff80a203000 	/System/Library/PrivateFrameworks/LinguisticData.framework/Versions/A/LinguisticData
0x00007ff8015f0000 	/System/Library/PrivateFrameworks/Lexicon.framework/Versions/A/Lexicon
0x00007ff80c064000 	/usr/lib/libChineseTokenizer.dylib
0x00007ff801d54000 	/System/Library/PrivateFrameworks/LanguageModeling.framework/Versions/A/LanguageModeling
0x00007ff80ba77000 	/System/Library/PrivateFrameworks/AppleSauce.framework/Versions/A/AppleSauce
0x00007ff80aaaa000 	/System/Library/PrivateFrameworks/CoreEmoji.framework/Versions/A/CoreEmoji
0x00007ff80b976000 	/usr/lib/libcmph.dylib
0x00007ff808193000 	/System/Library/Frameworks/OpenDirectory.framework/Versions/A/Frameworks/CFOpenDirectory.framework/Versions/A/CFOpenDirectory
0x00007ff808187000 	/System/Library/Frameworks/OpenDirectory.framework/Versions/A/OpenDirectory
0x00007ff80bfbd000 	/System/Library/PrivateFrameworks/APFS.framework/Versions/A/APFS
0x00007ff80adcb000 	/System/Library/Frameworks/SecurityFoundation.framework/Versions/A/SecurityFoundation
0x00007ff80c038000 	/usr/lib/libutil.dylib
0x00007ff803431000 	/System/Library/PrivateFrameworks/CoreServicesStore.framework/Versions/A/CoreServicesStore
0x00007ff80c03c000 	/usr/lib/libxslt.1.dylib
0x00007ff80ae58000 	/System/Library/PrivateFrameworks/BackgroundTaskManagement.framework/Versions/A/BackgroundTaskManagement
0x00007ff80d4ac000 	/System/Library/Frameworks/ImageIO.framework/Versions/A/Resources/libRadiance.dylib
0x00007ff80d4b5000 	/System/Library/Frameworks/ImageIO.framework/Versions/A/Resources/libJPEG.dylib
0x00007ff80d405000 	/System/Library/Frameworks/ImageIO.framework/Versions/A/Resources/libPng.dylib
0x00007ff80d426000 	/System/Library/Frameworks/ImageIO.framework/Versions/A/Resources/libTIFF.dylib
0x00007ff80d515000 	/System/Library/Frameworks/ImageIO.framework/Versions/A/Resources/libGIF.dylib
0x00007ff80cd36000 	/System/Library/Frameworks/ImageIO.framework/Versions/A/Resources/libJP2.dylib
0x00007ff80c478000 	/usr/lib/libexpat.1.dylib
0x00007ff80cceb000 	/System/Library/PrivateFrameworks/AppleJPEG.framework/Versions/A/AppleJPEG
0x00007ff80965f000 	/System/Library/PrivateFrameworks/FontServices.framework/libFontParser.dylib
0x00007ff8071c4000 	/System/Library/PrivateFrameworks/RunningBoardServices.framework/Versions/A/RunningBoardServices
0x00007ff817c8d000 	/System/Library/PrivateFrameworks/IOSurfaceAccelerator.framework/Versions/A/IOSurfaceAccelerator
0x00007ff80ce19000 	/System/Library/PrivateFrameworks/WatchdogClient.framework/Versions/A/WatchdogClient
0x00007ff801e43000 	/System/Library/Frameworks/CoreDisplay.framework/Versions/A/CoreDisplay
0x00007ff80955e000 	/System/Library/Frameworks/CoreMedia.framework/Versions/A/CoreMedia
0x00007ff8093fb000 	/System/Library/PrivateFrameworks/IOAccelerator.framework/Versions/A/IOAccelerator
0x00007ff80830f000 	/System/Library/Frameworks/CoreVideo.framework/Versions/A/CoreVideo
0x00007ff80bac9000 	/System/Library/Frameworks/MetalPerformanceShaders.framework/Versions/A/MetalPerformanceShaders
0x00007ff80ce54000 	/System/Library/Frameworks/VideoToolbox.framework/Versions/A/VideoToolbox
0x00007ff80710c000 	/System/Library/PrivateFrameworks/BaseBoard.framework/Versions/A/BaseBoard
0x00007ff806e99000 	/System/Library/PrivateFrameworks/ProtocolBuffer.framework/Versions/A/ProtocolBuffer
0x00007ff80d4a5000 	/System/Library/PrivateFrameworks/GPUWrangler.framework/Versions/A/GPUWrangler
0x00007ff80d488000 	/System/Library/PrivateFrameworks/IOPresentment.framework/Versions/A/IOPresentment
0x00007ff80d4af000 	/System/Library/PrivateFrameworks/DSExternalDisplay.framework/Versions/A/DSExternalDisplay
0x00007ffa1877e000 	/System/Library/Frameworks/OpenGL.framework/Versions/A/Libraries/libCoreFSCache.dylib
0x00007ffb0481f000 	/System/Library/PrivateFrameworks/GPUCompiler.framework/Versions/31001/Libraries/libGPUCompilerUtils.dylib
0x00007ff80d51a000 	/System/Library/PrivateFrameworks/CMCaptureCore.framework/Versions/A/CMCaptureCore
0x00007ff80ca24000 	/System/Library/PrivateFrameworks/AppServerSupport.framework/Versions/A/AppServerSupport
0x00007ff80ec01000 	/System/Library/PrivateFrameworks/perfdata.framework/Versions/A/perfdata
0x00007ff801f6f000 	/System/Library/PrivateFrameworks/AudioToolboxCore.framework/Versions/A/AudioToolboxCore
0x00007ff80953b000 	/System/Library/PrivateFrameworks/caulk.framework/Versions/A/caulk
0x00007ff80e525000 	/usr/lib/libAudioStatistics.dylib
0x00007ff905848000 	/System/Library/PrivateFrameworks/SystemPolicy.framework/Versions/A/SystemPolicy
0x00007ff80e77a000 	/usr/lib/libSMC.dylib
0x00007ff8175c4000 	/System/Library/Frameworks/CoreMIDI.framework/Versions/A/CoreMIDI
0x00007ff80d3d5000 	/usr/lib/libAudioToolboxUtility.dylib
0x00007ff901c5a000 	/System/Library/PrivateFrameworks/OSAServicesClient.framework/Versions/A/OSAServicesClient
0x00007ff80ec0e000 	/usr/lib/libperfcheck.dylib
0x00007ff9062da000 	/usr/lib/libmis.dylib
0x00007ffa187da000 	/System/Library/Frameworks/OpenGL.framework/Versions/A/Libraries/libGLU.dylib
0x00007ffa1879d000 	/System/Library/Frameworks/OpenGL.framework/Versions/A/Libraries/libGFXShared.dylib
0x00007ffa189ab000 	/System/Library/Frameworks/OpenGL.framework/Versions/A/Libraries/libGL.dylib
0x00007ffa187a6000 	/System/Library/Frameworks/OpenGL.framework/Versions/A/Libraries/libGLImage.dylib
0x00007ffa1879a000 	/System/Library/Frameworks/OpenGL.framework/Versions/A/Libraries/libCVMSPluginSupport.dylib
0x00007ffa18785000 	/System/Library/Frameworks/OpenGL.framework/Versions/A/Libraries/libCoreVMClient.dylib
0x00007ff80a09e000 	/System/Library/Frameworks/MetalPerformanceShaders.framework/Versions/A/Frameworks/MPSCore.framework/Versions/A/MPSCore
0x00007ff80b465000 	/System/Library/Frameworks/MetalPerformanceShaders.framework/Versions/A/Frameworks/MPSImage.framework/Versions/A/MPSImage
0x00007ff80af14000 	/System/Library/Frameworks/MetalPerformanceShaders.framework/Versions/A/Frameworks/MPSNeuralNetwork.framework/Versions/A/MPSNeuralNetwork
0x00007ff80b389000 	/System/Library/Frameworks/MetalPerformanceShaders.framework/Versions/A/Frameworks/MPSMatrix.framework/Versions/A/MPSMatrix
0x00007ff80b145000 	/System/Library/Frameworks/MetalPerformanceShaders.framework/Versions/A/Frameworks/MPSRayIntersector.framework/Versions/A/MPSRayIntersector
0x00007ff80b3c2000 	/System/Library/Frameworks/MetalPerformanceShaders.framework/Versions/A/Frameworks/MPSNDArray.framework/Versions/A/MPSNDArray
0x00007ffa1d39f000 	/System/Library/Frameworks/MetalPerformanceShaders.framework/Versions/A/Frameworks/MPSFunctions.framework/Versions/A/MPSFunctions
0x00007ff801271000 	/System/Library/PrivateFrameworks/MetalTools.framework/Versions/A/MetalTools
0x00007ff80a118000 	/System/Library/PrivateFrameworks/AggregateDictionary.framework/Versions/A/AggregateDictionary
0x00007ff80c25a000 	/usr/lib/libIOReport.dylib
0x00007ffa19dba000 	/System/Library/Frameworks/OpenCL.framework/Versions/A/OpenCL
0x00007ff80c5be000 	/System/Library/PrivateFrameworks/FaceCore.framework/Versions/A/FaceCore
0x00007ff80c5af000 	/System/Library/PrivateFrameworks/GraphVisualizer.framework/Versions/A/GraphVisualizer
0x00007ffb0472a000 	/System/Library/PrivateFrameworks/FontServices.framework/Versions/A/FontServices
0x00007ff80c9db000 	/System/Library/PrivateFrameworks/OTSVG.framework/Versions/A/OTSVG
0x00007ff807ef7000 	/System/Library/Frameworks/ApplicationServices.framework/Versions/A/Frameworks/ATS.framework/Versions/A/Resources/libFontRegistry.dylib
0x00007ff80ca2c000 	/System/Library/PrivateFrameworks/FontServices.framework/libhvf.dylib
0x00007ffb0472b000 	/System/Library/PrivateFrameworks/FontServices.framework/libXTFontStaticRegistryData.dylib
0x00007ff80c428000 	/System/Library/PrivateFrameworks/AppleVA.framework/Versions/A/AppleVA
0x00007ff80e549000 	/System/Library/Frameworks/ApplicationServices.framework/Versions/A/Frameworks/ATS.framework/Versions/A/ATS
0x00007ff8065c7000 	/System/Library/Frameworks/ApplicationServices.framework/Versions/A/Frameworks/HIServices.framework/Versions/A/HIServices
0x00007ff80d524000 	/System/Library/Frameworks/ApplicationServices.framework/Versions/A/Frameworks/PrintCore.framework/Versions/A/PrintCore
0x00007ff80e8cd000 	/System/Library/Frameworks/ApplicationServices.framework/Versions/A/Frameworks/QD.framework/Versions/A/QD
0x00007ff80e8c5000 	/System/Library/Frameworks/ApplicationServices.framework/Versions/A/Frameworks/ColorSyncLegacy.framework/Versions/A/ColorSyncLegacy
0x00007ff80e539000 	/System/Library/Frameworks/ApplicationServices.framework/Versions/A/Frameworks/SpeechSynthesis.framework/Versions/A/SpeechSynthesis
0x00007ff80d4e5000 	/System/Library/Frameworks/ApplicationServices.framework/Versions/A/Frameworks/ATSUI.framework/Versions/A/ATSUI
0x00007ff80e85a000 	/usr/lib/libcups.2.dylib
0x00007ff80ec1d000 	/System/Library/Frameworks/Kerberos.framework/Versions/A/Kerberos
0x00007ff80ec2c000 	/System/Library/Frameworks/GSS.framework/Versions/A/GSS
0x00007ff80e5b5000 	/usr/lib/libresolv.9.dylib
0x00007ff80ca3b000 	/System/Library/PrivateFrameworks/Heimdal.framework/Versions/A/Heimdal
0x00007ff81571a000 	/System/Library/Frameworks/Kerberos.framework/Versions/A/Libraries/libHeimdalProxy.dylib
0x00007ff807299000 	/System/Library/Frameworks/Network.framework/Versions/A/Network
0x00007ff80c492000 	/usr/lib/libheimdal-asn1.dylib
0x00007ff80ec78000 	/System/Library/PrivateFrameworks/CommonAuth.framework/Versions/A/CommonAuth
0x00007ff80e4b6000 	/System/Library/PrivateFrameworks/AudioSession.framework/Versions/A/AudioSession
0x00007ff80c522000 	/System/Library/PrivateFrameworks/MediaExperience.framework/Versions/A/MediaExperience
0x00007ff80e34a000 	/System/Library/PrivateFrameworks/AudioSession.framework/libSessionUtility.dylib
0x00007ff80e8d9000 	/System/Library/PrivateFrameworks/AudioResourceArbitration.framework/Versions/A/AudioResourceArbitration
0x00007ff8128cb000 	/System/Library/PrivateFrameworks/PowerLog.framework/Versions/A/PowerLog
0x00007ff80c49b000 	/System/Library/PrivateFrameworks/IconFoundation.framework/Versions/A/IconFoundation
0x00007ff8116e5000 	/System/Library/PrivateFrameworks/SpeechRecognitionCore.framework/Versions/A/SpeechRecognitionCore
0x000000010e487000 	/Library/Java/JavaVirtualMachines/zulu-8.jdk/Contents/Home/jre/lib/server/libjvm.dylib
0x000000010d697000 	/Library/Java/JavaVirtualMachines/zulu-8.jdk/Contents/Home/jre/lib/libverify.dylib
0x000000010d6eb000 	/Library/Java/JavaVirtualMachines/zulu-8.jdk/Contents/Home/jre/lib/libjava.dylib
0x000000010d72e000 	/Library/Java/JavaVirtualMachines/zulu-8.jdk/Contents/Home/jre/lib/libinstrument.dylib
0x000000010d762000 	/Library/Java/JavaVirtualMachines/zulu-8.jdk/Contents/Home/jre/lib/libzip.dylib
0x0000000115bb3000 	/Library/Java/JavaVirtualMachines/zulu-8.jdk/Contents/Home/jre/lib/libnio.dylib
0x0000000115beb000 	/Library/Java/JavaVirtualMachines/zulu-8.jdk/Contents/Home/jre/lib/libnet.dylib
0x0000000115bcb000 	/Library/Java/JavaVirtualMachines/zulu-8.jdk/Contents/Home/jre/lib/libprism_es2.dylib
0x00007ff8033f2000 	/System/Library/PrivateFrameworks/CoreServicesInternal.framework/Versions/A/CoreServicesInternal
0x00007ffa189b6000 	/System/Library/Frameworks/OpenGL.framework/Versions/A/Resources/GLEngine.bundle/GLEngine
0x00007ffa18818000 	/System/Library/Frameworks/OpenGL.framework/Versions/A/Libraries/libGLProgrammability.dylib
0x00007ffa0f5e6000 	/System/Library/Extensions/AppleIntelSKLGraphicsGLDriver.bundle/Contents/MacOS/AppleIntelSKLGraphicsGLDriver
0x00007ff9101be000 	/System/Library/PrivateFrameworks/GPUSupport.framework/Versions/A/Libraries/libGPUSupportMercury.dylib
0x00007ffa18b45000 	/System/Library/Frameworks/OpenGL.framework/Versions/A/Resources/GLRendererFloat.bundle/GLRendererFloat
0x00000001167e1000 	/Library/Java/JavaVirtualMachines/zulu-8.jdk/Contents/Home/jre/lib/libglass.dylib
0x00007ff812ebc000 	/System/Library/Frameworks/FileProvider.framework/Versions/A/FileProvider
0x00007ff807078000 	/System/Library/Frameworks/Accounts.framework/Versions/A/Accounts
0x00007ff813034000 	/System/Library/PrivateFrameworks/GenerationalStorage.framework/Versions/A/GenerationalStorage
0x00007ff813b46000 	/System/Library/PrivateFrameworks/CoreSymbolication.framework/Versions/A/CoreSymbolication
0x00007ff8128c0000 	/System/Library/PrivateFrameworks/SymptomDiagnosticReporter.framework/Versions/A/SymptomDiagnosticReporter
0x00007ff8046b6000 	/System/Library/PrivateFrameworks/DesktopServicesPriv.framework/Versions/A/DesktopServicesPriv
0x00007ff803533000 	/usr/lib/libsandbox.1.dylib
0x00007ff80838e000 	/System/Library/PrivateFrameworks/UserManagement.framework/Versions/A/UserManagement
0x00007ff813b0b000 	/System/Library/PrivateFrameworks/DebugSymbols.framework/Versions/A/DebugSymbols
0x00007ff80e8ba000 	/System/Library/PrivateFrameworks/NetAuth.framework/Versions/A/NetAuth
0x00007ff80f7a9000 	/System/Library/PrivateFrameworks/Sharing.framework/Versions/A/Sharing
0x00007ff808361000 	/System/Library/PrivateFrameworks/login.framework/Versions/A/Frameworks/loginsupport.framework/Versions/A/loginsupport
0x00007ff814c4c000 	/System/Library/PrivateFrameworks/Apple80211.framework/Versions/A/Apple80211
0x00007ff80b54a000 	/System/Library/PrivateFrameworks/AuthKit.framework/Versions/A/AuthKit
0x00007ff80aba0000 	/System/Library/PrivateFrameworks/CoreUtils.framework/Versions/A/CoreUtils
0x00007ff80aac7000 	/System/Library/Frameworks/CoreWLAN.framework/Versions/A/CoreWLAN
0x00007ff80f904000 	/System/Library/Frameworks/IOBluetooth.framework/Versions/A/IOBluetooth
0x00007ff814cb4000 	/System/Library/PrivateFrameworks/CoreWiFi.framework/Versions/A/CoreWiFi
0x00007ff8136e0000 	/System/Library/PrivateFrameworks/FrontBoardServices.framework/Versions/A/FrontBoardServices
0x00007ff813772000 	/System/Library/PrivateFrameworks/BoardServices.framework/Versions/A/BoardServices
0x00007ff80adba000 	/System/Library/PrivateFrameworks/AssertionServices.framework/Versions/A/AssertionServices
0x00007ff814e38000 	/System/Library/PrivateFrameworks/BackBoardServices.framework/Versions/A/BackBoardServices
0x00007ff80ed07000 	/System/Library/PrivateFrameworks/CorePhoneNumbers.framework/Versions/A/CorePhoneNumbers
0x00007ff8129dd000 	/System/Library/PrivateFrameworks/DiskManagement.framework/Versions/A/DiskManagement
0x00007ff8128f1000 	/System/Library/PrivateFrameworks/AppleIDAuthSupport.framework/Versions/A/AppleIDAuthSupport
0x00007ffa1f358000 	/System/Library/PrivateFrameworks/AAAFoundation.framework/Versions/A/AAAFoundation
0x00007ff80ece8000 	/System/Library/PrivateFrameworks/KeychainCircle.framework/Versions/A/KeychainCircle
0x00007ff8129a9000 	/System/Library/PrivateFrameworks/MediaKit.framework/Versions/A/MediaKit
0x00007ff8128fd000 	/System/Library/Frameworks/DiscRecording.framework/Versions/A/DiscRecording
0x00007ff80c3a0000 	/usr/lib/libCoreStorage.dylib
0x00007ff815127000 	/usr/lib/libcsfde.dylib
0x00007ff80f9d1000 	/System/Library/PrivateFrameworks/ProtectedCloudStorage.framework/Versions/A/ProtectedCloudStorage
0x00007ff815123000 	/System/Library/PrivateFrameworks/EFILogin.framework/Versions/A/EFILogin
0x00007ff81305a000 	/System/Library/PrivateFrameworks/OctagonTrust.framework/Versions/A/OctagonTrust
0x00007ffb03a4c000 	/System/Library/PrivateFrameworks/CoreUtilsExtras.framework/Versions/A/CoreUtilsExtras
0x00007ff812833000 	/System/Library/Frameworks/CoreBluetooth.framework/Versions/A/CoreBluetooth
0x00007ff81579f000 	/System/Library/Frameworks/AudioUnit.framework/Versions/A/AudioUnit
0x00007ff80c398000 	/usr/lib/libMatch.1.dylib
0x00007ff90a73e000 	/System/Library/Frameworks/Accelerate.framework/Versions/A/Frameworks/vImage.framework/Versions/A/Libraries/libCGInterfaces.dylib
0x0000000117cb6000 	/usr/lib/libobjc-trampolines.dylib
0x00007ff808087000 	/System/Library/PrivateFrameworks/ViewBridge.framework/Versions/A/ViewBridge
0x00007ff80caf5000 	/System/Library/PrivateFrameworks/login.framework/Versions/A/login
0x000000011a404000 	/Library/Java/JavaVirtualMachines/zulu-8.jdk/Contents/Home/jre/lib/libjavafx_iio.dylib
0x000000011a3de000 	/Library/Java/JavaVirtualMachines/zulu-8.jdk/Contents/Home/jre/lib/libjavafx_font.dylib
0x000000013024b000 	/Library/Java/JavaVirtualMachines/zulu-8.jdk/Contents/Home/jre/lib/libprism_common.dylib
0x00007ffb166c1000 	/usr/lib/libRosetta.dylib
0x00007ff811db0000 	/System/Library/PrivateFrameworks/SystemAdministration.framework/Versions/A/SystemAdministration
0x00007ff80d74c000 	/System/Library/Frameworks/MediaToolbox.framework/Versions/A/MediaToolbox
0x00007ff8116b1000 	/System/Library/Frameworks/DirectoryService.framework/Versions/A/DirectoryService
0x00007ff814fc5000 	/System/Library/PrivateFrameworks/DiskImages.framework/Versions/A/DiskImages
0x00007ff80ae62000 	/System/Library/Frameworks/ServiceManagement.framework/Versions/A/ServiceManagement
0x00007ff81519f000 	/System/Library/PrivateFrameworks/LoginUIKit.framework/Versions/A/Frameworks/LoginUICore.framework/Versions/A/LoginUICore
0x00007ff80cca3000 	/usr/lib/libodfde.dylib
0x00007ff812e8c000 	/System/Library/PrivateFrameworks/CoreAVCHD.framework/Versions/A/CoreAVCHD
0x00007ff811d74000 	/System/Library/Frameworks/MediaAccessibility.framework/Versions/A/MediaAccessibility
0x00007ff812e88000 	/System/Library/PrivateFrameworks/Mangrove.framework/Versions/A/Mangrove
0x00007ff811d7f000 	/System/Library/PrivateFrameworks/AlgosScoreFramework.framework/Versions/A/AlgosScoreFramework
0x00007ffb00e91000 	/System/Library/PrivateFrameworks/CMPhoto.framework/Versions/A/CMPhoto
0x00007ff8139e1000 	/System/Library/PrivateFrameworks/AppleVPA.framework/Versions/A/AppleVPA
0x00007ff812acd000 	/System/Library/PrivateFrameworks/CoreAUC.framework/Versions/A/CoreAUC
0x00007ff815133000 	/usr/lib/libcurl.4.dylib
0x00007ff814e90000 	/usr/lib/libcrypto.44.dylib
0x00007ff814f98000 	/usr/lib/libssl.46.dylib
0x00007ff814e56000 	/System/Library/Frameworks/LDAP.framework/Versions/A/LDAP
0x00007ff814e8e000 	/System/Library/PrivateFrameworks/TrustEvaluationAgent.framework/Versions/A/TrustEvaluationAgent
0x00007ff80e5ce000 	/usr/lib/libsasl2.2.dylib
0x00007ff811da4000 	/System/Library/PrivateFrameworks/CoreDaemon.framework/Versions/B/CoreDaemon
0x00007ff811d9f000 	/System/Library/PrivateFrameworks/AppleSRP.framework/Versions/A/AppleSRP
0x0000000133197000 	/Library/Java/JavaVirtualMachines/zulu-8.jdk/Contents/Home/jre/lib/libsunec.dylib

VM Arguments:
jvm_args: -javaagent:/Applications/IntelliJ IDEA.app/Contents/lib/idea_rt.jar=61341:/Applications/IntelliJ IDEA.app/Contents/bin -Dfile.encoding=UTF-8 
java_command: AppInitializer
java_class_path (initial): /Library/Java/JavaVirtualMachines/zulu-8.jdk/Contents/Home/jre/lib/charsets.jar:/Library/Java/JavaVirtualMachines/zulu-8.jdk/Contents/Home/jre/lib/crs-agent.jar:/Library/Java/JavaVirtualMachines/zulu-8.jdk/Contents/Home/jre/lib/ext/cldrdata.jar:/Library/Java/JavaVirtualMachines/zulu-8.jdk/Contents/Home/jre/lib/ext/dnsns.jar:/Library/Java/JavaVirtualMachines/zulu-8.jdk/Contents/Home/jre/lib/ext/jaccess.jar:/Library/Java/JavaVirtualMachines/zulu-8.jdk/Contents/Home/jre/lib/ext/jfxrt.jar:/Library/Java/JavaVirtualMachines/zulu-8.jdk/Contents/Home/jre/lib/ext/legacy8ujsse.jar:/Library/Java/JavaVirtualMachines/zulu-8.jdk/Contents/Home/jre/lib/ext/localedata.jar:/Library/Java/JavaVirtualMachines/zulu-8.jdk/Contents/Home/jre/lib/ext/nashorn.jar:/Library/Java/JavaVirtualMachines/zulu-8.jdk/Contents/Home/jre/lib/ext/openjsse.jar:/Library/Java/JavaVirtualMachines/zulu-8.jdk/Contents/Home/jre/lib/ext/sunec.jar:/Library/Java/JavaVirtualMachines/zulu-8.jdk/Contents/Home/jre/lib/ext/sunjce_provider.jar:/Library/Java/JavaVirtualMachines/zulu-8.jdk/Contents/Home/jre/lib/ext/sunpkcs11.jar:/Library/Java/JavaVirtualMachines/zulu-8.jdk/Contents/Home/jre/lib/ext/zipfs.jar:/Library/Java/JavaVirtualMachines/zulu-8.jdk/Contents/Home/jre/lib/jce.jar:/Library/Java/JavaVirtualMachines/zulu-8.jdk/Contents/Home/jre/lib/jfr.jar:/Library/Java/JavaVirtualMachines/zulu-8.jdk/Contents/Home/jre/lib/jfxswt.jar:/Library/Java/JavaVirtualMachines/zulu-8.jdk/Contents/Home/jre/lib/jsse.jar:/Library/Java/JavaVirtualMachines/zulu-8.jdk/Contents/Home/jre/lib/management-agent.jar:/Library/Java/JavaVirtualMachines/zulu-8.jdk/Contents/Home/jre/lib/resources.jar:/Library/Java/JavaVirtualMachines/zulu-8.jdk/Contents/Home/jre/lib/rt.jar:/Library/Java/JavaVirtualMachines/zulu-8.jdk/Contents/Home/lib/ant-javafx.jar:/Library/Java/JavaVirtualMachines/zulu-8.jdk/Contents/Home/lib/dt.jar:/Library/Java/JavaVirtualMachines/zulu-8.jdk/Contents/Home/lib/javafx-mx.jar:/Library/Java/JavaVirtualMachi
Launcher Type: SUN_STANDARD

Environment Variables:
PATH=/Users/kasunrachintha/opt/anaconda3/bin:/Library/Frameworks/Python.framework/Versions/3.9/bin:/usr/local/bin:/usr/bin:/bin:/usr/sbin:/sbin:/Applications/VMware Fusion.app/Contents/Public
SHELL=/bin/zsh

Signal Handlers:
SIGSEGV: [libjvm.dylib+0x5b2935], sa_mask[0]=11111111011111110111111111111111, sa_flags=SA_ONSTACK|SA_RESTART|SA_SIGINFO
SIGBUS: [libjvm.dylib+0x5b2935], sa_mask[0]=11111111011111110111111111111111, sa_flags=SA_RESTART|SA_SIGINFO
SIGFPE: [libjvm.dylib+0x4a1701], sa_mask[0]=11111111011111110111111111111111, sa_flags=SA_RESTART|SA_SIGINFO
SIGPIPE: [libjvm.dylib+0x4a1701], sa_mask[0]=11111111011111110111111111111111, sa_flags=SA_RESTART|SA_SIGINFO
SIGXFSZ: [libjvm.dylib+0x4a1701], sa_mask[0]=11111111011111110111111111111111, sa_flags=SA_RESTART|SA_SIGINFO
SIGILL: [libjvm.dylib+0x4a1701], sa_mask[0]=11111111011111110111111111111111, sa_flags=SA_RESTART|SA_SIGINFO
SIGUSR1: SIG_DFL, sa_mask[0]=00000000000000000000000000000000, sa_flags=none
SIGUSR2: [libjvm.dylib+0x4a1ff0], sa_mask[0]=00100000000000000000000000000000, sa_flags=SA_RESTART|SA_SIGINFO
SIGHUP: [libjvm.dylib+0x4a013f], sa_mask[0]=11111111011111110111111111111111, sa_flags=SA_RESTART|SA_SIGINFO
SIGINT: [libjvm.dylib+0x4a013f], sa_mask[0]=11111111011111110111111111111111, sa_flags=SA_RESTART|SA_SIGINFO
SIGTERM: [libjvm.dylib+0x4a013f], sa_mask[0]=11111111011111110111111111111111, sa_flags=SA_RESTART|SA_SIGINFO
SIGQUIT: [libjvm.dylib+0x4a013f], sa_mask[0]=11111111011111110111111111111111, sa_flags=SA_RESTART|SA_SIGINFO


---------------  S Y S T E M  ---------------

OS:Bsduname:Darwin 21.3.0 Darwin Kernel Version 21.3.0: Wed Jan  5 21:37:58 PST 2022; root:xnu-8019.80.24~20/RELEASE_X86_64 x86_64
rlimit: STACK 8192k, CORE 0k, NPROC 1392, NOFILE 10240, AS infinity
load average:2.92 3.21 3.05

CPU:total 4 (initial active 4) (2 cores per cpu, 2 threads per core) family 6 model 78 stepping 3, cmov, cx8, fxsr, mmx, sse, sse2, sse3, ssse3, sse4.1, sse4.2, popcnt, avx, avx2, aes, clmul, erms, 3dnowpref, lzcnt, ht, tsc, tscinvbit, bmi1, bmi2, adx

Memory: 4k page, physical 8388608k(18376k free)

/proc/meminfo:


vm_info: OpenJDK 64-Bit Server VM (25.312-b07) for bsd-amd64 JRE (Zulu 8.58.0.13-CA-macosx) (1.8.0_312-b07), built on Oct 11 2021 08:36:41 by "zulu_re" with gcc 4.2.1 Compatible Apple LLVM 11.0.0 (clang-1100.0.33.17)

time: Tue Mar 22 15:51:09 2022
timezone: +0530
elapsed time: 79.223148 seconds (0d 0h 1m 19s)

