#
# A fatal error has been detected by the Java Runtime Environment:
#
#  INVALID (0xe0000000) at pc=0x0000000000000000, pid=2408, tid=0x0000000000005f0f
#  fatal error: Illegal threadstate encountered: 4
#
# JRE version: OpenJDK Runtime Environment (Zulu 8.58.0.13-CA-macosx) (8.0_312-b07) (build 1.8.0_312-b07)
# Java VM: OpenJDK 64-Bit Server VM (25.312-b07 mixed mode bsd-amd64 compressed oops)
# Failed to write core dump. Core dumps have been disabled. To enable core dumping, try "ulimit -c unlimited" before starting Java again
#
# If you would like to submit a bug report, please visit:
#   http://www.azul.com/support/
# The crash happened outside the Java Virtual Machine in native code.
# See problematic frame for where to report the bug.
#

---------------  T H R E A D  ---------------

Current thread (0x00007ff38c918800):  JavaThread "Thread-1" daemon [_thread_in_native, id=24335, stack(0x0000700004510000,0x0000700004610000)]

Stack: [0x0000700004510000,0x0000700004610000],  sp=0x000070000460f010,  free space=1020k
Native frames: (J=compiled Java code, j=interpreted, Vv=VM code, C=native code)
V  [libjvm.dylib+0x5b1e72]
V  [libjvm.dylib+0x1d77b3]
V  [libjvm.dylib+0x4fb301]
V  [libjvm.dylib+0x576b31]
V  [libjvm.dylib+0x30e798]
C  [libglass.dylib+0x9e88]  -[GlassRunnable dealloc]+0x28
C  [Foundation+0x80eab]  -[_NSThreadPerformInfo dealloc]+0x2a
C  [Foundation+0x4dcd7]  -[NSObject(NSThreadPerformAdditions) performSelectorOnMainThread:withObject:waitUntilDone:]+0x7c
J 3675  com.sun.glass.ui.mac.MacApplication._submitForLaterInvocation(Ljava/lang/Runnable;)V (0 bytes) @ 0x000000010fecc0bc [0x000000010fecc000+0xbc]
J 4109 C1 com.sun.glass.ui.mac.MacApplication.submitForLaterInvocation(Ljava/lang/Runnable;)V (6 bytes) @ 0x00000001100415bc [0x0000000110041540+0x7c]
j  com.sun.glass.ui.InvokeLaterDispatcher.run()V+82
v  ~StubRoutines::call_stub
V  [libjvm.dylib+0x2d7e24]
V  [libjvm.dylib+0x2d6c7e]
V  [libjvm.dylib+0x2d6e5f]
V  [libjvm.dylib+0x35324b]
V  [libjvm.dylib+0x57538a]
V  [libjvm.dylib+0x57523d]
V  [libjvm.dylib+0x49f1f7]
C  [libsystem_pthread.dylib+0x64f4]  _pthread_start+0x7d
C  [libsystem_pthread.dylib+0x200f]  thread_start+0xf
C  0x0000000000000000

Java frames: (J=compiled Java code, j=interpreted, Vv=VM code)
J 3675  com.sun.glass.ui.mac.MacApplication._submitForLaterInvocation(Ljava/lang/Runnable;)V (0 bytes) @ 0x000000010fecc04c [0x000000010fecc000+0x4c]
J 4109 C1 com.sun.glass.ui.mac.MacApplication.submitForLaterInvocation(Ljava/lang/Runnable;)V (6 bytes) @ 0x00000001100415bc [0x0000000110041540+0x7c]
j  com.sun.glass.ui.InvokeLaterDispatcher.run()V+82
v  ~StubRoutines::call_stub

---------------  P R O C E S S  ---------------

Java Threads: ( => current thread )
  0x00007ff38d200000 JavaThread "mysql-cj-abandoned-connection-cleanup" daemon [_thread_blocked, id=59779, stack(0x0000700004c2b000,0x0000700004d2b000)]
  0x00007ff38db00800 JavaThread "PulseTimer-CVDisplayLink thread" daemon [_thread_in_native, id=1831, stack(0x000070000481c000,0x000070000489c000)]
  0x00007ff38da96800 JavaThread "Prism Font Disposer" daemon [_thread_blocked, id=84175, stack(0x0000700004b28000,0x0000700004c28000)]
  0x00007ff38da2b000 JavaThread "Attach Listener" daemon [_thread_blocked, id=57099, stack(0x0000700004a25000,0x0000700004b25000)]
  0x00007ff38d16f000 JavaThread "JavaFX-Launcher" [_thread_blocked, id=52999, stack(0x0000700004922000,0x0000700004a22000)]
  0x00007ff38d12a800 JavaThread "JavaFX Application Thread" [_thread_in_native, id=259, stack(0x00007ff7b82fd000,0x00007ff7b8afd000)]
=>0x00007ff38c918800 JavaThread "Thread-1" daemon [_thread_in_native, id=24335, stack(0x0000700004510000,0x0000700004610000)]
  0x00007ff38d8aa800 JavaThread "QuantumRenderer-0" daemon [_thread_blocked, id=17667, stack(0x000070000440d000,0x000070000450d000)]
  0x00007ff38d072000 JavaThread "Service Thread" daemon [_thread_blocked, id=18435, stack(0x0000700004207000,0x0000700004307000)]
  0x00007ff38c871800 JavaThread "C1 CompilerThread2" daemon [_thread_blocked, id=15363, stack(0x0000700004104000,0x0000700004204000)]
  0x00007ff38e834000 JavaThread "C2 CompilerThread1" daemon [_thread_blocked, id=14851, stack(0x0000700004001000,0x0000700004101000)]
  0x00007ff38d85c000 JavaThread "C2 CompilerThread0" daemon [_thread_blocked, id=14339, stack(0x0000700003efe000,0x0000700003ffe000)]
  0x00007ff38d070800 JavaThread "Monitor Ctrl-Break" daemon [_thread_in_native, id=13827, stack(0x0000700003dfb000,0x0000700003efb000)]
  0x00007ff38d037800 JavaThread "Signal Dispatcher" daemon [_thread_blocked, id=13571, stack(0x0000700003cf8000,0x0000700003df8000)]
  0x00007ff38d034800 JavaThread "Finalizer" daemon [_thread_blocked, id=20995, stack(0x0000700003a6c000,0x0000700003b6c000)]
  0x00007ff38e80c000 JavaThread "Reference Handler" daemon [_thread_blocked, id=12035, stack(0x0000700003969000,0x0000700003a69000)]
  0x00007ff38e809000 JavaThread "main" [_thread_blocked, id=5635, stack(0x0000700003357000,0x0000700003457000)]

Other Threads:
  0x00007ff38d82b800 VMThread [stack: 0x0000700003866000,0x0000700003966000] [id=11523]
  0x00007ff38d871800 WatcherThread [stack: 0x000070000430a000,0x000070000440a000] [id=15875]

VM state:not at safepoint (normal execution)

VM Mutex/Monitor currently owned by a thread: None

heap address: 0x0000000740000000, size: 2048 MB, Compressed Oops mode: Zero based, Oop shift amount: 3
Narrow klass base: 0x0000000000000000, Narrow klass shift: 3
Compressed class space size: 1073741824 Address: 0x00000007c0000000

Heap:
 PSYoungGen      total 66560K, used 41526K [0x0000000795580000, 0x000000079a080000, 0x00000007c0000000)
  eden space 61440K, 59% used [0x0000000795580000,0x000000079790e090,0x0000000799180000)
  from space 5120K, 99% used [0x0000000799b80000,0x000000079a07f870,0x000000079a080000)
  to   space 5120K, 0% used [0x0000000799680000,0x0000000799680000,0x0000000799b80000)
 ParOldGen       total 111104K, used 58015K [0x0000000740000000, 0x0000000746c80000, 0x0000000795580000)
  object space 111104K, 52% used [0x0000000740000000,0x00000007438a7c88,0x0000000746c80000)
 Metaspace       used 29039K, capacity 30454K, committed 30592K, reserved 1075200K
  class space    used 3877K, capacity 4152K, committed 4224K, reserved 1048576K

Card table byte_map: [0x00000001079e6000,0x0000000107de7000] byte_map_base: 0x0000000103fe6000

Marking Bits: (ParMarkBitMap*) 0x0000000108a67948
 Begin Bits: [0x0000000109177000, 0x000000010b177000)
 End Bits:   [0x000000010b177000, 0x000000010d177000)

Polling page: 0x000000010753b000

CodeCache: size=245760Kb used=15215Kb max_used=15227Kb free=230544Kb
 bounds [0x000000010f38f000, 0x000000011027f000, 0x000000011e38f000]
 total_blobs=5540 nmethods=4761 adapters=690
 compilation: enabled

Compilation events (10 events):
Event: 16.287 Thread 0x00007ff38c871800 4775   !   3       com.sun.javafx.sg.prism.CacheFilter::impl_createImageData (47 bytes)
Event: 16.288 Thread 0x00007ff38c871800 nmethod 4775 0x0000000110272550 code [0x0000000110272720, 0x0000000110272d98]
Event: 16.288 Thread 0x00007ff38c871800 4776       3       com.sun.javafx.sg.prism.CacheFilter::impl_renderNodeToCache (188 bytes)
Event: 16.289 Thread 0x00007ff38c871800 nmethod 4776 0x0000000110273150 code [0x0000000110273420, 0x0000000110274ab8]
Event: 16.298 Thread 0x00007ff38e834000 nmethod 4768 0x00000001102767d0 code [0x0000000110276a80, 0x0000000110277758]
Event: 16.302 Thread 0x00007ff38c871800 4777       3       com.sun.scenario.effect.Color4f::getPremultipliedRGBComponents (49 bytes)
Event: 16.302 Thread 0x00007ff38c871800 nmethod 4777 0x0000000110269610 code [0x0000000110269780, 0x0000000110269990]
Event: 16.303 Thread 0x00007ff38d85c000 4778       4       javafx.scene.layout.Region::getBackground (11 bytes)
Event: 16.304 Thread 0x00007ff38d85c000 nmethod 4778 0x0000000110269290 code [0x00000001102693e0, 0x00000001102694d8]
Event: 16.320 Thread 0x00007ff38e834000 4779       4       com.sun.prism.impl.VertexBuffer::addQuad (444 bytes)

GC Heap History (10 events):
Event: 1.828 GC heap before
{Heap before GC invocations=1 (full 0):
 PSYoungGen      total 38400K, used 33280K [0x0000000795580000, 0x0000000798000000, 0x00000007c0000000)
  eden space 33280K, 100% used [0x0000000795580000,0x0000000797600000,0x0000000797600000)
  from space 5120K, 0% used [0x0000000797b00000,0x0000000797b00000,0x0000000798000000)
  to   space 5120K, 0% used [0x0000000797600000,0x0000000797600000,0x0000000797b00000)
 ParOldGen       total 87552K, used 46875K [0x0000000740000000, 0x0000000745580000, 0x0000000795580000)
  object space 87552K, 53% used [0x0000000740000000,0x0000000742dc6c10,0x0000000745580000)
 Metaspace       used 12026K, capacity 12402K, committed 12800K, reserved 1060864K
  class space    used 1569K, capacity 1692K, committed 1792K, reserved 1048576K
Event: 1.839 GC heap after
Heap after GC invocations=1 (full 0):
 PSYoungGen      total 38400K, used 5088K [0x0000000795580000, 0x0000000798000000, 0x00000007c0000000)
  eden space 33280K, 0% used [0x0000000795580000,0x0000000795580000,0x0000000797600000)
  from space 5120K, 99% used [0x0000000797600000,0x0000000797af82a8,0x0000000797b00000)
  to   space 5120K, 0% used [0x0000000797b00000,0x0000000797b00000,0x0000000798000000)
 ParOldGen       total 87552K, used 49186K [0x0000000740000000, 0x0000000745580000, 0x0000000795580000)
  object space 87552K, 56% used [0x0000000740000000,0x0000000743008910,0x0000000745580000)
 Metaspace       used 12026K, capacity 12402K, committed 12800K, reserved 1060864K
  class space    used 1569K, capacity 1692K, committed 1792K, reserved 1048576K
}
Event: 7.548 GC heap before
{Heap before GC invocations=2 (full 0):
 PSYoungGen      total 38400K, used 38368K [0x0000000795580000, 0x0000000798000000, 0x00000007c0000000)
  eden space 33280K, 100% used [0x0000000795580000,0x0000000797600000,0x0000000797600000)
  from space 5120K, 99% used [0x0000000797600000,0x0000000797af82a8,0x0000000797b00000)
  to   space 5120K, 0% used [0x0000000797b00000,0x0000000797b00000,0x0000000798000000)
 ParOldGen       total 87552K, used 49186K [0x0000000740000000, 0x0000000745580000, 0x0000000795580000)
  object space 87552K, 56% used [0x0000000740000000,0x0000000743008910,0x0000000745580000)
 Metaspace       used 19437K, capacity 20156K, committed 20352K, reserved 1067008K
  class space    used 2743K, capacity 2929K, committed 2944K, reserved 1048576K
Event: 7.560 GC heap after
Heap after GC invocations=2 (full 0):
 PSYoungGen      total 38400K, used 5088K [0x0000000795580000, 0x0000000798000000, 0x00000007c0000000)
  eden space 33280K, 0% used [0x0000000795580000,0x0000000795580000,0x0000000797600000)
  from space 5120K, 99% used [0x0000000797b00000,0x0000000797ff8050,0x0000000798000000)
  to   space 5120K, 0% used [0x0000000797600000,0x0000000797600000,0x0000000797b00000)
 ParOldGen       total 87552K, used 58214K [0x0000000740000000, 0x0000000745580000, 0x0000000795580000)
  object space 87552K, 66% used [0x0000000740000000,0x00000007438d98b8,0x0000000745580000)
 Metaspace       used 19437K, capacity 20156K, committed 20352K, reserved 1067008K
  class space    used 2743K, capacity 2929K, committed 2944K, reserved 1048576K
}
Event: 7.652 GC heap before
{Heap before GC invocations=3 (full 0):
 PSYoungGen      total 38400K, used 11808K [0x0000000795580000, 0x0000000798000000, 0x00000007c0000000)
  eden space 33280K, 20% used [0x0000000795580000,0x0000000795c100f0,0x0000000797600000)
  from space 5120K, 99% used [0x0000000797b00000,0x0000000797ff8050,0x0000000798000000)
  to   space 5120K, 0% used [0x0000000797600000,0x0000000797600000,0x0000000797b00000)
 ParOldGen       total 87552K, used 58214K [0x0000000740000000, 0x0000000745580000, 0x0000000795580000)
  object space 87552K, 66% used [0x0000000740000000,0x00000007438d98b8,0x0000000745580000)
 Metaspace       used 20480K, capacity 21202K, committed 21248K, reserved 1067008K
  class space    used 2857K, capacity 3064K, committed 3072K, reserved 1048576K
Event: 7.662 GC heap after
Heap after GC invocations=3 (full 0):
 PSYoungGen      total 38400K, used 5088K [0x0000000795580000, 0x000000079a080000, 0x00000007c0000000)
  eden space 33280K, 0% used [0x0000000795580000,0x0000000795580000,0x0000000797600000)
  from space 5120K, 99% used [0x0000000797600000,0x0000000797af8070,0x0000000797b00000)
  to   space 5120K, 0% used [0x0000000799b80000,0x0000000799b80000,0x000000079a080000)
 ParOldGen       total 87552K, used 58985K [0x0000000740000000, 0x0000000745580000, 0x0000000795580000)
  object space 87552K, 67% used [0x0000000740000000,0x000000074399a7a0,0x0000000745580000)
 Metaspace       used 20480K, capacity 21202K, committed 21248K, reserved 1067008K
  class space    used 2857K, capacity 3064K, committed 3072K, reserved 1048576K
}
Event: 7.662 GC heap before
{Heap before GC invocations=4 (full 1):
 PSYoungGen      total 38400K, used 5088K [0x0000000795580000, 0x000000079a080000, 0x00000007c0000000)
  eden space 33280K, 0% used [0x0000000795580000,0x0000000795580000,0x0000000797600000)
  from space 5120K, 99% used [0x0000000797600000,0x0000000797af8070,0x0000000797b00000)
  to   space 5120K, 0% used [0x0000000799b80000,0x0000000799b80000,0x000000079a080000)
 ParOldGen       total 87552K, used 58985K [0x0000000740000000, 0x0000000745580000, 0x0000000795580000)
  object space 87552K, 67% used [0x0000000740000000,0x000000074399a7a0,0x0000000745580000)
 Metaspace       used 20480K, capacity 21202K, committed 21248K, reserved 1067008K
  class space    used 2857K, capacity 3064K, committed 3072K, reserved 1048576K
Event: 7.703 GC heap after
Heap after GC invocations=4 (full 1):
 PSYoungGen      total 38400K, used 0K [0x0000000795580000, 0x000000079a080000, 0x00000007c0000000)
  eden space 33280K, 0% used [0x0000000795580000,0x0000000795580000,0x0000000797600000)
  from space 5120K, 0% used [0x0000000797600000,0x0000000797600000,0x0000000797b00000)
  to   space 5120K, 0% used [0x0000000799b80000,0x0000000799b80000,0x000000079a080000)
 ParOldGen       total 111104K, used 56243K [0x0000000740000000, 0x0000000746c80000, 0x0000000795580000)
  object space 111104K, 50% used [0x0000000740000000,0x00000007436ecf20,0x0000000746c80000)
 Metaspace       used 20480K, capacity 21202K, committed 21248K, reserved 1067008K
  class space    used 2857K, capacity 3064K, committed 3072K, reserved 1048576K
}
Event: 8.539 GC heap before
{Heap before GC invocations=5 (full 1):
 PSYoungGen      total 38400K, used 32358K [0x0000000795580000, 0x000000079a080000, 0x00000007c0000000)
  eden space 33280K, 97% used [0x0000000795580000,0x0000000797519a28,0x0000000797600000)
  from space 5120K, 0% used [0x0000000797600000,0x0000000797600000,0x0000000797b00000)
  to   space 5120K, 0% used [0x0000000799b80000,0x0000000799b80000,0x000000079a080000)
 ParOldGen       total 111104K, used 56243K [0x0000000740000000, 0x0000000746c80000, 0x0000000795580000)
  object space 111104K, 50% used [0x0000000740000000,0x00000007436ecf20,0x0000000746c80000)
 Metaspace       used 27466K, capacity 28750K, committed 28928K, reserved 1075200K
  class space    used 3769K, capacity 4030K, committed 4096K, reserved 1048576K
Event: 8.550 GC heap after
Heap after GC invocations=5 (full 1):
 PSYoungGen      total 66560K, used 5118K [0x0000000795580000, 0x000000079a080000, 0x00000007c0000000)
  eden space 61440K, 0% used [0x0000000795580000,0x0000000795580000,0x0000000799180000)
  from space 5120K, 99% used [0x0000000799b80000,0x000000079a07f870,0x000000079a080000)
  to   space 5120K, 0% used [0x0000000799680000,0x0000000799680000,0x0000000799b80000)
 ParOldGen       total 111104K, used 58015K [0x0000000740000000, 0x0000000746c80000, 0x0000000795580000)
  object space 111104K, 52% used [0x0000000740000000,0x00000007438a7c88,0x0000000746c80000)
 Metaspace       used 27466K, capacity 28750K, committed 28928K, reserved 1075200K
  class space    used 3769K, capacity 4030K, committed 4096K, reserved 1048576K
}

Deoptimization events (10 events):
Event: 10.787 Thread 0x00007ff38d8aa800 Uncommon trap: reason=unstable_if action=reinterpret pc=0x000000010f886b64 method=com.sun.javafx.geom.RectBounds.isEmpty()Z @ 21
Event: 11.197 Thread 0x00007ff38d12a800 Uncommon trap: reason=predicate action=maybe_recompile pc=0x000000010ff3c674 method=java.util.ArrayList.remove(Ljava/lang/Object;)Z @ 49
Event: 11.637 Thread 0x00007ff38d12a800 Uncommon trap: reason=unstable_if action=reinterpret pc=0x000000010ffc43d0 method=javafx.scene.Node.markDirtyLayoutBranch()V @ 16
Event: 11.650 Thread 0x00007ff38d12a800 Uncommon trap: reason=unstable_if action=reinterpret pc=0x000000010ffa67e0 method=javafx.scene.Node.updateBounds()V @ 70
Event: 11.852 Thread 0x00007ff38d8aa800 Uncommon trap: reason=unstable_if action=reinterpret pc=0x000000010fc632e4 method=java.lang.Math.round(F)I @ 36
Event: 12.701 Thread 0x00007ff38d12a800 Uncommon trap: reason=array_check action=maybe_recompile pc=0x000000011001e1f0 method=com.sun.javafx.css.CompoundSelector.applies(Ljavafx/css/Styleable;[Ljava/util/Set;I)Z @ 128
Event: 12.701 Thread 0x00007ff38d12a800 Uncommon trap: reason=array_check action=maybe_recompile pc=0x000000011001e1f0 method=com.sun.javafx.css.CompoundSelector.applies(Ljavafx/css/Styleable;[Ljava/util/Set;I)Z @ 128
Event: 12.701 Thread 0x00007ff38d12a800 Uncommon trap: reason=array_check action=maybe_recompile pc=0x000000011001e1f0 method=com.sun.javafx.css.CompoundSelector.applies(Ljavafx/css/Styleable;[Ljava/util/Set;I)Z @ 128
Event: 12.701 Thread 0x00007ff38d12a800 Uncommon trap: reason=array_check action=maybe_recompile pc=0x000000011001e1f0 method=com.sun.javafx.css.CompoundSelector.applies(Ljavafx/css/Styleable;[Ljava/util/Set;I)Z @ 128
Event: 16.269 Thread 0x00007ff38d8aa800 Uncommon trap: reason=unstable_if action=reinterpret pc=0x000000010ffc70b8 method=com.sun.javafx.geom.transform.AffineBase.translate(DD)V @ 492

Classes redefined (0 events):
No events

Internal exceptions (10 events):
Event: 1.222 Thread 0x00007ff38d12a800 Exception <a 'java/lang/NullPointerException'> (0x0000000796d17cc0) thrown at [/Users/tester/jenkins/workspace/zulu8-build-macosx/zulu-src/hotspot/src/share/vm/interpreter/linkResolver.cpp, line 1185]
Event: 1.222 Thread 0x00007ff38d12a800 Exception <a 'java/lang/NullPointerException'> (0x0000000796d17cc0) thrown at [/Users/tester/jenkins/workspace/zulu8-build-macosx/zulu-src/hotspot/src/share/vm/prims/jvm.cpp, line 1533]
Event: 1.283 Thread 0x00007ff38d12a800 Exception <a 'java/io/FileNotFoundException'> (0x0000000796f81f58) thrown at [/Users/tester/jenkins/workspace/zulu8-build-macosx/zulu-src/hotspot/src/share/vm/prims/jni.cpp, line 711]
Event: 2.122 Thread 0x00007ff38d12a800 Implicit null exception at 0x000000010f68807b to 0x000000010f688845
Event: 7.462 Thread 0x00007ff38d12a800 Implicit null exception at 0x000000010f5fd1b5 to 0x000000010f5fd569
Event: 8.102 Thread 0x00007ff38d12a800 Exception <a 'java/io/FileNotFoundException'> (0x00000007966ad3c8) thrown at [/Users/tester/jenkins/workspace/zulu8-build-macosx/zulu-src/hotspot/src/share/vm/prims/jni.cpp, line 711]
Event: 8.107 Thread 0x00007ff38d12a800 Exception <a 'java/io/FileNotFoundException'> (0x00000007966edb70) thrown at [/Users/tester/jenkins/workspace/zulu8-build-macosx/zulu-src/hotspot/src/share/vm/prims/jni.cpp, line 711]
Event: 8.110 Thread 0x00007ff38d12a800 Exception <a 'java/io/FileNotFoundException'> (0x000000079670b0d8) thrown at [/Users/tester/jenkins/workspace/zulu8-build-macosx/zulu-src/hotspot/src/share/vm/prims/jni.cpp, line 711]
Event: 8.112 Thread 0x00007ff38d12a800 Exception <a 'java/io/FileNotFoundException'> (0x000000079671c450) thrown at [/Users/tester/jenkins/workspace/zulu8-build-macosx/zulu-src/hotspot/src/share/vm/prims/jni.cpp, line 711]
Event: 8.113 Thread 0x00007ff38d12a800 Exception <a 'java/io/FileNotFoundException'> (0x000000079672d828) thrown at [/Users/tester/jenkins/workspace/zulu8-build-macosx/zulu-src/hotspot/src/share/vm/prims/jni.cpp, line 711]

Events (10 events):
Event: 13.901 loading class model/PetProduct done
Event: 15.781 loading class view/tm/CartTm
Event: 15.781 loading class view/tm/CartTm done
Event: 15.781 loading class controller/EmployeePlaceOrderFormController
Event: 15.781 loading class controller/EmployeePlaceOrderFormController done
Event: 16.016 loading class java/util/AbstractList$1
Event: 16.016 loading class java/util/AbstractList$1 done
Event: 16.269 Thread 0x00007ff38d8aa800 Uncommon trap: trap_request=0xffffff65 fr.pc=0x000000010ffc70b8
Event: 16.269 Thread 0x00007ff38d8aa800 DEOPT PACKING pc=0x000000010ffc70b8 sp=0x000070000450bd60
Event: 16.269 Thread 0x00007ff38d8aa800 DEOPT UNPACKING pc=0x000000010f3d457a sp=0x000070000450bd00 mode 2


Dynamic libraries:
0x00007ff81f9bd000 	/System/Library/Frameworks/Cocoa.framework/Versions/A/Cocoa
0x00007ff80b82e000 	/System/Library/Frameworks/AppKit.framework/Versions/C/AppKit
0x00007ff80ed2a000 	/System/Library/Frameworks/CoreData.framework/Versions/A/CoreData
0x00007ff809c45000 	/System/Library/Frameworks/Foundation.framework/Versions/C/Foundation
0x00007ff813af2000 	/usr/lib/libSystem.B.dylib
0x00007ff80c6c0000 	/System/Library/PrivateFrameworks/UIFoundation.framework/Versions/A/UIFoundation
0x00007ff819969000 	/System/Library/PrivateFrameworks/RemoteViewServices.framework/Versions/A/RemoteViewServices
0x00007ff811d54000 	/System/Library/PrivateFrameworks/XCTTargetBootstrap.framework/Versions/A/XCTTargetBootstrap
0x00007ff815902000 	/System/Library/PrivateFrameworks/InternationalSupport.framework/Versions/A/InternationalSupport
0x00007ff81598c000 	/System/Library/PrivateFrameworks/UserActivity.framework/Versions/A/UserActivity
0x00007ff814ce2000 	/usr/lib/libspindump.dylib
0x00007ff80c94e000 	/System/Library/Frameworks/UniformTypeIdentifiers.framework/Versions/A/UniformTypeIdentifiers
0x00007ff81048d000 	/usr/lib/libapp_launch_measurement.dylib
0x00007ff80f6f6000 	/System/Library/PrivateFrameworks/CoreAnalytics.framework/Versions/A/CoreAnalytics
0x00007ff810490000 	/System/Library/PrivateFrameworks/CoreAutoLayout.framework/Versions/A/CoreAutoLayout
0x00007ff8116b0000 	/System/Library/Frameworks/Metal.framework/Versions/A/Metal
0x00007ff8123ca000 	/usr/lib/liblangid.dylib
0x00007ff811d58000 	/System/Library/PrivateFrameworks/CoreSVG.framework/Versions/A/CoreSVG
0x00007ff80dd15000 	/System/Library/PrivateFrameworks/SkyLight.framework/Versions/A/SkyLight
0x00007ff80e0ab000 	/System/Library/Frameworks/CoreGraphics.framework/Versions/A/CoreGraphics
0x00007ff819fd8000 	/System/Library/Frameworks/Accelerate.framework/Versions/A/Accelerate
0x00007ff81475d000 	/System/Library/PrivateFrameworks/IconServices.framework/Versions/A/IconServices
0x00007ff811695000 	/System/Library/Frameworks/IOSurface.framework/Versions/A/IOSurface
0x00007ff80f724000 	/usr/lib/libDiagnosticMessagesClient.dylib
0x00007ff813a12000 	/usr/lib/libz.1.dylib
0x00007ff81d649000 	/System/Library/Frameworks/ApplicationServices.framework/Versions/A/ApplicationServices
0x00007ff811d40000 	/System/Library/PrivateFrameworks/DFRFoundation.framework/Versions/A/DFRFoundation
0x00007ff80b11f000 	/usr/lib/libicucore.A.dylib
0x00007ff816627000 	/System/Library/Frameworks/AudioToolbox.framework/Versions/A/AudioToolbox
0x00007ff81590e000 	/System/Library/PrivateFrameworks/DataDetectorsCore.framework/Versions/A/DataDetectorsCore
0x00007ff911266000 	/System/Library/PrivateFrameworks/TextInput.framework/Versions/A/TextInput
0x00007ff80dc99000 	/usr/lib/libMobileGestalt.dylib
0x00007ff811a48000 	/System/Library/Frameworks/Carbon.framework/Versions/A/Frameworks/HIToolbox.framework/Versions/A/HIToolbox
0x00007ff80feba000 	/System/Library/Frameworks/QuartzCore.framework/Versions/A/QuartzCore
0x00007ff80adbf000 	/System/Library/Frameworks/Security.framework/Versions/A/Security
0x00007ff8199a1000 	/System/Library/Frameworks/Carbon.framework/Versions/A/Frameworks/SpeechRecognition.framework/Versions/A/SpeechRecognition
0x00007ff8101ed000 	/System/Library/PrivateFrameworks/CoreUI.framework/Versions/A/CoreUI
0x00007ff80a697000 	/System/Library/Frameworks/CoreAudio.framework/Versions/A/CoreAudio
0x00007ff80f812000 	/System/Library/Frameworks/DiskArbitration.framework/Versions/A/DiskArbitration
0x00007ff8150c9000 	/System/Library/PrivateFrameworks/MultitouchSupport.framework/Versions/A/MultitouchSupport
0x00007ff80dc98000 	/usr/lib/libenergytrace.dylib
0x00007ff80b71a000 	/System/Library/Frameworks/IOKit.framework/Versions/A/IOKit
0x00007ff819d8d000 	/System/Library/Frameworks/CoreServices.framework/Versions/A/CoreServices
0x00007ff810427000 	/System/Library/PrivateFrameworks/PerformanceAnalysis.framework/Versions/A/PerformanceAnalysis
0x00007ffa20a36000 	/System/Library/Frameworks/OpenGL.framework/Versions/A/OpenGL
0x00007ff81303f000 	/System/Library/PrivateFrameworks/MobileKeyBag.framework/Versions/A/MobileKeyBag
0x00007ff808c06000 	/usr/lib/libobjc.A.dylib
0x00007ff80e777000 	/System/Library/Frameworks/ColorSync.framework/Versions/A/ColorSync
0x00007ff808dbf000 	/System/Library/Frameworks/CoreFoundation.framework/Versions/A/CoreFoundation
0x00007ff811fd1000 	/System/Library/Frameworks/CoreImage.framework/Versions/A/CoreImage
0x00007ff80a4ad000 	/System/Library/Frameworks/CoreText.framework/Versions/A/CoreText
0x00007ff811d87000 	/System/Library/Frameworks/ImageIO.framework/Versions/A/ImageIO
0x00007ff813af8000 	/System/Library/PrivateFrameworks/SoftLinking.framework/Versions/A/SoftLinking
0x00007ff8104d8000 	/usr/lib/libxml2.2.dylib
0x00007ff808ccc000 	/usr/lib/libc++.1.dylib
0x00007ff813d7c000 	/usr/lib/libcompression.dylib
0x00007ff815838000 	/System/Library/PrivateFrameworks/TextureIO.framework/Versions/A/TextureIO
0x00007ff81446f000 	/usr/lib/libate.dylib
0x00007ff813aed000 	/usr/lib/system/libcache.dylib
0x00007ff813aa9000 	/usr/lib/system/libcommonCrypto.dylib
0x00007ff813ad2000 	/usr/lib/system/libcompiler_rt.dylib
0x00007ff813ac8000 	/usr/lib/system/libcopyfile.dylib
0x00007ff808b00000 	/usr/lib/system/libcorecrypto.dylib
0x00007ff808bbf000 	/usr/lib/system/libdispatch.dylib
0x00007ff808d7e000 	/usr/lib/system/libdyld.dylib
0x00007ff813ae4000 	/usr/lib/system/libkeymgr.dylib
0x00007ff813a87000 	/usr/lib/system/libmacho.dylib
0x00007ff813113000 	/usr/lib/system/libquarantine.dylib
0x00007ff813ae2000 	/usr/lib/system/libremovefile.dylib
0x00007ff80dce5000 	/usr/lib/system/libsystem_asl.dylib
0x00007ff808aae000 	/usr/lib/system/libsystem_blocks.dylib
0x00007ff808c43000 	/usr/lib/system/libsystem_c.dylib
0x00007ff813ada000 	/usr/lib/system/libsystem_collections.dylib
0x00007ff8123bb000 	/usr/lib/system/libsystem_configuration.dylib
0x00007ff811678000 	/usr/lib/system/libsystem_containermanager.dylib
0x00007ff8137c4000 	/usr/lib/system/libsystem_coreservices.dylib
0x00007ff80b3a8000 	/usr/lib/system/libsystem_darwin.dylib
0x00007ff813ae5000 	/usr/lib/system/libsystem_dnssd.dylib
0x00007ff808c40000 	/usr/lib/system/libsystem_featureflags.dylib
0x00007ff808d94000 	/usr/lib/system/libsystem_info.dylib
0x00007ff813a25000 	/usr/lib/system/libsystem_m.dylib
0x00007ff808b93000 	/usr/lib/system/libsystem_malloc.dylib
0x00007ff80dc82000 	/usr/lib/system/libsystem_networkextension.dylib
0x00007ff80b7d0000 	/usr/lib/system/libsystem_notify.dylib
0x00007ff819c62000 	/usr/lib/system/libsystem_product_info_filter.dylib
0x00007ff8123bf000 	/usr/lib/system/libsystem_sandbox.dylib
0x00007ff813adf000 	/usr/lib/system/libsystem_secinit.dylib
0x00007ff808d3b000 	/usr/lib/system/libsystem_kernel.dylib
0x00007ff808d8a000 	/usr/lib/system/libsystem_platform.dylib
0x00007ff808d72000 	/usr/lib/system/libsystem_pthread.dylib
0x00007ff80f53d000 	/usr/lib/system/libsystem_symptoms.dylib
0x00007ff808ae7000 	/usr/lib/system/libsystem_trace.dylib
0x00007ff813ab5000 	/usr/lib/system/libunwind.dylib
0x00007ff808ab0000 	/usr/lib/system/libxpc.dylib
0x00007ff808d25000 	/usr/lib/libc++abi.dylib
0x00007ff813ac0000 	/usr/lib/liboah.dylib
0x00007ff81424d000 	/usr/lib/liblzma.5.dylib
0x00007ff809956000 	/System/Library/Frameworks/SystemConfiguration.framework/Versions/A/SystemConfiguration
0x00007ff813af4000 	/usr/lib/libfakelink.dylib
0x00007ff80d7eb000 	/System/Library/Frameworks/CFNetwork.framework/Versions/A/CFNetwork
0x00007ff813c33000 	/usr/lib/libarchive.2.dylib
0x00007ff8123c6000 	/System/Library/PrivateFrameworks/AppleSystemInfo.framework/Versions/A/AppleSystemInfo
0x00007ff81313a000 	/usr/lib/libbsm.0.dylib
0x00007ff80ce21000 	/usr/lib/libnetwork.dylib
0x00007ff813a8d000 	/usr/lib/system/libkxld.dylib
0x00007ff812d68000 	/System/Library/PrivateFrameworks/IOMobileFramebuffer.framework/Versions/A/IOMobileFramebuffer
0x00007ffb1e85b000 	/usr/lib/libCoreEntitlements.dylib
0x00007ff8137a6000 	/System/Library/PrivateFrameworks/AppleFSCompression.framework/Versions/A/AppleFSCompression
0x00007ff813122000 	/usr/lib/libcoretls.dylib
0x00007ff814267000 	/usr/lib/libcoretls_cfhelpers.dylib
0x00007ff813d77000 	/usr/lib/libpam.2.dylib
0x00007ff80f15f000 	/usr/lib/libsqlite3.dylib
0x00007ff8142d6000 	/usr/lib/libxar.1.dylib
0x00007ff8137b6000 	/usr/lib/libbz2.1.0.dylib
0x00007ff813af9000 	/usr/lib/libpcap.A.dylib
0x00007ff80f534000 	/usr/lib/libdns_services.dylib
0x00007ff813d46000 	/usr/lib/libapple_nghttp2.dylib
0x00007ff813b30000 	/usr/lib/libiconv.2.dylib
0x00007ff813a86000 	/usr/lib/libcharset.1.dylib
0x00007ff81045b000 	/System/Library/Frameworks/CoreServices.framework/Versions/A/Frameworks/FSEvents.framework/Versions/A/FSEvents
0x00007ff80b3b2000 	/System/Library/Frameworks/CoreServices.framework/Versions/A/Frameworks/CarbonCore.framework/Versions/A/CarbonCore
0x00007ff80f777000 	/System/Library/Frameworks/CoreServices.framework/Versions/A/Frameworks/Metadata.framework/Versions/A/Metadata
0x00007ff8137c9000 	/System/Library/Frameworks/CoreServices.framework/Versions/A/Frameworks/OSServices.framework/Versions/A/OSServices
0x00007ff813cba000 	/System/Library/Frameworks/CoreServices.framework/Versions/A/Frameworks/SearchKit.framework/Versions/A/SearchKit
0x00007ff80f4c6000 	/System/Library/Frameworks/CoreServices.framework/Versions/A/Frameworks/AE.framework/Versions/A/AE
0x00007ff8092c2000 	/System/Library/Frameworks/CoreServices.framework/Versions/A/Frameworks/LaunchServices.framework/Versions/A/LaunchServices
0x00007ff8141fe000 	/System/Library/Frameworks/CoreServices.framework/Versions/A/Frameworks/DictionaryServices.framework/Versions/A/DictionaryServices
0x00007ff810468000 	/System/Library/Frameworks/CoreServices.framework/Versions/A/Frameworks/SharedFileList.framework/Versions/A/SharedFileList
0x00007ff813116000 	/usr/lib/libCheckFix.dylib
0x00007ff80dcfc000 	/System/Library/PrivateFrameworks/TCC.framework/Versions/A/TCC
0x00007ff8123cc000 	/System/Library/PrivateFrameworks/CoreNLP.framework/Versions/A/CoreNLP
0x00007ff80f727000 	/System/Library/PrivateFrameworks/MetadataUtilities.framework/Versions/A/MetadataUtilities
0x00007ff809a06000 	/usr/lib/libmecabra.dylib
0x00007ff81314a000 	/usr/lib/libmecab.dylib
0x00007ff8099d1000 	/usr/lib/libCRFSuite.dylib
0x00007ff8131a7000 	/usr/lib/libgermantok.dylib
0x00007ff813d21000 	/usr/lib/libThaiTokenizer.dylib
0x00007ff80f819000 	/System/Library/Frameworks/Accelerate.framework/Versions/A/Frameworks/vImage.framework/Versions/A/vImage
0x00007ff819d64000 	/System/Library/Frameworks/Accelerate.framework/Versions/A/Frameworks/vecLib.framework/Versions/A/vecLib
0x00007ff814317000 	/System/Library/Frameworks/Accelerate.framework/Versions/A/Frameworks/vecLib.framework/Versions/A/libvMisc.dylib
0x00007ff812b86000 	/System/Library/Frameworks/Accelerate.framework/Versions/A/Frameworks/vecLib.framework/Versions/A/libvDSP.dylib
0x00007ff80963a000 	/System/Library/Frameworks/Accelerate.framework/Versions/A/Frameworks/vecLib.framework/Versions/A/libBLAS.dylib
0x00007ff813e58000 	/System/Library/Frameworks/Accelerate.framework/Versions/A/Frameworks/vecLib.framework/Versions/A/libLAPACK.dylib
0x00007ff8131aa000 	/System/Library/Frameworks/Accelerate.framework/Versions/A/Frameworks/vecLib.framework/Versions/A/libLinearAlgebra.dylib
0x00007ff813d5f000 	/System/Library/Frameworks/Accelerate.framework/Versions/A/Frameworks/vecLib.framework/Versions/A/libSparseBLAS.dylib
0x00007ff813e52000 	/System/Library/Frameworks/Accelerate.framework/Versions/A/Frameworks/vecLib.framework/Versions/A/libQuadrature.dylib
0x00007ff8124b6000 	/System/Library/Frameworks/Accelerate.framework/Versions/A/Frameworks/vecLib.framework/Versions/A/libBNNS.dylib
0x00007ff8098e7000 	/System/Library/Frameworks/Accelerate.framework/Versions/A/Frameworks/vecLib.framework/Versions/A/libSparse.dylib
0x00007ff8124af000 	/System/Library/PrivateFrameworks/LinguisticData.framework/Versions/A/LinguisticData
0x00007ff80989c000 	/System/Library/PrivateFrameworks/Lexicon.framework/Versions/A/Lexicon
0x00007ff814310000 	/usr/lib/libChineseTokenizer.dylib
0x00007ff80a000000 	/System/Library/PrivateFrameworks/LanguageModeling.framework/Versions/A/LanguageModeling
0x00007ff813d23000 	/System/Library/PrivateFrameworks/AppleSauce.framework/Versions/A/AppleSauce
0x00007ff812d56000 	/System/Library/PrivateFrameworks/CoreEmoji.framework/Versions/A/CoreEmoji
0x00007ff813c22000 	/usr/lib/libcmph.dylib
0x00007ff81043f000 	/System/Library/Frameworks/OpenDirectory.framework/Versions/A/Frameworks/CFOpenDirectory.framework/Versions/A/CFOpenDirectory
0x00007ff810433000 	/System/Library/Frameworks/OpenDirectory.framework/Versions/A/OpenDirectory
0x00007ff814269000 	/System/Library/PrivateFrameworks/APFS.framework/Versions/A/APFS
0x00007ff813077000 	/System/Library/Frameworks/SecurityFoundation.framework/Versions/A/SecurityFoundation
0x00007ff8142e4000 	/usr/lib/libutil.dylib
0x00007ff80b6dd000 	/System/Library/PrivateFrameworks/CoreServicesStore.framework/Versions/A/CoreServicesStore
0x00007ff8142e8000 	/usr/lib/libxslt.1.dylib
0x00007ff813104000 	/System/Library/PrivateFrameworks/BackgroundTaskManagement.framework/Versions/A/BackgroundTaskManagement
0x00007ff815758000 	/System/Library/Frameworks/ImageIO.framework/Versions/A/Resources/libRadiance.dylib
0x00007ff815761000 	/System/Library/Frameworks/ImageIO.framework/Versions/A/Resources/libJPEG.dylib
0x00007ff8156b1000 	/System/Library/Frameworks/ImageIO.framework/Versions/A/Resources/libPng.dylib
0x00007ff8156d2000 	/System/Library/Frameworks/ImageIO.framework/Versions/A/Resources/libTIFF.dylib
0x00007ff8157c1000 	/System/Library/Frameworks/ImageIO.framework/Versions/A/Resources/libGIF.dylib
0x00007ff814fe2000 	/System/Library/Frameworks/ImageIO.framework/Versions/A/Resources/libJP2.dylib
0x00007ff814724000 	/usr/lib/libexpat.1.dylib
0x00007ff814f97000 	/System/Library/PrivateFrameworks/AppleJPEG.framework/Versions/A/AppleJPEG
0x00007ff81190b000 	/System/Library/PrivateFrameworks/FontServices.framework/libFontParser.dylib
0x00007ff80f470000 	/System/Library/PrivateFrameworks/RunningBoardServices.framework/Versions/A/RunningBoardServices
0x00007ff81ff39000 	/System/Library/PrivateFrameworks/IOSurfaceAccelerator.framework/Versions/A/IOSurfaceAccelerator
0x00007ff8150c5000 	/System/Library/PrivateFrameworks/WatchdogClient.framework/Versions/A/WatchdogClient
0x00007ff80a0ef000 	/System/Library/Frameworks/CoreDisplay.framework/Versions/A/CoreDisplay
0x00007ff81180a000 	/System/Library/Frameworks/CoreMedia.framework/Versions/A/CoreMedia
0x00007ff8116a7000 	/System/Library/PrivateFrameworks/IOAccelerator.framework/Versions/A/IOAccelerator
0x00007ff8105bb000 	/System/Library/Frameworks/CoreVideo.framework/Versions/A/CoreVideo
0x00007ff813d75000 	/System/Library/Frameworks/MetalPerformanceShaders.framework/Versions/A/MetalPerformanceShaders
0x00007ff815100000 	/System/Library/Frameworks/VideoToolbox.framework/Versions/A/VideoToolbox
0x00007ff80f3b8000 	/System/Library/PrivateFrameworks/BaseBoard.framework/Versions/A/BaseBoard
0x00007ff80f145000 	/System/Library/PrivateFrameworks/ProtocolBuffer.framework/Versions/A/ProtocolBuffer
0x00007ff815751000 	/System/Library/PrivateFrameworks/GPUWrangler.framework/Versions/A/GPUWrangler
0x00007ff815734000 	/System/Library/PrivateFrameworks/IOPresentment.framework/Versions/A/IOPresentment
0x00007ff81575b000 	/System/Library/PrivateFrameworks/DSExternalDisplay.framework/Versions/A/DSExternalDisplay
0x00007ffa20a2a000 	/System/Library/Frameworks/OpenGL.framework/Versions/A/Libraries/libCoreFSCache.dylib
0x00007ffb0cacb000 	/System/Library/PrivateFrameworks/GPUCompiler.framework/Versions/31001/Libraries/libGPUCompilerUtils.dylib
0x00007ff8157c6000 	/System/Library/PrivateFrameworks/CMCaptureCore.framework/Versions/A/CMCaptureCore
0x00007ff814cd0000 	/System/Library/PrivateFrameworks/AppServerSupport.framework/Versions/A/AppServerSupport
0x00007ff816ead000 	/System/Library/PrivateFrameworks/perfdata.framework/Versions/A/perfdata
0x00007ff80a21b000 	/System/Library/PrivateFrameworks/AudioToolboxCore.framework/Versions/A/AudioToolboxCore
0x00007ff8117e7000 	/System/Library/PrivateFrameworks/caulk.framework/Versions/A/caulk
0x00007ff8167d1000 	/usr/lib/libAudioStatistics.dylib
0x00007ff90daf4000 	/System/Library/PrivateFrameworks/SystemPolicy.framework/Versions/A/SystemPolicy
0x00007ff816a26000 	/usr/lib/libSMC.dylib
0x00007ff81f870000 	/System/Library/Frameworks/CoreMIDI.framework/Versions/A/CoreMIDI
0x00007ff815681000 	/usr/lib/libAudioToolboxUtility.dylib
0x00007ff909f06000 	/System/Library/PrivateFrameworks/OSAServicesClient.framework/Versions/A/OSAServicesClient
0x00007ff816eba000 	/usr/lib/libperfcheck.dylib
0x00007ff90e586000 	/usr/lib/libmis.dylib
0x00007ffa20a86000 	/System/Library/Frameworks/OpenGL.framework/Versions/A/Libraries/libGLU.dylib
0x00007ffa20a49000 	/System/Library/Frameworks/OpenGL.framework/Versions/A/Libraries/libGFXShared.dylib
0x00007ffa20c57000 	/System/Library/Frameworks/OpenGL.framework/Versions/A/Libraries/libGL.dylib
0x00007ffa20a52000 	/System/Library/Frameworks/OpenGL.framework/Versions/A/Libraries/libGLImage.dylib
0x00007ffa20a46000 	/System/Library/Frameworks/OpenGL.framework/Versions/A/Libraries/libCVMSPluginSupport.dylib
0x00007ffa20a31000 	/System/Library/Frameworks/OpenGL.framework/Versions/A/Libraries/libCoreVMClient.dylib
0x00007ff81234a000 	/System/Library/Frameworks/MetalPerformanceShaders.framework/Versions/A/Frameworks/MPSCore.framework/Versions/A/MPSCore
0x00007ff813711000 	/System/Library/Frameworks/MetalPerformanceShaders.framework/Versions/A/Frameworks/MPSImage.framework/Versions/A/MPSImage
0x00007ff8131c0000 	/System/Library/Frameworks/MetalPerformanceShaders.framework/Versions/A/Frameworks/MPSNeuralNetwork.framework/Versions/A/MPSNeuralNetwork
0x00007ff813635000 	/System/Library/Frameworks/MetalPerformanceShaders.framework/Versions/A/Frameworks/MPSMatrix.framework/Versions/A/MPSMatrix
0x00007ff8133f1000 	/System/Library/Frameworks/MetalPerformanceShaders.framework/Versions/A/Frameworks/MPSRayIntersector.framework/Versions/A/MPSRayIntersector
0x00007ff81366e000 	/System/Library/Frameworks/MetalPerformanceShaders.framework/Versions/A/Frameworks/MPSNDArray.framework/Versions/A/MPSNDArray
0x00007ffa2564b000 	/System/Library/Frameworks/MetalPerformanceShaders.framework/Versions/A/Frameworks/MPSFunctions.framework/Versions/A/MPSFunctions
0x00007ff80951d000 	/System/Library/PrivateFrameworks/MetalTools.framework/Versions/A/MetalTools
0x00007ff8123c4000 	/System/Library/PrivateFrameworks/AggregateDictionary.framework/Versions/A/AggregateDictionary
0x00007ff814506000 	/usr/lib/libIOReport.dylib
0x00007ffa22066000 	/System/Library/Frameworks/OpenCL.framework/Versions/A/OpenCL
0x00007ff81486a000 	/System/Library/PrivateFrameworks/FaceCore.framework/Versions/A/FaceCore
0x00007ff81485b000 	/System/Library/PrivateFrameworks/GraphVisualizer.framework/Versions/A/GraphVisualizer
0x00007ffb0c9d6000 	/System/Library/PrivateFrameworks/FontServices.framework/Versions/A/FontServices
0x00007ff814c87000 	/System/Library/PrivateFrameworks/OTSVG.framework/Versions/A/OTSVG
0x00007ff8101a3000 	/System/Library/Frameworks/ApplicationServices.framework/Versions/A/Frameworks/ATS.framework/Versions/A/Resources/libFontRegistry.dylib
0x00007ff814cd8000 	/System/Library/PrivateFrameworks/FontServices.framework/libhvf.dylib
0x00007ffb0c9d7000 	/System/Library/PrivateFrameworks/FontServices.framework/libXTFontStaticRegistryData.dylib
0x00007ff8146d4000 	/System/Library/PrivateFrameworks/AppleVA.framework/Versions/A/AppleVA
0x00007ff8167f5000 	/System/Library/Frameworks/ApplicationServices.framework/Versions/A/Frameworks/ATS.framework/Versions/A/ATS
0x00007ff80e873000 	/System/Library/Frameworks/ApplicationServices.framework/Versions/A/Frameworks/HIServices.framework/Versions/A/HIServices
0x00007ff8157d0000 	/System/Library/Frameworks/ApplicationServices.framework/Versions/A/Frameworks/PrintCore.framework/Versions/A/PrintCore
0x00007ff816b79000 	/System/Library/Frameworks/ApplicationServices.framework/Versions/A/Frameworks/QD.framework/Versions/A/QD
0x00007ff816b71000 	/System/Library/Frameworks/ApplicationServices.framework/Versions/A/Frameworks/ColorSyncLegacy.framework/Versions/A/ColorSyncLegacy
0x00007ff8167e5000 	/System/Library/Frameworks/ApplicationServices.framework/Versions/A/Frameworks/SpeechSynthesis.framework/Versions/A/SpeechSynthesis
0x00007ff815791000 	/System/Library/Frameworks/ApplicationServices.framework/Versions/A/Frameworks/ATSUI.framework/Versions/A/ATSUI
0x00007ff816b06000 	/usr/lib/libcups.2.dylib
0x00007ff816ec9000 	/System/Library/Frameworks/Kerberos.framework/Versions/A/Kerberos
0x00007ff816ed8000 	/System/Library/Frameworks/GSS.framework/Versions/A/GSS
0x00007ff816861000 	/usr/lib/libresolv.9.dylib
0x00007ff814ce7000 	/System/Library/PrivateFrameworks/Heimdal.framework/Versions/A/Heimdal
0x00007ff81d9c6000 	/System/Library/Frameworks/Kerberos.framework/Versions/A/Libraries/libHeimdalProxy.dylib
0x00007ff80f545000 	/System/Library/Frameworks/Network.framework/Versions/A/Network
0x00007ff81473e000 	/usr/lib/libheimdal-asn1.dylib
0x00007ff816f24000 	/System/Library/PrivateFrameworks/CommonAuth.framework/Versions/A/CommonAuth
0x00007ff816762000 	/System/Library/PrivateFrameworks/AudioSession.framework/Versions/A/AudioSession
0x00007ff8147ce000 	/System/Library/PrivateFrameworks/MediaExperience.framework/Versions/A/MediaExperience
0x00007ff8165f6000 	/System/Library/PrivateFrameworks/AudioSession.framework/libSessionUtility.dylib
0x00007ff816b85000 	/System/Library/PrivateFrameworks/AudioResourceArbitration.framework/Versions/A/AudioResourceArbitration
0x00007ff81ab77000 	/System/Library/PrivateFrameworks/PowerLog.framework/Versions/A/PowerLog
0x00007ff814747000 	/System/Library/PrivateFrameworks/IconFoundation.framework/Versions/A/IconFoundation
0x00007ff819991000 	/System/Library/PrivateFrameworks/SpeechRecognitionCore.framework/Versions/A/SpeechRecognitionCore
0x000000010833c000 	/Library/Java/JavaVirtualMachines/zulu-8.jdk/Contents/Home/jre/lib/server/libjvm.dylib
0x000000010754c000 	/Library/Java/JavaVirtualMachines/zulu-8.jdk/Contents/Home/jre/lib/libverify.dylib
0x00000001075a0000 	/Library/Java/JavaVirtualMachines/zulu-8.jdk/Contents/Home/jre/lib/libjava.dylib
0x00000001075e3000 	/Library/Java/JavaVirtualMachines/zulu-8.jdk/Contents/Home/jre/lib/libinstrument.dylib
0x0000000107617000 	/Library/Java/JavaVirtualMachines/zulu-8.jdk/Contents/Home/jre/lib/libzip.dylib
0x000000010de23000 	/Library/Java/JavaVirtualMachines/zulu-8.jdk/Contents/Home/jre/lib/libnio.dylib
0x000000010de5b000 	/Library/Java/JavaVirtualMachines/zulu-8.jdk/Contents/Home/jre/lib/libnet.dylib
0x000000010de3b000 	/Library/Java/JavaVirtualMachines/zulu-8.jdk/Contents/Home/jre/lib/libprism_es2.dylib
0x00007ff80b69e000 	/System/Library/PrivateFrameworks/CoreServicesInternal.framework/Versions/A/CoreServicesInternal
0x00007ffa20c62000 	/System/Library/Frameworks/OpenGL.framework/Versions/A/Resources/GLEngine.bundle/GLEngine
0x00007ffa20ac4000 	/System/Library/Frameworks/OpenGL.framework/Versions/A/Libraries/libGLProgrammability.dylib
0x00007ffa17892000 	/System/Library/Extensions/AppleIntelSKLGraphicsGLDriver.bundle/Contents/MacOS/AppleIntelSKLGraphicsGLDriver
0x00007ff91846a000 	/System/Library/PrivateFrameworks/GPUSupport.framework/Versions/A/Libraries/libGPUSupportMercury.dylib
0x00007ffa20df1000 	/System/Library/Frameworks/OpenGL.framework/Versions/A/Resources/GLRendererFloat.bundle/GLRendererFloat
0x000000010ea4a000 	/Library/Java/JavaVirtualMachines/zulu-8.jdk/Contents/Home/jre/lib/libglass.dylib
0x00007ff81b168000 	/System/Library/Frameworks/FileProvider.framework/Versions/A/FileProvider
0x00007ff80f324000 	/System/Library/Frameworks/Accounts.framework/Versions/A/Accounts
0x00007ff81b2e0000 	/System/Library/PrivateFrameworks/GenerationalStorage.framework/Versions/A/GenerationalStorage
0x00007ff81bdf2000 	/System/Library/PrivateFrameworks/CoreSymbolication.framework/Versions/A/CoreSymbolication
0x00007ff81ab6c000 	/System/Library/PrivateFrameworks/SymptomDiagnosticReporter.framework/Versions/A/SymptomDiagnosticReporter
0x00007ff80c962000 	/System/Library/PrivateFrameworks/DesktopServicesPriv.framework/Versions/A/DesktopServicesPriv
0x00007ff80b7df000 	/usr/lib/libsandbox.1.dylib
0x00007ff81063a000 	/System/Library/PrivateFrameworks/UserManagement.framework/Versions/A/UserManagement
0x00007ff81bdb7000 	/System/Library/PrivateFrameworks/DebugSymbols.framework/Versions/A/DebugSymbols
0x00007ff816b66000 	/System/Library/PrivateFrameworks/NetAuth.framework/Versions/A/NetAuth
0x00007ff817a55000 	/System/Library/PrivateFrameworks/Sharing.framework/Versions/A/Sharing
0x00007ff81060d000 	/System/Library/PrivateFrameworks/login.framework/Versions/A/Frameworks/loginsupport.framework/Versions/A/loginsupport
0x00007ff81cef8000 	/System/Library/PrivateFrameworks/Apple80211.framework/Versions/A/Apple80211
0x00007ff8137f6000 	/System/Library/PrivateFrameworks/AuthKit.framework/Versions/A/AuthKit
0x00007ff812e4c000 	/System/Library/PrivateFrameworks/CoreUtils.framework/Versions/A/CoreUtils
0x00007ff812d73000 	/System/Library/Frameworks/CoreWLAN.framework/Versions/A/CoreWLAN
0x00007ff817bb0000 	/System/Library/Frameworks/IOBluetooth.framework/Versions/A/IOBluetooth
0x00007ff81cf60000 	/System/Library/PrivateFrameworks/CoreWiFi.framework/Versions/A/CoreWiFi
0x00007ff81b98c000 	/System/Library/PrivateFrameworks/FrontBoardServices.framework/Versions/A/FrontBoardServices
0x00007ff81ba1e000 	/System/Library/PrivateFrameworks/BoardServices.framework/Versions/A/BoardServices
0x00007ff813066000 	/System/Library/PrivateFrameworks/AssertionServices.framework/Versions/A/AssertionServices
0x00007ff81d0e4000 	/System/Library/PrivateFrameworks/BackBoardServices.framework/Versions/A/BackBoardServices
0x00007ff816fb3000 	/System/Library/PrivateFrameworks/CorePhoneNumbers.framework/Versions/A/CorePhoneNumbers
0x00007ff81ac89000 	/System/Library/PrivateFrameworks/DiskManagement.framework/Versions/A/DiskManagement
0x00007ff81ab9d000 	/System/Library/PrivateFrameworks/AppleIDAuthSupport.framework/Versions/A/AppleIDAuthSupport
0x00007ffa27604000 	/System/Library/PrivateFrameworks/AAAFoundation.framework/Versions/A/AAAFoundation
0x00007ff816f94000 	/System/Library/PrivateFrameworks/KeychainCircle.framework/Versions/A/KeychainCircle
0x00007ff81ac55000 	/System/Library/PrivateFrameworks/MediaKit.framework/Versions/A/MediaKit
0x00007ff81aba9000 	/System/Library/Frameworks/DiscRecording.framework/Versions/A/DiscRecording
0x00007ff81464c000 	/usr/lib/libCoreStorage.dylib
0x00007ff81d3d3000 	/usr/lib/libcsfde.dylib
0x00007ff817c7d000 	/System/Library/PrivateFrameworks/ProtectedCloudStorage.framework/Versions/A/ProtectedCloudStorage
0x00007ff81d3cf000 	/System/Library/PrivateFrameworks/EFILogin.framework/Versions/A/EFILogin
0x00007ff81b306000 	/System/Library/PrivateFrameworks/OctagonTrust.framework/Versions/A/OctagonTrust
0x00007ffb0bcf8000 	/System/Library/PrivateFrameworks/CoreUtilsExtras.framework/Versions/A/CoreUtilsExtras
0x00007ff81aadf000 	/System/Library/Frameworks/CoreBluetooth.framework/Versions/A/CoreBluetooth
0x00007ff81da4b000 	/System/Library/Frameworks/AudioUnit.framework/Versions/A/AudioUnit
0x00007ff814644000 	/usr/lib/libMatch.1.dylib
0x00007ff9129ea000 	/System/Library/Frameworks/Accelerate.framework/Versions/A/Frameworks/vImage.framework/Versions/A/Libraries/libCGInterfaces.dylib
0x0000000120c2c000 	/usr/lib/libobjc-trampolines.dylib
0x00007ff810333000 	/System/Library/PrivateFrameworks/ViewBridge.framework/Versions/A/ViewBridge
0x00007ff814da1000 	/System/Library/PrivateFrameworks/login.framework/Versions/A/login
0x00007ff81450e000 	/System/Library/PrivateFrameworks/CrashReporterSupport.framework/Versions/A/CrashReporterSupport
0x00007ff91a35d000 	/System/Library/PrivateFrameworks/OSAnalytics.framework/Versions/A/OSAnalytics
0x00007ff9252f7000 	/System/Library/PrivateFrameworks/Symbolication.framework/Versions/A/Symbolication
0x00007ff90e563000 	/System/Library/PrivateFrameworks/MallocStackLogging.framework/Versions/A/MallocStackLogging
0x00000001234dc000 	/Library/Java/JavaVirtualMachines/zulu-8.jdk/Contents/Home/jre/lib/libjavafx_iio.dylib
0x000000012349e000 	/Library/Java/JavaVirtualMachines/zulu-8.jdk/Contents/Home/jre/lib/libjavafx_font.dylib
0x00007ffb1e96d000 	/usr/lib/libRosetta.dylib
0x000000012a0f4000 	/Library/Java/JavaVirtualMachines/zulu-8.jdk/Contents/Home/jre/lib/libprism_common.dylib
0x00007ff81a05c000 	/System/Library/PrivateFrameworks/SystemAdministration.framework/Versions/A/SystemAdministration
0x00007ff8159f8000 	/System/Library/Frameworks/MediaToolbox.framework/Versions/A/MediaToolbox
0x00007ff81995d000 	/System/Library/Frameworks/DirectoryService.framework/Versions/A/DirectoryService
0x00007ff81d271000 	/System/Library/PrivateFrameworks/DiskImages.framework/Versions/A/DiskImages
0x00007ff81310e000 	/System/Library/Frameworks/ServiceManagement.framework/Versions/A/ServiceManagement
0x00007ff81d44b000 	/System/Library/PrivateFrameworks/LoginUIKit.framework/Versions/A/Frameworks/LoginUICore.framework/Versions/A/LoginUICore
0x00007ff814f4f000 	/usr/lib/libodfde.dylib
0x00007ff81b138000 	/System/Library/PrivateFrameworks/CoreAVCHD.framework/Versions/A/CoreAVCHD
0x00007ff81a020000 	/System/Library/Frameworks/MediaAccessibility.framework/Versions/A/MediaAccessibility
0x00007ff81b134000 	/System/Library/PrivateFrameworks/Mangrove.framework/Versions/A/Mangrove
0x00007ff81a02b000 	/System/Library/PrivateFrameworks/AlgosScoreFramework.framework/Versions/A/AlgosScoreFramework
0x00007ffb0913d000 	/System/Library/PrivateFrameworks/CMPhoto.framework/Versions/A/CMPhoto
0x00007ff81bc8d000 	/System/Library/PrivateFrameworks/AppleVPA.framework/Versions/A/AppleVPA
0x00007ff81ad79000 	/System/Library/PrivateFrameworks/CoreAUC.framework/Versions/A/CoreAUC
0x00007ff81d3df000 	/usr/lib/libcurl.4.dylib
0x00007ff81d13c000 	/usr/lib/libcrypto.44.dylib
0x00007ff81d244000 	/usr/lib/libssl.46.dylib
0x00007ff81d102000 	/System/Library/Frameworks/LDAP.framework/Versions/A/LDAP
0x00007ff81d13a000 	/System/Library/PrivateFrameworks/TrustEvaluationAgent.framework/Versions/A/TrustEvaluationAgent
0x00007ff81687a000 	/usr/lib/libsasl2.2.dylib
0x00007ff81a050000 	/System/Library/PrivateFrameworks/CoreDaemon.framework/Versions/B/CoreDaemon
0x00007ff81a04b000 	/System/Library/PrivateFrameworks/AppleSRP.framework/Versions/A/AppleSRP
0x000000012c040000 	/Library/Java/JavaVirtualMachines/zulu-8.jdk/Contents/Home/jre/lib/libsunec.dylib

VM Arguments:
jvm_args: -javaagent:/Applications/IntelliJ IDEA.app/Contents/lib/idea_rt.jar=50939:/Applications/IntelliJ IDEA.app/Contents/bin -Dfile.encoding=UTF-8 
java_command: AppInitializer
java_class_path (initial): /Library/Java/JavaVirtualMachines/zulu-8.jdk/Contents/Home/jre/lib/charsets.jar:/Library/Java/JavaVirtualMachines/zulu-8.jdk/Contents/Home/jre/lib/crs-agent.jar:/Library/Java/JavaVirtualMachines/zulu-8.jdk/Contents/Home/jre/lib/ext/cldrdata.jar:/Library/Java/JavaVirtualMachines/zulu-8.jdk/Contents/Home/jre/lib/ext/dnsns.jar:/Library/Java/JavaVirtualMachines/zulu-8.jdk/Contents/Home/jre/lib/ext/jaccess.jar:/Library/Java/JavaVirtualMachines/zulu-8.jdk/Contents/Home/jre/lib/ext/jfxrt.jar:/Library/Java/JavaVirtualMachines/zulu-8.jdk/Contents/Home/jre/lib/ext/legacy8ujsse.jar:/Library/Java/JavaVirtualMachines/zulu-8.jdk/Contents/Home/jre/lib/ext/localedata.jar:/Library/Java/JavaVirtualMachines/zulu-8.jdk/Contents/Home/jre/lib/ext/nashorn.jar:/Library/Java/JavaVirtualMachines/zulu-8.jdk/Contents/Home/jre/lib/ext/openjsse.jar:/Library/Java/JavaVirtualMachines/zulu-8.jdk/Contents/Home/jre/lib/ext/sunec.jar:/Library/Java/JavaVirtualMachines/zulu-8.jdk/Contents/Home/jre/lib/ext/sunjce_provider.jar:/Library/Java/JavaVirtualMachines/zulu-8.jdk/Contents/Home/jre/lib/ext/sunpkcs11.jar:/Library/Java/JavaVirtualMachines/zulu-8.jdk/Contents/Home/jre/lib/ext/zipfs.jar:/Library/Java/JavaVirtualMachines/zulu-8.jdk/Contents/Home/jre/lib/jce.jar:/Library/Java/JavaVirtualMachines/zulu-8.jdk/Contents/Home/jre/lib/jfr.jar:/Library/Java/JavaVirtualMachines/zulu-8.jdk/Contents/Home/jre/lib/jfxswt.jar:/Library/Java/JavaVirtualMachines/zulu-8.jdk/Contents/Home/jre/lib/jsse.jar:/Library/Java/JavaVirtualMachines/zulu-8.jdk/Contents/Home/jre/lib/management-agent.jar:/Library/Java/JavaVirtualMachines/zulu-8.jdk/Contents/Home/jre/lib/resources.jar:/Library/Java/JavaVirtualMachines/zulu-8.jdk/Contents/Home/jre/lib/rt.jar:/Library/Java/JavaVirtualMachines/zulu-8.jdk/Contents/Home/lib/ant-javafx.jar:/Library/Java/JavaVirtualMachines/zulu-8.jdk/Contents/Home/lib/dt.jar:/Library/Java/JavaVirtualMachines/zulu-8.jdk/Contents/Home/lib/javafx-mx.jar:/Library/Java/JavaVirtualMachi
Launcher Type: SUN_STANDARD

Environment Variables:
PATH=/Users/kasunrachintha/opt/anaconda3/bin:/Library/Frameworks/Python.framework/Versions/3.9/bin:/usr/local/bin:/usr/bin:/bin:/usr/sbin:/sbin:/Applications/VMware Fusion.app/Contents/Public
SHELL=/bin/zsh

Signal Handlers:
SIGSEGV: [libjvm.dylib+0x5b2935], sa_mask[0]=11111111011111110111111111111111, sa_flags=SA_ONSTACK|SA_RESTART|SA_SIGINFO
SIGBUS: [libjvm.dylib+0x5b2935], sa_mask[0]=11111111011111110111111111111111, sa_flags=SA_RESTART|SA_SIGINFO
SIGFPE: [libjvm.dylib+0x4a1701], sa_mask[0]=11111111011111110111111111111111, sa_flags=SA_RESTART|SA_SIGINFO
SIGPIPE: [libjvm.dylib+0x4a1701], sa_mask[0]=11111111011111110111111111111111, sa_flags=SA_RESTART|SA_SIGINFO
SIGXFSZ: [libjvm.dylib+0x4a1701], sa_mask[0]=11111111011111110111111111111111, sa_flags=SA_RESTART|SA_SIGINFO
SIGILL: [libjvm.dylib+0x4a1701], sa_mask[0]=11111111011111110111111111111111, sa_flags=SA_RESTART|SA_SIGINFO
SIGUSR1: SIG_DFL, sa_mask[0]=00000000000000000000000000000000, sa_flags=none
SIGUSR2: [libjvm.dylib+0x4a1ff0], sa_mask[0]=00100000000000000000000000000000, sa_flags=SA_RESTART|SA_SIGINFO
SIGHUP: [libjvm.dylib+0x4a013f], sa_mask[0]=11111111011111110111111111111111, sa_flags=SA_RESTART|SA_SIGINFO
SIGINT: [libjvm.dylib+0x4a013f], sa_mask[0]=11111111011111110111111111111111, sa_flags=SA_RESTART|SA_SIGINFO
SIGTERM: [libjvm.dylib+0x4a013f], sa_mask[0]=11111111011111110111111111111111, sa_flags=SA_RESTART|SA_SIGINFO
SIGQUIT: [libjvm.dylib+0x4a013f], sa_mask[0]=11111111011111110111111111111111, sa_flags=SA_RESTART|SA_SIGINFO


---------------  S Y S T E M  ---------------

OS:Bsduname:Darwin 21.3.0 Darwin Kernel Version 21.3.0: Wed Jan  5 21:37:58 PST 2022; root:xnu-8019.80.24~20/RELEASE_X86_64 x86_64
rlimit: STACK 8192k, CORE 0k, NPROC 1392, NOFILE 10240, AS infinity
load average:5.16 3.38 2.93

CPU:total 4 (initial active 4) (2 cores per cpu, 2 threads per core) family 6 model 78 stepping 3, cmov, cx8, fxsr, mmx, sse, sse2, sse3, ssse3, sse4.1, sse4.2, popcnt, avx, avx2, aes, clmul, erms, 3dnowpref, lzcnt, ht, tsc, tscinvbit, bmi1, bmi2, adx

Memory: 4k page, physical 8388608k(89740k free)

/proc/meminfo:


vm_info: OpenJDK 64-Bit Server VM (25.312-b07) for bsd-amd64 JRE (Zulu 8.58.0.13-CA-macosx) (1.8.0_312-b07), built on Oct 11 2021 08:36:41 by "zulu_re" with gcc 4.2.1 Compatible Apple LLVM 11.0.0 (clang-1100.0.33.17)

time: Mon Mar 21 15:49:05 2022
timezone: +0530
elapsed time: 16.345930 seconds (0d 0h 0m 16s)

