#
# A fatal error has been detected by the Java Runtime Environment:
#
#  INVALID (0xe0000000) at pc=0x0000000000000000, pid=1995, tid=0x0000000000005f0f
#  fatal error: Illegal threadstate encountered: 4
#
# JRE version: OpenJDK Runtime Environment (Zulu 8.58.0.13-CA-macosx) (8.0_312-b07) (build 1.8.0_312-b07)
# Java VM: OpenJDK 64-Bit Server VM (25.312-b07 mixed mode bsd-amd64 compressed oops)
# Failed to write core dump. Core dumps have been disabled. To enable core dumping, try "ulimit -c unlimited" before starting Java again
#
# If you would like to submit a bug report, please visit:
#   http://www.azul.com/support/
# The crash happened outside the Java Virtual Machine in native code.
# See problematic frame for where to report the bug.
#

---------------  T H R E A D  ---------------

Current thread (0x00007fe81b1a7000):  JavaThread "Thread-1" daemon [_thread_in_native, id=24335, stack(0x0000700010862000,0x0000700010962000)]

Stack: [0x0000700010862000,0x0000700010962000],  sp=0x0000700010961030,  free space=1020k
Native frames: (J=compiled Java code, j=interpreted, Vv=VM code, C=native code)
V  [libjvm.dylib+0x5b1e72]
V  [libjvm.dylib+0x1d77b3]
V  [libjvm.dylib+0x4fb301]
V  [libjvm.dylib+0x576b31]
V  [libjvm.dylib+0x30e798]
C  [libglass.dylib+0x9e88]  -[GlassRunnable dealloc]+0x28
C  [Foundation+0x80eab]  -[_NSThreadPerformInfo dealloc]+0x2a
C  [Foundation+0x4dcd7]  -[NSObject(NSThreadPerformAdditions) performSelectorOnMainThread:withObject:waitUntilDone:]+0x7c
J 3982  com.sun.glass.ui.mac.MacApplication._submitForLaterInvocation(Ljava/lang/Runnable;)V (0 bytes) @ 0x000000010c9b54fc [0x000000010c9b5440+0xbc]
J 5824 C2 com.sun.glass.ui.mac.MacApplication.submitForLaterInvocation(Ljava/lang/Runnable;)V (6 bytes) @ 0x000000010cea9194 [0x000000010cea9160+0x34]
j  com.sun.glass.ui.InvokeLaterDispatcher.run()V+82
v  ~StubRoutines::call_stub
V  [libjvm.dylib+0x2d7e24]
V  [libjvm.dylib+0x2d6c7e]
V  [libjvm.dylib+0x2d6e5f]
V  [libjvm.dylib+0x35324b]
V  [libjvm.dylib+0x57538a]
V  [libjvm.dylib+0x57523d]
V  [libjvm.dylib+0x49f1f7]
C  [libsystem_pthread.dylib+0x64f4]  _pthread_start+0x7d
C  [libsystem_pthread.dylib+0x200f]  thread_start+0xf
C  0x0000000000000000

Java frames: (J=compiled Java code, j=interpreted, Vv=VM code)
J 3982  com.sun.glass.ui.mac.MacApplication._submitForLaterInvocation(Ljava/lang/Runnable;)V (0 bytes) @ 0x000000010c9b548c [0x000000010c9b5440+0x4c]
J 5824 C2 com.sun.glass.ui.mac.MacApplication.submitForLaterInvocation(Ljava/lang/Runnable;)V (6 bytes) @ 0x000000010cea9194 [0x000000010cea9160+0x34]
j  com.sun.glass.ui.InvokeLaterDispatcher.run()V+82
v  ~StubRoutines::call_stub

---------------  P R O C E S S  ---------------

Java Threads: ( => current thread )
  0x00007fe81ca7b800 JavaThread "mysql-cj-abandoned-connection-cleanup" daemon [_thread_blocked, id=70451, stack(0x0000700010e7a000,0x0000700010f7a000)]
  0x00007fe81b377000 JavaThread "PulseTimer-CVDisplayLink thread" daemon [_thread_blocked, id=12299, stack(0x0000700010a68000,0x0000700010ae8000)]
  0x00007fe81d13c000 JavaThread "Prism Font Disposer" daemon [_thread_blocked, id=53719, stack(0x0000700010cf4000,0x0000700010df4000)]
  0x00007fe81d0f8800 JavaThread "Attach Listener" daemon [_thread_blocked, id=47891, stack(0x0000700010965000,0x0000700010a65000)]
  0x00007fe81c9eb000 JavaThread "JavaFX-Launcher" [_thread_blocked, id=50959, stack(0x0000700010bf1000,0x0000700010cf1000)]
  0x00007fe81b8ef800 JavaThread "JavaFX Application Thread" [_thread_in_native_trans, id=259, stack(0x00007ff7bcf81000,0x00007ff7bd781000)]
=>0x00007fe81b1a7000 JavaThread "Thread-1" daemon [_thread_in_native, id=24335, stack(0x0000700010862000,0x0000700010962000)]
  0x00007fe81d0a7000 JavaThread "QuantumRenderer-0" daemon [_thread_blocked, id=14339, stack(0x000070001075f000,0x000070001085f000)]
  0x00007fe81b04a000 JavaThread "Service Thread" daemon [_thread_blocked, id=16643, stack(0x0000700010559000,0x0000700010659000)]
  0x00007fe81c855000 JavaThread "C1 CompilerThread2" daemon [_thread_blocked, id=16899, stack(0x0000700010456000,0x0000700010556000)]
  0x00007fe81c854000 JavaThread "C2 CompilerThread1" daemon [_thread_blocked, id=13571, stack(0x0000700010353000,0x0000700010453000)]
  0x00007fe81b839800 JavaThread "C2 CompilerThread0" daemon [_thread_blocked, id=13315, stack(0x0000700010250000,0x0000700010350000)]
  0x00007fe81c81a800 JavaThread "Monitor Ctrl-Break" daemon [_thread_in_native, id=17923, stack(0x000070001014d000,0x000070001024d000)]
  0x00007fe81b81f800 JavaThread "Signal Dispatcher" daemon [_thread_blocked, id=18435, stack(0x000070001004a000,0x000070001014a000)]
  0x00007fe81b81b000 JavaThread "Finalizer" daemon [_thread_blocked, id=11779, stack(0x000070000fe41000,0x000070000ff41000)]
  0x00007fe81b808800 JavaThread "Reference Handler" daemon [_thread_blocked, id=20483, stack(0x000070000fd3e000,0x000070000fe3e000)]
  0x00007fe81b00e800 JavaThread "main" [_thread_blocked, id=10243, stack(0x000070000f72c000,0x000070000f82c000)]

Other Threads:
  0x00007fe81b043000 VMThread [stack: 0x000070000fc3b000,0x000070000fd3b000] [id=20739]
  0x00007fe81b00f800 WatcherThread [stack: 0x000070001065c000,0x000070001075c000] [id=14083]

VM state:synchronizing (normal execution)

VM Mutex/Monitor currently owned by a thread:  ([mutex/lock_event])
[0x0000600001ea0e80] Safepoint_lock - owner thread: 0x00007fe81b043000
[0x0000600001ea0f00] Threads_lock - owner thread: 0x00007fe81b043000

heap address: 0x0000000740000000, size: 2048 MB, Compressed Oops mode: Zero based, Oop shift amount: 3
Narrow klass base: 0x0000000000000000, Narrow klass shift: 3
Compressed class space size: 1073741824 Address: 0x00000007c0000000

Heap:
 PSYoungGen      total 71680K, used 34161K [0x0000000795580000, 0x00000007a0080000, 0x00000007c0000000)
  eden space 66560K, 43% used [0x0000000795580000,0x00000007971e3cc0,0x0000000799680000)
  from space 5120K, 99% used [0x0000000799680000,0x0000000799b78880,0x0000000799b80000)
  to   space 24576K, 0% used [0x000000079e880000,0x000000079e880000,0x00000007a0080000)
 ParOldGen       total 108032K, used 76817K [0x0000000740000000, 0x0000000746980000, 0x0000000795580000)
  object space 108032K, 71% used [0x0000000740000000,0x0000000744b04780,0x0000000746980000)
 Metaspace       used 30265K, capacity 31814K, committed 32000K, reserved 1077248K
  class space    used 3983K, capacity 4278K, committed 4352K, reserved 1048576K

Card table byte_map: [0x0000000102d62000,0x0000000103163000] byte_map_base: 0x00000000ff362000

Marking Bits: (ParMarkBitMap*) 0x0000000103de3948
 Begin Bits: [0x00000001044f3000, 0x00000001064f3000)
 End Bits:   [0x00000001064f3000, 0x00000001084f3000)

Polling page: 0x00000001028b7000

CodeCache: size=245760Kb used=18121Kb max_used=18121Kb free=227639Kb
 bounds [0x000000010bd99000, 0x000000010cf79000, 0x000000011ad99000]
 total_blobs=6228 nmethods=5442 adapters=696
 compilation: enabled

Compilation events (10 events):
Event: 107.136 Thread 0x00007fe81c855000 6168       3       com.mysql.cj.CoreSession::getServerSession (10 bytes)
Event: 107.136 Thread 0x00007fe81c855000 nmethod 6168 0x000000010cc17450 code [0x000000010cc175c0, 0x000000010cc177e8]
Event: 107.136 Thread 0x00007fe81c855000 6169       1       javafx.scene.control.TableView$TableViewSelectionModel::getTableView (5 bytes)
Event: 107.136 Thread 0x00007fe81c855000 nmethod 6169 0x000000010cf38190 code [0x000000010cf382e0, 0x000000010cf383f0]
Event: 107.162 Thread 0x00007fe81c854000 6170       4       com.sun.scenario.animation.AbstractPrimaryTimer$MainLoop::updateAnimationRunnable (61 bytes)
Event: 107.163 Thread 0x00007fe81b839800 6171       4       javafx.scene.Parent::impl_updatePeer (273 bytes)
Event: 107.164 Thread 0x00007fe81c854000 nmethod 6170 0x000000010c2befd0 code [0x000000010c2bf120, 0x000000010c2bf1f8]
Event: 107.165 Thread 0x00007fe81c855000 6172       3       com.sun.javafx.scene.control.skin.TableRowSkin::handleControlPropertyChanged (97 bytes)
Event: 107.168 Thread 0x00007fe81c855000 nmethod 6172 0x000000010cc13ad0 code [0x000000010cc13e40, 0x000000010cc16628]
Event: 107.168 Thread 0x00007fe81c855000 6173       3       com.sun.javafx.scene.control.skin.TableRowSkinBase::handleControlPropertyChanged (73 bytes)

GC Heap History (10 events):
Event: 19.621 GC heap before
{Heap before GC invocations=2 (full 0):
 PSYoungGen      total 38400K, used 38399K [0x0000000795580000, 0x0000000798000000, 0x00000007c0000000)
  eden space 33280K, 100% used [0x0000000795580000,0x0000000797600000,0x0000000797600000)
  from space 5120K, 99% used [0x0000000797600000,0x0000000797affd30,0x0000000797b00000)
  to   space 5120K, 0% used [0x0000000797b00000,0x0000000797b00000,0x0000000798000000)
 ParOldGen       total 87552K, used 49141K [0x0000000740000000, 0x0000000745580000, 0x0000000795580000)
  object space 87552K, 56% used [0x0000000740000000,0x0000000742ffd650,0x0000000745580000)
 Metaspace       used 19483K, capacity 20284K, committed 20352K, reserved 1067008K
  class space    used 2745K, capacity 2929K, committed 2944K, reserved 1048576K
Event: 19.634 GC heap after
Heap after GC invocations=2 (full 0):
 PSYoungGen      total 38400K, used 5104K [0x0000000795580000, 0x0000000798000000, 0x00000007c0000000)
  eden space 33280K, 0% used [0x0000000795580000,0x0000000795580000,0x0000000797600000)
  from space 5120K, 99% used [0x0000000797b00000,0x0000000797ffc040,0x0000000798000000)
  to   space 5120K, 0% used [0x0000000797600000,0x0000000797600000,0x0000000797b00000)
 ParOldGen       total 87552K, used 58243K [0x0000000740000000, 0x0000000745580000, 0x0000000795580000)
  object space 87552K, 66% used [0x0000000740000000,0x00000007438e0d58,0x0000000745580000)
 Metaspace       used 19483K, capacity 20284K, committed 20352K, reserved 1067008K
  class space    used 2745K, capacity 2929K, committed 2944K, reserved 1048576K
}
Event: 19.713 GC heap before
{Heap before GC invocations=3 (full 0):
 PSYoungGen      total 38400K, used 10864K [0x0000000795580000, 0x0000000798000000, 0x00000007c0000000)
  eden space 33280K, 17% used [0x0000000795580000,0x0000000795b20090,0x0000000797600000)
  from space 5120K, 99% used [0x0000000797b00000,0x0000000797ffc040,0x0000000798000000)
  to   space 5120K, 0% used [0x0000000797600000,0x0000000797600000,0x0000000797b00000)
 ParOldGen       total 87552K, used 58243K [0x0000000740000000, 0x0000000745580000, 0x0000000795580000)
  object space 87552K, 66% used [0x0000000740000000,0x00000007438e0d58,0x0000000745580000)
 Metaspace       used 20442K, capacity 21202K, committed 21248K, reserved 1067008K
  class space    used 2841K, capacity 3064K, committed 3072K, reserved 1048576K
Event: 19.725 GC heap after
Heap after GC invocations=3 (full 0):
 PSYoungGen      total 38400K, used 5104K [0x0000000795580000, 0x000000079a080000, 0x00000007c0000000)
  eden space 33280K, 0% used [0x0000000795580000,0x0000000795580000,0x0000000797600000)
  from space 5120K, 99% used [0x0000000797600000,0x0000000797afc060,0x0000000797b00000)
  to   space 5120K, 0% used [0x0000000799b80000,0x0000000799b80000,0x000000079a080000)
 ParOldGen       total 87552K, used 58824K [0x0000000740000000, 0x0000000745580000, 0x0000000795580000)
  object space 87552K, 67% used [0x0000000740000000,0x00000007439723b0,0x0000000745580000)
 Metaspace       used 20442K, capacity 21202K, committed 21248K, reserved 1067008K
  class space    used 2841K, capacity 3064K, committed 3072K, reserved 1048576K
}
Event: 19.725 GC heap before
{Heap before GC invocations=4 (full 1):
 PSYoungGen      total 38400K, used 5104K [0x0000000795580000, 0x000000079a080000, 0x00000007c0000000)
  eden space 33280K, 0% used [0x0000000795580000,0x0000000795580000,0x0000000797600000)
  from space 5120K, 99% used [0x0000000797600000,0x0000000797afc060,0x0000000797b00000)
  to   space 5120K, 0% used [0x0000000799b80000,0x0000000799b80000,0x000000079a080000)
 ParOldGen       total 87552K, used 58824K [0x0000000740000000, 0x0000000745580000, 0x0000000795580000)
  object space 87552K, 67% used [0x0000000740000000,0x00000007439723b0,0x0000000745580000)
 Metaspace       used 20442K, capacity 21202K, committed 21248K, reserved 1067008K
  class space    used 2841K, capacity 3064K, committed 3072K, reserved 1048576K
Event: 19.765 GC heap after
Heap after GC invocations=4 (full 1):
 PSYoungGen      total 38400K, used 0K [0x0000000795580000, 0x000000079a080000, 0x00000007c0000000)
  eden space 33280K, 0% used [0x0000000795580000,0x0000000795580000,0x0000000797600000)
  from space 5120K, 0% used [0x0000000797600000,0x0000000797600000,0x0000000797b00000)
  to   space 5120K, 0% used [0x0000000799b80000,0x0000000799b80000,0x000000079a080000)
 ParOldGen       total 108032K, used 56199K [0x0000000740000000, 0x0000000746980000, 0x0000000795580000)
  object space 108032K, 52% used [0x0000000740000000,0x00000007436e1eb0,0x0000000746980000)
 Metaspace       used 20442K, capacity 21202K, committed 21248K, reserved 1067008K
  class space    used 2841K, capacity 3064K, committed 3072K, reserved 1048576K
}
Event: 20.548 GC heap before
{Heap before GC invocations=5 (full 1):
 PSYoungGen      total 38400K, used 32446K [0x0000000795580000, 0x000000079a080000, 0x00000007c0000000)
  eden space 33280K, 97% used [0x0000000795580000,0x000000079752fa70,0x0000000797600000)
  from space 5120K, 0% used [0x0000000797600000,0x0000000797600000,0x0000000797b00000)
  to   space 5120K, 0% used [0x0000000799b80000,0x0000000799b80000,0x000000079a080000)
 ParOldGen       total 108032K, used 56199K [0x0000000740000000, 0x0000000746980000, 0x0000000795580000)
  object space 108032K, 52% used [0x0000000740000000,0x00000007436e1eb0,0x0000000746980000)
 Metaspace       used 27444K, capacity 28750K, committed 28928K, reserved 1075200K
  class space    used 3766K, capacity 4030K, committed 4096K, reserved 1048576K
Event: 20.557 GC heap after
Heap after GC invocations=5 (full 1):
 PSYoungGen      total 70144K, used 5102K [0x0000000795580000, 0x000000079a080000, 0x00000007c0000000)
  eden space 65024K, 0% used [0x0000000795580000,0x0000000795580000,0x0000000799500000)
  from space 5120K, 99% used [0x0000000799b80000,0x000000079a07b880,0x000000079a080000)
  to   space 5120K, 0% used [0x0000000799680000,0x0000000799680000,0x0000000799b80000)
 ParOldGen       total 108032K, used 57992K [0x0000000740000000, 0x0000000746980000, 0x0000000795580000)
  object space 108032K, 53% used [0x0000000740000000,0x00000007438a2310,0x0000000746980000)
 Metaspace       used 27444K, capacity 28750K, committed 28928K, reserved 1075200K
  class space    used 3766K, capacity 4030K, committed 4096K, reserved 1048576K
}
Event: 72.079 GC heap before
{Heap before GC invocations=6 (full 1):
 PSYoungGen      total 70144K, used 70126K [0x0000000795580000, 0x000000079a080000, 0x00000007c0000000)
  eden space 65024K, 100% used [0x0000000795580000,0x0000000799500000,0x0000000799500000)
  from space 5120K, 99% used [0x0000000799b80000,0x000000079a07b880,0x000000079a080000)
  to   space 5120K, 0% used [0x0000000799680000,0x0000000799680000,0x0000000799b80000)
 ParOldGen       total 108032K, used 57992K [0x0000000740000000, 0x0000000746980000, 0x0000000795580000)
  object space 108032K, 53% used [0x0000000740000000,0x00000007438a2310,0x0000000746980000)
 Metaspace       used 30026K, capacity 31610K, committed 31744K, reserved 1077248K
  class space    used 3981K, capacity 4276K, committed 4352K, reserved 1048576K
Event: 72.112 GC heap after
Heap after GC invocations=6 (full 1):
 PSYoungGen      total 71680K, used 5090K [0x0000000795580000, 0x00000007a0080000, 0x00000007c0000000)
  eden space 66560K, 0% used [0x0000000795580000,0x0000000795580000,0x0000000799680000)
  from space 5120K, 99% used [0x0000000799680000,0x0000000799b78880,0x0000000799b80000)
  to   space 24576K, 0% used [0x000000079e880000,0x000000079e880000,0x00000007a0080000)
 ParOldGen       total 108032K, used 76817K [0x0000000740000000, 0x0000000746980000, 0x0000000795580000)
  object space 108032K, 71% used [0x0000000740000000,0x0000000744b04780,0x0000000746980000)
 Metaspace       used 30026K, capacity 31610K, committed 31744K, reserved 1077248K
  class space    used 3981K, capacity 4276K, committed 4352K, reserved 1048576K
}

Deoptimization events (10 events):
Event: 47.619 Thread 0x00007fe81b8ef800 Uncommon trap: reason=bimorphic action=maybe_recompile pc=0x000000010cae0768 method=java.util.ArrayList.remove(Ljava/lang/Object;)Z @ 56
Event: 47.630 Thread 0x00007fe81b8ef800 Uncommon trap: reason=class_check action=maybe_recompile pc=0x000000010c17f9d0 method=java.io.FilterInputStream.read()I @ 4
Event: 47.630 Thread 0x00007fe81b8ef800 Uncommon trap: reason=class_check action=maybe_recompile pc=0x000000010c17f9d0 method=java.io.FilterInputStream.read()I @ 4
Event: 47.630 Thread 0x00007fe81b8ef800 Uncommon trap: reason=class_check action=maybe_recompile pc=0x000000010c17f9d0 method=java.io.FilterInputStream.read()I @ 4
Event: 47.630 Thread 0x00007fe81b8ef800 Uncommon trap: reason=class_check action=maybe_recompile pc=0x000000010c17f9d0 method=java.io.FilterInputStream.read()I @ 4
Event: 75.055 Thread 0x00007fe81b8ef800 Uncommon trap: reason=bimorphic action=maybe_recompile pc=0x000000010cae0768 method=java.util.ArrayList.remove(Ljava/lang/Object;)Z @ 56
Event: 99.860 Thread 0x00007fe81d0a7000 Uncommon trap: reason=intrinsic action=make_not_entrant pc=0x000000010ced2728 method=com.sun.prism.impl.ps.BaseShaderGraphics.drawString(Lcom/sun/javafx/scene/text/GlyphList;Lcom/sun/javafx/font/FontStrike;FFLcom/sun/prism/paint/Color;II)V @ 559
Event: 100.968 Thread 0x00007fe81d0a7000 Uncommon trap: reason=intrinsic action=make_not_entrant pc=0x000000010cf53b40 method=com.sun.prism.impl.ps.BaseShaderGraphics.drawString(Lcom/sun/javafx/scene/text/GlyphList;Lcom/sun/javafx/font/FontStrike;FFLcom/sun/prism/paint/Color;II)V @ 572
Event: 106.032 Thread 0x00007fe81b8ef800 Uncommon trap: reason=unstable_if action=reinterpret pc=0x000000010cb52098 method=javafx.scene.Scene.addToDirtyList(Ljavafx/scene/Node;)V @ 43
Event: 107.117 Thread 0x00007fe81b8ef800 Uncommon trap: reason=bimorphic action=maybe_recompile pc=0x000000010cae0768 method=java.util.ArrayList.remove(Ljava/lang/Object;)Z @ 56

Classes redefined (0 events):
No events

Internal exceptions (10 events):
Event: 1.054 Thread 0x00007fe81b8ef800 Exception <a 'java/lang/NullPointerException'> (0x0000000796b22c20) thrown at [/Users/tester/jenkins/workspace/zulu8-build-macosx/zulu-src/hotspot/src/share/vm/prims/jvm.cpp, line 1533]
Event: 1.218 Thread 0x00007fe81b8ef800 Exception <a 'java/io/FileNotFoundException'> (0x0000000796f80ae0) thrown at [/Users/tester/jenkins/workspace/zulu8-build-macosx/zulu-src/hotspot/src/share/vm/prims/jni.cpp, line 711]
Event: 2.010 Thread 0x00007fe81b8ef800 Implicit null exception at 0x000000010c0981f5 to 0x000000010c098431
Event: 2.012 Thread 0x00007fe81b8ef800 Implicit null exception at 0x000000010c04ccaf to 0x000000010c04cd19
Event: 19.530 Thread 0x00007fe81b8ef800 Implicit null exception at 0x000000010c00c2b5 to 0x000000010c00c681
Event: 20.126 Thread 0x00007fe81b8ef800 Exception <a 'java/io/FileNotFoundException'> (0x00000007966cf038) thrown at [/Users/tester/jenkins/workspace/zulu8-build-macosx/zulu-src/hotspot/src/share/vm/prims/jni.cpp, line 711]
Event: 20.131 Thread 0x00007fe81b8ef800 Exception <a 'java/io/FileNotFoundException'> (0x000000079670e690) thrown at [/Users/tester/jenkins/workspace/zulu8-build-macosx/zulu-src/hotspot/src/share/vm/prims/jni.cpp, line 711]
Event: 20.134 Thread 0x00007fe81b8ef800 Exception <a 'java/io/FileNotFoundException'> (0x000000079672b6a8) thrown at [/Users/tester/jenkins/workspace/zulu8-build-macosx/zulu-src/hotspot/src/share/vm/prims/jni.cpp, line 711]
Event: 20.136 Thread 0x00007fe81b8ef800 Exception <a 'java/io/FileNotFoundException'> (0x000000079673c490) thrown at [/Users/tester/jenkins/workspace/zulu8-build-macosx/zulu-src/hotspot/src/share/vm/prims/jni.cpp, line 711]
Event: 20.137 Thread 0x00007fe81b8ef800 Exception <a 'java/io/FileNotFoundException'> (0x000000079674d308) thrown at [/Users/tester/jenkins/workspace/zulu8-build-macosx/zulu-src/hotspot/src/share/vm/prims/jni.cpp, line 711]

Events (10 events):
Event: 101.527 Executing VM operation: RevokeBias done
Event: 103.030 Executing VM operation: RevokeBias
Event: 103.030 Executing VM operation: RevokeBias done
Event: 106.032 Thread 0x00007fe81b8ef800 Uncommon trap: trap_request=0xffffff65 fr.pc=0x000000010cb52098
Event: 106.032 Thread 0x00007fe81b8ef800 DEOPT PACKING pc=0x000000010cb52098 sp=0x00007ff7bd77ac00
Event: 106.032 Thread 0x00007fe81b8ef800 DEOPT UNPACKING pc=0x000000010bdde57a sp=0x00007ff7bd77ab38 mode 2
Event: 107.117 Thread 0x00007fe81b8ef800 Uncommon trap: trap_request=0xffffffc6 fr.pc=0x000000010cae0768
Event: 107.117 Thread 0x00007fe81b8ef800 DEOPT PACKING pc=0x000000010cae0768 sp=0x00007ff7bd77a700
Event: 107.117 Thread 0x00007fe81b8ef800 DEOPT UNPACKING pc=0x000000010bdde57a sp=0x00007ff7bd77a6d8 mode 2
Event: 107.168 Executing VM operation: RevokeBias


Dynamic libraries:
0x00007ff829028000 	/System/Library/Frameworks/Cocoa.framework/Versions/A/Cocoa
0x00007ff814e99000 	/System/Library/Frameworks/AppKit.framework/Versions/C/AppKit
0x00007ff818395000 	/System/Library/Frameworks/CoreData.framework/Versions/A/CoreData
0x00007ff8132b0000 	/System/Library/Frameworks/Foundation.framework/Versions/C/Foundation
0x00007ff81d15d000 	/usr/lib/libSystem.B.dylib
0x00007ff815d2b000 	/System/Library/PrivateFrameworks/UIFoundation.framework/Versions/A/UIFoundation
0x00007ff822fd4000 	/System/Library/PrivateFrameworks/RemoteViewServices.framework/Versions/A/RemoteViewServices
0x00007ff81b3bf000 	/System/Library/PrivateFrameworks/XCTTargetBootstrap.framework/Versions/A/XCTTargetBootstrap
0x00007ff81ef6d000 	/System/Library/PrivateFrameworks/InternationalSupport.framework/Versions/A/InternationalSupport
0x00007ff81eff7000 	/System/Library/PrivateFrameworks/UserActivity.framework/Versions/A/UserActivity
0x00007ff81e34d000 	/usr/lib/libspindump.dylib
0x00007ff815fb9000 	/System/Library/Frameworks/UniformTypeIdentifiers.framework/Versions/A/UniformTypeIdentifiers
0x00007ff819af8000 	/usr/lib/libapp_launch_measurement.dylib
0x00007ff818d61000 	/System/Library/PrivateFrameworks/CoreAnalytics.framework/Versions/A/CoreAnalytics
0x00007ff819afb000 	/System/Library/PrivateFrameworks/CoreAutoLayout.framework/Versions/A/CoreAutoLayout
0x00007ff81ad1b000 	/System/Library/Frameworks/Metal.framework/Versions/A/Metal
0x00007ff81ba35000 	/usr/lib/liblangid.dylib
0x00007ff81b3c3000 	/System/Library/PrivateFrameworks/CoreSVG.framework/Versions/A/CoreSVG
0x00007ff817380000 	/System/Library/PrivateFrameworks/SkyLight.framework/Versions/A/SkyLight
0x00007ff817716000 	/System/Library/Frameworks/CoreGraphics.framework/Versions/A/CoreGraphics
0x00007ff823643000 	/System/Library/Frameworks/Accelerate.framework/Versions/A/Accelerate
0x00007ff81ddc8000 	/System/Library/PrivateFrameworks/IconServices.framework/Versions/A/IconServices
0x00007ff81ad00000 	/System/Library/Frameworks/IOSurface.framework/Versions/A/IOSurface
0x00007ff818d8f000 	/usr/lib/libDiagnosticMessagesClient.dylib
0x00007ff81d07d000 	/usr/lib/libz.1.dylib
0x00007ff826cb4000 	/System/Library/Frameworks/ApplicationServices.framework/Versions/A/ApplicationServices
0x00007ff81b3ab000 	/System/Library/PrivateFrameworks/DFRFoundation.framework/Versions/A/DFRFoundation
0x00007ff81478a000 	/usr/lib/libicucore.A.dylib
0x00007ff81fc92000 	/System/Library/Frameworks/AudioToolbox.framework/Versions/A/AudioToolbox
0x00007ff81ef79000 	/System/Library/PrivateFrameworks/DataDetectorsCore.framework/Versions/A/DataDetectorsCore
0x00007ff91a8d1000 	/System/Library/PrivateFrameworks/TextInput.framework/Versions/A/TextInput
0x00007ff817304000 	/usr/lib/libMobileGestalt.dylib
0x00007ff81b0b3000 	/System/Library/Frameworks/Carbon.framework/Versions/A/Frameworks/HIToolbox.framework/Versions/A/HIToolbox
0x00007ff819525000 	/System/Library/Frameworks/QuartzCore.framework/Versions/A/QuartzCore
0x00007ff81442a000 	/System/Library/Frameworks/Security.framework/Versions/A/Security
0x00007ff82300c000 	/System/Library/Frameworks/Carbon.framework/Versions/A/Frameworks/SpeechRecognition.framework/Versions/A/SpeechRecognition
0x00007ff819858000 	/System/Library/PrivateFrameworks/CoreUI.framework/Versions/A/CoreUI
0x00007ff813d02000 	/System/Library/Frameworks/CoreAudio.framework/Versions/A/CoreAudio
0x00007ff818e7d000 	/System/Library/Frameworks/DiskArbitration.framework/Versions/A/DiskArbitration
0x00007ff81e734000 	/System/Library/PrivateFrameworks/MultitouchSupport.framework/Versions/A/MultitouchSupport
0x00007ff817303000 	/usr/lib/libenergytrace.dylib
0x00007ff814d85000 	/System/Library/Frameworks/IOKit.framework/Versions/A/IOKit
0x00007ff8233f8000 	/System/Library/Frameworks/CoreServices.framework/Versions/A/CoreServices
0x00007ff819a92000 	/System/Library/PrivateFrameworks/PerformanceAnalysis.framework/Versions/A/PerformanceAnalysis
0x00007ffa2a0a1000 	/System/Library/Frameworks/OpenGL.framework/Versions/A/OpenGL
0x00007ff81c6aa000 	/System/Library/PrivateFrameworks/MobileKeyBag.framework/Versions/A/MobileKeyBag
0x00007ff812271000 	/usr/lib/libobjc.A.dylib
0x00007ff817de2000 	/System/Library/Frameworks/ColorSync.framework/Versions/A/ColorSync
0x00007ff81242a000 	/System/Library/Frameworks/CoreFoundation.framework/Versions/A/CoreFoundation
0x00007ff81b63c000 	/System/Library/Frameworks/CoreImage.framework/Versions/A/CoreImage
0x00007ff813b18000 	/System/Library/Frameworks/CoreText.framework/Versions/A/CoreText
0x00007ff81b3f2000 	/System/Library/Frameworks/ImageIO.framework/Versions/A/ImageIO
0x00007ff81d163000 	/System/Library/PrivateFrameworks/SoftLinking.framework/Versions/A/SoftLinking
0x00007ff819b43000 	/usr/lib/libxml2.2.dylib
0x00007ff812337000 	/usr/lib/libc++.1.dylib
0x00007ff81d3e7000 	/usr/lib/libcompression.dylib
0x00007ff81eea3000 	/System/Library/PrivateFrameworks/TextureIO.framework/Versions/A/TextureIO
0x00007ff81dada000 	/usr/lib/libate.dylib
0x00007ff81d158000 	/usr/lib/system/libcache.dylib
0x00007ff81d114000 	/usr/lib/system/libcommonCrypto.dylib
0x00007ff81d13d000 	/usr/lib/system/libcompiler_rt.dylib
0x00007ff81d133000 	/usr/lib/system/libcopyfile.dylib
0x00007ff81216b000 	/usr/lib/system/libcorecrypto.dylib
0x00007ff81222a000 	/usr/lib/system/libdispatch.dylib
0x00007ff8123e9000 	/usr/lib/system/libdyld.dylib
0x00007ff81d14f000 	/usr/lib/system/libkeymgr.dylib
0x00007ff81d0f2000 	/usr/lib/system/libmacho.dylib
0x00007ff81c77e000 	/usr/lib/system/libquarantine.dylib
0x00007ff81d14d000 	/usr/lib/system/libremovefile.dylib
0x00007ff817350000 	/usr/lib/system/libsystem_asl.dylib
0x00007ff812119000 	/usr/lib/system/libsystem_blocks.dylib
0x00007ff8122ae000 	/usr/lib/system/libsystem_c.dylib
0x00007ff81d145000 	/usr/lib/system/libsystem_collections.dylib
0x00007ff81ba26000 	/usr/lib/system/libsystem_configuration.dylib
0x00007ff81ace3000 	/usr/lib/system/libsystem_containermanager.dylib
0x00007ff81ce2f000 	/usr/lib/system/libsystem_coreservices.dylib
0x00007ff814a13000 	/usr/lib/system/libsystem_darwin.dylib
0x00007ff81d150000 	/usr/lib/system/libsystem_dnssd.dylib
0x00007ff8122ab000 	/usr/lib/system/libsystem_featureflags.dylib
0x00007ff8123ff000 	/usr/lib/system/libsystem_info.dylib
0x00007ff81d090000 	/usr/lib/system/libsystem_m.dylib
0x00007ff8121fe000 	/usr/lib/system/libsystem_malloc.dylib
0x00007ff8172ed000 	/usr/lib/system/libsystem_networkextension.dylib
0x00007ff814e3b000 	/usr/lib/system/libsystem_notify.dylib
0x00007ff8232cd000 	/usr/lib/system/libsystem_product_info_filter.dylib
0x00007ff81ba2a000 	/usr/lib/system/libsystem_sandbox.dylib
0x00007ff81d14a000 	/usr/lib/system/libsystem_secinit.dylib
0x00007ff8123a6000 	/usr/lib/system/libsystem_kernel.dylib
0x00007ff8123f5000 	/usr/lib/system/libsystem_platform.dylib
0x00007ff8123dd000 	/usr/lib/system/libsystem_pthread.dylib
0x00007ff818ba8000 	/usr/lib/system/libsystem_symptoms.dylib
0x00007ff812152000 	/usr/lib/system/libsystem_trace.dylib
0x00007ff81d120000 	/usr/lib/system/libunwind.dylib
0x00007ff81211b000 	/usr/lib/system/libxpc.dylib
0x00007ff812390000 	/usr/lib/libc++abi.dylib
0x00007ff81d12b000 	/usr/lib/liboah.dylib
0x00007ff81d8b8000 	/usr/lib/liblzma.5.dylib
0x00007ff812fc1000 	/System/Library/Frameworks/SystemConfiguration.framework/Versions/A/SystemConfiguration
0x00007ff81d15f000 	/usr/lib/libfakelink.dylib
0x00007ff816e56000 	/System/Library/Frameworks/CFNetwork.framework/Versions/A/CFNetwork
0x00007ff81d29e000 	/usr/lib/libarchive.2.dylib
0x00007ff81ba31000 	/System/Library/PrivateFrameworks/AppleSystemInfo.framework/Versions/A/AppleSystemInfo
0x00007ff81c7a5000 	/usr/lib/libbsm.0.dylib
0x00007ff81648c000 	/usr/lib/libnetwork.dylib
0x00007ff81d0f8000 	/usr/lib/system/libkxld.dylib
0x00007ff81c3d3000 	/System/Library/PrivateFrameworks/IOMobileFramebuffer.framework/Versions/A/IOMobileFramebuffer
0x00007ffb27ec6000 	/usr/lib/libCoreEntitlements.dylib
0x00007ff81ce11000 	/System/Library/PrivateFrameworks/AppleFSCompression.framework/Versions/A/AppleFSCompression
0x00007ff81c78d000 	/usr/lib/libcoretls.dylib
0x00007ff81d8d2000 	/usr/lib/libcoretls_cfhelpers.dylib
0x00007ff81d3e2000 	/usr/lib/libpam.2.dylib
0x00007ff8187ca000 	/usr/lib/libsqlite3.dylib
0x00007ff81d941000 	/usr/lib/libxar.1.dylib
0x00007ff81ce21000 	/usr/lib/libbz2.1.0.dylib
0x00007ff81d164000 	/usr/lib/libpcap.A.dylib
0x00007ff818b9f000 	/usr/lib/libdns_services.dylib
0x00007ff81d3b1000 	/usr/lib/libapple_nghttp2.dylib
0x00007ff81d19b000 	/usr/lib/libiconv.2.dylib
0x00007ff81d0f1000 	/usr/lib/libcharset.1.dylib
0x00007ff819ac6000 	/System/Library/Frameworks/CoreServices.framework/Versions/A/Frameworks/FSEvents.framework/Versions/A/FSEvents
0x00007ff814a1d000 	/System/Library/Frameworks/CoreServices.framework/Versions/A/Frameworks/CarbonCore.framework/Versions/A/CarbonCore
0x00007ff818de2000 	/System/Library/Frameworks/CoreServices.framework/Versions/A/Frameworks/Metadata.framework/Versions/A/Metadata
0x00007ff81ce34000 	/System/Library/Frameworks/CoreServices.framework/Versions/A/Frameworks/OSServices.framework/Versions/A/OSServices
0x00007ff81d325000 	/System/Library/Frameworks/CoreServices.framework/Versions/A/Frameworks/SearchKit.framework/Versions/A/SearchKit
0x00007ff818b31000 	/System/Library/Frameworks/CoreServices.framework/Versions/A/Frameworks/AE.framework/Versions/A/AE
0x00007ff81292d000 	/System/Library/Frameworks/CoreServices.framework/Versions/A/Frameworks/LaunchServices.framework/Versions/A/LaunchServices
0x00007ff81d869000 	/System/Library/Frameworks/CoreServices.framework/Versions/A/Frameworks/DictionaryServices.framework/Versions/A/DictionaryServices
0x00007ff819ad3000 	/System/Library/Frameworks/CoreServices.framework/Versions/A/Frameworks/SharedFileList.framework/Versions/A/SharedFileList
0x00007ff81c781000 	/usr/lib/libCheckFix.dylib
0x00007ff817367000 	/System/Library/PrivateFrameworks/TCC.framework/Versions/A/TCC
0x00007ff81ba37000 	/System/Library/PrivateFrameworks/CoreNLP.framework/Versions/A/CoreNLP
0x00007ff818d92000 	/System/Library/PrivateFrameworks/MetadataUtilities.framework/Versions/A/MetadataUtilities
0x00007ff813071000 	/usr/lib/libmecabra.dylib
0x00007ff81c7b5000 	/usr/lib/libmecab.dylib
0x00007ff81303c000 	/usr/lib/libCRFSuite.dylib
0x00007ff81c812000 	/usr/lib/libgermantok.dylib
0x00007ff81d38c000 	/usr/lib/libThaiTokenizer.dylib
0x00007ff818e84000 	/System/Library/Frameworks/Accelerate.framework/Versions/A/Frameworks/vImage.framework/Versions/A/vImage
0x00007ff8233cf000 	/System/Library/Frameworks/Accelerate.framework/Versions/A/Frameworks/vecLib.framework/Versions/A/vecLib
0x00007ff81d982000 	/System/Library/Frameworks/Accelerate.framework/Versions/A/Frameworks/vecLib.framework/Versions/A/libvMisc.dylib
0x00007ff81c1f1000 	/System/Library/Frameworks/Accelerate.framework/Versions/A/Frameworks/vecLib.framework/Versions/A/libvDSP.dylib
0x00007ff812ca5000 	/System/Library/Frameworks/Accelerate.framework/Versions/A/Frameworks/vecLib.framework/Versions/A/libBLAS.dylib
0x00007ff81d4c3000 	/System/Library/Frameworks/Accelerate.framework/Versions/A/Frameworks/vecLib.framework/Versions/A/libLAPACK.dylib
0x00007ff81c815000 	/System/Library/Frameworks/Accelerate.framework/Versions/A/Frameworks/vecLib.framework/Versions/A/libLinearAlgebra.dylib
0x00007ff81d3ca000 	/System/Library/Frameworks/Accelerate.framework/Versions/A/Frameworks/vecLib.framework/Versions/A/libSparseBLAS.dylib
0x00007ff81d4bd000 	/System/Library/Frameworks/Accelerate.framework/Versions/A/Frameworks/vecLib.framework/Versions/A/libQuadrature.dylib
0x00007ff81bb21000 	/System/Library/Frameworks/Accelerate.framework/Versions/A/Frameworks/vecLib.framework/Versions/A/libBNNS.dylib
0x00007ff812f52000 	/System/Library/Frameworks/Accelerate.framework/Versions/A/Frameworks/vecLib.framework/Versions/A/libSparse.dylib
0x00007ff81bb1a000 	/System/Library/PrivateFrameworks/LinguisticData.framework/Versions/A/LinguisticData
0x00007ff812f07000 	/System/Library/PrivateFrameworks/Lexicon.framework/Versions/A/Lexicon
0x00007ff81d97b000 	/usr/lib/libChineseTokenizer.dylib
0x00007ff81366b000 	/System/Library/PrivateFrameworks/LanguageModeling.framework/Versions/A/LanguageModeling
0x00007ff81d38e000 	/System/Library/PrivateFrameworks/AppleSauce.framework/Versions/A/AppleSauce
0x00007ff81c3c1000 	/System/Library/PrivateFrameworks/CoreEmoji.framework/Versions/A/CoreEmoji
0x00007ff81d28d000 	/usr/lib/libcmph.dylib
0x00007ff819aaa000 	/System/Library/Frameworks/OpenDirectory.framework/Versions/A/Frameworks/CFOpenDirectory.framework/Versions/A/CFOpenDirectory
0x00007ff819a9e000 	/System/Library/Frameworks/OpenDirectory.framework/Versions/A/OpenDirectory
0x00007ff81d8d4000 	/System/Library/PrivateFrameworks/APFS.framework/Versions/A/APFS
0x00007ff81c6e2000 	/System/Library/Frameworks/SecurityFoundation.framework/Versions/A/SecurityFoundation
0x00007ff81d94f000 	/usr/lib/libutil.dylib
0x00007ff814d48000 	/System/Library/PrivateFrameworks/CoreServicesStore.framework/Versions/A/CoreServicesStore
0x00007ff81d953000 	/usr/lib/libxslt.1.dylib
0x00007ff81c76f000 	/System/Library/PrivateFrameworks/BackgroundTaskManagement.framework/Versions/A/BackgroundTaskManagement
0x00007ff81edc3000 	/System/Library/Frameworks/ImageIO.framework/Versions/A/Resources/libRadiance.dylib
0x00007ff81edcc000 	/System/Library/Frameworks/ImageIO.framework/Versions/A/Resources/libJPEG.dylib
0x00007ff81ed1c000 	/System/Library/Frameworks/ImageIO.framework/Versions/A/Resources/libPng.dylib
0x00007ff81ed3d000 	/System/Library/Frameworks/ImageIO.framework/Versions/A/Resources/libTIFF.dylib
0x00007ff81ee2c000 	/System/Library/Frameworks/ImageIO.framework/Versions/A/Resources/libGIF.dylib
0x00007ff81e64d000 	/System/Library/Frameworks/ImageIO.framework/Versions/A/Resources/libJP2.dylib
0x00007ff81dd8f000 	/usr/lib/libexpat.1.dylib
0x00007ff81e602000 	/System/Library/PrivateFrameworks/AppleJPEG.framework/Versions/A/AppleJPEG
0x00007ff81af76000 	/System/Library/PrivateFrameworks/FontServices.framework/libFontParser.dylib
0x00007ff818adb000 	/System/Library/PrivateFrameworks/RunningBoardServices.framework/Versions/A/RunningBoardServices
0x00007ff8295a4000 	/System/Library/PrivateFrameworks/IOSurfaceAccelerator.framework/Versions/A/IOSurfaceAccelerator
0x00007ff81e730000 	/System/Library/PrivateFrameworks/WatchdogClient.framework/Versions/A/WatchdogClient
0x00007ff81375a000 	/System/Library/Frameworks/CoreDisplay.framework/Versions/A/CoreDisplay
0x00007ff81ae75000 	/System/Library/Frameworks/CoreMedia.framework/Versions/A/CoreMedia
0x00007ff81ad12000 	/System/Library/PrivateFrameworks/IOAccelerator.framework/Versions/A/IOAccelerator
0x00007ff819c26000 	/System/Library/Frameworks/CoreVideo.framework/Versions/A/CoreVideo
0x00007ff81d3e0000 	/System/Library/Frameworks/MetalPerformanceShaders.framework/Versions/A/MetalPerformanceShaders
0x00007ff81e76b000 	/System/Library/Frameworks/VideoToolbox.framework/Versions/A/VideoToolbox
0x00007ff818a23000 	/System/Library/PrivateFrameworks/BaseBoard.framework/Versions/A/BaseBoard
0x00007ff8187b0000 	/System/Library/PrivateFrameworks/ProtocolBuffer.framework/Versions/A/ProtocolBuffer
0x00007ff81edbc000 	/System/Library/PrivateFrameworks/GPUWrangler.framework/Versions/A/GPUWrangler
0x00007ff81ed9f000 	/System/Library/PrivateFrameworks/IOPresentment.framework/Versions/A/IOPresentment
0x00007ff81edc6000 	/System/Library/PrivateFrameworks/DSExternalDisplay.framework/Versions/A/DSExternalDisplay
0x00007ffa2a095000 	/System/Library/Frameworks/OpenGL.framework/Versions/A/Libraries/libCoreFSCache.dylib
0x00007ffb16136000 	/System/Library/PrivateFrameworks/GPUCompiler.framework/Versions/31001/Libraries/libGPUCompilerUtils.dylib
0x00007ff81ee31000 	/System/Library/PrivateFrameworks/CMCaptureCore.framework/Versions/A/CMCaptureCore
0x00007ff81e33b000 	/System/Library/PrivateFrameworks/AppServerSupport.framework/Versions/A/AppServerSupport
0x00007ff820518000 	/System/Library/PrivateFrameworks/perfdata.framework/Versions/A/perfdata
0x00007ff813886000 	/System/Library/PrivateFrameworks/AudioToolboxCore.framework/Versions/A/AudioToolboxCore
0x00007ff81ae52000 	/System/Library/PrivateFrameworks/caulk.framework/Versions/A/caulk
0x00007ff81fe3c000 	/usr/lib/libAudioStatistics.dylib
0x00007ff91715f000 	/System/Library/PrivateFrameworks/SystemPolicy.framework/Versions/A/SystemPolicy
0x00007ff820091000 	/usr/lib/libSMC.dylib
0x00007ff828edb000 	/System/Library/Frameworks/CoreMIDI.framework/Versions/A/CoreMIDI
0x00007ff81ecec000 	/usr/lib/libAudioToolboxUtility.dylib
0x00007ff913571000 	/System/Library/PrivateFrameworks/OSAServicesClient.framework/Versions/A/OSAServicesClient
0x00007ff820525000 	/usr/lib/libperfcheck.dylib
0x00007ff917bf1000 	/usr/lib/libmis.dylib
0x00007ffa2a0f1000 	/System/Library/Frameworks/OpenGL.framework/Versions/A/Libraries/libGLU.dylib
0x00007ffa2a0b4000 	/System/Library/Frameworks/OpenGL.framework/Versions/A/Libraries/libGFXShared.dylib
0x00007ffa2a2c2000 	/System/Library/Frameworks/OpenGL.framework/Versions/A/Libraries/libGL.dylib
0x00007ffa2a0bd000 	/System/Library/Frameworks/OpenGL.framework/Versions/A/Libraries/libGLImage.dylib
0x00007ffa2a0b1000 	/System/Library/Frameworks/OpenGL.framework/Versions/A/Libraries/libCVMSPluginSupport.dylib
0x00007ffa2a09c000 	/System/Library/Frameworks/OpenGL.framework/Versions/A/Libraries/libCoreVMClient.dylib
0x00007ff81b9b5000 	/System/Library/Frameworks/MetalPerformanceShaders.framework/Versions/A/Frameworks/MPSCore.framework/Versions/A/MPSCore
0x00007ff81cd7c000 	/System/Library/Frameworks/MetalPerformanceShaders.framework/Versions/A/Frameworks/MPSImage.framework/Versions/A/MPSImage
0x00007ff81c82b000 	/System/Library/Frameworks/MetalPerformanceShaders.framework/Versions/A/Frameworks/MPSNeuralNetwork.framework/Versions/A/MPSNeuralNetwork
0x00007ff81cca0000 	/System/Library/Frameworks/MetalPerformanceShaders.framework/Versions/A/Frameworks/MPSMatrix.framework/Versions/A/MPSMatrix
0x00007ff81ca5c000 	/System/Library/Frameworks/MetalPerformanceShaders.framework/Versions/A/Frameworks/MPSRayIntersector.framework/Versions/A/MPSRayIntersector
0x00007ff81ccd9000 	/System/Library/Frameworks/MetalPerformanceShaders.framework/Versions/A/Frameworks/MPSNDArray.framework/Versions/A/MPSNDArray
0x00007ffa2ecb6000 	/System/Library/Frameworks/MetalPerformanceShaders.framework/Versions/A/Frameworks/MPSFunctions.framework/Versions/A/MPSFunctions
0x00007ff812b88000 	/System/Library/PrivateFrameworks/MetalTools.framework/Versions/A/MetalTools
0x00007ff81ba2f000 	/System/Library/PrivateFrameworks/AggregateDictionary.framework/Versions/A/AggregateDictionary
0x00007ff81db71000 	/usr/lib/libIOReport.dylib
0x00007ffa2b6d1000 	/System/Library/Frameworks/OpenCL.framework/Versions/A/OpenCL
0x00007ff81ded5000 	/System/Library/PrivateFrameworks/FaceCore.framework/Versions/A/FaceCore
0x00007ff81dec6000 	/System/Library/PrivateFrameworks/GraphVisualizer.framework/Versions/A/GraphVisualizer
0x00007ffb16041000 	/System/Library/PrivateFrameworks/FontServices.framework/Versions/A/FontServices
0x00007ff81e2f2000 	/System/Library/PrivateFrameworks/OTSVG.framework/Versions/A/OTSVG
0x00007ff81980e000 	/System/Library/Frameworks/ApplicationServices.framework/Versions/A/Frameworks/ATS.framework/Versions/A/Resources/libFontRegistry.dylib
0x00007ff81e343000 	/System/Library/PrivateFrameworks/FontServices.framework/libhvf.dylib
0x00007ffb16042000 	/System/Library/PrivateFrameworks/FontServices.framework/libXTFontStaticRegistryData.dylib
0x00007ff81dd3f000 	/System/Library/PrivateFrameworks/AppleVA.framework/Versions/A/AppleVA
0x00007ff81fe60000 	/System/Library/Frameworks/ApplicationServices.framework/Versions/A/Frameworks/ATS.framework/Versions/A/ATS
0x00007ff817ede000 	/System/Library/Frameworks/ApplicationServices.framework/Versions/A/Frameworks/HIServices.framework/Versions/A/HIServices
0x00007ff81ee3b000 	/System/Library/Frameworks/ApplicationServices.framework/Versions/A/Frameworks/PrintCore.framework/Versions/A/PrintCore
0x00007ff8201e4000 	/System/Library/Frameworks/ApplicationServices.framework/Versions/A/Frameworks/QD.framework/Versions/A/QD
0x00007ff8201dc000 	/System/Library/Frameworks/ApplicationServices.framework/Versions/A/Frameworks/ColorSyncLegacy.framework/Versions/A/ColorSyncLegacy
0x00007ff81fe50000 	/System/Library/Frameworks/ApplicationServices.framework/Versions/A/Frameworks/SpeechSynthesis.framework/Versions/A/SpeechSynthesis
0x00007ff81edfc000 	/System/Library/Frameworks/ApplicationServices.framework/Versions/A/Frameworks/ATSUI.framework/Versions/A/ATSUI
0x00007ff820171000 	/usr/lib/libcups.2.dylib
0x00007ff820534000 	/System/Library/Frameworks/Kerberos.framework/Versions/A/Kerberos
0x00007ff820543000 	/System/Library/Frameworks/GSS.framework/Versions/A/GSS
0x00007ff81fecc000 	/usr/lib/libresolv.9.dylib
0x00007ff81e352000 	/System/Library/PrivateFrameworks/Heimdal.framework/Versions/A/Heimdal
0x00007ff827031000 	/System/Library/Frameworks/Kerberos.framework/Versions/A/Libraries/libHeimdalProxy.dylib
0x00007ff818bb0000 	/System/Library/Frameworks/Network.framework/Versions/A/Network
0x00007ff81dda9000 	/usr/lib/libheimdal-asn1.dylib
0x00007ff82058f000 	/System/Library/PrivateFrameworks/CommonAuth.framework/Versions/A/CommonAuth
0x00007ff81fdcd000 	/System/Library/PrivateFrameworks/AudioSession.framework/Versions/A/AudioSession
0x00007ff81de39000 	/System/Library/PrivateFrameworks/MediaExperience.framework/Versions/A/MediaExperience
0x00007ff81fc61000 	/System/Library/PrivateFrameworks/AudioSession.framework/libSessionUtility.dylib
0x00007ff8201f0000 	/System/Library/PrivateFrameworks/AudioResourceArbitration.framework/Versions/A/AudioResourceArbitration
0x00007ff8241e2000 	/System/Library/PrivateFrameworks/PowerLog.framework/Versions/A/PowerLog
0x00007ff81ddb2000 	/System/Library/PrivateFrameworks/IconFoundation.framework/Versions/A/IconFoundation
0x00007ff822ffc000 	/System/Library/PrivateFrameworks/SpeechRecognitionCore.framework/Versions/A/SpeechRecognitionCore
0x00000001036b8000 	/Library/Java/JavaVirtualMachines/zulu-8.jdk/Contents/Home/jre/lib/server/libjvm.dylib
0x00000001028c8000 	/Library/Java/JavaVirtualMachines/zulu-8.jdk/Contents/Home/jre/lib/libverify.dylib
0x000000010291c000 	/Library/Java/JavaVirtualMachines/zulu-8.jdk/Contents/Home/jre/lib/libjava.dylib
0x000000010295f000 	/Library/Java/JavaVirtualMachines/zulu-8.jdk/Contents/Home/jre/lib/libinstrument.dylib
0x0000000102993000 	/Library/Java/JavaVirtualMachines/zulu-8.jdk/Contents/Home/jre/lib/libzip.dylib
0x000000010ade4000 	/Library/Java/JavaVirtualMachines/zulu-8.jdk/Contents/Home/jre/lib/libnio.dylib
0x000000010ae1c000 	/Library/Java/JavaVirtualMachines/zulu-8.jdk/Contents/Home/jre/lib/libnet.dylib
0x000000010adfc000 	/Library/Java/JavaVirtualMachines/zulu-8.jdk/Contents/Home/jre/lib/libprism_es2.dylib
0x00007ff814d09000 	/System/Library/PrivateFrameworks/CoreServicesInternal.framework/Versions/A/CoreServicesInternal
0x00007ffa2a2cd000 	/System/Library/Frameworks/OpenGL.framework/Versions/A/Resources/GLEngine.bundle/GLEngine
0x00007ffa2a12f000 	/System/Library/Frameworks/OpenGL.framework/Versions/A/Libraries/libGLProgrammability.dylib
0x00007ffa20efd000 	/System/Library/Extensions/AppleIntelSKLGraphicsGLDriver.bundle/Contents/MacOS/AppleIntelSKLGraphicsGLDriver
0x00007ff921ad5000 	/System/Library/PrivateFrameworks/GPUSupport.framework/Versions/A/Libraries/libGPUSupportMercury.dylib
0x00007ffa2a45c000 	/System/Library/Frameworks/OpenGL.framework/Versions/A/Resources/GLRendererFloat.bundle/GLRendererFloat
0x000000010ba3e000 	/Library/Java/JavaVirtualMachines/zulu-8.jdk/Contents/Home/jre/lib/libglass.dylib
0x00007ff8247d3000 	/System/Library/Frameworks/FileProvider.framework/Versions/A/FileProvider
0x00007ff81898f000 	/System/Library/Frameworks/Accounts.framework/Versions/A/Accounts
0x00007ff82494b000 	/System/Library/PrivateFrameworks/GenerationalStorage.framework/Versions/A/GenerationalStorage
0x00007ff82545d000 	/System/Library/PrivateFrameworks/CoreSymbolication.framework/Versions/A/CoreSymbolication
0x00007ff8241d7000 	/System/Library/PrivateFrameworks/SymptomDiagnosticReporter.framework/Versions/A/SymptomDiagnosticReporter
0x00007ff815fcd000 	/System/Library/PrivateFrameworks/DesktopServicesPriv.framework/Versions/A/DesktopServicesPriv
0x00007ff814e4a000 	/usr/lib/libsandbox.1.dylib
0x00007ff819ca5000 	/System/Library/PrivateFrameworks/UserManagement.framework/Versions/A/UserManagement
0x00007ff825422000 	/System/Library/PrivateFrameworks/DebugSymbols.framework/Versions/A/DebugSymbols
0x00007ff8201d1000 	/System/Library/PrivateFrameworks/NetAuth.framework/Versions/A/NetAuth
0x00007ff8210c0000 	/System/Library/PrivateFrameworks/Sharing.framework/Versions/A/Sharing
0x00007ff819c78000 	/System/Library/PrivateFrameworks/login.framework/Versions/A/Frameworks/loginsupport.framework/Versions/A/loginsupport
0x00007ff826563000 	/System/Library/PrivateFrameworks/Apple80211.framework/Versions/A/Apple80211
0x00007ff81ce61000 	/System/Library/PrivateFrameworks/AuthKit.framework/Versions/A/AuthKit
0x00007ff81c4b7000 	/System/Library/PrivateFrameworks/CoreUtils.framework/Versions/A/CoreUtils
0x00007ff81c3de000 	/System/Library/Frameworks/CoreWLAN.framework/Versions/A/CoreWLAN
0x00007ff82121b000 	/System/Library/Frameworks/IOBluetooth.framework/Versions/A/IOBluetooth
0x00007ff8265cb000 	/System/Library/PrivateFrameworks/CoreWiFi.framework/Versions/A/CoreWiFi
0x00007ff824ff7000 	/System/Library/PrivateFrameworks/FrontBoardServices.framework/Versions/A/FrontBoardServices
0x00007ff825089000 	/System/Library/PrivateFrameworks/BoardServices.framework/Versions/A/BoardServices
0x00007ff81c6d1000 	/System/Library/PrivateFrameworks/AssertionServices.framework/Versions/A/AssertionServices
0x00007ff82674f000 	/System/Library/PrivateFrameworks/BackBoardServices.framework/Versions/A/BackBoardServices
0x00007ff82061e000 	/System/Library/PrivateFrameworks/CorePhoneNumbers.framework/Versions/A/CorePhoneNumbers
0x00007ff8242f4000 	/System/Library/PrivateFrameworks/DiskManagement.framework/Versions/A/DiskManagement
0x00007ff824208000 	/System/Library/PrivateFrameworks/AppleIDAuthSupport.framework/Versions/A/AppleIDAuthSupport
0x00007ffa30c6f000 	/System/Library/PrivateFrameworks/AAAFoundation.framework/Versions/A/AAAFoundation
0x00007ff8205ff000 	/System/Library/PrivateFrameworks/KeychainCircle.framework/Versions/A/KeychainCircle
0x00007ff8242c0000 	/System/Library/PrivateFrameworks/MediaKit.framework/Versions/A/MediaKit
0x00007ff824214000 	/System/Library/Frameworks/DiscRecording.framework/Versions/A/DiscRecording
0x00007ff81dcb7000 	/usr/lib/libCoreStorage.dylib
0x00007ff826a3e000 	/usr/lib/libcsfde.dylib
0x00007ff8212e8000 	/System/Library/PrivateFrameworks/ProtectedCloudStorage.framework/Versions/A/ProtectedCloudStorage
0x00007ff826a3a000 	/System/Library/PrivateFrameworks/EFILogin.framework/Versions/A/EFILogin
0x00007ff824971000 	/System/Library/PrivateFrameworks/OctagonTrust.framework/Versions/A/OctagonTrust
0x00007ffb15363000 	/System/Library/PrivateFrameworks/CoreUtilsExtras.framework/Versions/A/CoreUtilsExtras
0x00007ff82414a000 	/System/Library/Frameworks/CoreBluetooth.framework/Versions/A/CoreBluetooth
0x00007ff8270b6000 	/System/Library/Frameworks/AudioUnit.framework/Versions/A/AudioUnit
0x00007ff81dcaf000 	/usr/lib/libMatch.1.dylib
0x00007ff91c055000 	/System/Library/Frameworks/Accelerate.framework/Versions/A/Frameworks/vImage.framework/Versions/A/Libraries/libCGInterfaces.dylib
0x000000011bfcb000 	/usr/lib/libobjc-trampolines.dylib
0x00007ff81999e000 	/System/Library/PrivateFrameworks/ViewBridge.framework/Versions/A/ViewBridge
0x00007ff81e40c000 	/System/Library/PrivateFrameworks/login.framework/Versions/A/login
0x000000011e72d000 	/Library/Java/JavaVirtualMachines/zulu-8.jdk/Contents/Home/jre/lib/libjavafx_iio.dylib
0x000000011e6ef000 	/Library/Java/JavaVirtualMachines/zulu-8.jdk/Contents/Home/jre/lib/libjavafx_font.dylib
0x00000001254aa000 	/Library/Java/JavaVirtualMachines/zulu-8.jdk/Contents/Home/jre/lib/libprism_common.dylib
0x00007ffb27fd8000 	/usr/lib/libRosetta.dylib
0x00007ff8236c7000 	/System/Library/PrivateFrameworks/SystemAdministration.framework/Versions/A/SystemAdministration
0x00007ff81f063000 	/System/Library/Frameworks/MediaToolbox.framework/Versions/A/MediaToolbox
0x00007ff822fc8000 	/System/Library/Frameworks/DirectoryService.framework/Versions/A/DirectoryService
0x00007ff8268dc000 	/System/Library/PrivateFrameworks/DiskImages.framework/Versions/A/DiskImages
0x00007ff81c779000 	/System/Library/Frameworks/ServiceManagement.framework/Versions/A/ServiceManagement
0x00007ff826ab6000 	/System/Library/PrivateFrameworks/LoginUIKit.framework/Versions/A/Frameworks/LoginUICore.framework/Versions/A/LoginUICore
0x00007ff81e5ba000 	/usr/lib/libodfde.dylib
0x00007ff8247a3000 	/System/Library/PrivateFrameworks/CoreAVCHD.framework/Versions/A/CoreAVCHD
0x00007ff82368b000 	/System/Library/Frameworks/MediaAccessibility.framework/Versions/A/MediaAccessibility
0x00007ff82479f000 	/System/Library/PrivateFrameworks/Mangrove.framework/Versions/A/Mangrove
0x00007ff823696000 	/System/Library/PrivateFrameworks/AlgosScoreFramework.framework/Versions/A/AlgosScoreFramework
0x00007ffb127a8000 	/System/Library/PrivateFrameworks/CMPhoto.framework/Versions/A/CMPhoto
0x00007ff8252f8000 	/System/Library/PrivateFrameworks/AppleVPA.framework/Versions/A/AppleVPA
0x00007ff8243e4000 	/System/Library/PrivateFrameworks/CoreAUC.framework/Versions/A/CoreAUC
0x00007ff826a4a000 	/usr/lib/libcurl.4.dylib
0x00007ff8267a7000 	/usr/lib/libcrypto.44.dylib
0x00007ff8268af000 	/usr/lib/libssl.46.dylib
0x00007ff82676d000 	/System/Library/Frameworks/LDAP.framework/Versions/A/LDAP
0x00007ff8267a5000 	/System/Library/PrivateFrameworks/TrustEvaluationAgent.framework/Versions/A/TrustEvaluationAgent
0x00007ff81fee5000 	/usr/lib/libsasl2.2.dylib
0x00007ff8236bb000 	/System/Library/PrivateFrameworks/CoreDaemon.framework/Versions/B/CoreDaemon
0x00007ff8236b6000 	/System/Library/PrivateFrameworks/AppleSRP.framework/Versions/A/AppleSRP
0x0000000128b25000 	/Library/Java/JavaVirtualMachines/zulu-8.jdk/Contents/Home/jre/lib/libsunec.dylib

VM Arguments:
jvm_args: -javaagent:/Applications/IntelliJ IDEA.app/Contents/lib/idea_rt.jar=59698:/Applications/IntelliJ IDEA.app/Contents/bin -Dfile.encoding=UTF-8 
java_command: AppInitializer
java_class_path (initial): /Library/Java/JavaVirtualMachines/zulu-8.jdk/Contents/Home/jre/lib/charsets.jar:/Library/Java/JavaVirtualMachines/zulu-8.jdk/Contents/Home/jre/lib/crs-agent.jar:/Library/Java/JavaVirtualMachines/zulu-8.jdk/Contents/Home/jre/lib/ext/cldrdata.jar:/Library/Java/JavaVirtualMachines/zulu-8.jdk/Contents/Home/jre/lib/ext/dnsns.jar:/Library/Java/JavaVirtualMachines/zulu-8.jdk/Contents/Home/jre/lib/ext/jaccess.jar:/Library/Java/JavaVirtualMachines/zulu-8.jdk/Contents/Home/jre/lib/ext/jfxrt.jar:/Library/Java/JavaVirtualMachines/zulu-8.jdk/Contents/Home/jre/lib/ext/legacy8ujsse.jar:/Library/Java/JavaVirtualMachines/zulu-8.jdk/Contents/Home/jre/lib/ext/localedata.jar:/Library/Java/JavaVirtualMachines/zulu-8.jdk/Contents/Home/jre/lib/ext/nashorn.jar:/Library/Java/JavaVirtualMachines/zulu-8.jdk/Contents/Home/jre/lib/ext/openjsse.jar:/Library/Java/JavaVirtualMachines/zulu-8.jdk/Contents/Home/jre/lib/ext/sunec.jar:/Library/Java/JavaVirtualMachines/zulu-8.jdk/Contents/Home/jre/lib/ext/sunjce_provider.jar:/Library/Java/JavaVirtualMachines/zulu-8.jdk/Contents/Home/jre/lib/ext/sunpkcs11.jar:/Library/Java/JavaVirtualMachines/zulu-8.jdk/Contents/Home/jre/lib/ext/zipfs.jar:/Library/Java/JavaVirtualMachines/zulu-8.jdk/Contents/Home/jre/lib/jce.jar:/Library/Java/JavaVirtualMachines/zulu-8.jdk/Contents/Home/jre/lib/jfr.jar:/Library/Java/JavaVirtualMachines/zulu-8.jdk/Contents/Home/jre/lib/jfxswt.jar:/Library/Java/JavaVirtualMachines/zulu-8.jdk/Contents/Home/jre/lib/jsse.jar:/Library/Java/JavaVirtualMachines/zulu-8.jdk/Contents/Home/jre/lib/management-agent.jar:/Library/Java/JavaVirtualMachines/zulu-8.jdk/Contents/Home/jre/lib/resources.jar:/Library/Java/JavaVirtualMachines/zulu-8.jdk/Contents/Home/jre/lib/rt.jar:/Library/Java/JavaVirtualMachines/zulu-8.jdk/Contents/Home/lib/ant-javafx.jar:/Library/Java/JavaVirtualMachines/zulu-8.jdk/Contents/Home/lib/dt.jar:/Library/Java/JavaVirtualMachines/zulu-8.jdk/Contents/Home/lib/javafx-mx.jar:/Library/Java/JavaVirtualMachi
Launcher Type: SUN_STANDARD

Environment Variables:
PATH=/Users/kasunrachintha/opt/anaconda3/bin:/Library/Frameworks/Python.framework/Versions/3.9/bin:/usr/local/bin:/usr/bin:/bin:/usr/sbin:/sbin:/Applications/VMware Fusion.app/Contents/Public
SHELL=/bin/zsh

Signal Handlers:
SIGSEGV: [libjvm.dylib+0x5b2935], sa_mask[0]=11111111011111110111111111111111, sa_flags=SA_ONSTACK|SA_RESTART|SA_SIGINFO
SIGBUS: [libjvm.dylib+0x5b2935], sa_mask[0]=11111111011111110111111111111111, sa_flags=SA_RESTART|SA_SIGINFO
SIGFPE: [libjvm.dylib+0x4a1701], sa_mask[0]=11111111011111110111111111111111, sa_flags=SA_RESTART|SA_SIGINFO
SIGPIPE: [libjvm.dylib+0x4a1701], sa_mask[0]=11111111011111110111111111111111, sa_flags=SA_RESTART|SA_SIGINFO
SIGXFSZ: [libjvm.dylib+0x4a1701], sa_mask[0]=11111111011111110111111111111111, sa_flags=SA_RESTART|SA_SIGINFO
SIGILL: [libjvm.dylib+0x4a1701], sa_mask[0]=11111111011111110111111111111111, sa_flags=SA_RESTART|SA_SIGINFO
SIGUSR1: SIG_DFL, sa_mask[0]=00000000000000000000000000000000, sa_flags=none
SIGUSR2: [libjvm.dylib+0x4a1ff0], sa_mask[0]=00100000000000000000000000000000, sa_flags=SA_RESTART|SA_SIGINFO
SIGHUP: [libjvm.dylib+0x4a013f], sa_mask[0]=11111111011111110111111111111111, sa_flags=SA_RESTART|SA_SIGINFO
SIGINT: [libjvm.dylib+0x4a013f], sa_mask[0]=11111111011111110111111111111111, sa_flags=SA_RESTART|SA_SIGINFO
SIGTERM: [libjvm.dylib+0x4a013f], sa_mask[0]=11111111011111110111111111111111, sa_flags=SA_RESTART|SA_SIGINFO
SIGQUIT: [libjvm.dylib+0x4a013f], sa_mask[0]=11111111011111110111111111111111, sa_flags=SA_RESTART|SA_SIGINFO


---------------  S Y S T E M  ---------------

OS:Bsduname:Darwin 21.3.0 Darwin Kernel Version 21.3.0: Wed Jan  5 21:37:58 PST 2022; root:xnu-8019.80.24~20/RELEASE_X86_64 x86_64
rlimit: STACK 8192k, CORE 0k, NPROC 1392, NOFILE 10240, AS infinity
load average:2.70 2.79 2.61

CPU:total 4 (initial active 4) (2 cores per cpu, 2 threads per core) family 6 model 78 stepping 3, cmov, cx8, fxsr, mmx, sse, sse2, sse3, ssse3, sse4.1, sse4.2, popcnt, avx, avx2, aes, clmul, erms, 3dnowpref, lzcnt, ht, tsc, tscinvbit, bmi1, bmi2, adx

Memory: 4k page, physical 8388608k(330072k free)

/proc/meminfo:


vm_info: OpenJDK 64-Bit Server VM (25.312-b07) for bsd-amd64 JRE (Zulu 8.58.0.13-CA-macosx) (1.8.0_312-b07), built on Oct 11 2021 08:36:41 by "zulu_re" with gcc 4.2.1 Compatible Apple LLVM 11.0.0 (clang-1100.0.33.17)

time: Wed Mar 23 11:17:15 2022
timezone: +0530
elapsed time: 107.196290 seconds (0d 0h 1m 47s)

