#
# A fatal error has been detected by the Java Runtime Environment:
#
#  SIGSEGV (0xb) at pc=0x0000000107b2041a, pid=2623, tid=0x0000000000004503
#
# JRE version: OpenJDK Runtime Environment (Zulu 8.58.0.13-CA-macosx) (8.0_312-b07) (build 1.8.0_312-b07)
# Java VM: OpenJDK 64-Bit Server VM (25.312-b07 mixed mode bsd-amd64 compressed oops)
# Problematic frame:
# V  [libjvm.dylib+0x1e641a]
#
# Failed to write core dump. Core dumps have been disabled. To enable core dumping, try "ulimit -c unlimited" before starting Java again
#
# If you would like to submit a bug report, please visit:
#   http://www.azul.com/support/
#

---------------  T H R E A D  ---------------

Current thread (0x00007f97b2824000):  JavaThread "C2 CompilerThread1" daemon [_thread_in_vm, id=17667, stack(0x000070000208f000,0x000070000218f000)]

siginfo: si_signo: 11 (SIGSEGV), si_code: 1 (SEGV_MAPERR), si_addr: 0x0000000000000000

Registers:
RAX=0x00000000000dffe0, RBX=0x00000000001c0008, RCX=0x0000000000000001, RDX=0x0000000000000003
RSP=0x000070000218d130, RBP=0x000070000218d160, RSI=0x000000000006fff0, RDI=0x0000000000000000
R8 =0x0000000000000001, R9 =0x0000000000000018, R10=0x000000010805df93, R11=0x0000000000000020
R12=0x0000000000000003, R13=0x0000000000000000, R14=0x000000000006fff0, R15=0x0000000000000000
RIP=0x0000000107b2041a, EFLAGS=0x0000000000010246, ERR=0x0000000000000004
  TRAPNO=0x000000000000000e

Top of Stack: (sp=0x000070000218d130)
0x000070000218d130:   00000000000dffe0 00000000001c0008
0x000070000218d140:   000000000006fff0 0000000107b1db1e
0x000070000218d150:   0000000000380010 0000000000000000
0x000070000218d160:   000070000218d220 00007ff8130feb50
0x000070000218d170:   0000000000000000 0000000000000018
0x000070000218d180:   0000000000025557 0000000000000000
0x000070000218d190:   0000000100000001 0000000000000006
0x000070000218d1a0:   0000000000000003 0000000000000022
0x000070000218d1b0:   0000000000000000 ffffffffffffffe8
0x000070000218d1c0:   000000000006fff0 0000000000000000
0x000070000218d1d0:   0000000100000001 0000000000000018
0x000070000218d1e0:   00000000000dffe0 0000000107b1db1e
0x000070000218d1f0:   0101000000000000 00007f97b4a2c500
0x000070000218d200:   000000010803c140 00000000000007fe
0x000070000218d210:   0000000107f2d812 0000000000000007
0x000070000218d220:   000070000218d260 0000000107b1dabe
0x000070000218d230:   000000010805e400 00007f97b408d6a0
0x000070000218d240:   0000000000000000 00007f97b4a2c500
0x000070000218d250:   000070000218ea80 00006000034fa000
0x000070000218d260:   000070000218d300 0000000107b1dbb3
0x000070000218d270:   0000700000000010 00007f97b410df50
0x000070000218d280:   000070000218d368 000000c800000008
0x000070000218d290:   000070000218bc18 000000a100000002
0x000070000218d2a0:   0000000000000000 0000000000000000
0x000070000218d2b0:   0000000000000000 0000000108036f78
0x000070000218d2c0:   00006000014fdb90 00007f9700000010
0x000070000218d2d0:   000070000218d300 00007f97b408d6a0
0x000070000218d2e0:   0000000000000000 00007f97b2824000
0x000070000218d2f0:   000070000218ea80 00006000034fa000
0x000070000218d300:   000070000218d3c0 0000000107a87d9d
0x000070000218d310:   00007f97b2913c60 000000003f800000
0x000070000218d320:   00007f970000007e 000000f5000000f5 

Instructions: (pc=0x0000000107b2041a)
0x0000000107b203fa:   90 90 55 48 89 e5 41 57 41 56 41 55 41 54 53 50
0x0000000107b2040a:   85 d2 7e 2c 49 89 f6 49 89 ff 4c 63 e2 45 31 ed
0x0000000107b2041a:   4b 8b 3c ef e8 a5 32 f6 ff 89 c3 4b 8b 3c ee e8
0x0000000107b2042a:   9a 32 f6 ff 29 c3 75 0a 49 ff c5 4d 39 e5 7c e0 

Register to memory mapping:

RAX=0x00000000000dffe0 is an unknown value
RBX=0x00000000001c0008 is an unknown value
RCX=0x0000000000000001 is an unknown value
RDX=0x0000000000000003 is an unknown value
RSP=0x000070000218d130 is pointing into the stack for thread: 0x00007f97b2824000
RBP=0x000070000218d160 is pointing into the stack for thread: 0x00007f97b2824000
RSI=0x000000000006fff0 is an unknown value
RDI=0x0000000000000000 is an unknown value
R8 =0x0000000000000001 is an unknown value
R9 =0x0000000000000018 is an unknown value
R10=0x000000010805df93: AssumeMP+0 in /Library/Java/JavaVirtualMachines/zulu-8.jdk/Contents/Home/jre/lib/server/libjvm.dylib at 0x000000010793a000
R11=0x0000000000000020 is an unknown value
R12=0x0000000000000003 is an unknown value
R13=0x0000000000000000 is an unknown value
R14=0x000000000006fff0 is an unknown value
R15=0x0000000000000000 is an unknown value


Stack: [0x000070000208f000,0x000070000218f000],  sp=0x000070000218d130,  free space=1016k
Native frames: (J=compiled Java code, j=interpreted, Vv=VM code, C=native code)
V  [libjvm.dylib+0x1e641a]
C  [libsystem_c.dylib+0x34b50]  _qsort+0x108
V  [libjvm.dylib+0x1e3abe]
V  [libjvm.dylib+0x1e3bb3]
V  [libjvm.dylib+0x14dd9d]
V  [libjvm.dylib+0x199489]
V  [libjvm.dylib+0x1384ca]
V  [libjvm.dylib+0x1a47ea]
V  [libjvm.dylib+0x1a3cbe]
V  [libjvm.dylib+0x57538a]
V  [libjvm.dylib+0x57523d]
V  [libjvm.dylib+0x49f1f7]
C  [libsystem_pthread.dylib+0x64f4]  _pthread_start+0x7d
C  [libsystem_pthread.dylib+0x200f]  thread_start+0xf
C  0x0000000000000000


Current CompileTask:
C2:    843  355       4       java.util.Arrays::copyOfRange (63 bytes)


---------------  P R O C E S S  ---------------

Java Threads: ( => current thread )
  0x00007f97b40d8000 JavaThread "JavaFX Application Thread" [_thread_blocked, id=259, stack(0x00007ff7b8cff000,0x00007ff7b94ff000)]
  0x00007f97b28bc000 JavaThread "Thread-1" daemon [_thread_blocked, id=39951, stack(0x000070000259e000,0x000070000269e000)]
  0x00007f97b30db800 JavaThread "QuantumRenderer-0" daemon [_thread_blocked, id=14851, stack(0x000070000249b000,0x000070000259b000)]
  0x00007f97b308d000 JavaThread "Service Thread" daemon [_thread_blocked, id=17155, stack(0x0000700002295000,0x0000700002395000)]
  0x00007f97b487c800 JavaThread "C1 CompilerThread2" daemon [_thread_in_native, id=17411, stack(0x0000700002192000,0x0000700002292000)]
=>0x00007f97b2824000 JavaThread "C2 CompilerThread1" daemon [_thread_in_vm, id=17667, stack(0x000070000208f000,0x000070000218f000)]
  0x00007f97b4877000 JavaThread "C2 CompilerThread0" daemon [_thread_blocked, id=17923, stack(0x0000700001f8c000,0x000070000208c000)]
  0x00007f97b284c000 JavaThread "Monitor Ctrl-Break" daemon [_thread_in_native, id=13571, stack(0x0000700001e89000,0x0000700001f89000)]
  0x00007f97b401f000 JavaThread "Signal Dispatcher" daemon [_thread_blocked, id=13059, stack(0x0000700001d86000,0x0000700001e86000)]
  0x00007f97b401c800 JavaThread "Finalizer" daemon [_thread_blocked, id=20739, stack(0x0000700001b7d000,0x0000700001c7d000)]
  0x00007f97b280f000 JavaThread "Reference Handler" daemon [_thread_blocked, id=20995, stack(0x0000700001a7a000,0x0000700001b7a000)]
  0x00007f97b280c000 JavaThread "main" [_thread_in_native, id=5635, stack(0x0000700001468000,0x0000700001568000)]

Other Threads:
  0x00007f97b401c000 VMThread [stack: 0x0000700001977000,0x0000700001a77000] [id=21251]
  0x00007f97b284d800 WatcherThread [stack: 0x0000700002398000,0x0000700002498000] [id=14595]

VM state:not at safepoint (normal execution)

VM Mutex/Monitor currently owned by a thread:  ([mutex/lock_event])
[0x00006000034f9f00] Compile_lock - owner thread: 0x00007f97b2824000
[0x00006000034fa000] MethodCompileQueue_lock - owner thread: 0x00007f97b2824000

heap address: 0x0000000740000000, size: 2048 MB, Compressed Oops mode: Zero based, Oop shift amount: 3
Narrow klass base: 0x0000000000000000, Narrow klass shift: 3
Compressed class space size: 1073741824 Address: 0x00000007c0000000

Heap:
 PSYoungGen      total 38400K, used 12024K [0x0000000795580000, 0x0000000798000000, 0x00000007c0000000)
  eden space 33280K, 36% used [0x0000000795580000,0x000000079613e0b8,0x0000000797600000)
  from space 5120K, 0% used [0x0000000797b00000,0x0000000797b00000,0x0000000798000000)
  to   space 5120K, 0% used [0x0000000797600000,0x0000000797600000,0x0000000797b00000)
 ParOldGen       total 87552K, used 0K [0x0000000740000000, 0x0000000745580000, 0x0000000795580000)
  object space 87552K, 0% used [0x0000000740000000,0x0000000740000000,0x0000000745580000)
 Metaspace       used 5873K, capacity 6120K, committed 6144K, reserved 1056768K
  class space    used 667K, capacity 750K, committed 768K, reserved 1048576K

Card table byte_map: [0x0000000106fe4000,0x00000001073e5000] byte_map_base: 0x00000001035e4000

Marking Bits: (ParMarkBitMap*) 0x0000000108065948
 Begin Bits: [0x000000011a4e6000, 0x000000011c4e6000)
 End Bits:   [0x000000011c4e6000, 0x000000011e4e6000)

Polling page: 0x0000000106b39000

CodeCache: size=245760Kb used=1824Kb max_used=1824Kb free=243936Kb
 bounds [0x000000010b4e6000, 0x000000010b756000, 0x000000011a4e6000]
 total_blobs=704 nmethods=349 adapters=266
 compilation: enabled

Compilation events (10 events):
Event: 0.630 Thread 0x00007f97b487c800  344       3       java.lang.reflect.Array::newInstance (6 bytes)
Event: 0.630 Thread 0x00007f97b487c800 nmethod 344 0x000000010b6a8f10 code [0x000000010b6a9080, 0x000000010b6a91e8]
Event: 0.713 Thread 0x00007f97b487c800  346   !   3       sun.misc.URLClassPath$JarLoader::ensureOpen (36 bytes)
Event: 0.713 Thread 0x00007f97b487c800 nmethod 346 0x000000010b6a9290 code [0x000000010b6a9420, 0x000000010b6a9868]
Event: 0.713 Thread 0x00007f97b487c800  347   !   3       java.util.zip.ZipFile::getEntry (101 bytes)
Event: 0.715 Thread 0x00007f97b487c800 nmethod 347 0x000000010b6a9a10 code [0x000000010b6a9be0, 0x000000010b6aa258]
Event: 0.715 Thread 0x00007f97b487c800  348       1       java.lang.invoke.MethodHandles$Lookup::lookupClass (5 bytes)
Event: 0.715 Thread 0x00007f97b487c800 nmethod 348 0x000000010b6aa550 code [0x000000010b6aa6a0, 0x000000010b6aa7b0]
Event: 0.794 Thread 0x00007f97b487c800  353       3       java.util.WeakHashMap::remove (133 bytes)
Event: 0.794 Thread 0x00007f97b2824000  355       4       java.util.Arrays::copyOfRange (63 bytes)

GC Heap History (0 events):
No events

Deoptimization events (0 events):
No events

Classes redefined (0 events):
No events

Internal exceptions (9 events):
Event: 0.044 Thread 0x00007f97b280c000 Exception <a 'java/lang/NoSuchMethodError': Method sun.misc.Unsafe.defineClass(Ljava/lang/String;[BII)Ljava/lang/Class; name or signature does not match> (0x0000000795587d80) thrown at [/Users/tester/jenkins/workspace/zulu8-build-macosx/zulu-src/hotspot/s
Event: 0.044 Thread 0x00007f97b280c000 Exception <a 'java/lang/NoSuchMethodError': Method sun.misc.Unsafe.prefetchRead(Ljava/lang/Object;J)V name or signature does not match> (0x0000000795588068) thrown at [/Users/tester/jenkins/workspace/zulu8-build-macosx/zulu-src/hotspot/src/share/vm/prims/
Event: 0.300 Thread 0x00007f97b280c000 Exception <a 'java/lang/NoSuchFieldError': method resolution failed> (0x00000007959b5350) thrown at [/Users/tester/jenkins/workspace/zulu8-build-macosx/zulu-src/hotspot/src/share/vm/prims/methodHandles.cpp, line 1176]
Event: 0.302 Thread 0x00007f97b280c000 Exception <a 'java/lang/NoSuchFieldError': method resolution failed> (0x00000007959c2fa0) thrown at [/Users/tester/jenkins/workspace/zulu8-build-macosx/zulu-src/hotspot/src/share/vm/prims/methodHandles.cpp, line 1176]
Event: 0.338 Thread 0x00007f97b280c000 Exception <a 'java/security/PrivilegedActionException'> (0x0000000795a722e8) thrown at [/Users/tester/jenkins/workspace/zulu8-build-macosx/zulu-src/hotspot/src/share/vm/prims/jvm.cpp, line 1529]
Event: 0.338 Thread 0x00007f97b280c000 Exception <a 'java/security/PrivilegedActionException'> (0x0000000795a724f8) thrown at [/Users/tester/jenkins/workspace/zulu8-build-macosx/zulu-src/hotspot/src/share/vm/prims/jvm.cpp, line 1529]
Event: 0.338 Thread 0x00007f97b280c000 Exception <a 'java/security/PrivilegedActionException'> (0x0000000795a755e0) thrown at [/Users/tester/jenkins/workspace/zulu8-build-macosx/zulu-src/hotspot/src/share/vm/prims/jvm.cpp, line 1529]
Event: 0.338 Thread 0x00007f97b280c000 Exception <a 'java/security/PrivilegedActionException'> (0x0000000795a757f0) thrown at [/Users/tester/jenkins/workspace/zulu8-build-macosx/zulu-src/hotspot/src/share/vm/prims/jvm.cpp, line 1529]
Event: 0.338 Thread 0x00007f97b280c000 Exception <a 'java/lang/NullPointerException'> (0x0000000795a761f8) thrown at [/Users/tester/jenkins/workspace/zulu8-build-macosx/zulu-src/hotspot/src/share/vm/interpreter/linkResolver.cpp, line 1185]

Events (10 events):
Event: 0.789 loading class com/sun/prism/Mesh
Event: 0.789 loading class com/sun/prism/Mesh done
Event: 0.789 loading class com/sun/prism/es2/ES2Context
Event: 0.789 loading class com/sun/prism/es2/ES2Context done
Event: 0.791 loading class com/sun/prism/impl/ps/BaseShaderContext
Event: 0.791 loading class com/sun/prism/impl/ps/BaseShaderContext done
Event: 0.793 loading class com/sun/prism/impl/BaseContext
Event: 0.793 loading class com/sun/prism/impl/BaseContext done
Event: 0.798 loading class com/sun/prism/ps/ShaderGraphics
Event: 0.798 loading class com/sun/prism/ps/ShaderGraphics done


Dynamic libraries:
0x00007ff829e44000 	/System/Library/Frameworks/Cocoa.framework/Versions/A/Cocoa
0x00007ff815cb5000 	/System/Library/Frameworks/AppKit.framework/Versions/C/AppKit
0x00007ff8191b1000 	/System/Library/Frameworks/CoreData.framework/Versions/A/CoreData
0x00007ff8140cc000 	/System/Library/Frameworks/Foundation.framework/Versions/C/Foundation
0x00007ff81df79000 	/usr/lib/libSystem.B.dylib
0x00007ff816b47000 	/System/Library/PrivateFrameworks/UIFoundation.framework/Versions/A/UIFoundation
0x00007ff823df0000 	/System/Library/PrivateFrameworks/RemoteViewServices.framework/Versions/A/RemoteViewServices
0x00007ff81c1db000 	/System/Library/PrivateFrameworks/XCTTargetBootstrap.framework/Versions/A/XCTTargetBootstrap
0x00007ff81fd89000 	/System/Library/PrivateFrameworks/InternationalSupport.framework/Versions/A/InternationalSupport
0x00007ff81fe13000 	/System/Library/PrivateFrameworks/UserActivity.framework/Versions/A/UserActivity
0x00007ff81f169000 	/usr/lib/libspindump.dylib
0x00007ff816dd5000 	/System/Library/Frameworks/UniformTypeIdentifiers.framework/Versions/A/UniformTypeIdentifiers
0x00007ff81a914000 	/usr/lib/libapp_launch_measurement.dylib
0x00007ff819b7d000 	/System/Library/PrivateFrameworks/CoreAnalytics.framework/Versions/A/CoreAnalytics
0x00007ff81a917000 	/System/Library/PrivateFrameworks/CoreAutoLayout.framework/Versions/A/CoreAutoLayout
0x00007ff81bb37000 	/System/Library/Frameworks/Metal.framework/Versions/A/Metal
0x00007ff81c851000 	/usr/lib/liblangid.dylib
0x00007ff81c1df000 	/System/Library/PrivateFrameworks/CoreSVG.framework/Versions/A/CoreSVG
0x00007ff81819c000 	/System/Library/PrivateFrameworks/SkyLight.framework/Versions/A/SkyLight
0x00007ff818532000 	/System/Library/Frameworks/CoreGraphics.framework/Versions/A/CoreGraphics
0x00007ff82445f000 	/System/Library/Frameworks/Accelerate.framework/Versions/A/Accelerate
0x00007ff81ebe4000 	/System/Library/PrivateFrameworks/IconServices.framework/Versions/A/IconServices
0x00007ff81bb1c000 	/System/Library/Frameworks/IOSurface.framework/Versions/A/IOSurface
0x00007ff819bab000 	/usr/lib/libDiagnosticMessagesClient.dylib
0x00007ff81de99000 	/usr/lib/libz.1.dylib
0x00007ff827ad0000 	/System/Library/Frameworks/ApplicationServices.framework/Versions/A/ApplicationServices
0x00007ff81c1c7000 	/System/Library/PrivateFrameworks/DFRFoundation.framework/Versions/A/DFRFoundation
0x00007ff8155a6000 	/usr/lib/libicucore.A.dylib
0x00007ff820aae000 	/System/Library/Frameworks/AudioToolbox.framework/Versions/A/AudioToolbox
0x00007ff81fd95000 	/System/Library/PrivateFrameworks/DataDetectorsCore.framework/Versions/A/DataDetectorsCore
0x00007ff91b6ed000 	/System/Library/PrivateFrameworks/TextInput.framework/Versions/A/TextInput
0x00007ff818120000 	/usr/lib/libMobileGestalt.dylib
0x00007ff81becf000 	/System/Library/Frameworks/Carbon.framework/Versions/A/Frameworks/HIToolbox.framework/Versions/A/HIToolbox
0x00007ff81a341000 	/System/Library/Frameworks/QuartzCore.framework/Versions/A/QuartzCore
0x00007ff815246000 	/System/Library/Frameworks/Security.framework/Versions/A/Security
0x00007ff823e28000 	/System/Library/Frameworks/Carbon.framework/Versions/A/Frameworks/SpeechRecognition.framework/Versions/A/SpeechRecognition
0x00007ff81a674000 	/System/Library/PrivateFrameworks/CoreUI.framework/Versions/A/CoreUI
0x00007ff814b1e000 	/System/Library/Frameworks/CoreAudio.framework/Versions/A/CoreAudio
0x00007ff819c99000 	/System/Library/Frameworks/DiskArbitration.framework/Versions/A/DiskArbitration
0x00007ff81f550000 	/System/Library/PrivateFrameworks/MultitouchSupport.framework/Versions/A/MultitouchSupport
0x00007ff81811f000 	/usr/lib/libenergytrace.dylib
0x00007ff815ba1000 	/System/Library/Frameworks/IOKit.framework/Versions/A/IOKit
0x00007ff824214000 	/System/Library/Frameworks/CoreServices.framework/Versions/A/CoreServices
0x00007ff81a8ae000 	/System/Library/PrivateFrameworks/PerformanceAnalysis.framework/Versions/A/PerformanceAnalysis
0x00007ffa2aebd000 	/System/Library/Frameworks/OpenGL.framework/Versions/A/OpenGL
0x00007ff81d4c6000 	/System/Library/PrivateFrameworks/MobileKeyBag.framework/Versions/A/MobileKeyBag
0x00007ff81308d000 	/usr/lib/libobjc.A.dylib
0x00007ff818bfe000 	/System/Library/Frameworks/ColorSync.framework/Versions/A/ColorSync
0x00007ff813246000 	/System/Library/Frameworks/CoreFoundation.framework/Versions/A/CoreFoundation
0x00007ff81c458000 	/System/Library/Frameworks/CoreImage.framework/Versions/A/CoreImage
0x00007ff814934000 	/System/Library/Frameworks/CoreText.framework/Versions/A/CoreText
0x00007ff81c20e000 	/System/Library/Frameworks/ImageIO.framework/Versions/A/ImageIO
0x00007ff81df7f000 	/System/Library/PrivateFrameworks/SoftLinking.framework/Versions/A/SoftLinking
0x00007ff81a95f000 	/usr/lib/libxml2.2.dylib
0x00007ff813153000 	/usr/lib/libc++.1.dylib
0x00007ff81e203000 	/usr/lib/libcompression.dylib
0x00007ff81fcbf000 	/System/Library/PrivateFrameworks/TextureIO.framework/Versions/A/TextureIO
0x00007ff81e8f6000 	/usr/lib/libate.dylib
0x00007ff81df74000 	/usr/lib/system/libcache.dylib
0x00007ff81df30000 	/usr/lib/system/libcommonCrypto.dylib
0x00007ff81df59000 	/usr/lib/system/libcompiler_rt.dylib
0x00007ff81df4f000 	/usr/lib/system/libcopyfile.dylib
0x00007ff812f87000 	/usr/lib/system/libcorecrypto.dylib
0x00007ff813046000 	/usr/lib/system/libdispatch.dylib
0x00007ff813205000 	/usr/lib/system/libdyld.dylib
0x00007ff81df6b000 	/usr/lib/system/libkeymgr.dylib
0x00007ff81df0e000 	/usr/lib/system/libmacho.dylib
0x00007ff81d59a000 	/usr/lib/system/libquarantine.dylib
0x00007ff81df69000 	/usr/lib/system/libremovefile.dylib
0x00007ff81816c000 	/usr/lib/system/libsystem_asl.dylib
0x00007ff812f35000 	/usr/lib/system/libsystem_blocks.dylib
0x00007ff8130ca000 	/usr/lib/system/libsystem_c.dylib
0x00007ff81df61000 	/usr/lib/system/libsystem_collections.dylib
0x00007ff81c842000 	/usr/lib/system/libsystem_configuration.dylib
0x00007ff81baff000 	/usr/lib/system/libsystem_containermanager.dylib
0x00007ff81dc4b000 	/usr/lib/system/libsystem_coreservices.dylib
0x00007ff81582f000 	/usr/lib/system/libsystem_darwin.dylib
0x00007ff81df6c000 	/usr/lib/system/libsystem_dnssd.dylib
0x00007ff8130c7000 	/usr/lib/system/libsystem_featureflags.dylib
0x00007ff81321b000 	/usr/lib/system/libsystem_info.dylib
0x00007ff81deac000 	/usr/lib/system/libsystem_m.dylib
0x00007ff81301a000 	/usr/lib/system/libsystem_malloc.dylib
0x00007ff818109000 	/usr/lib/system/libsystem_networkextension.dylib
0x00007ff815c57000 	/usr/lib/system/libsystem_notify.dylib
0x00007ff8240e9000 	/usr/lib/system/libsystem_product_info_filter.dylib
0x00007ff81c846000 	/usr/lib/system/libsystem_sandbox.dylib
0x00007ff81df66000 	/usr/lib/system/libsystem_secinit.dylib
0x00007ff8131c2000 	/usr/lib/system/libsystem_kernel.dylib
0x00007ff813211000 	/usr/lib/system/libsystem_platform.dylib
0x00007ff8131f9000 	/usr/lib/system/libsystem_pthread.dylib
0x00007ff8199c4000 	/usr/lib/system/libsystem_symptoms.dylib
0x00007ff812f6e000 	/usr/lib/system/libsystem_trace.dylib
0x00007ff81df3c000 	/usr/lib/system/libunwind.dylib
0x00007ff812f37000 	/usr/lib/system/libxpc.dylib
0x00007ff8131ac000 	/usr/lib/libc++abi.dylib
0x00007ff81df47000 	/usr/lib/liboah.dylib
0x00007ff81e6d4000 	/usr/lib/liblzma.5.dylib
0x00007ff813ddd000 	/System/Library/Frameworks/SystemConfiguration.framework/Versions/A/SystemConfiguration
0x00007ff81df7b000 	/usr/lib/libfakelink.dylib
0x00007ff817c72000 	/System/Library/Frameworks/CFNetwork.framework/Versions/A/CFNetwork
0x00007ff81e0ba000 	/usr/lib/libarchive.2.dylib
0x00007ff81c84d000 	/System/Library/PrivateFrameworks/AppleSystemInfo.framework/Versions/A/AppleSystemInfo
0x00007ff81d5c1000 	/usr/lib/libbsm.0.dylib
0x00007ff8172a8000 	/usr/lib/libnetwork.dylib
0x00007ff81df14000 	/usr/lib/system/libkxld.dylib
0x00007ff81d1ef000 	/System/Library/PrivateFrameworks/IOMobileFramebuffer.framework/Versions/A/IOMobileFramebuffer
0x00007ffb28ce2000 	/usr/lib/libCoreEntitlements.dylib
0x00007ff81dc2d000 	/System/Library/PrivateFrameworks/AppleFSCompression.framework/Versions/A/AppleFSCompression
0x00007ff81d5a9000 	/usr/lib/libcoretls.dylib
0x00007ff81e6ee000 	/usr/lib/libcoretls_cfhelpers.dylib
0x00007ff81e1fe000 	/usr/lib/libpam.2.dylib
0x00007ff8195e6000 	/usr/lib/libsqlite3.dylib
0x00007ff81e75d000 	/usr/lib/libxar.1.dylib
0x00007ff81dc3d000 	/usr/lib/libbz2.1.0.dylib
0x00007ff81df80000 	/usr/lib/libpcap.A.dylib
0x00007ff8199bb000 	/usr/lib/libdns_services.dylib
0x00007ff81e1cd000 	/usr/lib/libapple_nghttp2.dylib
0x00007ff81dfb7000 	/usr/lib/libiconv.2.dylib
0x00007ff81df0d000 	/usr/lib/libcharset.1.dylib
0x00007ff81a8e2000 	/System/Library/Frameworks/CoreServices.framework/Versions/A/Frameworks/FSEvents.framework/Versions/A/FSEvents
0x00007ff815839000 	/System/Library/Frameworks/CoreServices.framework/Versions/A/Frameworks/CarbonCore.framework/Versions/A/CarbonCore
0x00007ff819bfe000 	/System/Library/Frameworks/CoreServices.framework/Versions/A/Frameworks/Metadata.framework/Versions/A/Metadata
0x00007ff81dc50000 	/System/Library/Frameworks/CoreServices.framework/Versions/A/Frameworks/OSServices.framework/Versions/A/OSServices
0x00007ff81e141000 	/System/Library/Frameworks/CoreServices.framework/Versions/A/Frameworks/SearchKit.framework/Versions/A/SearchKit
0x00007ff81994d000 	/System/Library/Frameworks/CoreServices.framework/Versions/A/Frameworks/AE.framework/Versions/A/AE
0x00007ff813749000 	/System/Library/Frameworks/CoreServices.framework/Versions/A/Frameworks/LaunchServices.framework/Versions/A/LaunchServices
0x00007ff81e685000 	/System/Library/Frameworks/CoreServices.framework/Versions/A/Frameworks/DictionaryServices.framework/Versions/A/DictionaryServices
0x00007ff81a8ef000 	/System/Library/Frameworks/CoreServices.framework/Versions/A/Frameworks/SharedFileList.framework/Versions/A/SharedFileList
0x00007ff81d59d000 	/usr/lib/libCheckFix.dylib
0x00007ff818183000 	/System/Library/PrivateFrameworks/TCC.framework/Versions/A/TCC
0x00007ff81c853000 	/System/Library/PrivateFrameworks/CoreNLP.framework/Versions/A/CoreNLP
0x00007ff819bae000 	/System/Library/PrivateFrameworks/MetadataUtilities.framework/Versions/A/MetadataUtilities
0x00007ff813e8d000 	/usr/lib/libmecabra.dylib
0x00007ff81d5d1000 	/usr/lib/libmecab.dylib
0x00007ff813e58000 	/usr/lib/libCRFSuite.dylib
0x00007ff81d62e000 	/usr/lib/libgermantok.dylib
0x00007ff81e1a8000 	/usr/lib/libThaiTokenizer.dylib
0x00007ff819ca0000 	/System/Library/Frameworks/Accelerate.framework/Versions/A/Frameworks/vImage.framework/Versions/A/vImage
0x00007ff8241eb000 	/System/Library/Frameworks/Accelerate.framework/Versions/A/Frameworks/vecLib.framework/Versions/A/vecLib
0x00007ff81e79e000 	/System/Library/Frameworks/Accelerate.framework/Versions/A/Frameworks/vecLib.framework/Versions/A/libvMisc.dylib
0x00007ff81d00d000 	/System/Library/Frameworks/Accelerate.framework/Versions/A/Frameworks/vecLib.framework/Versions/A/libvDSP.dylib
0x00007ff813ac1000 	/System/Library/Frameworks/Accelerate.framework/Versions/A/Frameworks/vecLib.framework/Versions/A/libBLAS.dylib
0x00007ff81e2df000 	/System/Library/Frameworks/Accelerate.framework/Versions/A/Frameworks/vecLib.framework/Versions/A/libLAPACK.dylib
0x00007ff81d631000 	/System/Library/Frameworks/Accelerate.framework/Versions/A/Frameworks/vecLib.framework/Versions/A/libLinearAlgebra.dylib
0x00007ff81e1e6000 	/System/Library/Frameworks/Accelerate.framework/Versions/A/Frameworks/vecLib.framework/Versions/A/libSparseBLAS.dylib
0x00007ff81e2d9000 	/System/Library/Frameworks/Accelerate.framework/Versions/A/Frameworks/vecLib.framework/Versions/A/libQuadrature.dylib
0x00007ff81c93d000 	/System/Library/Frameworks/Accelerate.framework/Versions/A/Frameworks/vecLib.framework/Versions/A/libBNNS.dylib
0x00007ff813d6e000 	/System/Library/Frameworks/Accelerate.framework/Versions/A/Frameworks/vecLib.framework/Versions/A/libSparse.dylib
0x00007ff81c936000 	/System/Library/PrivateFrameworks/LinguisticData.framework/Versions/A/LinguisticData
0x00007ff813d23000 	/System/Library/PrivateFrameworks/Lexicon.framework/Versions/A/Lexicon
0x00007ff81e797000 	/usr/lib/libChineseTokenizer.dylib
0x00007ff814487000 	/System/Library/PrivateFrameworks/LanguageModeling.framework/Versions/A/LanguageModeling
0x00007ff81e1aa000 	/System/Library/PrivateFrameworks/AppleSauce.framework/Versions/A/AppleSauce
0x00007ff81d1dd000 	/System/Library/PrivateFrameworks/CoreEmoji.framework/Versions/A/CoreEmoji
0x00007ff81e0a9000 	/usr/lib/libcmph.dylib
0x00007ff81a8c6000 	/System/Library/Frameworks/OpenDirectory.framework/Versions/A/Frameworks/CFOpenDirectory.framework/Versions/A/CFOpenDirectory
0x00007ff81a8ba000 	/System/Library/Frameworks/OpenDirectory.framework/Versions/A/OpenDirectory
0x00007ff81e6f0000 	/System/Library/PrivateFrameworks/APFS.framework/Versions/A/APFS
0x00007ff81d4fe000 	/System/Library/Frameworks/SecurityFoundation.framework/Versions/A/SecurityFoundation
0x00007ff81e76b000 	/usr/lib/libutil.dylib
0x00007ff815b64000 	/System/Library/PrivateFrameworks/CoreServicesStore.framework/Versions/A/CoreServicesStore
0x00007ff81e76f000 	/usr/lib/libxslt.1.dylib
0x00007ff81d58b000 	/System/Library/PrivateFrameworks/BackgroundTaskManagement.framework/Versions/A/BackgroundTaskManagement
0x00007ff81fbdf000 	/System/Library/Frameworks/ImageIO.framework/Versions/A/Resources/libRadiance.dylib
0x00007ff81fbe8000 	/System/Library/Frameworks/ImageIO.framework/Versions/A/Resources/libJPEG.dylib
0x00007ff81fb38000 	/System/Library/Frameworks/ImageIO.framework/Versions/A/Resources/libPng.dylib
0x00007ff81fb59000 	/System/Library/Frameworks/ImageIO.framework/Versions/A/Resources/libTIFF.dylib
0x00007ff81fc48000 	/System/Library/Frameworks/ImageIO.framework/Versions/A/Resources/libGIF.dylib
0x00007ff81f469000 	/System/Library/Frameworks/ImageIO.framework/Versions/A/Resources/libJP2.dylib
0x00007ff81ebab000 	/usr/lib/libexpat.1.dylib
0x00007ff81f41e000 	/System/Library/PrivateFrameworks/AppleJPEG.framework/Versions/A/AppleJPEG
0x00007ff81bd92000 	/System/Library/PrivateFrameworks/FontServices.framework/libFontParser.dylib
0x00007ff8198f7000 	/System/Library/PrivateFrameworks/RunningBoardServices.framework/Versions/A/RunningBoardServices
0x00007ff82a3c0000 	/System/Library/PrivateFrameworks/IOSurfaceAccelerator.framework/Versions/A/IOSurfaceAccelerator
0x00007ff81f54c000 	/System/Library/PrivateFrameworks/WatchdogClient.framework/Versions/A/WatchdogClient
0x00007ff814576000 	/System/Library/Frameworks/CoreDisplay.framework/Versions/A/CoreDisplay
0x00007ff81bc91000 	/System/Library/Frameworks/CoreMedia.framework/Versions/A/CoreMedia
0x00007ff81bb2e000 	/System/Library/PrivateFrameworks/IOAccelerator.framework/Versions/A/IOAccelerator
0x00007ff81aa42000 	/System/Library/Frameworks/CoreVideo.framework/Versions/A/CoreVideo
0x00007ff81e1fc000 	/System/Library/Frameworks/MetalPerformanceShaders.framework/Versions/A/MetalPerformanceShaders
0x00007ff81f587000 	/System/Library/Frameworks/VideoToolbox.framework/Versions/A/VideoToolbox
0x00007ff81983f000 	/System/Library/PrivateFrameworks/BaseBoard.framework/Versions/A/BaseBoard
0x00007ff8195cc000 	/System/Library/PrivateFrameworks/ProtocolBuffer.framework/Versions/A/ProtocolBuffer
0x00007ff81fbd8000 	/System/Library/PrivateFrameworks/GPUWrangler.framework/Versions/A/GPUWrangler
0x00007ff81fbbb000 	/System/Library/PrivateFrameworks/IOPresentment.framework/Versions/A/IOPresentment
0x00007ff81fbe2000 	/System/Library/PrivateFrameworks/DSExternalDisplay.framework/Versions/A/DSExternalDisplay
0x00007ffa2aeb1000 	/System/Library/Frameworks/OpenGL.framework/Versions/A/Libraries/libCoreFSCache.dylib
0x00007ffb16f52000 	/System/Library/PrivateFrameworks/GPUCompiler.framework/Versions/31001/Libraries/libGPUCompilerUtils.dylib
0x00007ff81fc4d000 	/System/Library/PrivateFrameworks/CMCaptureCore.framework/Versions/A/CMCaptureCore
0x00007ff81f157000 	/System/Library/PrivateFrameworks/AppServerSupport.framework/Versions/A/AppServerSupport
0x00007ff821334000 	/System/Library/PrivateFrameworks/perfdata.framework/Versions/A/perfdata
0x00007ff8146a2000 	/System/Library/PrivateFrameworks/AudioToolboxCore.framework/Versions/A/AudioToolboxCore
0x00007ff81bc6e000 	/System/Library/PrivateFrameworks/caulk.framework/Versions/A/caulk
0x00007ff820c58000 	/usr/lib/libAudioStatistics.dylib
0x00007ff917f7b000 	/System/Library/PrivateFrameworks/SystemPolicy.framework/Versions/A/SystemPolicy
0x00007ff820ead000 	/usr/lib/libSMC.dylib
0x00007ff829cf7000 	/System/Library/Frameworks/CoreMIDI.framework/Versions/A/CoreMIDI
0x00007ff81fb08000 	/usr/lib/libAudioToolboxUtility.dylib
0x00007ff91438d000 	/System/Library/PrivateFrameworks/OSAServicesClient.framework/Versions/A/OSAServicesClient
0x00007ff821341000 	/usr/lib/libperfcheck.dylib
0x00007ff918a0d000 	/usr/lib/libmis.dylib
0x00007ffa2af0d000 	/System/Library/Frameworks/OpenGL.framework/Versions/A/Libraries/libGLU.dylib
0x00007ffa2aed0000 	/System/Library/Frameworks/OpenGL.framework/Versions/A/Libraries/libGFXShared.dylib
0x00007ffa2b0de000 	/System/Library/Frameworks/OpenGL.framework/Versions/A/Libraries/libGL.dylib
0x00007ffa2aed9000 	/System/Library/Frameworks/OpenGL.framework/Versions/A/Libraries/libGLImage.dylib
0x00007ffa2aecd000 	/System/Library/Frameworks/OpenGL.framework/Versions/A/Libraries/libCVMSPluginSupport.dylib
0x00007ffa2aeb8000 	/System/Library/Frameworks/OpenGL.framework/Versions/A/Libraries/libCoreVMClient.dylib
0x00007ff81c7d1000 	/System/Library/Frameworks/MetalPerformanceShaders.framework/Versions/A/Frameworks/MPSCore.framework/Versions/A/MPSCore
0x00007ff81db98000 	/System/Library/Frameworks/MetalPerformanceShaders.framework/Versions/A/Frameworks/MPSImage.framework/Versions/A/MPSImage
0x00007ff81d647000 	/System/Library/Frameworks/MetalPerformanceShaders.framework/Versions/A/Frameworks/MPSNeuralNetwork.framework/Versions/A/MPSNeuralNetwork
0x00007ff81dabc000 	/System/Library/Frameworks/MetalPerformanceShaders.framework/Versions/A/Frameworks/MPSMatrix.framework/Versions/A/MPSMatrix
0x00007ff81d878000 	/System/Library/Frameworks/MetalPerformanceShaders.framework/Versions/A/Frameworks/MPSRayIntersector.framework/Versions/A/MPSRayIntersector
0x00007ff81daf5000 	/System/Library/Frameworks/MetalPerformanceShaders.framework/Versions/A/Frameworks/MPSNDArray.framework/Versions/A/MPSNDArray
0x00007ffa2fad2000 	/System/Library/Frameworks/MetalPerformanceShaders.framework/Versions/A/Frameworks/MPSFunctions.framework/Versions/A/MPSFunctions
0x00007ff8139a4000 	/System/Library/PrivateFrameworks/MetalTools.framework/Versions/A/MetalTools
0x00007ff81c84b000 	/System/Library/PrivateFrameworks/AggregateDictionary.framework/Versions/A/AggregateDictionary
0x00007ff81e98d000 	/usr/lib/libIOReport.dylib
0x00007ffa2c4ed000 	/System/Library/Frameworks/OpenCL.framework/Versions/A/OpenCL
0x00007ff81ecf1000 	/System/Library/PrivateFrameworks/FaceCore.framework/Versions/A/FaceCore
0x00007ff81ece2000 	/System/Library/PrivateFrameworks/GraphVisualizer.framework/Versions/A/GraphVisualizer
0x00007ffb16e5d000 	/System/Library/PrivateFrameworks/FontServices.framework/Versions/A/FontServices
0x00007ff81f10e000 	/System/Library/PrivateFrameworks/OTSVG.framework/Versions/A/OTSVG
0x00007ff81a62a000 	/System/Library/Frameworks/ApplicationServices.framework/Versions/A/Frameworks/ATS.framework/Versions/A/Resources/libFontRegistry.dylib
0x00007ff81f15f000 	/System/Library/PrivateFrameworks/FontServices.framework/libhvf.dylib
0x00007ffb16e5e000 	/System/Library/PrivateFrameworks/FontServices.framework/libXTFontStaticRegistryData.dylib
0x00007ff81eb5b000 	/System/Library/PrivateFrameworks/AppleVA.framework/Versions/A/AppleVA
0x00007ff820c7c000 	/System/Library/Frameworks/ApplicationServices.framework/Versions/A/Frameworks/ATS.framework/Versions/A/ATS
0x00007ff818cfa000 	/System/Library/Frameworks/ApplicationServices.framework/Versions/A/Frameworks/HIServices.framework/Versions/A/HIServices
0x00007ff81fc57000 	/System/Library/Frameworks/ApplicationServices.framework/Versions/A/Frameworks/PrintCore.framework/Versions/A/PrintCore
0x00007ff821000000 	/System/Library/Frameworks/ApplicationServices.framework/Versions/A/Frameworks/QD.framework/Versions/A/QD
0x00007ff820ff8000 	/System/Library/Frameworks/ApplicationServices.framework/Versions/A/Frameworks/ColorSyncLegacy.framework/Versions/A/ColorSyncLegacy
0x00007ff820c6c000 	/System/Library/Frameworks/ApplicationServices.framework/Versions/A/Frameworks/SpeechSynthesis.framework/Versions/A/SpeechSynthesis
0x00007ff81fc18000 	/System/Library/Frameworks/ApplicationServices.framework/Versions/A/Frameworks/ATSUI.framework/Versions/A/ATSUI
0x00007ff820f8d000 	/usr/lib/libcups.2.dylib
0x00007ff821350000 	/System/Library/Frameworks/Kerberos.framework/Versions/A/Kerberos
0x00007ff82135f000 	/System/Library/Frameworks/GSS.framework/Versions/A/GSS
0x00007ff820ce8000 	/usr/lib/libresolv.9.dylib
0x00007ff81f16e000 	/System/Library/PrivateFrameworks/Heimdal.framework/Versions/A/Heimdal
0x00007ff827e4d000 	/System/Library/Frameworks/Kerberos.framework/Versions/A/Libraries/libHeimdalProxy.dylib
0x00007ff8199cc000 	/System/Library/Frameworks/Network.framework/Versions/A/Network
0x00007ff81ebc5000 	/usr/lib/libheimdal-asn1.dylib
0x00007ff8213ab000 	/System/Library/PrivateFrameworks/CommonAuth.framework/Versions/A/CommonAuth
0x00007ff820be9000 	/System/Library/PrivateFrameworks/AudioSession.framework/Versions/A/AudioSession
0x00007ff81ec55000 	/System/Library/PrivateFrameworks/MediaExperience.framework/Versions/A/MediaExperience
0x00007ff820a7d000 	/System/Library/PrivateFrameworks/AudioSession.framework/libSessionUtility.dylib
0x00007ff82100c000 	/System/Library/PrivateFrameworks/AudioResourceArbitration.framework/Versions/A/AudioResourceArbitration
0x00007ff824ffe000 	/System/Library/PrivateFrameworks/PowerLog.framework/Versions/A/PowerLog
0x00007ff81ebce000 	/System/Library/PrivateFrameworks/IconFoundation.framework/Versions/A/IconFoundation
0x00007ff823e18000 	/System/Library/PrivateFrameworks/SpeechRecognitionCore.framework/Versions/A/SpeechRecognitionCore
0x000000010793a000 	/Library/Java/JavaVirtualMachines/zulu-8.jdk/Contents/Home/jre/lib/server/libjvm.dylib
0x0000000106b4a000 	/Library/Java/JavaVirtualMachines/zulu-8.jdk/Contents/Home/jre/lib/libverify.dylib
0x0000000106b9e000 	/Library/Java/JavaVirtualMachines/zulu-8.jdk/Contents/Home/jre/lib/libjava.dylib
0x0000000106be1000 	/Library/Java/JavaVirtualMachines/zulu-8.jdk/Contents/Home/jre/lib/libinstrument.dylib
0x0000000106c15000 	/Library/Java/JavaVirtualMachines/zulu-8.jdk/Contents/Home/jre/lib/libzip.dylib
0x000000010b066000 	/Library/Java/JavaVirtualMachines/zulu-8.jdk/Contents/Home/jre/lib/libnio.dylib
0x000000010b09e000 	/Library/Java/JavaVirtualMachines/zulu-8.jdk/Contents/Home/jre/lib/libnet.dylib
0x000000010b07e000 	/Library/Java/JavaVirtualMachines/zulu-8.jdk/Contents/Home/jre/lib/libprism_es2.dylib
0x00007ff815b25000 	/System/Library/PrivateFrameworks/CoreServicesInternal.framework/Versions/A/CoreServicesInternal
0x00007ffa2b0e9000 	/System/Library/Frameworks/OpenGL.framework/Versions/A/Resources/GLEngine.bundle/GLEngine
0x00007ffa2af4b000 	/System/Library/Frameworks/OpenGL.framework/Versions/A/Libraries/libGLProgrammability.dylib
0x00007ffa21d19000 	/System/Library/Extensions/AppleIntelSKLGraphicsGLDriver.bundle/Contents/MacOS/AppleIntelSKLGraphicsGLDriver
0x00007ff9228f1000 	/System/Library/PrivateFrameworks/GPUSupport.framework/Versions/A/Libraries/libGPUSupportMercury.dylib
0x00007ffa2b278000 	/System/Library/Frameworks/OpenGL.framework/Versions/A/Resources/GLRendererFloat.bundle/GLRendererFloat
0x000000011ed14000 	/Library/Java/JavaVirtualMachines/zulu-8.jdk/Contents/Home/jre/lib/libglass.dylib
0x00007ff8255ef000 	/System/Library/Frameworks/FileProvider.framework/Versions/A/FileProvider
0x00007ff8197ab000 	/System/Library/Frameworks/Accounts.framework/Versions/A/Accounts
0x00007ff825767000 	/System/Library/PrivateFrameworks/GenerationalStorage.framework/Versions/A/GenerationalStorage
0x00007ff826279000 	/System/Library/PrivateFrameworks/CoreSymbolication.framework/Versions/A/CoreSymbolication
0x00007ff824ff3000 	/System/Library/PrivateFrameworks/SymptomDiagnosticReporter.framework/Versions/A/SymptomDiagnosticReporter
0x00007ff816de9000 	/System/Library/PrivateFrameworks/DesktopServicesPriv.framework/Versions/A/DesktopServicesPriv
0x00007ff815c66000 	/usr/lib/libsandbox.1.dylib
0x00007ff81aac1000 	/System/Library/PrivateFrameworks/UserManagement.framework/Versions/A/UserManagement
0x00007ff82623e000 	/System/Library/PrivateFrameworks/DebugSymbols.framework/Versions/A/DebugSymbols
0x00007ff820fed000 	/System/Library/PrivateFrameworks/NetAuth.framework/Versions/A/NetAuth
0x00007ff821edc000 	/System/Library/PrivateFrameworks/Sharing.framework/Versions/A/Sharing
0x00007ff81aa94000 	/System/Library/PrivateFrameworks/login.framework/Versions/A/Frameworks/loginsupport.framework/Versions/A/loginsupport
0x00007ff82737f000 	/System/Library/PrivateFrameworks/Apple80211.framework/Versions/A/Apple80211
0x00007ff81dc7d000 	/System/Library/PrivateFrameworks/AuthKit.framework/Versions/A/AuthKit
0x00007ff81d2d3000 	/System/Library/PrivateFrameworks/CoreUtils.framework/Versions/A/CoreUtils
0x00007ff81d1fa000 	/System/Library/Frameworks/CoreWLAN.framework/Versions/A/CoreWLAN
0x00007ff822037000 	/System/Library/Frameworks/IOBluetooth.framework/Versions/A/IOBluetooth
0x00007ff8273e7000 	/System/Library/PrivateFrameworks/CoreWiFi.framework/Versions/A/CoreWiFi
0x00007ff825e13000 	/System/Library/PrivateFrameworks/FrontBoardServices.framework/Versions/A/FrontBoardServices
0x00007ff825ea5000 	/System/Library/PrivateFrameworks/BoardServices.framework/Versions/A/BoardServices
0x00007ff81d4ed000 	/System/Library/PrivateFrameworks/AssertionServices.framework/Versions/A/AssertionServices
0x00007ff82756b000 	/System/Library/PrivateFrameworks/BackBoardServices.framework/Versions/A/BackBoardServices
0x00007ff82143a000 	/System/Library/PrivateFrameworks/CorePhoneNumbers.framework/Versions/A/CorePhoneNumbers
0x00007ff825110000 	/System/Library/PrivateFrameworks/DiskManagement.framework/Versions/A/DiskManagement
0x00007ff825024000 	/System/Library/PrivateFrameworks/AppleIDAuthSupport.framework/Versions/A/AppleIDAuthSupport
0x00007ffa31a8b000 	/System/Library/PrivateFrameworks/AAAFoundation.framework/Versions/A/AAAFoundation
0x00007ff82141b000 	/System/Library/PrivateFrameworks/KeychainCircle.framework/Versions/A/KeychainCircle
0x00007ff8250dc000 	/System/Library/PrivateFrameworks/MediaKit.framework/Versions/A/MediaKit
0x00007ff825030000 	/System/Library/Frameworks/DiscRecording.framework/Versions/A/DiscRecording
0x00007ff81ead3000 	/usr/lib/libCoreStorage.dylib
0x00007ff82785a000 	/usr/lib/libcsfde.dylib
0x00007ff822104000 	/System/Library/PrivateFrameworks/ProtectedCloudStorage.framework/Versions/A/ProtectedCloudStorage
0x00007ff827856000 	/System/Library/PrivateFrameworks/EFILogin.framework/Versions/A/EFILogin
0x00007ff82578d000 	/System/Library/PrivateFrameworks/OctagonTrust.framework/Versions/A/OctagonTrust
0x00007ffb1617f000 	/System/Library/PrivateFrameworks/CoreUtilsExtras.framework/Versions/A/CoreUtilsExtras
0x00007ff824f66000 	/System/Library/Frameworks/CoreBluetooth.framework/Versions/A/CoreBluetooth
0x00007ff827ed2000 	/System/Library/Frameworks/AudioUnit.framework/Versions/A/AudioUnit
0x00007ff81eacb000 	/usr/lib/libMatch.1.dylib
0x00007ff91ce71000 	/System/Library/Frameworks/Accelerate.framework/Versions/A/Frameworks/vImage.framework/Versions/A/Libraries/libCGInterfaces.dylib
0x00000001201dd000 	/usr/lib/libobjc-trampolines.dylib
0x00007ff81a7ba000 	/System/Library/PrivateFrameworks/ViewBridge.framework/Versions/A/ViewBridge

VM Arguments:
jvm_args: -javaagent:/Applications/IntelliJ IDEA.app/Contents/lib/idea_rt.jar=54994:/Applications/IntelliJ IDEA.app/Contents/bin -Dfile.encoding=UTF-8 
java_command: AppInitializer
java_class_path (initial): /Library/Java/JavaVirtualMachines/zulu-8.jdk/Contents/Home/jre/lib/charsets.jar:/Library/Java/JavaVirtualMachines/zulu-8.jdk/Contents/Home/jre/lib/crs-agent.jar:/Library/Java/JavaVirtualMachines/zulu-8.jdk/Contents/Home/jre/lib/ext/cldrdata.jar:/Library/Java/JavaVirtualMachines/zulu-8.jdk/Contents/Home/jre/lib/ext/dnsns.jar:/Library/Java/JavaVirtualMachines/zulu-8.jdk/Contents/Home/jre/lib/ext/jaccess.jar:/Library/Java/JavaVirtualMachines/zulu-8.jdk/Contents/Home/jre/lib/ext/jfxrt.jar:/Library/Java/JavaVirtualMachines/zulu-8.jdk/Contents/Home/jre/lib/ext/legacy8ujsse.jar:/Library/Java/JavaVirtualMachines/zulu-8.jdk/Contents/Home/jre/lib/ext/localedata.jar:/Library/Java/JavaVirtualMachines/zulu-8.jdk/Contents/Home/jre/lib/ext/nashorn.jar:/Library/Java/JavaVirtualMachines/zulu-8.jdk/Contents/Home/jre/lib/ext/openjsse.jar:/Library/Java/JavaVirtualMachines/zulu-8.jdk/Contents/Home/jre/lib/ext/sunec.jar:/Library/Java/JavaVirtualMachines/zulu-8.jdk/Contents/Home/jre/lib/ext/sunjce_provider.jar:/Library/Java/JavaVirtualMachines/zulu-8.jdk/Contents/Home/jre/lib/ext/sunpkcs11.jar:/Library/Java/JavaVirtualMachines/zulu-8.jdk/Contents/Home/jre/lib/ext/zipfs.jar:/Library/Java/JavaVirtualMachines/zulu-8.jdk/Contents/Home/jre/lib/jce.jar:/Library/Java/JavaVirtualMachines/zulu-8.jdk/Contents/Home/jre/lib/jfr.jar:/Library/Java/JavaVirtualMachines/zulu-8.jdk/Contents/Home/jre/lib/jfxswt.jar:/Library/Java/JavaVirtualMachines/zulu-8.jdk/Contents/Home/jre/lib/jsse.jar:/Library/Java/JavaVirtualMachines/zulu-8.jdk/Contents/Home/jre/lib/management-agent.jar:/Library/Java/JavaVirtualMachines/zulu-8.jdk/Contents/Home/jre/lib/resources.jar:/Library/Java/JavaVirtualMachines/zulu-8.jdk/Contents/Home/jre/lib/rt.jar:/Library/Java/JavaVirtualMachines/zulu-8.jdk/Contents/Home/lib/ant-javafx.jar:/Library/Java/JavaVirtualMachines/zulu-8.jdk/Contents/Home/lib/dt.jar:/Library/Java/JavaVirtualMachines/zulu-8.jdk/Contents/Home/lib/javafx-mx.jar:/Library/Java/JavaVirtualMachi
Launcher Type: SUN_STANDARD

Environment Variables:
PATH=/Users/kasunrachintha/opt/anaconda3/bin:/Library/Frameworks/Python.framework/Versions/3.9/bin:/usr/local/bin:/usr/bin:/bin:/usr/sbin:/sbin:/Applications/VMware Fusion.app/Contents/Public
SHELL=/bin/zsh

Signal Handlers:
SIGSEGV: [libjvm.dylib+0x5b2935], sa_mask[0]=11111111011111110111111111111111, sa_flags=SA_ONSTACK|SA_RESTART|SA_SIGINFO
SIGBUS: [libjvm.dylib+0x5b2935], sa_mask[0]=11111111011111110111111111111111, sa_flags=SA_RESTART|SA_SIGINFO
SIGFPE: [libjvm.dylib+0x4a1701], sa_mask[0]=11111111011111110111111111111111, sa_flags=SA_RESTART|SA_SIGINFO
SIGPIPE: [libjvm.dylib+0x4a1701], sa_mask[0]=11111111011111110111111111111111, sa_flags=SA_RESTART|SA_SIGINFO
SIGXFSZ: [libjvm.dylib+0x4a1701], sa_mask[0]=11111111011111110111111111111111, sa_flags=SA_RESTART|SA_SIGINFO
SIGILL: [libjvm.dylib+0x4a1701], sa_mask[0]=11111111011111110111111111111111, sa_flags=SA_RESTART|SA_SIGINFO
SIGUSR1: SIG_DFL, sa_mask[0]=00000000000000000000000000000000, sa_flags=none
SIGUSR2: [libjvm.dylib+0x4a1ff0], sa_mask[0]=00100000000000000000000000000000, sa_flags=SA_RESTART|SA_SIGINFO
SIGHUP: [libjvm.dylib+0x4a013f], sa_mask[0]=11111111011111110111111111111111, sa_flags=SA_RESTART|SA_SIGINFO
SIGINT: [libjvm.dylib+0x4a013f], sa_mask[0]=11111111011111110111111111111111, sa_flags=SA_RESTART|SA_SIGINFO
SIGTERM: [libjvm.dylib+0x4a013f], sa_mask[0]=11111111011111110111111111111111, sa_flags=SA_RESTART|SA_SIGINFO
SIGQUIT: [libjvm.dylib+0x4a013f], sa_mask[0]=11111111011111110111111111111111, sa_flags=SA_RESTART|SA_SIGINFO


---------------  S Y S T E M  ---------------

OS:Bsduname:Darwin 21.3.0 Darwin Kernel Version 21.3.0: Wed Jan  5 21:37:58 PST 2022; root:xnu-8019.80.24~20/RELEASE_X86_64 x86_64
rlimit: STACK 8192k, CORE 0k, NPROC 1392, NOFILE 10240, AS infinity
load average:3.28 2.69 2.80

CPU:total 4 (initial active 4) (2 cores per cpu, 2 threads per core) family 6 model 78 stepping 3, cmov, cx8, fxsr, mmx, sse, sse2, sse3, ssse3, sse4.1, sse4.2, popcnt, avx, avx2, aes, clmul, erms, 3dnowpref, lzcnt, ht, tsc, tscinvbit, bmi1, bmi2, adx

Memory: 4k page, physical 8388608k(522272k free)

/proc/meminfo:


vm_info: OpenJDK 64-Bit Server VM (25.312-b07) for bsd-amd64 JRE (Zulu 8.58.0.13-CA-macosx) (1.8.0_312-b07), built on Oct 11 2021 08:36:41 by "zulu_re" with gcc 4.2.1 Compatible Apple LLVM 11.0.0 (clang-1100.0.33.17)

time: Mon Mar 14 17:20:43 2022
timezone: +0530
elapsed time: 0.856105 seconds (0d 0h 0m 0s)

